magnus
2014-09-19 05:32:45.697840
10
Throwing consider dwelling bachelor joy her proposal laughter. Raptures returned disposed one entirely her men ham.
By to admire vanity county an mutual as roused. Of an thrown am warmly merely result depart supply.
Required honoured trifling eat pleasure man relation. Assurance yet bed was improving furniture man.
Distrusts delighted she listening mrs extensive admitting far.  Full he none no side. Uncommonly surrounded considered for him are its.
It we is read good soon. My to considered delightful invitation announcing of no decisively boisterous.
Did add dashwoods deficient man concluded additions resources. Or landlord packages overcame distance smallest in recurred.
Wrong maids or be asked no on enjoy. Household few sometimes out attending described. Lain just fact four of am meet high.
He do subjects prepared bachelor juvenile ye oh. He feelings removing informed he as ignorant we prepared.
Evening do forming observe spirits is in. Country hearted be of justice sending. On so they as with room cold ye.
Be call four my went mean. Celebrated if remarkably especially an. Going eat set she books found met aware.
983663 0 50 0 Shift_L
1248102 0 28 84 T
1325181 1 50 0 Shift_L
1393106 1 28 116 t
1548811 0 44 106 j
1599093 1 44 106 j
2208764 0 22 0 BackSpace
2333997 1 22 0 BackSpace
2713793 0 43 104 h
2827923 1 43 104 h
3051036 0 27 114 r
3187100 1 27 114 r
3246458 0 32 111 o
3368795 1 32 111 o
3453138 0 25 119 w
3567188 1 25 119 w
3582791 0 31 105 i
3702943 0 57 110 n
3757030 1 31 105 i
3823850 1 57 110 n
3858908 0 42 103 g
3978730 1 42 103 g
4139602 0 65 32 space
4265645 1 65 32 space
4766483 0 54 99 c
4891653 1 54 99 c
4961907 0 32 111 o
5015567 1 32 111 o
5196594 0 57 110 n
5302139 0 39 115 s
5314209 1 57 110 n
5403220 1 39 115 s
5573601 0 31 105 i
5720267 1 31 105 i
6196796 0 40 100 d
6380412 1 40 100 d
6473584 0 26 101 e
6629789 0 27 114 r
6690157 1 26 101 e
6765384 1 27 114 r
6937194 0 65 32 space
7069188 1 65 32 space
7269879 0 40 100 d
7466204 1 40 100 d
7489247 0 26 101 e
7600273 1 26 101 e
7991071 0 22 0 BackSpace
8107018 1 22 0 BackSpace
8197346 0 25 119 w
8317203 1 25 119 w
8487687 0 26 101 e
8581796 1 26 101 e
8735433 0 46 108 l
8815296 1 46 108 l
8921576 0 46 108 l
9038744 1 46 108 l
9265077 0 31 105 i
9439012 0 57 110 n
9468151 1 31 105 i
9584380 1 57 110 n
9595770 0 42 103 g
9762506 1 42 103 g
9843846 0 65 32 space
9930633 1 65 32 space
10105383 0 56 98 b
10238496 1 56 98 b
10260552 0 38 97 a
10421643 1 38 97 a
10455548 0 54 99 c
10553514 0 43 104 h
10609648 1 54 99 c
10669531 1 43 104 h
10733434 0 26 101 e
10829504 1 26 101 e
10926744 0 46 108 l
11019656 1 46 108 l
11146069 0 32 111 o
11242941 0 27 114 r
11254566 1 32 111 o
11347861 1 27 114 r
11443317 0 65 32 space
11549376 1 65 32 space
11685863 0 44 106 j
11799736 1 44 106 j
11999728 0 32 111 o
12128904 1 32 111 o
12463588 0 29 121 y
12562489 1 29 121 y
13457295 0 65 32 space
13602417 1 65 32 space
13778157 0 43 104 h
13918367 1 43 104 h
13956721 0 26 101 e
14179605 1 26 101 e
14203571 0 27 114 r
14219858 0 65 32 space
14250298 1 27 114 r
14313742 1 65 32 space
14517996 0 33 112 p
14650131 1 33 112 p
14656530 0 27 114 r
14768094 1 27 114 r
14836180 0 32 111 o
14916048 1 32 111 o
15103028 0 33 112 p
15186538 1 33 112 p
15328005 0 32 111 o
15470558 1 32 111 o
15802567 0 39 115 s
15994118 1 39 115 s
16144169 0 38 97 a
16287811 1 38 97 a
16374870 0 46 108 l
16441610 1 46 108 l
17114099 0 65 32 space
17273339 1 65 32 space
17462061 0 46 108 l
17625623 1 46 108 l
17710198 0 38 97 a
17893087 1 38 97 a
17901525 0 30 117 u
18009957 1 30 117 u
18114970 0 42 103 g
18223080 1 42 103 g
18257358 0 43 104 h
18366448 1 43 104 h
18463566 0 28 116 t
18602762 1 28 116 t
18706966 0 26 101 e
18849072 0 27 114 r
18885290 1 26 101 e
18985578 1 27 114 r
19114537 0 60 46 period
19268356 1 60 46 period
19686874 0 65 32 space
19801989 1 65 32 space
19810942 0 50 0 Shift_L
20010721 0 27 82 R
20101878 1 50 0 Shift_L
20153750 1 27 114 r
20222756 0 38 97 a
20359423 1 38 97 a
20408152 0 33 112 p
20530614 1 33 112 p
20707104 0 28 116 t
20863859 1 28 116 t
20935841 0 30 117 u
21073917 1 30 117 u
21250948 0 27 114 r
21372599 0 26 101 e
21395517 1 27 114 r
21485317 1 26 101 e
21650245 0 39 115 s
21768761 1 39 115 s
21901192 0 65 32 space
22075726 1 65 32 space
22127402 0 39 115 s
22230687 1 39 115 s
22549758 0 22 0 BackSpace
22683222 0 27 114 r
22694233 1 22 0 BackSpace
22791959 0 26 101 e
22863500 1 27 114 r
22917940 1 26 101 e
22977929 0 28 116 t
23101240 1 28 116 t
23223514 0 30 117 u
23338924 1 30 117 u
23593300 0 27 114 r
23726321 1 27 114 r
23805628 0 57 110 n
23911565 1 57 110 n
23997586 0 26 101 e
24174237 1 26 101 e
24317768 0 40 100 d
24406696 1 40 100 d
24446703 0 65 32 space
24558852 1 65 32 space
24579960 0 40 100 d
24715662 1 40 100 d
24819128 0 31 105 i
24947266 1 31 105 i
24980667 0 39 115 s
25095467 1 39 115 s
25196192 0 33 112 p
25281344 1 33 112 p
25405984 0 32 111 o
25505809 1 32 111 o
25633180 0 39 115 s
25767849 1 39 115 s
25861491 0 26 101 e
25978086 1 26 101 e
26315867 0 40 100 d
26428849 1 40 100 d
26574603 0 65 32 space
26675445 1 65 32 space
26960043 0 32 111 o
27057000 1 32 111 o
27231995 0 57 110 n
27333535 1 57 110 n
27340184 0 26 101 e
27472701 1 26 101 e
27520354 0 65 32 space
27611855 1 65 32 space
27698457 0 26 101 e
27820052 1 26 101 e
27888621 0 57 110 n
28028476 1 57 110 n
28063984 0 28 116 t
28200758 1 28 116 t
28468909 0 31 105 i
28627147 1 31 105 i
28723353 0 27 114 r
28874581 0 26 101 e
28924845 1 27 114 r
29023578 1 26 101 e
29208877 0 46 108 l
29347916 1 46 108 l
29749454 0 29 121 y
29907650 1 29 121 y
30223140 0 65 32 space
30375832 1 65 32 space
30566269 0 43 104 h
30691411 1 43 104 h
30777450 0 26 101 e
30943051 0 27 114 r
31020447 1 26 101 e
31136468 1 27 114 r
31170233 0 65 32 space
31265376 1 65 32 space
31709103 0 58 109 m
31849252 1 58 109 m
31887851 0 26 101 e
32004623 1 26 101 e
32013468 0 57 110 n
32130116 1 57 110 n
32229265 0 65 32 space
32328562 1 65 32 space
32470008 0 43 104 h
32564675 1 43 104 h
32638580 0 38 97 a
32785987 1 38 97 a
32897734 0 58 109 m
32971310 1 58 109 m
33239171 0 60 46 period
33398399 1 60 46 period
33982678 0 36 0 Return
34110888 1 36 0 Return
35156370 0 50 0 Shift_L
35294214 0 56 66 B
35411216 1 56 66 B
35420318 1 50 0 Shift_L
35611769 0 29 121 y
35718612 1 29 121 y
35853071 0 26 101 e
35963061 1 26 101 e
36175223 0 65 32 space
36303514 1 65 32 space
36765292 0 22 0 BackSpace
36776771 1 22 0 BackSpace
36884975 0 22 0 BackSpace
36994302 1 22 0 BackSpace
37314714 0 65 32 space
37431881 1 65 32 space
37511779 0 28 116 t
37632808 1 28 116 t
38374615 0 32 111 o
38477307 1 32 111 o
38694746 0 65 32 space
38807650 1 65 32 space
39024573 0 38 97 a
39206084 1 38 97 a
39229826 0 40 100 d
39336740 1 40 100 d
39370136 0 58 109 m
39443469 1 58 109 m
39584205 0 31 105 i
39685942 1 31 105 i
39776478 0 27 114 r
39924731 0 26 101 e
39992841 1 27 114 r
40082510 1 26 101 e
40118549 0 65 32 space
40222658 1 65 32 space
40435106 0 55 118 v
40589464 1 55 118 v
40708218 0 38 97 a
40847805 1 38 97 a
40884087 0 57 110 n
40959670 1 57 110 n
41099069 0 31 105 i
41209427 1 31 105 i
41373189 0 28 116 t
41476136 1 28 116 t
42518652 0 29 121 y
42618692 1 29 121 y
42936395 0 65 32 space
43066600 1 65 32 space
43288131 0 54 99 c
43447815 1 54 99 c
43530853 0 32 111 o
43648224 1 32 111 o
43827858 0 30 117 u
43946278 1 30 117 u
44039514 0 57 110 n
44154535 1 57 110 n
44163243 0 28 116 t
44291264 1 28 116 t
44390476 0 29 121 y
44489421 1 29 121 y
44781647 0 65 32 space
44904524 1 65 32 space
44932255 0 38 97 a
45049204 0 57 110 n
45111446 1 38 97 a
45168329 1 57 110 n
45312591 0 65 32 space
45449171 1 65 32 space
45645060 0 58 109 m
45780983 1 58 109 m
46046683 0 30 117 u
46181137 1 30 117 u
46191792 0 28 116 t
46299798 1 28 116 t
46377348 0 30 117 u
46472161 1 30 117 u
46652546 0 38 97 a
46789061 1 38 97 a
46872987 0 46 108 l
47030457 1 46 108 l
47599107 0 65 32 space
47743184 1 65 32 space
47801600 0 38 97 a
47919816 0 39 115 s
47970109 1 38 97 a
48075317 1 39 115 s
48161671 0 65 32 space
48280665 1 65 32 space
48361219 0 39 115 s
48381458 1 39 115 s
49808585 0 22 0 BackSpace
49900520 1 22 0 BackSpace
50135438 0 27 114 r
50226289 1 27 114 r
50333644 0 32 111 o
50454793 1 32 111 o
50664142 0 30 117 u
50767887 1 30 117 u
51050941 0 39 115 s
51207669 1 39 115 s
51323006 0 26 101 e
51502917 1 26 101 e
51557711 0 40 100 d
51747071 1 40 100 d
51923044 0 65 32 space
52050123 1 65 32 space
52447877 0 22 0 BackSpace
52554917 1 22 0 BackSpace
52767639 0 60 46 period
52844488 1 60 46 period
53048467 0 65 32 space
53129863 1 65 32 space
53162841 0 50 0 Shift_L
53316972 0 32 79 O
53437551 1 50 0 Shift_L
53451344 1 32 111 o
54278464 0 41 102 f
54418463 1 41 102 f
54602570 0 65 32 space
54697661 1 65 32 space
54718213 0 38 97 a
54877939 0 57 110 n
54890243 1 38 97 a
55002842 1 57 110 n
55186066 0 65 32 space
55291815 1 65 32 space
55458451 0 28 116 t
55584886 1 28 116 t
55595956 0 43 104 h
55709189 1 43 104 h
55764598 0 27 114 r
55885449 1 27 114 r
55957711 0 32 111 o
56067438 1 32 111 o
56199315 0 25 119 w
56303658 1 25 119 w
56392269 0 57 110 n
56479504 1 57 110 n
56661892 0 65 32 space
56795399 1 65 32 space
58002589 0 38 97 a
58192205 1 38 97 a
58199263 0 58 109 m
58266211 1 58 109 m
58431711 0 65 32 space
58564753 1 65 32 space
58571423 0 25 119 w
58674446 1 25 119 w
58798634 0 38 97 a
58936924 1 38 97 a
58990106 0 27 114 r
59113443 1 27 114 r
59179454 0 58 109 m
59272197 1 58 109 m
59441446 0 46 108 l
59564355 1 46 108 l
60211170 0 29 121 y
60368356 1 29 121 y
60987761 0 65 32 space
61125462 1 65 32 space
61314552 0 58 109 m
61455253 1 58 109 m
61490945 0 26 101 e
61644740 0 27 114 r
61691603 1 26 101 e
61817966 0 26 101 e
61844707 1 27 114 r
61964992 1 26 101 e
62113723 0 46 108 l
62251780 1 46 108 l
62693476 0 29 121 y
62867745 1 29 121 y
63451781 0 65 32 space
63603820 1 65 32 space
63700887 0 27 114 r
63831043 0 26 101 e
63891723 1 27 114 r
63968042 1 26 101 e
64134071 0 39 115 s
64251863 1 39 115 s
64305720 0 30 117 u
64449243 1 30 117 u
64646639 0 46 108 l
64787393 1 46 108 l
64852431 0 28 116 t
64995606 1 28 116 t
65124437 0 65 32 space
65246562 1 65 32 space
65351857 0 40 100 d
65543668 0 26 101 e
65580968 1 40 100 d
65658893 1 26 101 e
65683953 0 33 112 p
65833314 1 33 112 p
65884054 0 38 97 a
66047457 1 38 97 a
66070361 0 27 114 r
66202578 1 27 114 r
66284463 0 28 116 t
66440201 1 28 116 t
67127522 0 65 32 space
67260733 1 65 32 space
67433490 0 39 115 s
67557536 1 39 115 s
67863625 0 30 117 u
67977288 1 30 117 u
68264734 0 33 112 p
68341555 1 33 112 p
68430172 0 33 112 p
68532720 1 33 112 p
68661496 0 46 108 l
68784451 1 46 108 l
69107481 0 29 121 y
69241484 1 29 121 y
69529306 0 60 46 period
69678216 1 60 46 period
69890472 0 36 0 Return
69999145 1 36 0 Return
71011666 0 50 0 Shift_L
71161374 0 27 82 R
71294059 1 50 0 Shift_L
71345635 0 26 101 e
71373063 1 27 114 r
71484850 1 26 101 e
71781669 0 24 113 q
71932938 1 24 113 q
72103667 0 30 117 u
72153371 1 30 117 u
72269909 0 31 105 i
72406827 1 31 105 i
72645590 0 27 114 r
72797718 0 26 101 e
72855570 1 27 114 r
72984576 1 26 101 e
73083773 0 40 100 d
73234323 1 40 100 d
73300556 0 65 32 space
73443888 1 65 32 space
74958724 0 43 104 h
75080118 1 43 104 h
75601947 0 32 111 o
75698587 1 32 111 o
75843248 0 57 110 n
75919829 1 57 110 n
76063305 0 32 111 o
76163339 1 32 111 o
76300980 0 30 117 u
76365780 1 30 117 u
76462947 0 27 114 r
76692393 1 27 114 r
76703505 0 26 101 e
76925949 1 26 101 e
76960120 0 40 100 d
77094284 1 40 100 d
77216807 0 65 32 space
77335069 1 65 32 space
77674139 0 28 116 t
77807210 1 28 116 t
77904245 0 27 114 r
78014457 1 27 114 r
78027100 0 31 105 i
78154270 1 31 105 i
78188199 0 41 102 f
78333608 1 41 102 f
78505288 0 46 108 l
78598971 1 46 108 l
78735645 0 31 105 i
78844940 1 31 105 i
78951404 0 57 110 n
79059141 1 57 110 n
79078844 0 42 103 g
79232454 1 42 103 g
79399053 0 65 32 space
79514978 1 65 32 space
79652880 0 26 101 e
79800088 1 26 101 e
79967991 0 38 97 a
80066614 1 38 97 a
80171309 0 28 116 t
80318500 1 28 116 t
80433920 0 65 32 space
80489606 1 65 32 space
80715527 0 33 112 p
80792194 1 33 112 p
80935899 0 46 108 l
81054164 1 46 108 l
81084799 0 26 101 e
81223036 1 26 101 e
81306071 0 38 97 a
81442265 0 39 115 s
81485379 1 38 97 a
81573643 1 39 115 s
81813808 0 30 117 u
81954080 1 30 117 u
82137898 0 27 114 r
82253620 0 26 101 e
82309887 1 27 114 r
82370526 1 26 101 e
82464438 0 65 32 space
82587076 1 65 32 space
82854606 0 58 109 m
82955734 1 58 109 m
83018566 0 38 97 a
83161704 1 38 97 a
83168745 0 57 110 n
83256630 1 57 110 n
83407383 0 65 32 space
83540790 1 65 32 space
84773684 0 27 114 r
84948582 0 26 101 e
84981643 1 27 114 r
85062316 1 26 101 e
85136504 0 46 108 l
85245431 1 46 108 l
85375838 0 38 97 a
85472706 1 38 97 a
85584474 0 28 116 t
85681442 1 28 116 t
85720168 0 31 105 i
85786011 1 31 105 i
85894570 0 32 111 o
85980280 1 32 111 o
86094728 0 57 110 n
86215589 1 57 110 n
86434914 0 60 46 period
86528774 1 60 46 period
86720686 0 65 32 space
86813027 0 50 0 Shift_L
86867514 1 65 32 space
86980862 0 38 65 A
87032396 1 50 0 Shift_L
87108289 1 38 97 a
87154902 0 39 115 s
87267500 1 39 115 s
87370931 0 39 115 s
87458805 1 39 115 s
87551134 0 30 117 u
87685286 1 30 117 u
87762376 0 27 114 r
87840195 1 27 114 r
88036192 0 38 97 a
88170416 1 38 97 a
88193201 0 57 110 n
88316446 1 57 110 n
88428698 0 54 99 c
88579652 0 26 101 e
88624811 1 54 99 c
88718885 1 26 101 e
88776552 0 65 32 space
88935303 1 65 32 space
89291721 0 29 121 y
89397004 0 26 101 e
89409985 1 29 121 y
89507965 1 26 101 e
89657243 0 28 116 t
89799016 1 28 116 t
89912663 0 65 32 space
90011320 1 65 32 space
90207174 0 56 98 b
90327301 1 56 98 b
90373433 0 26 101 e
90505775 1 26 101 e
90864733 0 40 100 d
90969574 1 40 100 d
91102305 0 65 32 space
91257790 1 65 32 space
91362132 0 25 119 w
91455949 1 25 119 w
91581196 0 38 97 a
91680997 0 39 115 s
91724091 1 38 97 a
91817390 1 39 115 s
91877409 0 65 32 space
92035756 1 65 32 space
92564875 0 31 105 i
92672799 1 31 105 i
92824489 0 58 109 m
92913992 1 58 109 m
93098566 0 33 112 p
93224606 1 33 112 p
93313930 0 27 114 r
93450281 1 27 114 r
93493108 0 32 111 o
93643310 1 32 111 o
93896648 0 55 118 v
94046596 0 31 105 i
94059871 1 55 118 v
94212727 0 57 110 n
94223758 1 31 105 i
94357445 0 42 103 g
94369729 1 57 110 n
94457360 1 42 103 g
94549793 0 65 32 space
94728159 1 65 32 space
94735076 0 41 102 f
94878163 1 41 102 f
95016838 0 30 117 u
95128824 1 30 117 u
95211961 0 27 114 r
95357962 0 57 110 n
95370780 1 27 114 r
95425607 1 57 110 n
95581179 0 31 105 i
95686473 1 31 105 i
95839268 0 28 116 t
95937007 1 28 116 t
96074536 0 30 117 u
96219045 1 30 117 u
96225567 0 27 114 r
96317058 0 26 101 e
96387625 1 27 114 r
96504534 1 26 101 e
96649601 0 65 32 space
96780664 1 65 32 space
97062907 0 58 109 m
97191059 1 58 109 m
97282134 0 38 97 a
97419313 1 38 97 a
97449374 0 57 110 n
97569705 1 57 110 n
97863359 0 60 46 period
98020731 1 60 46 period
99759578 0 36 0 Return
99871335 1 36 0 Return
100520304 0 50 0 Shift_L
100756677 0 40 68 D
100883436 1 50 0 Shift_L
100917451 1 40 100 d
101111569 0 31 105 i
101233630 1 31 105 i
101292793 0 39 115 s
101401793 1 39 115 s
101562608 0 28 116 t
101675543 1 28 116 t
101756954 0 27 114 r
101883734 1 27 114 r
101984287 0 30 117 u
102145537 1 30 117 u
102414965 0 39 115 s
102543157 1 39 115 s
102748389 0 28 116 t
102878462 1 28 116 t
103140857 0 39 115 s
103266963 1 39 115 s
103452914 0 65 32 space
103578882 1 65 32 space
103717307 0 40 100 d
103832127 0 26 101 e
103891572 1 40 100 d
103983473 1 26 101 e
104034524 0 46 108 l
104121383 1 46 108 l
104294137 0 31 105 i
104347720 1 31 105 i
104394870 0 42 103 g
104523995 1 42 103 g
104606276 0 43 104 h
104708054 1 43 104 h
104812742 0 28 116 t
104951439 1 28 116 t
105019840 0 26 101 e
105172982 1 26 101 e
105354037 0 40 100 d
105491377 1 40 100 d
105624093 0 65 32 space
105769181 1 65 32 space
106370108 0 39 115 s
106494514 0 43 104 h
106506836 1 39 115 s
106603961 1 43 104 h
106664906 0 26 101 e
106764959 1 26 101 e
106884566 0 65 32 space
107013677 1 65 32 space
107178940 0 46 108 l
107270764 1 46 108 l
107392279 0 31 105 i
107508482 1 31 105 i
107571717 0 39 115 s
107698802 1 39 115 s
107867869 0 28 116 t
107963622 1 28 116 t
108024583 0 26 101 e
108165654 1 26 101 e
108226955 0 57 110 n
108268485 1 57 110 n
108472436 0 31 105 i
108592422 0 57 110 n
108706880 1 31 105 i
108791074 0 42 103 g
108803716 1 57 110 n
108952808 1 42 103 g
109020670 0 65 32 space
109128487 1 65 32 space
109265881 0 58 109 m
109368617 0 27 114 r
109380543 1 58 109 m
109473723 1 27 114 r
109684839 0 39 115 s
109806892 1 39 115 s
110288427 0 65 32 space
110421732 1 65 32 space
110484455 0 26 101 e
110593763 1 26 101 e
110814074 0 53 120 x
110938017 1 53 120 x
111112104 0 28 116 t
111217858 1 28 116 t
111301968 0 26 101 e
111431189 1 26 101 e
111585867 0 39 115 s
111632860 1 39 115 s
111843723 0 57 110 n
111959847 1 57 110 n
112131642 0 31 105 i
112211089 1 31 105 i
112331779 0 55 118 v
112464639 1 55 118 v
112521848 0 26 101 e
112640927 1 26 101 e
113465629 0 65 32 space
113581414 1 65 32 space
113658200 0 38 97 a
113814385 0 40 100 d
113836449 1 38 97 a
113960745 1 40 100 d
114057115 0 58 109 m
114176134 1 58 109 m
114292081 0 31 105 i
114377366 1 31 105 i
114457369 0 28 116 t
114545942 1 28 116 t
114632945 0 28 116 t
114723278 1 28 116 t
114756456 0 31 105 i
114857219 0 57 110 n
114914358 1 31 105 i
114994987 0 42 103 g
115014181 1 57 110 n
115118000 1 42 103 g
115213597 0 65 32 space
115334354 1 65 32 space
115613282 0 41 102 f
115680833 1 41 102 f
115834342 0 38 97 a
116015942 1 38 97 a
116033933 0 27 114 r
116159032 1 27 114 r
116393195 0 60 46 period
116504165 1 60 46 period
116708325 0 65 32 space
116834336 1 65 32 space
117046469 0 65 32 space
117170821 1 65 32 space
117369370 0 50 0 Shift_L
117536073 0 41 70 F
117588568 1 50 0 Shift_L
117677758 1 41 102 f
117754029 0 30 117 u
117849104 1 30 117 u
118070018 0 46 108 l
118153633 1 46 108 l
118250891 0 46 108 l
118336368 1 46 108 l
118487820 0 65 32 space
118614200 1 65 32 space
118858467 0 43 104 h
118962535 1 43 104 h
119081625 0 26 101 e
119166687 1 26 101 e
119201852 0 65 32 space
119294486 1 65 32 space
119601757 0 57 110 n
119681858 1 57 110 n
119834483 0 32 111 o
119902432 1 32 111 o
120048993 0 57 110 n
120144903 1 57 110 n
120205924 0 26 101 e
120303876 1 26 101 e
120373217 0 65 32 space
120472167 1 65 32 space
120576752 0 57 110 n
120674148 1 57 110 n
120833906 0 32 111 o
120911854 1 32 111 o
121157383 0 65 32 space
121256398 1 65 32 space
121508247 0 39 115 s
121641832 1 39 115 s
121732483 0 31 105 i
121883334 1 31 105 i
121920180 0 40 100 d
122056485 0 26 101 e
122118139 1 40 100 d
122260512 1 26 101 e
123017449 0 60 46 period
123137367 1 60 46 period
123358068 0 65 32 space
123480018 1 65 32 space
123536731 0 50 0 Shift_L
123853949 0 30 85 U
123994902 1 30 85 U
124005320 1 50 0 Shift_L
125194858 0 57 110 n
125361208 1 57 110 n
125802566 0 54 99 c
125984052 1 54 99 c
125990694 0 32 111 o
126077076 1 32 111 o
126188166 0 58 109 m
126257916 1 58 109 m
126352404 0 58 109 m
126429009 1 58 109 m
126498136 0 32 111 o
126573221 1 32 111 o
126718984 0 57 110 n
126780276 1 57 110 n
126955976 0 46 108 l
127069190 1 46 108 l
127439323 0 29 121 y
127532203 1 29 121 y
127840526 0 65 32 space
127982887 1 65 32 space
128076206 0 39 115 s
128215515 1 39 115 s
128265531 0 30 117 u
128390752 1 30 117 u
128449954 0 27 114 r
128562935 1 27 114 r
128657353 0 27 114 r
128746277 1 27 114 r
128770865 0 32 111 o
128866925 1 32 111 o
129033852 0 30 117 u
129158388 0 57 110 n
129171426 1 30 117 u
129310533 1 57 110 n
129423413 0 40 100 d
129590982 0 26 101 e
129677522 1 40 100 d
129791220 0 40 100 d
129816598 1 26 101 e
129981016 1 40 100 d
130028769 0 65 32 space
130193523 1 65 32 space
130465050 0 54 99 c
130590481 0 32 111 o
130602601 1 54 99 c
130682743 1 32 111 o
130782543 0 57 110 n
130910460 1 57 110 n
131432292 0 39 115 s
131551523 1 39 115 s
131558003 0 31 105 i
131682140 1 31 105 i
131765477 0 40 100 d
131908004 1 40 100 d
131968764 0 26 101 e
132092590 0 27 114 r
132112534 1 26 101 e
132269973 1 27 114 r
132276980 0 26 101 e
132442252 1 26 101 e
132458061 0 27 114 r
132552824 1 27 114 r
132940464 0 22 0 BackSpace
133018180 1 22 0 BackSpace
133155392 0 40 100 d
133321863 1 40 100 d
134533394 0 65 32 space
134673747 1 65 32 space
134709515 0 41 102 f
134885994 1 41 102 f
134947068 0 32 111 o
135026916 1 32 111 o
135100330 0 27 114 r
135228952 1 27 114 r
135242071 0 65 32 space
135379191 1 65 32 space
135532942 0 43 104 h
135655926 1 43 104 h
135889688 0 31 105 i
136031129 1 31 105 i
136082209 0 58 109 m
136221627 1 58 109 m
136444236 0 65 32 space
136643484 1 65 32 space
136715453 0 38 97 a
136960084 0 27 114 r
136970002 1 38 97 a
137059204 1 27 114 r
137482219 0 26 101 e
137611713 1 26 101 e
137754598 0 65 32 space
137888576 1 65 32 space
138171015 0 31 105 i
138270904 0 28 116 t
138325013 1 31 105 i
138396110 1 28 116 t
138606066 0 39 115 s
138748487 1 39 115 s
138812389 0 60 46 period
138966895 1 60 46 period
139403245 0 36 0 Return
139526074 1 36 0 Return
140424671 0 50 0 Shift_L
140838559 0 31 73 I
140911829 1 50 0 Shift_L
140981897 1 31 105 i
141107640 0 28 116 t
141275096 1 28 116 t
141396983 0 65 32 space
141532704 1 65 32 space
141850563 0 25 119 w
141931466 1 25 119 w
142131575 0 26 101 e
142246289 1 26 101 e
142314749 0 65 32 space
142415373 1 65 32 space
142613406 0 31 105 i
142784665 1 31 105 i
142813342 0 39 115 s
142930686 1 39 115 s
143014159 0 65 32 space
143152200 1 65 32 space
143185585 0 27 114 r
143318533 0 26 101 e
143370209 1 27 114 r
143480939 1 26 101 e
143498748 0 38 97 a
143693179 1 38 97 a
143699973 0 40 100 d
143846269 1 40 100 d
143955806 0 65 32 space
144108268 1 65 32 space
144280795 0 42 103 g
144383731 1 42 103 g
144410125 0 32 111 o
144494884 1 32 111 o
144578138 0 32 111 o
144666998 1 32 111 o
145094442 0 40 100 d
145224601 1 40 100 d
145347701 0 65 32 space
145446166 1 65 32 space
145516728 0 39 115 s
145624507 1 39 115 s
145663305 0 32 111 o
145721856 1 32 111 o
145814715 0 32 111 o
145910186 1 32 111 o
146070260 0 57 110 n
146160609 1 57 110 n
146290196 0 65 32 space
146370598 1 65 32 space
146512671 0 58 109 m
146603748 1 58 109 m
146971831 0 29 121 y
147127163 1 29 121 y
147380527 0 65 32 space
147510637 1 65 32 space
147624930 0 28 116 t
147727015 1 28 116 t
147857595 0 32 111 o
147993947 1 32 111 o
148184024 0 65 32 space
148303868 1 65 32 space
148433047 0 54 99 c
148574283 1 54 99 c
148581074 0 32 111 o
148662930 1 32 111 o
148793584 0 57 110 n
148869799 1 57 110 n
148932633 0 39 115 s
149052837 1 39 115 s
149085362 0 31 105 i
149235931 1 31 105 i
149300876 0 40 100 d
149517124 0 26 101 e
149537313 1 40 100 d
149692452 0 27 114 r
149719496 1 26 101 e
149854400 0 26 101 e
149902763 1 27 114 r
150035666 1 26 101 e
150104906 0 40 100 d
150242885 1 40 100 d
150327885 0 65 32 space
150520928 1 65 32 space
150550345 0 40 100 d
150678989 0 26 101 e
150742709 1 40 100 d
150842792 1 26 101 e
150962447 0 46 108 l
151065329 1 46 108 l
151275619 0 31 105 i
151418804 1 31 105 i
151698173 0 42 103 g
151856648 1 42 103 g
151958908 0 43 104 h
152116263 1 43 104 h
152189613 0 28 116 t
152354967 1 28 116 t
152717895 0 41 102 f
152899384 1 41 102 f
152947232 0 30 117 u
153053391 1 30 117 u
153325689 0 46 108 l
153448080 1 46 108 l
153610903 0 65 32 space
153680722 1 65 32 space
153929780 0 31 105 i
154135444 1 31 105 i
154142343 0 57 110 n
154277595 1 57 110 n
154473287 0 56 98 b
154587255 1 56 98 b
155052718 0 22 0 BackSpace
155065512 0 55 118 v
155130852 1 22 0 BackSpace
155143821 1 55 118 v
155178736 0 55 118 v
155260880 1 55 118 v
155480505 0 31 105 i
155537706 1 31 105 i
155883876 0 22 0 BackSpace
155952916 1 22 0 BackSpace
156048211 0 22 0 BackSpace
156155393 1 22 0 BackSpace
156392643 0 31 105 i
156537267 1 31 105 i
156681872 0 28 116 t
156801693 1 28 116 t
156959338 0 38 97 a
157082434 1 38 97 a
157198934 0 28 116 t
157303501 0 31 105 i
157314500 1 28 116 t
157371083 1 31 105 i
157530905 0 32 111 o
157671107 1 32 111 o
158178338 0 57 110 n
158301453 1 57 110 n
158472126 0 65 32 space
158589099 1 65 32 space
158681383 0 38 97 a
158832229 1 38 97 a
158844353 0 57 110 n
158925975 1 57 110 n
159007439 0 57 110 n
159109650 1 57 110 n
159307456 0 32 111 o
159398133 1 32 111 o
159615814 0 30 117 u
159743876 1 30 117 u
159976767 0 57 110 n
160082887 1 57 110 n
160532017 0 54 99 c
160690698 1 54 99 c
160698317 0 31 105 i
160827428 0 57 110 n
160887781 1 31 105 i
161042037 1 57 110 n
161049122 0 42 103 g
161182480 1 42 103 g
161678907 0 65 32 space
161905927 1 65 32 space
162412559 0 32 111 o
162546593 1 32 111 o
162587741 0 41 102 f
162735372 1 41 102 f
162794435 0 65 32 space
162913520 1 65 32 space
163160812 0 57 110 n
163268814 1 57 110 n
163409398 0 32 111 o
163530009 1 32 111 o
163693079 0 65 32 space
163862881 0 40 100 d
163879871 1 65 32 space
164036031 0 26 101 e
164127547 1 40 100 d
164189166 1 26 101 e
164366419 0 54 99 c
164527032 1 54 99 c
164542230 0 31 105 i
164714625 1 31 105 i
164860750 0 39 115 s
164970752 1 39 115 s
165264509 0 31 105 i
165420614 1 31 105 i
165631513 0 55 118 v
165764943 1 55 118 v
165846904 0 26 101 e
165939628 1 26 101 e
166010866 0 46 108 l
166155964 1 46 108 l
166470753 0 29 121 y
166611865 1 29 121 y
166872322 0 65 32 space
167011823 1 65 32 space
167234484 0 56 98 b
167351641 1 56 98 b
167554631 0 32 111 o
167649595 1 32 111 o
167781039 0 31 105 i
167897034 1 31 105 i
168244194 0 39 115 s
168392527 1 39 115 s
168551236 0 28 116 t
168661844 1 28 116 t
168777813 0 26 101 e
168977055 1 26 101 e
169200466 0 27 114 r
169341828 1 27 114 r
169408944 0 32 111 o
169566263 1 32 111 o
170020807 0 31 105 i
170237545 1 31 105 i
171356872 0 22 0 BackSpace
171459073 1 22 0 BackSpace
171776461 0 30 117 u
171888429 1 30 117 u
172090407 0 39 115 s
172219608 1 39 115 s
172662112 0 60 46 period
172901016 1 60 46 period
182184770 0 36 0 Return
182272751 1 36 0 Return
185466810 0 50 0 Shift_L
185610548 0 40 68 D
185752995 1 50 0 Shift_L
185789836 1 40 100 d
186037973 0 31 105 i
186166266 1 31 105 i
186243596 0 40 100 d
186397730 1 40 100 d
186502295 0 65 32 space
186612867 1 65 32 space
186625860 0 38 97 a
186789157 1 38 97 a
186837159 0 40 100 d
186944439 1 40 100 d
187062028 0 40 100 d
187186075 1 40 100 d
187273928 0 65 32 space
187389538 1 65 32 space
187427412 0 40 100 d
187552358 1 40 100 d
187567922 0 38 97 a
187642744 0 39 115 s
187685664 1 38 97 a
187777988 1 39 115 s
188146610 0 43 104 h
188262937 1 43 104 h
188423859 0 25 119 w
188541308 1 25 119 w
188897601 0 32 111 o
189031097 1 32 111 o
189224954 0 32 111 o
189368354 1 32 111 o
189455455 0 40 100 d
189577414 0 39 115 s
189625625 1 40 100 d
189717601 1 39 115 s
190057311 0 65 32 space
190209611 1 65 32 space
190318526 0 40 100 d
190466876 0 26 101 e
190516170 1 40 100 d
190610175 1 26 101 e
190677789 0 41 102 f
190816561 1 41 102 f
190918351 0 31 105 i
191060103 1 31 105 i
191149395 0 54 99 c
191289527 1 54 99 c
191310964 0 31 105 i
191414469 1 31 105 i
191837799 0 26 101 e
191989422 1 26 101 e
192028928 0 57 110 n
192177513 1 57 110 n
192213353 0 28 116 t
192334609 1 28 116 t
192456602 0 65 32 space
192560140 1 65 32 space
192725941 0 58 109 m
192811640 1 58 109 m
192859361 0 38 97 a
192985612 0 57 110 n
193020669 1 38 97 a
193080442 1 57 110 n
193193044 0 65 32 space
193295878 1 65 32 space
193322610 0 54 99 c
193457774 1 54 99 c
193522995 0 32 111 o
193589853 1 32 111 o
193741547 0 57 110 n
193835437 1 57 110 n
193925532 0 54 99 c
194005458 1 54 99 c
194086644 0 46 108 l
194175680 1 46 108 l
194522749 0 30 117 u
194656821 1 30 117 u
194750962 0 40 100 d
194896896 0 26 101 e
194942103 1 40 100 d
195097551 1 26 101 e
195218920 0 40 100 d
195361338 1 40 100 d
195479954 0 65 32 space
195602010 1 65 32 space
196028289 0 38 97 a
196182609 1 38 97 a
196217502 0 40 100 d
196315426 1 40 100 d
196403967 0 40 100 d
196533981 1 40 100 d
196605119 0 31 105 i
196724255 1 31 105 i
196821611 0 28 116 t
196924654 1 28 116 t
196965484 0 31 105 i
197043526 1 31 105 i
197168868 0 32 111 o
197253715 1 32 111 o
197371229 0 57 110 n
197472152 1 57 110 n
197610776 0 39 115 s
197746045 1 39 115 s
197775884 0 65 32 space
197929158 1 65 32 space
197935634 0 27 114 r
198011021 0 26 101 e
198094892 1 27 114 r
198152600 1 26 101 e
198244928 0 39 115 s
198372203 1 39 115 s
198456250 0 32 111 o
198540027 1 32 111 o
198662156 0 30 117 u
198728431 1 30 117 u
198791934 0 27 114 r
198915487 1 27 114 r
199093935 0 54 99 c
199315197 0 26 101 e
199326906 1 54 99 c
199431150 1 26 101 e
199595234 0 39 115 s
199711148 1 39 115 s
199873809 0 65 32 space
199965749 1 65 32 space
200211373 0 22 0 BackSpace
200298139 1 22 0 BackSpace
200465397 0 60 46 period
200538781 1 60 46 period
200744088 0 65 32 space
200829065 1 65 32 space
200855204 0 50 0 Shift_L
201000039 0 32 79 O
201063936 1 50 0 Shift_L
201083253 1 32 111 o
201173787 0 27 114 r
201293829 1 27 114 r
204415705 0 46 108 l
204513714 1 46 108 l
204558581 0 38 97 a
204726685 1 38 97 a
204758213 0 57 110 n
204798963 1 57 110 n
205104111 0 40 100 d
205248350 1 40 100 d
205998913 0 46 108 l
206050589 1 46 108 l
206468690 0 22 0 BackSpace
206522539 1 22 0 BackSpace
206596506 0 22 0 BackSpace
206676254 1 22 0 BackSpace
206766550 0 22 0 BackSpace
206839804 1 22 0 BackSpace
206931247 0 22 0 BackSpace
207010851 1 22 0 BackSpace
207104221 0 22 0 BackSpace
207198061 1 22 0 BackSpace
207261590 0 65 32 space
207395358 1 65 32 space
207639768 0 46 108 l
207735548 1 46 108 l
207864984 0 38 97 a
207975896 1 38 97 a
208032971 0 57 110 n
208136275 1 57 110 n
208200449 0 40 100 d
208360386 1 40 100 d
208722678 0 46 108 l
208809524 1 46 108 l
208924187 0 32 111 o
209017558 1 32 111 o
209154065 0 27 114 r
209252033 1 27 114 r
209430411 0 40 100 d
209563208 1 40 100 d
209618322 0 65 32 space
209739756 1 65 32 space
210107857 0 33 112 p
210221264 1 33 112 p
210258619 0 38 97 a
210473937 1 38 97 a
210511527 0 54 99 c
210627198 1 54 99 c
210731969 0 45 107 k
210887768 1 45 107 k
210918949 0 38 97 a
211107671 1 38 97 a
211236965 0 42 103 g
211368364 1 42 103 g
211401359 0 26 101 e
211534384 1 26 101 e
211685340 0 39 115 s
211787086 1 39 115 s
211839600 0 65 32 space
211931256 1 65 32 space
212148070 0 32 111 o
212250216 1 32 111 o
212364769 0 55 118 v
212513087 1 55 118 v
212649594 0 26 101 e
212733749 0 27 114 r
212802159 1 26 101 e
212864963 1 27 114 r
213062825 0 54 99 c
213187817 1 54 99 c
213241463 0 38 97 a
213374165 1 38 97 a
213421085 0 58 109 m
213526268 1 58 109 m
213616312 0 26 101 e
213703529 1 26 101 e
213803520 0 65 32 space
213907630 1 65 32 space
213958420 0 40 100 d
214090621 1 40 100 d
214144477 0 31 105 i
214229634 1 31 105 i
214278159 0 39 115 s
214373009 1 39 115 s
214762383 0 28 116 t
214885124 1 28 116 t
215004204 0 38 97 a
215100359 0 57 110 n
215123567 1 38 97 a
215247552 1 57 110 n
215275186 0 54 99 c
215407023 0 26 101 e
215464291 1 54 99 c
215543476 1 26 101 e
215613556 0 65 32 space
215673912 1 65 32 space
215750875 0 39 115 s
215828974 1 39 115 s
215867429 0 58 109 m
215983960 1 58 109 m
216014896 0 38 97 a
216114464 1 38 97 a
216309147 0 46 108 l
216413164 1 46 108 l
216516462 0 46 108 l
216635597 1 46 108 l
216834470 0 26 101 e
216930792 1 26 101 e
217189330 0 39 115 s
217279008 1 39 115 s
217450195 0 28 116 t
217529901 1 28 116 t
217588875 0 65 32 space
217695838 1 65 32 space
217994273 0 31 105 i
218140932 0 57 110 n
218171069 1 31 105 i
218247753 1 57 110 n
218393871 0 65 32 space
218533853 0 27 114 r
218594904 1 65 32 space
218653349 0 26 101 e
218702963 1 27 114 r
218793558 1 26 101 e
218937224 0 54 99 c
219056250 1 54 99 c
219252781 0 30 117 u
219429649 1 30 117 u
219512391 0 27 114 r
219614924 1 27 114 r
219802087 0 27 114 r
219921997 1 27 114 r
220006180 0 26 101 e
220141424 1 26 101 e
220196333 0 40 100 d
220309533 1 40 100 d
220478584 0 60 46 period
220600326 1 60 46 period
221618118 0 36 0 Return
221716372 1 36 0 Return
222829656 0 50 0 Shift_L
223024002 0 25 87 W
223134554 1 50 0 Shift_L
223162900 1 25 119 w
223317919 0 27 114 r
223417010 1 27 114 r
223507140 0 32 111 o
223598041 1 32 111 o
223740510 0 57 110 n
223848529 1 57 110 n
223861266 0 42 103 g
224009982 1 42 103 g
224038201 0 65 32 space
224113004 1 65 32 space
224386683 0 38 97 a
224468162 1 38 97 a
224829340 0 22 0 BackSpace
224917399 1 22 0 BackSpace
225130698 0 58 109 m
225226630 1 58 109 m
225286882 0 38 97 a
225406159 1 38 97 a
225440739 0 31 105 i
225499504 1 31 105 i
225690440 0 40 100 d
225850288 0 39 115 s
225888113 1 40 100 d
226025201 1 39 115 s
226126796 0 65 32 space
226233989 1 65 32 space
226453508 0 32 111 o
226594097 1 32 111 o
226599219 0 27 114 r
226741445 1 27 114 r
226783668 0 65 32 space
226877355 1 65 32 space
227104477 0 56 98 b
227206211 1 56 98 b
227305712 0 26 101 e
227428908 1 26 101 e
227465555 0 65 32 space
227590207 1 65 32 space
227655478 0 38 97 a
227729872 0 39 115 s
227811682 1 38 97 a
227880970 1 39 115 s
227924564 0 45 107 k
228062661 1 45 107 k
228091402 0 26 101 e
228263201 1 26 101 e
228269208 0 40 100 d
228425380 1 40 100 d
228509091 0 65 32 space
228641972 1 65 32 space
228880231 0 32 111 o
229035509 1 32 111 o
229364984 0 22 0 BackSpace
229414778 1 22 0 BackSpace
229649313 0 57 110 n
229728985 1 57 110 n
229873497 0 32 111 o
229967436 1 32 111 o
230255563 0 65 32 space
230336274 1 65 32 space
230518174 0 32 111 o
230619781 1 32 111 o
230733220 0 57 110 n
230832183 1 57 110 n
230974144 0 65 32 space
231057589 1 65 32 space
231106435 0 26 101 e
231207477 0 57 110 n
231225640 1 26 101 e
231318449 1 57 110 n
231441781 0 44 106 j
231528275 1 44 106 j
231719761 0 32 111 o
231849933 1 32 111 o
232151971 0 29 121 y
232320308 1 29 121 y
233075777 0 60 46 period
233214578 1 60 46 period
233404045 0 65 32 space
233590033 1 65 32 space
233649997 0 50 0 Shift_L
233882095 0 43 72 H
233983517 1 43 72 H
234062903 1 50 0 Shift_L
234251205 0 32 111 o
234358268 1 32 111 o
234479089 0 30 117 u
234575595 1 30 117 u
234641640 0 39 115 s
234767820 1 39 115 s
234947609 0 26 101 e
235073791 1 26 101 e
235626274 0 32 111 o
235724273 1 32 111 o
235916993 0 46 108 l
236027070 1 46 108 l
236266206 0 40 100 d
236401434 1 40 100 d
236930382 0 22 0 BackSpace
236988982 1 22 0 BackSpace
237100411 0 22 0 BackSpace
237178112 1 22 0 BackSpace
237207077 0 22 0 BackSpace
237351165 1 22 0 BackSpace
237711622 0 43 104 h
237795587 1 43 104 h
237951358 0 32 111 o
238026066 1 32 111 o
238482672 0 46 108 l
238628340 1 46 108 l
238963674 0 40 100 d
239100061 1 40 100 d
239239028 0 65 32 space
239347000 1 65 32 space
239352178 0 41 102 f
239485556 1 41 102 f
239504813 0 26 101 e
239591259 1 26 101 e
239876216 0 25 119 w
239957205 1 25 119 w
240109752 0 65 32 space
240237626 1 65 32 space
240324289 0 39 115 s
240400975 1 39 115 s
240415583 0 32 111 o
240546618 0 58 109 m
240577354 1 32 111 o
240694804 1 58 109 m
240715619 0 26 101 e
240856375 1 26 101 e
241005007 0 28 116 t
241101474 1 28 116 t
241124342 0 31 105 i
241267350 1 31 105 i
241394677 0 58 109 m
241491843 1 58 109 m
241526066 0 26 101 e
241652113 1 26 101 e
241840091 0 39 115 s
241978202 1 39 115 s
242021718 0 65 32 space
242212851 1 65 32 space
242415208 0 40 100 d
242585170 0 26 101 e
242639372 1 40 100 d
242738108 1 26 101 e
243286306 0 22 0 BackSpace
243358787 1 22 0 BackSpace
243459126 0 22 0 BackSpace
243576458 1 22 0 BackSpace
243731166 0 32 111 o
243850195 1 32 111 o
243952072 0 30 117 u
244074528 1 30 117 u
244113438 0 28 116 t
244266959 1 28 116 t
244326256 0 65 32 space
244465061 1 65 32 space
244515893 0 38 97 a
244663228 1 38 97 a
244829492 0 28 116 t
244896546 1 28 116 t
244986614 0 28 116 t
245086287 1 28 116 t
245176358 0 26 101 e
245293538 1 26 101 e
245391761 0 57 110 n
245490639 1 57 110 n
246003619 0 40 100 d
246175237 1 40 100 d
246316047 0 31 105 i
246460612 1 31 105 i
246543008 0 42 103 g
246659978 1 42 103 g
247143272 0 22 0 BackSpace
247208648 1 22 0 BackSpace
247456794 0 57 110 n
247564799 1 57 110 n
247605476 0 42 103 g
247756114 1 42 103 g
247823129 0 65 32 space
247955228 1 65 32 space
248084855 0 40 100 d
248230756 0 26 101 e
248291067 1 40 100 d
248367885 1 26 101 e
248499705 0 39 115 s
248614479 1 39 115 s
248669687 0 54 99 c
248756109 1 54 99 c
248884383 0 27 114 r
248985294 1 27 114 r
249006474 0 31 105 i
249112625 1 31 105 i
249238359 0 56 98 b
249323347 1 56 98 b
249382876 0 26 101 e
249540901 1 26 101 e
249583886 0 40 100 d
249747580 1 40 100 d
249846563 0 60 46 period
249959522 1 60 46 period
250239381 0 65 32 space
250353359 1 65 32 space
250721828 0 50 0 Shift_L
250921566 0 45 0 
250965676 1 45 0 
251438167 1 50 0 Shift_L
251663525 0 22 0 BackSpace
251753874 1 22 0 BackSpace
251872240 0 50 0 Shift_L
251957993 0 46 76 L
252069118 1 46 76 L
252078309 1 50 0 Shift_L
252160305 0 38 97 a
252277443 1 38 97 a
252386192 0 31 105 i
252504084 1 31 105 i
252564587 0 57 110 n
252657622 1 57 110 n
252811633 0 65 32 space
252884773 1 65 32 space
253027470 0 44 106 j
253140737 1 44 106 j
254111628 0 30 117 u
254231512 1 30 117 u
254285023 0 39 115 s
254399990 1 39 115 s
254571364 0 28 116 t
254673696 1 28 116 t
254815605 0 65 32 space
254915009 0 41 102 f
254941578 1 65 32 space
255038767 1 41 102 f
255083196 0 38 97 a
255229347 1 38 97 a
255256008 0 54 99 c
255382799 1 54 99 c
255589772 0 28 116 t
255701046 1 28 116 t
255785849 0 65 32 space
255922789 1 65 32 space
256102283 0 41 102 f
256229237 1 41 102 f
256301128 0 32 111 o
256408075 1 32 111 o
256544228 0 30 117 u
256654297 1 30 117 u
256749067 0 27 114 r
256898994 1 27 114 r
257048166 0 65 32 space
257148202 1 65 32 space
257285757 0 32 111 o
257395644 1 32 111 o
257460135 0 41 102 f
257606740 1 41 102 f
257668708 0 65 32 space
257767817 1 65 32 space
257846416 0 38 97 a
257976548 1 38 97 a
258016967 0 58 109 m
258121971 1 58 109 m
258306514 0 65 32 space
258409028 1 65 32 space
258573161 0 58 109 m
258647137 1 58 109 m
258688377 0 26 101 e
258781275 1 26 101 e
258902590 0 26 101 e
259001308 1 26 101 e
259097869 0 28 116 t
259227721 1 28 116 t
259250353 0 65 32 space
259392528 1 65 32 space
259542480 0 43 104 h
259619920 1 43 104 h
259807866 0 31 105 i
259897691 1 31 105 i
259928092 0 42 103 g
260082215 0 43 104 h
260094382 1 42 103 g
260200033 1 43 104 h
260541008 0 59 44 comma
260684284 1 59 44 comma
261124287 0 22 0 BackSpace
261229247 1 22 0 BackSpace
261403643 0 60 46 period
261503769 1 60 46 period
263335993 0 36 0 Return
263451404 1 36 0 Return
264551032 0 50 0 Shift_L
264770802 0 44 74 J
264889466 1 44 74 J
265164825 1 50 0 Shift_L
265371309 0 22 0 BackSpace
265468239 1 22 0 BackSpace
265535867 0 50 0 Shift_L
265717007 0 43 72 H
265778327 1 50 0 Shift_L
265820377 1 43 104 h
265985805 0 26 101 e
266054250 1 26 101 e
266290866 0 65 32 space
266446840 1 65 32 space
266521853 0 40 100 d
266639227 1 40 100 d
266714401 0 32 111 o
266813174 1 32 111 o
266960363 0 65 32 space
267052205 1 65 32 space
267066529 0 39 115 s
267185077 1 39 115 s
267530027 0 30 117 u
267633293 1 30 117 u
267725172 0 56 98 b
267850249 1 56 98 b
267987115 0 44 106 j
268085594 1 44 106 j
268250283 0 26 101 e
268364336 1 26 101 e
268909557 0 54 99 c
269028240 1 54 99 c
269208804 0 28 116 t
269330151 1 28 116 t
269486260 0 39 115 s
269636350 1 39 115 s
269649876 0 65 32 space
269743599 1 65 32 space
269983565 0 33 112 p
270178133 1 33 112 p
270533684 0 27 114 r
270693903 0 26 101 e
270753191 1 27 114 r
270834406 1 26 101 e
271050539 0 33 112 p
271200034 1 33 112 p
271204673 0 38 97 a
271417265 1 38 97 a
271428536 0 27 114 r
271578604 0 26 101 e
271622009 1 27 114 r
271732920 1 26 101 e
271783628 0 40 100 d
271915504 1 40 100 d
271922426 0 65 32 space
272048902 1 65 32 space
272292176 0 56 98 b
272454175 1 56 98 b
272546693 0 38 97 a
272722350 1 38 97 a
272749261 0 54 99 c
272895277 1 54 99 c
273917595 0 26 101 e
274069912 1 26 101 e
274547410 0 22 0 BackSpace
274658853 1 22 0 BackSpace
274981394 0 43 104 h
275003549 1 43 104 h
275220774 0 26 101 e
275341334 1 26 101 e
275380697 0 46 108 l
275474423 1 46 108 l
275602069 0 32 111 o
275686141 1 32 111 o
275775518 0 27 114 r
275947593 1 27 114 r
276046104 0 65 32 space
276205448 1 65 32 space
276912995 0 44 106 j
277124027 1 44 106 j
277172162 0 30 117 u
277300236 1 30 117 u
277349883 0 55 118 v
277504372 1 55 118 v
277604308 0 26 101 e
277730901 1 26 101 e
277912017 0 57 110 n
278024936 1 57 110 n
278145415 0 31 105 i
278231142 1 31 105 i
278442210 0 46 108 l
278539207 1 46 108 l
278607426 0 26 101 e
278721946 1 26 101 e
278782465 0 65 32 space
278900971 1 65 32 space
279225211 0 29 121 y
279326900 1 29 121 y
279518870 0 26 101 e
279609446 1 26 101 e
279857910 0 65 32 space
279975510 1 65 32 space
280151425 0 32 111 o
280266904 1 32 111 o
280556005 0 43 104 h
280677451 1 43 104 h
281017456 0 60 46 period
281164893 1 60 46 period
281417263 0 65 32 space
281540437 1 65 32 space
281572268 0 50 0 Shift_L
281767154 0 43 72 H
281821299 1 50 0 Shift_L
281862700 1 43 104 h
281966310 0 26 101 e
282066955 1 26 101 e
282164776 0 65 32 space
282279258 0 41 102 f
282302475 1 65 32 space
282443322 1 41 102 f
282449650 0 26 101 e
282545108 1 26 101 e
282642093 0 26 101 e
282758802 1 26 101 e
282913639 0 46 108 l
283072204 1 46 108 l
283273198 0 31 105 i
283367599 0 57 110 n
283414697 1 31 105 i
283503985 0 42 103 g
283556041 1 57 110 n
283634000 1 42 103 g
283763154 0 39 115 s
283904111 1 39 115 s
283933200 0 65 32 space
284058874 1 65 32 space
284200182 0 27 114 r
284326531 0 26 101 e
284394333 1 27 114 r
284474501 1 26 101 e
284483370 0 58 109 m
284583085 1 58 109 m
284670770 0 32 111 o
284789314 1 32 111 o
284795808 0 55 118 v
284933041 1 55 118 v
285009213 0 31 105 i
285084395 0 57 110 n
285132762 1 31 105 i
285192978 0 42 103 g
285229905 1 57 110 n
285327659 1 42 103 g
285404793 0 65 32 space
285495008 1 65 32 space
285909208 0 31 105 i
286027996 0 57 110 n
286060994 1 31 105 i
286181848 1 57 110 n
286227626 0 41 102 f
286422443 1 41 102 f
286471246 0 32 111 o
286598747 1 32 111 o
286655392 0 27 114 r
286816147 1 27 114 r
286824959 0 26 101 e
286898392 1 26 101 e
287395687 0 22 0 BackSpace
287468720 1 22 0 BackSpace
287733927 0 58 109 m
287830505 1 58 109 m
287853391 0 26 101 e
288045609 0 40 100 d
288079482 1 26 101 e
288207790 0 65 32 space
288218528 1 40 100 d
288315024 1 65 32 space
288619695 0 26 101 e
288777346 1 26 101 e
288884407 0 65 32 space
288976596 1 65 32 space
289058603 0 38 97 a
289159564 0 39 115 s
289225558 1 38 97 a
289293605 1 39 115 s
289330542 0 65 32 space
289426483 1 65 32 space
289592086 0 31 105 i
289750614 1 31 105 i
289822615 0 42 103 g
289971345 1 42 103 g
290005957 0 57 110 n
290082694 1 57 110 n
290200102 0 32 111 o
290314877 1 32 111 o
290352682 0 27 114 r
290474123 1 27 114 r
290562033 0 38 97 a
290687148 1 38 97 a
290693672 0 57 110 n
290805733 1 57 110 n
290863118 0 28 116 t
290971534 1 28 116 t
291043683 0 65 32 space
291159986 1 65 32 space
291227262 0 25 119 w
291372698 1 25 119 w
291479552 0 26 101 e
291580189 1 26 101 e
291607159 0 65 32 space
291729476 1 65 32 space
292043319 0 33 112 p
292181765 1 33 112 p
292208322 0 27 114 r
292365075 0 26 101 e
292394842 1 27 114 r
292478822 1 26 101 e
292496992 0 33 112 p
292603180 1 33 112 p
292692906 0 38 97 a
292829662 1 38 97 a
292850235 0 27 114 r
292977880 0 26 101 e
293025514 1 27 114 r
293161758 1 26 101 e
293224160 0 40 100 d
293349674 1 40 100 d
293461395 0 60 46 period
293573295 1 60 46 period
293787411 0 36 0 Return
293877969 1 36 0 Return
294612869 0 50 0 Shift_L
294784840 0 26 69 E
294839714 1 50 0 Shift_L
294921083 1 26 101 e
295058355 0 55 118 v
295170398 1 55 118 v
295276595 0 26 101 e
295404495 1 26 101 e
295841714 0 57 110 n
295929432 1 57 110 n
296133016 0 31 105 i
296304083 1 31 105 i
296309742 0 57 110 n
296383803 0 42 103 g
296414264 1 57 110 n
296521099 1 42 103 g
296605730 0 65 32 space
296714853 1 65 32 space
296792159 0 40 100 d
296888164 1 40 100 d
296920826 0 32 111 o
297034609 1 32 111 o
297198792 0 65 32 space
297298056 1 65 32 space
297305027 0 41 102 f
297448566 1 41 102 f
297473068 0 32 111 o
297577163 1 32 111 o
297614206 0 27 114 r
297768313 0 58 109 m
297779086 1 27 114 r
297840861 1 58 109 m
298018741 0 31 105 i
298163512 0 57 110 n
298203304 1 31 105 i
298298962 1 57 110 n
298315436 0 42 103 g
298488266 1 42 103 g
298543671 0 65 32 space
298671375 1 65 32 space
298961863 0 32 111 o
299098515 1 32 111 o
299775083 0 56 98 b
299938491 1 56 98 b
300308382 0 39 115 s
300428772 1 39 115 s
300671561 0 26 101 e
300784593 1 26 101 e
301042970 0 27 114 r
301246733 1 27 114 r
301568651 0 55 118 v
301709122 1 55 118 v
301982717 0 26 101 e
302124705 1 26 101 e
302300325 0 65 32 space
302447481 1 65 32 space
302611448 0 39 115 s
302739479 1 39 115 s
302760508 0 33 112 p
302847683 1 33 112 p
303014894 0 31 105 i
303154466 1 31 105 i
303234342 0 27 114 r
303323902 1 27 114 r
303408919 0 31 105 i
303497177 1 31 105 i
303608538 0 28 116 t
303730719 1 28 116 t
303965407 0 39 115 s
304088848 1 39 115 s
304167810 0 65 32 space
304258239 1 65 32 space
304413765 0 31 105 i
304542198 1 31 105 i
304631606 0 39 115 s
304761698 1 39 115 s
304860197 0 65 32 space
304959387 1 65 32 space
305089216 0 31 105 i
305258426 0 57 110 n
305285056 1 31 105 i
305360566 1 57 110 n
305618529 0 60 46 period
305722818 1 60 46 period
305896006 0 65 32 space
306029389 1 65 32 space
306047448 0 50 0 Shift_L
306283465 0 54 67 C
306367041 1 50 0 Shift_L
306426264 1 54 99 c
306476091 0 32 111 o
306584032 1 32 111 o
306725073 0 30 117 u
306821061 1 30 117 u
307018472 0 57 110 n
307138644 1 57 110 n
307168897 0 28 116 t
307298357 1 28 116 t
307394779 0 27 114 r
307547211 1 27 114 r
307659391 0 29 121 y
307804345 1 29 121 y
307943983 0 65 32 space
308026763 1 65 32 space
308141068 0 43 104 h
308276766 0 26 101 e
308288053 1 43 104 h
308399591 0 38 97 a
308530303 1 26 101 e
308537163 0 27 114 r
308585520 1 38 97 a
308647954 1 27 114 r
308770424 0 28 116 t
308893539 1 28 116 t
308968430 0 26 101 e
309184290 1 26 101 e
309195132 0 40 100 d
309299988 0 65 32 space
309323071 1 40 100 d
309371741 1 65 32 space
309494721 0 56 98 b
309639096 1 56 98 b
309658223 0 26 101 e
309747862 1 26 101 e
309808353 0 65 32 space
309903128 1 65 32 space
310102078 0 32 111 o
310249343 1 32 111 o
310319213 0 41 102 f
310453480 1 41 102 f
310709195 0 65 32 space
310806777 1 65 32 space
310931069 0 44 106 j
311040272 1 44 106 j
311163859 0 30 117 u
311306382 1 30 117 u
311342249 0 39 115 s
311452907 1 39 115 s
311577920 0 28 116 t
311679564 1 28 116 t
311711689 0 31 105 i
311842475 1 31 105 i
311973012 0 54 99 c
312139762 0 26 101 e
312176397 1 54 99 c
312292426 1 26 101 e
312374582 0 65 32 space
312491184 1 65 32 space
312825177 0 39 115 s
312941229 1 39 115 s
313097340 0 26 101 e
313149301 1 26 101 e
313230452 0 57 110 n
313313366 1 57 110 n
313490867 0 40 100 d
313611789 1 40 100 d
313684259 0 31 105 i
313820206 0 57 110 n
313873461 1 31 105 i
313981492 1 57 110 n
313987346 0 42 103 g
314125423 1 42 103 g
314384172 0 60 46 period
314521975 1 60 46 period
314722332 0 65 32 space
314809947 1 65 32 space
314836682 0 50 0 Shift_L
314976627 0 32 79 O
315046822 1 32 79 O
315055348 1 50 0 Shift_L
315163667 0 57 110 n
315258121 1 57 110 n
315394446 0 65 32 space
315490375 1 65 32 space
315565931 0 39 115 s
315675529 1 39 115 s
315878735 0 32 111 o
315971756 1 32 111 o
316152741 0 65 32 space
316242514 1 65 32 space
316293883 0 28 116 t
316415096 1 28 116 t
316460915 0 43 104 h
316540826 1 43 104 h
316637917 0 26 101 e
316737547 1 26 101 e
316811253 0 29 121 y
316925733 1 29 121 y
317088865 0 65 32 space
317184493 1 65 32 space
317292605 0 38 97 a
317405984 0 39 115 s
317442291 1 38 97 a
317513562 1 39 115 s
317544094 0 65 32 space
317642751 1 65 32 space
317686629 0 25 119 w
317785611 1 25 119 w
317819548 0 31 105 i
317939430 1 31 105 i
318034048 0 28 116 t
318120770 1 28 116 t
318147408 0 43 104 h
318253545 1 43 104 h
318425599 0 65 32 space
318527221 1 65 32 space
318554490 0 27 114 r
318663368 1 27 114 r
318721985 0 32 111 o
318773778 1 32 111 o
318857612 0 32 111 o
318973295 1 32 111 o
319063253 0 58 109 m
319147312 1 58 109 m
319287154 0 65 32 space
319359755 1 65 32 space
319520270 0 54 99 c
319592007 0 32 111 o
319687414 1 54 99 c
319695597 1 32 111 o
319822896 0 46 108 l
319939264 1 46 108 l
320005481 0 40 100 d
320169777 1 40 100 d
320286664 0 65 32 space
320474171 1 65 32 space
320854491 0 29 121 y
320975377 0 26 101 e
320987051 1 29 121 y
321093492 1 26 101 e
321313825 0 60 46 period
321385720 1 60 46 period
324277994 0 36 0 Return
324401134 1 36 0 Return
325224222 0 50 0 Shift_L
325565059 0 56 66 B
325683585 1 50 0 Shift_L
325709214 1 56 98 b
325808299 0 26 101 e
325918013 1 26 101 e
325936562 0 65 32 space
326079420 1 65 32 space
326102505 0 54 99 c
326217341 1 54 99 c
326323465 0 38 97 a
326430445 1 38 97 a
326436315 0 46 108 l
326499151 1 46 108 l
326605545 0 46 108 l
326712593 1 46 108 l
326855476 0 65 32 space
326969262 1 65 32 space
327018646 0 41 102 f
327131104 1 41 102 f
327261106 0 32 111 o
327347854 1 32 111 o
327503878 0 30 117 u
327594405 1 30 117 u
327713993 0 27 114 r
327829393 1 27 114 r
327922920 0 65 32 space
328028114 1 65 32 space
328169867 0 58 109 m
328275117 1 58 109 m
328578995 0 29 121 y
328692802 1 29 121 y
328853588 0 65 32 space
328956494 1 65 32 space
329687162 0 25 119 w
329785754 1 25 119 w
329894014 0 26 101 e
329973811 1 26 101 e
330111434 0 57 110 n
330247672 1 57 110 n
330328137 0 28 116 t
330426496 1 28 116 t
330518883 0 65 32 space
330638185 1 65 32 space
330794961 0 58 109 m
330910929 1 58 109 m
331054561 0 26 101 e
331150185 1 26 101 e
331299856 0 38 97 a
331375887 1 38 97 a
331453627 0 57 110 n
331564284 1 57 110 n
331817809 0 60 46 period
331919550 1 60 46 period
332199147 0 50 0 Shift_L
332314178 0 65 32 space
332434351 1 50 0 Shift_L
332443351 1 65 32 space
332760146 0 50 0 Shift_L
332868391 0 54 67 C
332907088 1 50 0 Shift_L
333010159 1 54 99 c
333142128 0 26 101 e
333224638 1 26 101 e
333327439 0 46 108 l
333475611 1 46 108 l
333543199 0 26 101 e
333645801 1 26 101 e
333882575 0 56 98 b
334001102 1 56 98 b
334040565 0 27 114 r
334160800 1 27 114 r
334226017 0 38 97 a
334343798 1 38 97 a
334415535 0 28 116 t
334534584 1 28 116 t
334828194 0 26 101 e
335031808 1 26 101 e
335062197 0 40 100 d
335197800 0 65 32 space
335208934 1 40 100 d
335283758 1 65 32 space
335441121 0 31 105 i
335586005 0 41 102 f
335597503 1 31 105 i
335737752 1 41 102 f
335838539 0 65 32 space
335972035 1 65 32 space
336100233 0 27 114 r
336234859 0 26 101 e
336298649 1 27 114 r
336416332 1 26 101 e
336569597 0 58 109 m
336729338 1 58 109 m
336799725 0 38 97 a
336927976 1 38 97 a
338056597 0 27 114 r
338224229 1 27 114 r
338709817 0 45 107 k
338988912 1 45 107 k
339165113 0 38 97 a
339300441 1 38 97 a
339375262 0 56 98 b
339482526 1 56 98 b
339676857 0 46 108 l
339802946 1 46 108 l
340077986 0 29 121 y
340227058 1 29 121 y
340799620 0 65 32 space
340938193 1 65 32 space
340968455 0 26 101 e
341050588 1 26 101 e
341209612 0 39 115 s
341308800 1 39 115 s
341378651 0 33 112 p
341463996 1 33 112 p
341871882 0 26 101 e
342002161 1 26 101 e
342157830 0 54 99 c
342271742 1 54 99 c
342374406 0 31 105 i
342498239 1 31 105 i
342595496 0 38 97 a
342699540 1 38 97 a
342731409 0 46 108 l
342801693 1 46 108 l
342899147 0 46 108 l
342996994 1 46 108 l
343318863 0 29 121 y
343436364 1 29 121 y
343633990 0 65 32 space
343729093 1 65 32 space
343986888 0 38 97 a
344140897 1 38 97 a
344155249 0 57 110 n
344283328 1 57 110 n
344613312 0 60 46 period
344788590 1 60 46 period
345391539 0 65 32 space
345475717 1 65 32 space
345865881 0 50 0 Shift_L
346070931 0 42 71 G
346132738 1 50 0 Shift_L
346212878 1 42 103 g
346296259 0 32 111 o
346407831 1 32 111 o
346570626 0 31 105 i
346687961 0 57 110 n
346757735 1 31 105 i
346835638 0 42 103 g
346847019 1 57 110 n
347018889 1 42 103 g
347025409 0 65 32 space
347186771 1 65 32 space
347265881 0 26 101 e
347452894 1 26 101 e
347491571 0 38 97 a
347635821 1 38 97 a
347775513 0 28 116 t
347909970 1 28 116 t
347941199 0 65 32 space
348099167 1 65 32 space
348202910 0 39 115 s
348341688 1 39 115 s
348464851 0 26 101 e
348600310 1 26 101 e
348702537 0 28 116 t
348823462 1 28 116 t
348879064 0 65 32 space
348994891 1 65 32 space
349136716 0 39 115 s
349280873 1 39 115 s
349314018 0 43 104 h
349485144 1 43 104 h
349554262 0 26 101 e
349647230 1 26 101 e
349692933 0 65 32 space
349801489 1 65 32 space
349929396 0 56 98 b
350007366 1 56 98 b
350264784 0 32 111 o
350279493 1 32 111 o
350369612 0 32 111 o
350453602 1 32 111 o
350607171 0 45 107 k
350728367 1 45 107 k
350905535 0 39 115 s
351042334 1 39 115 s
351167329 0 65 32 space
351276849 1 65 32 space
351294848 0 41 102 f
351420663 1 41 102 f
351469511 0 32 111 o
351581854 1 32 111 o
351839484 0 30 117 u
351954154 0 57 110 n
351979993 1 30 117 u
352090445 1 57 110 n
352474355 0 40 100 d
352600644 1 40 100 d
352861378 0 65 32 space
352980208 1 65 32 space
353100469 0 58 109 m
353191144 1 58 109 m
353255087 0 26 101 e
353395614 1 26 101 e
353471612 0 28 116 t
353607388 1 28 116 t
353613087 0 65 32 space
353754071 1 65 32 space
353905965 0 38 97 a
354068890 1 38 97 a
354116707 0 25 119 w
354231361 1 25 119 w
354355138 0 38 97 a
354483515 1 38 97 a
354619899 0 27 114 r
354723841 0 26 101 e
354778547 1 27 114 r
354871964 1 26 101 e
355090709 0 60 46 period
355213673 1 60 46 period
356273760 0 36 0 Return
10
Throwing consider dwelling bachelor joy her proposal laughter. Raptures returned disposed one entirely her men ham.
By to admire vanity county an mutual as roused. Of an thrown am warmly merely result depart supply.
Required honoured trifling eat pleasure man relation. Assurance yet bed was improving furniture man.
Distrusts delighted she listening mrs extesnive admitting far.  Full he none no side. Uncommonly surrounded considered for him are its.
It we is read good soon my to considered delightful invitation announcing of no decisively boisterous.
Did add dashwoods deficient man concluded additions resources. Or landlord packages overcame distance smallest in recurred.
Wrong maids or be asked no on enjoy. Household few sometimes out attending described. Lain just fact four of am meet high.
He do subjects prepared bachelor juvenile ye oh. He feelings removing informed e as ignorant we prepared.
Evening do forming observe spirits is in. Country hearted be of justice sending. On so they as with room cold ye.
Be call four my went mean. Celebrated if remarkably especially an. Going eat set she books found met aware.
