magnus
2014-09-22 12:25:47.205914
10
Throwing consider dwelling bachelor joy her proposal laughter. Raptures returned disposed one entirely her men ham.
By to admire vanity county an mutual as roused. Of an thrown am warmly merely result depart supply.
Required honoured trifling eat pleasure man relation. Assurance yet bed was improving furniture man.
Distrusts delighted she listening mrs extensive admitting far.  Full he none no side. Uncommonly surrounded considered for him are its.
It we is read good soon. My to considered delightful invitation announcing of no decisively boisterous.
Did add dashwoods deficient man concluded additions resources. Or landlord packages overcame distance smallest in recurred.
Wrong maids or be asked no on enjoy. Household few sometimes out attending described. Lain just fact four of am meet high.
He do subjects prepared bachelor juvenile ye oh. He feelings removing informed he as ignorant we prepared.
Evening do forming observe spirits is in. Country hearted be of justice sending. On so they as with room cold ye.
Be call four my went mean. Celebrated if remarkably especially an. Going eat set she books found met aware.
837617 0 50 0 Shift_L
1028199 0 28 84 T
1151458 1 50 0 Shift_L
1159801 1 28 116 t
1192703 0 43 104 h
1287878 0 27 114 r
1313322 1 43 104 h
1393335 1 27 114 r
1456026 0 32 111 o
1528008 1 32 111 o
1585693 0 25 119 w
1689104 1 25 119 w
1767232 0 31 105 i
1843296 0 57 110 n
1893879 1 31 105 i
1949994 0 42 103 g
1960543 1 57 110 n
2067515 1 42 103 g
2080342 0 65 32 space
2183188 1 65 32 space
2281213 0 54 99 c
2359118 0 32 111 o
2401239 1 54 99 c
2445090 1 32 111 o
2538041 0 57 110 n
2617552 0 39 115 s
2640617 1 57 110 n
2738291 1 39 115 s
2750597 0 31 105 i
2859400 0 40 100 d
2871412 1 31 105 i
2946382 0 26 101 e
2992426 1 40 100 d
3126034 0 27 114 r
3141574 1 26 101 e
3237697 1 27 114 r
3299481 0 65 32 space
3440719 1 65 32 space
3611377 0 40 100 d
3731943 1 40 100 d
3832711 0 25 119 w
3894077 1 25 119 w
3994992 0 26 101 e
4070735 1 26 101 e
4120050 0 46 108 l
4231781 1 46 108 l
4301568 0 46 108 l
4366710 1 46 108 l
4565892 0 31 105 i
4670181 0 57 110 n
4710639 1 31 105 i
4742475 0 42 103 g
4776734 1 57 110 n
4840561 1 42 103 g
5458887 0 65 32 space
5592142 1 65 32 space
5689138 0 56 98 b
5792576 1 56 98 b
5799322 0 38 97 a
5889791 1 38 97 a
5938807 0 54 99 c
6009154 0 43 104 h
6051914 1 54 99 c
6085937 1 43 104 h
6155477 0 26 101 e
6235399 1 26 101 e
6273894 0 46 108 l
6338963 1 46 108 l
6434425 0 32 111 o
6505619 1 32 111 o
6540005 0 27 114 r
6643576 1 27 114 r
6724381 0 65 32 space
6828284 1 65 32 space
6954643 0 44 106 j
7038590 1 44 106 j
7232358 0 32 111 o
7342527 1 32 111 o
7566822 0 29 121 y
7654783 1 29 121 y
7758691 0 65 32 space
7841882 1 65 32 space
7924876 0 43 104 h
8008707 0 26 101 e
8021378 1 43 104 h
8119378 0 27 114 r
8182901 1 26 101 e
8200789 0 65 32 space
8255559 1 27 114 r
8296633 1 65 32 space
8425784 0 33 112 p
8522368 1 33 112 p
8528829 0 27 114 r
8643948 1 27 114 r
8660678 0 32 111 o
8671577 0 31 105 i
8701872 1 31 105 i
8720210 1 32 111 o
9204785 0 22 0 BackSpace
9277353 1 22 0 BackSpace
9555651 0 33 112 p
9662877 1 33 112 p
9943955 0 32 111 o
10037839 1 32 111 o
10204931 0 39 115 s
10313168 1 39 115 s
10358496 0 38 97 a
10451820 0 46 108 l
10470827 1 38 97 a
10545624 1 46 108 l
10658794 0 65 32 space
10721963 1 65 32 space
10828682 0 46 108 l
10919460 1 46 108 l
10969241 0 38 97 a
11091301 1 38 97 a
11210872 0 30 117 u
11288876 1 30 117 u
11335074 0 42 103 g
11442395 1 42 103 g
11450340 0 43 104 h
11544135 1 43 104 h
11552053 0 28 116 t
11641388 1 28 116 t
11700231 0 26 101 e
11773750 0 27 114 r
11841519 1 26 101 e
11898155 1 27 114 r
11919680 0 60 46 period
12019396 1 60 46 period
12163141 0 65 32 space
12269651 1 65 32 space
12486008 0 65 32 space
12558569 1 65 32 space
12638666 0 50 0 Shift_L
12729558 1 50 0 Shift_L
12890443 0 22 0 BackSpace
12969277 1 22 0 BackSpace
13036805 0 50 0 Shift_L
13088764 0 27 82 R
13167850 1 50 0 Shift_L
13203290 1 27 114 r
13296960 0 38 97 a
13420719 1 38 97 a
13630006 0 33 112 p
13738787 1 33 112 p
13788432 0 28 116 t
13895149 1 28 116 t
13973197 0 30 117 u
14057786 1 30 117 u
14068822 0 27 114 r
14155899 0 26 101 e
14210665 1 27 114 r
14242711 1 26 101 e
14360386 0 39 115 s
14456726 1 39 115 s
14508644 0 65 32 space
14623391 1 65 32 space
14726443 0 27 114 r
14801252 0 26 101 e
14868890 1 27 114 r
14939115 1 26 101 e
15037388 0 28 116 t
15128569 1 28 116 t
15150587 0 30 117 u
15243101 1 30 117 u
15287017 0 27 114 r
15389062 1 27 114 r
15409970 0 57 110 n
15527243 1 57 110 n
15536096 0 26 101 e
15700037 0 40 100 d
15712392 1 26 101 e
15820387 1 40 100 d
15913773 0 65 32 space
16048038 1 65 32 space
16257890 0 40 100 d
16367975 1 40 100 d
16429515 0 31 105 i
16518590 1 31 105 i
16578415 0 39 115 s
16682014 1 39 115 s
16742455 0 33 112 p
16837928 1 33 112 p
16939198 0 32 111 o
17031193 1 32 111 o
17255129 0 39 115 s
17362681 1 39 115 s
17615601 0 26 101 e
17738555 1 26 101 e
17810110 0 40 100 d
17922717 1 40 100 d
18002897 0 65 32 space
18093654 1 65 32 space
18333002 0 32 111 o
18378547 1 32 111 o
18608493 0 57 110 n
18709333 1 57 110 n
18745757 0 26 101 e
18828116 1 26 101 e
18835148 0 65 32 space
18923189 1 65 32 space
18963631 0 26 101 e
19041312 0 57 110 n
19061150 1 26 101 e
19156704 1 57 110 n
19187428 0 28 116 t
19293115 1 28 116 t
19312518 0 31 105 i
19395436 0 27 114 r
19419062 1 31 105 i
19492207 0 26 101 e
19542129 1 27 114 r
19618326 1 26 101 e
19649511 0 46 108 l
19738930 1 46 108 l
20073252 0 29 121 y
20171053 1 29 121 y
20261240 0 65 32 space
20348025 1 65 32 space
20410232 0 43 104 h
20470344 0 26 101 e
20484013 1 43 104 h
20569921 0 27 114 r
20628395 1 26 101 e
20649223 0 65 32 space
20698453 1 27 114 r
20727071 1 65 32 space
20840212 0 58 109 m
20907029 1 58 109 m
20915055 0 26 101 e
21030790 1 26 101 e
21036599 0 57 110 n
21103405 1 57 110 n
21210429 0 65 32 space
21262328 1 65 32 space
21394489 0 38 97 a
21486334 1 38 97 a
21970658 0 22 0 BackSpace
22045421 1 22 0 BackSpace
22192347 0 43 104 h
22259053 1 43 104 h
22306072 0 38 97 a
22390831 1 38 97 a
22410503 0 58 109 m
22467861 1 58 109 m
22804731 0 60 46 period
22865033 1 60 46 period
23200507 0 36 0 Return
23253953 1 36 0 Return
23926758 0 50 0 Shift_L
24155907 0 56 66 B
24267946 1 56 66 B
24277865 1 50 0 Shift_L
24400727 0 29 121 y
24484552 1 29 121 y
24602379 0 65 32 space
24674277 1 65 32 space
24701511 0 28 116 t
24797311 0 32 111 o
24809383 1 28 116 t
24870761 1 32 111 o
25009796 0 65 32 space
25104576 1 65 32 space
25128025 0 38 97 a
25240315 0 40 100 d
25251897 1 38 97 a
25341623 1 40 100 d
25350367 0 58 109 m
25401058 1 58 109 m
25548293 0 31 105 i
25643838 1 31 105 i
25680008 0 27 114 r
25791007 0 26 101 e
25846671 1 27 114 r
25914263 1 26 101 e
25957319 0 65 32 space
26044595 1 65 32 space
26265007 0 55 118 v
26356970 1 55 118 v
26465542 0 38 97 a
26546663 1 38 97 a
26578702 0 57 110 n
26666516 1 57 110 n
26766018 0 31 105 i
26872383 1 31 105 i
26930831 0 28 116 t
27023889 1 28 116 t
27161147 0 29 121 y
27299014 1 29 121 y
27460570 0 65 32 space
27534359 1 65 32 space
27628627 0 54 99 c
27714237 0 32 111 o
27763280 1 54 99 c
27791734 1 32 111 o
27960994 0 30 117 u
28077754 1 30 117 u
28100324 0 57 110 n
28228313 1 57 110 n
28238582 0 28 116 t
28335508 1 28 116 t
28675591 0 28 116 t
28685686 0 29 121 y
28733016 1 29 121 y
28741146 1 28 116 t
29140037 0 22 0 BackSpace
29207044 1 22 0 BackSpace
29284377 0 22 0 BackSpace
29391857 1 22 0 BackSpace
29634250 0 29 121 y
29727011 1 29 121 y
29846854 0 65 32 space
29925576 1 65 32 space
29971318 0 38 97 a
30046650 0 57 110 n
30093021 1 38 97 a
30124288 1 57 110 n
30233443 0 65 32 space
30325922 1 65 32 space
30427816 0 58 109 m
30531334 1 58 109 m
30696726 0 30 117 u
30778639 1 30 117 u
30784741 0 28 116 t
30868100 1 28 116 t
30908651 0 30 117 u
30988744 1 30 117 u
31033299 0 38 97 a
31155022 1 38 97 a
31181789 0 46 108 l
31261615 1 46 108 l
31382328 0 65 32 space
31483909 1 65 32 space
31547556 0 38 97 a
31641885 0 39 115 s
31703442 1 38 97 a
31762373 1 39 115 s
31785935 0 65 32 space
31911309 1 65 32 space
31968774 0 27 114 r
32079285 0 32 111 o
32104894 1 27 114 r
32178344 1 32 111 o
32247387 0 30 117 u
32365263 1 30 117 u
32461258 0 39 115 s
32573129 1 39 115 s
32659557 0 26 101 e
32771861 1 26 101 e
32778097 0 40 100 d
32900927 1 40 100 d
32991373 0 65 32 space
33119623 1 65 32 space
33369232 0 22 0 BackSpace
33428047 1 22 0 BackSpace
33569927 0 60 46 period
33623837 1 60 46 period
33785465 0 65 32 space
33876231 1 65 32 space
33944331 0 50 0 Shift_L
34018124 0 32 79 O
34106807 1 32 79 O
34124338 1 50 0 Shift_L
34214920 0 41 102 f
34306636 1 41 102 f
34393238 0 65 32 space
34518504 1 65 32 space
34600262 0 38 97 a
34697925 1 38 97 a
34718840 0 57 110 n
34796787 1 57 110 n
34932957 0 65 32 space
35030554 1 65 32 space
35351919 0 28 116 t
35439897 1 28 116 t
35470632 0 43 104 h
35492277 1 43 104 h
35583587 0 27 114 r
35691721 1 27 114 r
35742857 0 32 111 o
35844331 1 32 111 o
35860934 0 25 119 w
35967987 1 25 119 w
36058558 0 31 105 i
36190785 1 31 105 i
36196337 0 57 110 n
36313010 1 57 110 n
36633426 0 22 0 BackSpace
36692366 1 22 0 BackSpace
36760346 0 22 0 BackSpace
36829881 1 22 0 BackSpace
36992350 0 57 110 n
37054541 1 57 110 n
37184683 0 65 32 space
37267331 1 65 32 space
37281187 0 38 97 a
37384419 1 38 97 a
37391007 0 58 109 m
37457426 1 58 109 m
37570877 0 65 32 space
37678660 1 65 32 space
37849257 0 25 119 w
37938925 1 25 119 w
38075758 0 38 97 a
38165628 1 38 97 a
38229767 0 27 114 r
38340964 1 27 114 r
38366464 0 58 109 m
38440299 1 58 109 m
38543214 0 46 108 l
38619688 1 46 108 l
38885811 0 29 121 y
39001550 1 29 121 y
39162649 0 65 32 space
39237657 1 65 32 space
39349726 0 58 109 m
39433002 1 58 109 m
39514108 0 26 101 e
39648496 0 27 114 r
39679612 1 26 101 e
39776725 1 27 114 r
40042708 0 46 108 l
40123861 1 46 108 l
40961713 0 22 0 BackSpace
41008073 1 22 0 BackSpace
41030514 0 26 101 e
41133356 1 26 101 e
41444298 0 46 108 l
41530327 1 46 108 l
41733357 0 29 121 y
41820049 1 29 121 y
42013644 0 65 32 space
42101194 1 65 32 space
42326094 0 27 114 r
42451868 0 26 101 e
42492599 1 27 114 r
42551716 1 26 101 e
42661711 0 39 115 s
42737478 0 30 117 u
42758197 1 39 115 s
42834582 1 30 117 u
43004762 0 46 108 l
43078402 1 46 108 l
43110058 0 28 116 t
43235266 1 28 116 t
43254878 0 65 32 space
43361914 1 65 32 space
43554669 0 40 100 d
43657943 0 26 101 e
43713618 1 40 100 d
43757605 1 26 101 e
43776282 0 33 112 p
43860477 1 33 112 p
43909758 0 38 97 a
44006960 0 27 114 r
44033401 1 38 97 a
44099612 1 27 114 r
44178886 0 28 116 t
44267183 1 28 116 t
44391191 0 60 46 period
44496423 1 60 46 period
44926788 0 65 32 space
45052558 1 65 32 space
45073045 0 22 0 BackSpace
45129513 1 22 0 BackSpace
45263246 0 22 0 BackSpace
45324868 1 22 0 BackSpace
45572678 0 65 32 space
45677533 1 65 32 space
45831741 0 39 115 s
45933398 1 39 115 s
46135708 0 30 117 u
46221580 1 30 117 u
46396656 0 33 112 p
46460644 1 33 112 p
46527618 0 33 112 p
46593008 1 33 112 p
46702299 0 46 108 l
46794746 1 46 108 l
46990982 0 29 121 y
47045478 1 29 121 y
47979070 0 60 46 period
48043792 1 60 46 period
48222219 0 36 0 Return
48294350 1 36 0 Return
48931712 0 50 0 Shift_L
49108908 0 28 84 T
49193596 1 50 0 Shift_L
49222272 1 28 116 t
49756148 0 22 0 BackSpace
49836542 1 22 0 BackSpace
49866179 0 50 0 Shift_L
49929388 0 27 82 R
50034803 1 50 0 Shift_L
50052423 1 27 114 r
50142444 0 26 101 e
50235174 1 26 101 e
50645025 0 24 113 q
50709416 0 30 117 u
50732431 1 24 113 q
50774201 1 30 117 u
50880975 0 31 105 i
50911029 0 27 114 r
50975125 1 31 105 i
51010050 0 26 101 e
51079255 1 27 114 r
51133260 1 26 101 e
51227174 0 40 100 d
51330783 1 40 100 d
51337342 0 65 32 space
51440561 1 65 32 space
51694371 0 43 104 h
51798292 1 43 104 h
51939193 0 32 111 o
52015065 1 32 111 o
52123428 0 57 110 n
52194250 1 57 110 n
52303977 0 32 111 o
52389885 1 32 111 o
52481527 0 30 117 u
52555162 1 30 117 u
52571448 0 27 114 r
52671460 0 26 101 e
52731424 1 27 114 r
52786636 1 26 101 e
52862948 0 40 100 d
52981770 1 40 100 d
53022980 0 65 32 space
53124255 1 65 32 space
53269472 0 28 116 t
53362143 1 28 116 t
53448960 0 27 114 r
53558474 1 27 114 r
53568483 0 31 105 i
53683617 1 31 105 i
53742100 0 41 102 f
53860704 1 41 102 f
54065680 0 46 108 l
54164166 1 46 108 l
54376962 0 31 105 i
54483416 0 57 110 n
54508750 1 31 105 i
54611365 0 42 103 g
54653102 1 57 110 n
54723887 1 42 103 g
54828377 0 65 32 space
54949333 1 65 32 space
55026226 0 26 101 e
55138836 1 26 101 e
55194504 0 38 97 a
55293214 1 38 97 a
55375685 0 28 116 t
55479331 1 28 116 t
55563191 0 65 32 space
55685158 1 65 32 space
55942728 0 34 229 aring
56008543 1 34 229 aring
56173595 0 47 248 oslash
56182214 0 46 108 l
56214990 1 46 108 l
56228898 1 47 248 oslash
56252651 0 26 101 e
56324425 1 26 101 e
56529457 0 22 0 BackSpace
56590538 1 22 0 BackSpace
56675379 0 22 0 BackSpace
56751935 1 22 0 BackSpace
57040305 0 22 0 BackSpace
57090268 1 22 0 BackSpace
57164485 0 22 0 BackSpace
57256100 1 22 0 BackSpace
57364615 0 33 112 p
57457903 1 33 112 p
57583501 0 45 107 k
57630028 1 45 107 k
57964797 0 22 0 BackSpace
58044150 1 22 0 BackSpace
58180739 0 46 108 l
58286356 1 46 108 l
58319808 0 26 101 e
58403021 1 26 101 e
58488186 0 38 97 a
58566248 0 39 115 s
58619697 1 38 97 a
58675834 1 39 115 s
58798991 0 30 117 u
58909448 1 30 117 u
58946946 0 27 114 r
59014084 0 26 101 e
59087819 1 27 114 r
59155624 1 26 101 e
59180276 0 65 32 space
59271997 1 65 32 space
59360629 0 58 109 m
59440709 1 58 109 m
59451527 0 38 97 a
59559969 1 38 97 a
59567045 0 57 110 n
59647214 1 57 110 n
59759178 0 65 32 space
59859303 1 65 32 space
59884931 0 27 114 r
60001440 0 26 101 e
60063816 1 27 114 r
60132793 1 26 101 e
60203710 0 46 108 l
60287432 1 46 108 l
60318326 0 38 97 a
60421515 1 38 97 a
60514330 0 28 116 t
60616369 1 28 116 t
60767653 0 31 105 i
60868493 1 31 105 i
60978838 0 32 111 o
61046213 1 32 111 o
61153554 0 57 110 n
61238419 1 57 110 n
61348123 0 65 32 space
61450251 1 65 32 space
61703055 0 22 0 BackSpace
61766802 1 22 0 BackSpace
61896853 0 60 46 period
61949842 1 60 46 period
62165088 0 65 32 space
62277923 1 65 32 space
62319272 0 50 0 Shift_L
62384751 0 38 65 A
62474355 1 38 65 A
62485391 1 50 0 Shift_L
62526633 0 39 115 s
62616610 1 39 115 s
62706220 0 39 115 s
62801599 1 39 115 s
62907593 0 30 117 u
63002233 1 30 117 u
63037252 0 27 114 r
63132835 1 27 114 r
63222937 0 38 97 a
63317037 0 57 110 n
63339218 1 38 97 a
63415364 1 57 110 n
63542624 0 54 99 c
63674761 0 26 101 e
63686937 1 54 99 c
63792690 1 26 101 e
63801935 0 65 32 space
63914043 1 65 32 space
64244292 0 29 121 y
64336011 1 29 121 y
64346323 0 26 101 e
64427322 1 26 101 e
64500257 0 28 116 t
64597947 1 28 116 t
64634950 0 65 32 space
64751039 1 65 32 space
64947606 0 56 98 b
65052533 1 56 98 b
65119601 0 26 101 e
65246874 1 26 101 e
65304140 0 40 100 d
65390270 0 65 32 space
65402312 1 40 100 d
65497806 1 65 32 space
65734992 0 25 119 w
65792620 1 25 119 w
65878226 0 38 97 a
65947221 0 39 115 s
65999390 1 38 97 a
66086122 1 39 115 s
66135227 0 65 32 space
66228256 1 65 32 space
66502599 0 31 105 i
66599609 1 31 105 i
66721827 0 58 109 m
66806432 1 58 109 m
66910557 0 33 112 p
66998602 1 33 112 p
67052262 0 27 114 r
67180225 1 27 114 r
67186194 0 32 111 o
67276257 1 32 111 o
67454589 0 55 118 v
67577452 1 55 118 v
67585140 0 31 105 i
67677699 0 57 110 n
67720761 1 31 105 i
67796009 0 42 103 g
67807164 1 57 110 n
67928463 1 42 103 g
67964828 0 65 32 space
68133000 1 65 32 space
68198548 0 41 102 f
68334728 1 41 102 f
68352395 0 30 117 u
68461464 1 30 117 u
68489201 0 27 114 r
68590437 1 27 114 r
68609612 0 57 110 n
68690135 1 57 110 n
68822976 0 31 105 i
68887088 1 31 105 i
69159093 0 28 116 t
69265880 1 28 116 t
69426165 0 30 117 u
69499314 1 30 117 u
69820042 0 22 0 BackSpace
69909062 1 22 0 BackSpace
70179559 0 30 117 u
70257140 1 30 117 u
70307206 0 27 114 r
70392725 0 26 101 e
70462161 1 27 114 r
70528867 1 26 101 e
70558386 0 65 32 space
70629826 1 65 32 space
70720991 0 58 109 m
70786053 1 58 109 m
70805499 0 38 97 a
70911279 1 38 97 a
70917103 0 57 110 n
70984507 1 57 110 n
71157748 0 60 46 period
71221499 1 60 46 period
71655597 0 36 0 Return
71762007 1 36 0 Return
72470156 0 50 0 Shift_L
72846182 0 40 68 D
72955063 1 50 0 Shift_L
72966754 1 40 100 d
72998099 0 31 105 i
73064865 1 31 105 i
73097796 0 39 115 s
73177658 1 39 115 s
73273643 0 28 116 t
73352989 1 28 116 t
73447526 0 27 114 r
73540505 1 27 114 r
73605935 0 30 117 u
73722132 1 30 117 u
73768143 0 28 116 t
73849601 1 28 116 t
74222323 0 22 0 BackSpace
74281327 0 39 115 s
74292564 1 22 0 BackSpace
74372205 1 39 115 s
74457147 0 28 116 t
74566466 1 28 116 t
74671216 0 39 115 s
74769010 1 39 115 s
74788211 0 65 32 space
74897269 1 65 32 space
74937360 0 40 100 d
75046120 0 26 101 e
75098801 1 40 100 d
75194856 1 26 101 e
75223823 0 46 108 l
75295217 1 46 108 l
75415689 0 31 105 i
75512397 1 31 105 i
75539231 0 42 103 g
75639476 1 42 103 g
75662069 0 43 104 h
75704119 1 43 104 h
75759962 0 28 116 t
75874005 1 28 116 t
75919570 0 26 101 e
76083609 1 26 101 e
76324792 0 40 100 d
76439937 1 40 100 d
76491845 0 65 32 space
76595481 1 65 32 space
76659005 0 39 115 s
76752606 1 39 115 s
76772675 0 43 104 h
76830902 1 43 104 h
76884575 0 26 101 e
77006478 1 26 101 e
77012638 0 65 32 space
77085347 1 65 32 space
77187430 0 46 108 l
77243402 1 46 108 l
77362096 0 31 105 i
77441743 1 31 105 i
77487091 0 39 115 s
77560465 1 39 115 s
77672824 0 28 116 t
77762037 0 26 101 e
77798524 1 28 116 t
77879397 1 26 101 e
77885172 0 57 110 n
77949839 1 57 110 n
78025636 0 31 105 i
78111929 0 57 110 n
78157544 1 31 105 i
78186308 0 42 103 g
78212552 1 57 110 n
78303546 1 42 103 g
78325309 0 65 32 space
78411723 1 65 32 space
78491387 0 58 109 m
78532601 0 27 114 r
78589379 1 58 109 m
78663966 1 27 114 r
78747941 0 39 115 s
78868574 1 39 115 s
78977784 0 65 32 space
79089084 1 65 32 space
79157182 0 26 101 e
79230121 1 26 101 e
79363979 0 53 120 x
79446622 1 53 120 x
79589910 0 28 116 t
79709414 1 28 116 t
79719855 0 26 101 e
79838452 1 26 101 e
79883157 0 57 110 n
79996590 1 57 110 n
80140130 0 39 115 s
80244896 1 39 115 s
80343523 0 31 105 i
80475274 1 31 105 i
80534939 0 55 118 v
80628523 1 55 118 v
80703582 0 26 101 e
80827037 1 26 101 e
80858547 0 65 32 space
80957289 1 65 32 space
81102362 0 38 97 a
81225514 1 38 97 a
81246706 0 40 100 d
81354277 1 40 100 d
81377046 0 58 109 m
81434544 1 58 109 m
81533577 0 31 105 i
81623919 1 31 105 i
81630120 0 28 116 t
81697771 1 28 116 t
81778984 0 28 116 t
81879618 1 28 116 t
81982008 0 31 105 i
82029721 0 57 110 n
82076915 1 31 105 i
82145885 0 42 103 g
82156797 1 57 110 n
82242236 1 42 103 g
82318530 0 65 32 space
82408963 1 65 32 space
82427558 0 41 102 f
82517273 1 41 102 f
82631340 0 38 97 a
82713736 0 27 114 r
82776631 1 38 97 a
82850010 1 27 114 r
83573992 0 60 46 period
83674942 1 60 46 period
83919921 0 65 32 space
83983017 1 65 32 space
84062470 0 65 32 space
84153297 1 65 32 space
84230267 0 50 0 Shift_L
84369372 0 41 70 F
84422927 1 50 0 Shift_L
84468505 1 41 102 f
84519574 0 30 117 u
84592614 1 30 117 u
84742801 0 46 108 l
84811522 1 46 108 l
84879521 0 46 108 l
84959435 1 46 108 l
85035663 0 65 32 space
85139360 1 65 32 space
85362274 0 26 101 e
85435339 1 26 101 e
85593129 0 65 32 space
85695153 1 65 32 space
86005439 0 22 0 BackSpace
86059028 1 22 0 BackSpace
86127130 0 22 0 BackSpace
86203278 1 22 0 BackSpace
86455522 0 43 104 h
86535668 1 43 104 h
86583254 0 26 101 e
86678549 1 26 101 e
86690782 0 65 32 space
86765505 1 65 32 space
86850050 0 57 110 n
86931324 1 57 110 n
87056366 0 32 111 o
87129418 1 32 111 o
87322609 0 57 110 n
87415462 1 57 110 n
87462954 0 26 101 e
87576351 1 26 101 e
87614963 0 65 32 space
87723121 1 65 32 space
87854196 0 57 110 n
87932759 1 57 110 n
88056300 0 32 111 o
88124110 1 32 111 o
88276324 0 65 32 space
88352115 1 65 32 space
88407928 0 39 115 s
88492028 0 31 105 i
88515146 1 39 115 s
88603123 1 31 105 i
88656420 0 40 100 d
88706843 0 26 101 e
88780438 1 40 100 d
88856099 1 26 101 e
88884051 0 60 46 period
88967414 1 60 46 period
89113256 0 65 32 space
89226334 1 65 32 space
89607921 0 50 0 Shift_L
89731436 0 30 85 U
89805899 1 30 85 U
89813950 1 50 0 Shift_L
89924455 0 57 110 n
90013388 1 57 110 n
90123521 0 54 99 c
90236653 1 54 99 c
90242553 0 32 111 o
90317166 1 32 111 o
90451065 0 58 109 m
90516640 1 58 109 m
90600230 0 58 109 m
90676246 1 58 109 m
90752890 0 32 111 o
90822452 1 32 111 o
90943036 0 57 110 n
91015264 1 57 110 n
91124297 0 46 108 l
91209420 1 46 108 l
91366275 0 29 121 y
91462946 1 29 121 y
91679886 0 65 32 space
91782710 1 65 32 space
92180038 0 39 115 s
92297325 1 39 115 s
92567836 0 30 117 u
92666904 1 30 117 u
92677491 0 27 114 r
92756575 1 27 114 r
92843250 0 27 114 r
92933271 0 32 111 o
92945784 1 27 114 r
93025751 1 32 111 o
93154547 0 30 117 u
93272005 0 57 110 n
93293971 1 30 117 u
93380242 1 57 110 n
93389625 0 40 100 d
93510201 0 26 101 e
93531321 1 40 100 d
93661991 0 40 100 d
93723135 1 26 101 e
93804407 1 40 100 d
93827924 0 65 32 space
93940686 1 65 32 space
94013541 0 54 99 c
94120527 0 32 111 o
94153216 1 54 99 c
94183853 1 32 111 o
94295037 0 57 110 n
94371277 0 39 115 s
94382713 1 57 110 n
94490892 1 39 115 s
94512282 0 31 105 i
94600665 1 31 105 i
94612221 0 40 100 d
94716374 0 26 101 e
94727731 1 40 100 d
94814780 0 27 114 r
94860065 1 26 101 e
94989034 0 26 101 e
95006179 1 27 114 r
95105114 1 26 101 e
95250892 0 40 100 d
95369968 1 40 100 d
95433833 0 65 32 space
95531167 1 65 32 space
95713021 0 41 102 f
95824360 1 41 102 f
95857165 0 32 111 o
95931550 1 32 111 o
95954617 0 27 114 r
96052987 0 65 32 space
96065237 1 27 114 r
96166227 1 65 32 space
96241421 0 43 104 h
96344945 1 43 104 h
96473010 0 31 105 i
96557019 1 31 105 i
96673723 0 58 109 m
96760975 1 58 109 m
96890543 0 65 32 space
96976771 0 38 97 a
96998522 1 65 32 space
97096428 0 27 114 r
97106614 1 38 97 a
97184760 0 26 101 e
97256533 1 27 114 r
97274585 0 65 32 space
97288232 1 26 101 e
97352609 1 65 32 space
97438818 0 31 105 i
97521547 0 28 116 t
97533130 1 31 105 i
97621651 1 28 116 t
97738475 0 39 115 s
97825632 1 39 115 s
97855083 0 60 46 period
97931864 1 60 46 period
98081497 0 36 0 Return
98143732 1 36 0 Return
98759147 0 50 0 Shift_L
99083337 0 31 73 I
99160670 1 31 73 I
99192144 1 50 0 Shift_L
99252157 0 28 116 t
99354558 1 28 116 t
99445833 0 65 32 space
99578772 1 65 32 space
99989940 0 25 119 w
100078087 1 25 119 w
100165043 0 26 101 e
100251593 1 26 101 e
100311271 0 65 32 space
100397105 1 65 32 space
100498612 0 31 105 i
100587064 1 31 105 i
100610591 0 39 115 s
100688149 1 39 115 s
100735739 0 65 32 space
100848309 1 65 32 space
100853433 0 27 114 r
100941572 0 26 101 e
100999249 1 27 114 r
101064573 1 26 101 e
101150567 0 38 97 a
101263552 0 40 100 d
101274875 1 38 97 a
101383690 1 40 100 d
101416622 0 65 32 space
101536741 1 65 32 space
101769362 0 42 103 g
101851810 1 42 103 g
101867366 0 32 111 o
101917490 1 32 111 o
102003902 0 32 111 o
102103802 1 32 111 o
102148129 0 40 100 d
102255208 1 40 100 d
102278596 0 65 32 space
102367109 1 65 32 space
102435675 0 39 115 s
102519488 0 32 111 o
102540784 1 39 115 s
102581091 1 32 111 o
102681072 0 32 111 o
102743844 1 32 111 o
102830813 0 57 110 n
102909364 1 57 110 n
103142030 0 60 46 period
103194578 1 60 46 period
103378365 0 65 32 space
103456593 1 65 32 space
103955828 0 50 0 Shift_L
104448608 0 58 77 M
104546691 1 58 77 M
104606412 1 50 0 Shift_L
104722030 0 29 121 y
104835223 1 29 121 y
104958355 0 65 32 space
105075983 1 65 32 space
105173972 0 28 116 t
105288328 1 28 116 t
105294667 0 32 111 o
105387526 1 32 111 o
105538046 0 65 32 space
105645190 1 65 32 space
105896469 0 54 99 c
106010472 1 54 99 c
106019690 0 32 111 o
106115743 1 32 111 o
106269493 0 57 110 n
106377289 1 57 110 n
106476238 0 39 115 s
106585320 1 39 115 s
106616839 0 31 105 i
106733782 1 31 105 i
106911720 0 40 100 d
107027571 0 26 101 e
107040863 1 40 100 d
107128853 0 27 114 r
107164040 1 26 101 e
107285364 0 26 101 e
107345786 1 27 114 r
107447316 1 26 101 e
107510384 0 40 100 d
107615592 1 40 100 d
107622273 0 65 32 space
107742111 1 65 32 space
108027218 0 40 100 d
108120099 0 26 101 e
108169082 1 40 100 d
108250374 1 26 101 e
108269617 0 46 108 l
108315605 1 46 108 l
108431019 0 31 105 i
108516859 1 31 105 i
108523199 0 42 103 g
108614947 1 42 103 g
108647556 0 43 104 h
108714757 1 43 104 h
108739909 0 28 116 t
108852724 1 28 116 t
109125656 0 41 102 f
109254649 1 41 102 f
109270780 0 30 117 u
109343330 1 30 117 u
109502047 0 46 108 l
109569750 1 46 108 l
109682649 0 65 32 space
109762755 1 65 32 space
109865959 0 31 105 i
109957240 0 57 110 n
109973376 1 31 105 i
110061154 1 57 110 n
110092368 0 55 118 v
110194327 1 55 118 v
110247726 0 31 105 i
110354308 1 31 105 i
110421216 0 28 116 t
110503131 1 28 116 t
110638902 0 38 97 a
110767426 1 38 97 a
110806372 0 28 116 t
110872593 0 31 105 i
110910844 1 28 116 t
110949472 1 31 105 i
111066247 0 32 111 o
111122679 1 32 111 o
111217955 0 57 110 n
111301966 1 57 110 n
111456054 0 65 32 space
111545149 1 65 32 space
111607182 0 38 97 a
111710560 1 38 97 a
111719892 0 57 110 n
111785065 1 57 110 n
111883277 0 57 110 n
111968323 1 57 110 n
112075639 0 32 111 o
112159525 1 32 111 o
113008511 0 30 117 u
113087848 1 30 117 u
113228429 0 57 110 n
113313668 1 57 110 n
113386892 0 54 99 c
113507188 0 31 105 i
113521615 1 54 99 c
113599027 0 57 110 n
113629019 1 31 105 i
113692881 1 57 110 n
113719961 0 42 103 g
113820577 1 42 103 g
113855361 0 65 32 space
113923562 1 65 32 space
114043913 0 32 111 o
114122263 1 32 111 o
114135710 0 41 102 f
114233950 1 41 102 f
114266872 0 65 32 space
114331981 1 65 32 space
114431483 0 57 110 n
114503034 1 57 110 n
114629149 0 32 111 o
114701442 1 32 111 o
114834512 0 65 32 space
114932107 1 65 32 space
114954987 0 40 100 d
115049943 0 26 101 e
115092666 1 40 100 d
115145795 1 26 101 e
115259999 0 54 99 c
115383566 1 54 99 c
115425329 0 31 105 i
115534083 1 31 105 i
115626583 0 39 115 s
115729757 1 39 115 s
115871787 0 31 105 i
115976998 1 31 105 i
116181065 0 55 118 v
116283873 1 55 118 v
116402427 0 26 101 e
116512538 1 26 101 e
116532438 0 46 108 l
116658516 1 46 108 l
116851127 0 29 121 y
116928186 1 29 121 y
117087676 0 65 32 space
117178467 1 65 32 space
117527205 0 56 98 b
117628006 1 56 98 b
117822232 0 32 111 o
117881958 1 32 111 o
117986034 0 31 105 i
118062052 1 31 105 i
118149662 0 39 115 s
118227919 1 39 115 s
118324372 0 28 116 t
118450933 1 28 116 t
118463786 0 26 101 e
118587826 0 27 114 r
118648157 1 26 101 e
118718099 1 27 114 r
118760075 0 32 111 o
118872647 1 32 111 o
119028203 0 30 117 u
119125452 1 30 117 u
119273442 0 39 115 s
119381151 1 39 115 s
119500099 0 59 44 comma
119508434 0 60 46 period
119557407 1 59 44 comma
119566259 1 60 46 period
119891850 0 22 0 BackSpace
119986142 1 22 0 BackSpace
120040970 0 22 0 BackSpace
120124730 1 22 0 BackSpace
120337074 0 60 46 period
120423723 1 60 46 period
121247648 0 36 0 Return
121308204 1 36 0 Return
121972122 0 50 0 Shift_L
122277539 0 40 68 D
122346906 1 50 0 Shift_L
122421870 1 40 100 d
122449982 0 31 105 i
122552931 1 31 105 i
122675170 0 40 100 d
122775306 1 40 100 d
122875494 0 40 100 d
122968769 1 40 100 d
123385498 0 22 0 BackSpace
123471295 1 22 0 BackSpace
123675838 0 65 32 space
123773401 1 65 32 space
123782283 0 38 97 a
123878098 0 40 100 d
123918114 1 38 97 a
123962270 1 40 100 d
124050057 0 40 100 d
124147154 0 65 32 space
124170259 1 40 100 d
124274380 1 65 32 space
124315780 0 40 100 d
124379495 0 38 97 a
124434622 1 40 100 d
124560124 1 38 97 a
124577446 0 39 115 s
124688056 1 39 115 s
124743102 0 43 104 h
124818495 1 43 104 h
125364838 0 25 119 w
125472449 1 25 119 w
125614233 0 32 111 o
125713238 1 32 111 o
125809076 0 40 100 d
125852546 1 40 100 d
126195306 0 22 0 BackSpace
126268592 1 22 0 BackSpace
126405513 0 32 111 o
126492781 1 32 111 o
126509705 0 40 100 d
126649229 1 40 100 d
126656165 0 39 115 s
126800996 1 39 115 s
126838919 0 65 32 space
126934003 1 65 32 space
127077304 0 40 100 d
127180065 0 26 101 e
127201069 1 40 100 d
127276884 1 26 101 e
127322200 0 41 102 f
127405017 1 41 102 f
127441590 0 31 105 i
127509461 1 31 105 i
127551365 0 54 99 c
127656637 0 31 105 i
127669575 1 54 99 c
127744137 1 31 105 i
127784709 0 26 101 e
127886126 1 26 101 e
127894363 0 57 110 n
127973502 1 57 110 n
128018568 0 28 116 t
128121858 1 28 116 t
128149363 0 65 32 space
128231978 1 65 32 space
128362592 0 58 109 m
128429229 1 58 109 m
128490659 0 26 101 e
128580674 1 26 101 e
129957357 0 38 97 a
130067817 1 38 97 a
130262700 0 22 0 BackSpace
130331298 1 22 0 BackSpace
130388924 0 22 0 BackSpace
130485369 1 22 0 BackSpace
130510684 0 38 97 a
130602769 1 38 97 a
130638627 0 57 110 n
130707498 1 57 110 n
130843622 0 65 32 space
130945240 1 65 32 space
131096382 0 54 99 c
131190805 0 32 111 o
131227331 1 54 99 c
131262582 1 32 111 o
131372447 0 57 110 n
131439987 1 57 110 n
131470775 0 54 99 c
131601841 1 54 99 c
131609696 0 46 108 l
131675030 1 46 108 l
131846102 0 30 117 u
131962323 1 30 117 u
132016926 0 40 100 d
132116257 0 26 101 e
132148675 1 40 100 d
132254005 0 40 100 d
132321046 1 26 101 e
132379449 1 40 100 d
132386423 0 65 32 space
132486865 1 65 32 space
132580147 0 38 97 a
132684804 0 40 100 d
132704972 1 38 97 a
132762057 1 40 100 d
132855130 0 40 100 d
132941689 1 40 100 d
132970706 0 31 105 i
133043592 1 31 105 i
133091989 0 28 116 t
133181199 1 28 116 t
133188145 0 31 105 i
133237890 1 31 105 i
133352602 0 32 111 o
133412511 1 32 111 o
133507041 0 57 110 n
133575603 1 57 110 n
133627394 0 39 115 s
133714385 1 39 115 s
133720671 0 65 32 space
133828020 1 65 32 space
133938972 0 27 114 r
134039838 0 26 101 e
134118954 1 27 114 r
134149060 1 26 101 e
134280867 0 39 115 s
134319812 0 32 111 o
134349772 1 39 115 s
134392261 1 32 111 o
134509206 0 30 117 u
134622311 1 30 117 u
135312501 0 27 114 r
135421958 1 27 114 r
135541421 0 54 99 c
135659278 0 26 101 e
135670764 1 54 99 c
135742707 1 26 101 e
135864900 0 39 115 s
135969658 1 39 115 s
135975977 0 65 32 space
136074675 1 65 32 space
136366625 0 22 0 BackSpace
136425001 1 22 0 BackSpace
136552162 0 60 46 period
136626698 1 60 46 period
136782233 0 65 32 space
136860396 1 65 32 space
136939674 0 50 0 Shift_L
136998729 0 32 79 O
137077817 1 32 79 O
137113514 1 50 0 Shift_L
137193768 0 27 114 r
137291924 1 27 114 r
137356153 0 65 32 space
137456759 1 65 32 space
137756631 0 46 108 l
137833986 1 46 108 l
137889487 0 38 97 a
137970060 1 38 97 a
137993165 0 57 110 n
138075975 1 57 110 n
138107290 0 40 100 d
138191321 1 40 100 d
138328425 0 46 108 l
138392270 1 46 108 l
138504608 0 32 111 o
138583233 1 32 111 o
138627277 0 27 114 r
138728986 1 27 114 r
138853931 0 40 100 d
138945757 1 40 100 d
138989846 0 65 32 space
139094376 1 65 32 space
139331710 0 33 112 p
139412760 1 33 112 p
139475874 0 38 97 a
139574102 1 38 97 a
139626868 0 54 99 c
139729835 1 54 99 c
139736132 0 45 107 k
139824315 1 45 107 k
139852594 0 38 97 a
139950837 1 38 97 a
140080775 0 42 103 g
140169084 1 42 103 g
140253239 0 26 101 e
140328032 1 26 101 e
140461073 0 39 115 s
140544179 1 39 115 s
140569313 0 65 32 space
140656543 1 65 32 space
140760669 0 32 111 o
140841864 1 32 111 o
140872098 0 55 118 v
140945650 1 55 118 v
141005810 0 26 101 e
141070358 0 27 114 r
141168016 1 26 101 e
141214082 1 27 114 r
141359714 0 54 99 c
141466196 1 54 99 c
141485321 0 38 97 a
141579031 0 58 109 m
141605940 1 38 97 a
141671653 1 58 109 m
141693318 0 26 101 e
141807259 1 26 101 e
142077556 0 65 32 space
142152863 1 65 32 space
142201747 0 40 100 d
142306851 0 31 105 i
142324655 1 40 100 d
142372153 1 31 105 i
142443453 0 39 115 s
142529590 1 39 115 s
142699407 0 28 116 t
142763889 1 28 116 t
142838962 0 38 97 a
142955852 1 38 97 a
142961990 0 57 110 n
143043953 1 57 110 n
143051513 0 54 99 c
143134723 0 26 101 e
143180613 1 54 99 c
143243695 1 26 101 e
143263302 0 65 32 space
143357493 1 65 32 space
143475626 0 58 109 m
143541670 1 58 109 m
143753793 0 22 0 BackSpace
143817553 1 22 0 BackSpace
143876220 0 39 115 s
143947458 1 39 115 s
143973498 0 58 109 m
144050710 1 58 109 m
144067103 0 38 97 a
144162475 0 46 108 l
144178730 1 38 97 a
144228361 1 46 108 l
144312560 0 46 108 l
144388435 0 26 101 e
144398218 1 46 108 l
144467089 1 26 101 e
144584590 0 39 115 s
144663776 1 39 115 s
144792437 0 28 116 t
144877216 1 28 116 t
144884649 0 65 32 space
144944751 1 65 32 space
145034838 0 31 105 i
145153834 1 31 105 i
145179301 0 57 110 n
145283874 1 57 110 n
145410789 0 65 32 space
145517495 1 65 32 space
145998571 0 27 114 r
146105606 0 26 101 e
146154051 1 27 114 r
146208589 1 26 101 e
146295397 0 54 99 c
146412900 1 54 99 c
146437798 0 30 117 u
146519427 1 30 117 u
146553921 0 27 114 r
146637038 1 27 114 r
146717668 0 27 114 r
146819631 0 26 101 e
146841636 1 27 114 r
146977329 1 26 101 e
147011159 0 40 100 d
147094258 1 40 100 d
147198337 0 60 46 period
147271596 1 60 46 period
147635372 0 36 0 Return
147701235 1 36 0 Return
148221954 0 50 0 Shift_L
148372039 0 25 87 W
148483122 1 25 87 W
148491544 1 50 0 Shift_L
148577312 0 27 114 r
148678122 1 27 114 r
148685021 0 32 111 o
148787990 1 32 111 o
149023798 0 57 110 n
149179816 0 42 103 g
149192354 1 57 110 n
149318672 1 42 103 g
149943083 0 65 32 space
150081128 1 65 32 space
150239567 0 58 109 m
150330248 1 58 109 m
150383688 0 38 97 a
150497607 1 38 97 a
150504526 0 31 105 i
150644262 0 57 110 n
150657972 1 31 105 i
150755439 1 57 110 n
150798298 0 40 100 d
150903138 1 40 100 d
151065598 0 39 115 s
151165623 1 39 115 s
151211500 0 65 32 space
151320160 1 65 32 space
151447021 0 32 111 o
151506231 1 32 111 o
151536854 0 27 114 r
151651788 1 27 114 r
151658079 0 65 32 space
151742751 1 65 32 space
151850418 0 56 98 b
151910050 1 56 98 b
151945451 0 26 101 e
152026225 1 26 101 e
152104402 0 65 32 space
152210190 1 65 32 space
152410458 0 38 97 a
152475144 0 39 115 s
152514196 1 38 97 a
152595260 1 39 115 s
152726697 0 45 107 k
152816708 1 45 107 k
152855652 0 26 101 e
152998313 1 26 101 e
153003950 0 40 100 d
153084625 0 65 32 space
153112336 1 40 100 d
153155814 1 65 32 space
153309129 0 57 110 n
153396902 1 57 110 n
153502050 0 32 111 o
153588257 1 32 111 o
153731035 0 65 32 space
153793108 1 65 32 space
153901893 0 32 111 o
153975227 1 32 111 o
154090544 0 57 110 n
154155326 1 57 110 n
154407223 0 65 32 space
154491092 1 65 32 space
154628488 0 26 101 e
154756038 1 26 101 e
154953572 0 57 110 n
155040230 1 57 110 n
155133747 0 44 106 j
155213848 1 44 106 j
155352248 0 32 111 o
155452195 1 32 111 o
155684050 0 29 121 y
155770743 1 29 121 y
156308579 0 60 46 period
156400323 1 60 46 period
156572227 0 65 32 space
156673507 1 65 32 space
156720039 0 50 0 Shift_L
156792478 0 43 72 H
156865069 1 43 72 H
156883393 1 50 0 Shift_L
157066630 0 32 111 o
157121451 1 32 111 o
158516961 0 113 0 Left
158568186 1 113 0 Left
158673211 0 113 0 Left
158752524 1 113 0 Left
158847709 0 113 0 Left
159509304 0 113 0 Left
159550327 0 113 0 Left
159591716 0 113 0 Left
159632602 0 113 0 Left
159672589 0 113 0 Left
159712828 0 113 0 Left
159753039 0 113 0 Left
159793140 0 113 0 Left
159833656 0 113 0 Left
159874040 0 113 0 Left
159914346 0 113 0 Left
159954971 0 113 0 Left
159994624 0 113 0 Left
160034564 0 113 0 Left
160075117 0 113 0 Left
160114422 0 113 0 Left
160154907 0 113 0 Left
160196739 0 113 0 Left
160236204 0 113 0 Left
160276970 0 113 0 Left
160314618 0 113 0 Left
160356386 0 113 0 Left
160397390 0 113 0 Left
160437669 0 113 0 Left
160478593 0 113 0 Left
160517929 0 113 0 Left
160558118 0 113 0 Left
160598423 0 113 0 Left
160637271 0 113 0 Left
160678534 0 113 0 Left
160681130 1 113 0 Left
160985395 0 114 0 Right
161115084 1 114 0 Right
161507865 0 22 0 BackSpace
161611296 1 22 0 BackSpace
162264698 0 115 0 End
162406483 1 115 0 End
164746259 0 30 117 u
164841135 1 30 117 u
164869514 0 39 115 s
164970440 1 39 115 s
165054155 0 26 101 e
165166487 1 26 101 e
165310269 0 43 104 h
165403686 1 43 104 h
165551112 0 32 111 o
165616917 1 32 111 o
165734623 0 46 108 l
165819453 1 46 108 l
165840147 0 40 100 d
165956877 1 40 100 d
165992797 0 65 32 space
166100825 1 65 32 space
166184273 0 41 102 f
166277942 1 41 102 f
166374035 0 26 101 e
166453142 1 26 101 e
167022721 0 25 119 w
167107254 1 25 119 w
167236257 0 65 32 space
167339708 1 65 32 space
167436961 0 39 115 s
167534048 0 32 111 o
167546599 1 39 115 s
167653572 0 58 109 m
167678685 1 32 111 o
167761371 1 58 109 m
167775785 0 26 101 e
167873904 1 26 101 e
167963037 0 28 116 t
168053986 1 28 116 t
168066583 0 31 105 i
168176133 1 31 105 i
168232960 0 58 109 m
168349147 1 58 109 m
168368823 0 26 101 e
168455452 1 26 101 e
168546979 0 39 115 s
168580955 0 65 32 space
168656689 1 39 115 s
168688183 1 65 32 space
168794060 0 32 111 o
168895362 1 32 111 o
168990563 0 30 117 u
169069220 1 30 117 u
169085437 0 28 116 t
169184860 1 28 116 t
169322737 0 65 32 space
169431405 1 65 32 space
169437904 0 38 97 a
169542432 1 38 97 a
169647910 0 28 116 t
169707577 1 28 116 t
169915241 0 28 116 t
170016301 1 28 116 t
170135049 0 26 101 e
170207879 0 57 110 n
170228080 1 26 101 e
170320687 1 57 110 n
170386280 0 40 100 d
170480596 1 40 100 d
170504117 0 31 105 i
170594797 0 57 110 n
170615090 1 31 105 i
170709408 1 57 110 n
170764838 0 42 103 g
170870070 1 42 103 g
170898958 0 65 32 space
171019719 1 65 32 space
171076246 0 40 100 d
171185690 0 26 101 e
171243318 1 40 100 d
171262408 1 26 101 e
171376105 0 39 115 s
171453453 1 39 115 s
171529720 0 54 99 c
171622297 1 54 99 c
171737360 0 27 114 r
171815273 0 31 105 i
171833665 1 27 114 r
171908880 1 31 105 i
172032853 0 56 98 b
172133089 1 56 98 b
172164832 0 26 101 e
172353976 0 40 100 d
172382451 1 26 101 e
172493057 1 40 100 d
172657048 0 59 44 comma
172735260 1 59 44 comma
172885874 0 65 32 space
172972471 1 65 32 space
173021648 0 50 0 Shift_L
173139849 0 46 76 L
173148295 0 45 0 
173174981 1 50 0 Shift_L
173184040 1 45 107 k
173193178 1 46 108 l
173457554 0 22 0 BackSpace
173523927 1 22 0 BackSpace
173611292 0 22 0 BackSpace
173680757 1 22 0 BackSpace
173764667 0 22 0 BackSpace
173797198 1 22 0 BackSpace
173889575 0 22 0 BackSpace
173968584 1 22 0 BackSpace
174345260 0 60 46 period
174419853 1 60 46 period
174549086 0 65 32 space
174626579 1 65 32 space
174702825 0 50 0 Shift_L
174729622 0 46 76 L
174803995 1 46 76 L
174831642 1 50 0 Shift_L
174932215 0 38 97 a
174988881 0 31 105 i
175027544 1 38 97 a
175084578 0 57 110 n
175107001 1 31 105 i
175180932 1 57 110 n
175308290 0 65 32 space
175419046 1 65 32 space
175632694 0 44 106 j
175770494 1 44 106 j
175872003 0 30 117 u
175950425 1 30 117 u
175971931 0 39 115 s
176039612 1 39 115 s
176142551 0 28 116 t
176238167 1 28 116 t
176269186 0 65 32 space
176383168 1 65 32 space
176399405 0 41 102 f
176495015 1 41 102 f
176556850 0 38 97 a
176634883 1 38 97 a
176687986 0 54 99 c
176767716 1 54 99 c
176869671 0 28 116 t
176961363 1 28 116 t
176980113 0 65 32 space
177100045 1 65 32 space
177135180 0 41 102 f
177250943 1 41 102 f
177275130 0 32 111 o
177373784 1 32 111 o
177452063 0 30 117 u
177546523 1 30 117 u
177604959 0 27 114 r
177717914 1 27 114 r
177767986 0 65 32 space
177856903 1 65 32 space
177961587 0 32 111 o
178037381 1 32 111 o
178066360 0 41 102 f
178161210 1 41 102 f
178205246 0 65 32 space
178297045 1 65 32 space
178335346 0 38 97 a
178439732 1 38 97 a
178452031 0 58 109 m
178524005 1 58 109 m
178639950 0 65 32 space
178738265 1 65 32 space
178953143 0 58 109 m
179059489 1 58 109 m
179065817 0 26 101 e
179117524 1 26 101 e
179212163 0 26 101 e
179290018 1 26 101 e
179391446 0 28 116 t
179474988 1 28 116 t
179540740 0 65 32 space
179645920 1 65 32 space
179724448 0 43 104 h
179806700 1 43 104 h
179946665 0 31 105 i
180023160 1 31 105 i
180070963 0 42 103 g
180161784 0 43 104 h
180181178 1 42 103 g
180261195 1 43 104 h
180674998 0 60 46 period
180752754 1 60 46 period
181006220 0 36 0 Return
181073980 1 36 0 Return
181626471 0 50 0 Shift_L
182009673 0 43 72 H
182097787 1 43 72 H
182110046 1 50 0 Shift_L
182199257 0 26 101 e
182275863 1 26 101 e
182302789 0 65 32 space
182401200 1 65 32 space
182493722 0 40 100 d
182584037 1 40 100 d
182921218 0 32 111 o
182986520 1 32 111 o
183181506 0 65 32 space
183292569 1 65 32 space
183435697 0 39 115 s
183559147 1 39 115 s
183651136 0 30 117 u
183724000 1 30 117 u
183811943 0 56 98 b
183891733 1 56 98 b
184010787 0 44 106 j
184095090 1 44 106 j
184114848 0 26 101 e
184227091 1 26 101 e
184354835 0 54 99 c
184444942 1 54 99 c
184579558 0 28 116 t
184655594 1 28 116 t
184779917 0 39 115 s
184899275 1 39 115 s
184905653 0 65 32 space
185006235 1 65 32 space
185146216 0 33 112 p
185226403 1 33 112 p
185282721 0 27 114 r
185426489 1 27 114 r
185523087 0 33 112 p
185612477 1 33 112 p
185893836 0 22 0 BackSpace
185961209 1 22 0 BackSpace
185998183 0 26 101 e
186085754 1 26 101 e
186139919 0 33 112 p
186215726 1 33 112 p
186234025 0 38 97 a
186350264 0 27 114 r
186398175 1 38 97 a
186509951 0 26 101 e
186529144 1 27 114 r
186642688 1 26 101 e
186736564 0 40 100 d
186843573 1 40 100 d
186892504 0 65 32 space
186989582 1 65 32 space
187125580 0 56 98 b
187221024 1 56 98 b
187261145 0 38 97 a
187343909 1 38 97 a
187377710 0 54 99 c
187455817 0 43 104 h
187498963 1 54 99 c
187525312 1 43 104 h
187590101 0 26 101 e
187695959 1 26 101 e
187765834 0 46 108 l
187823534 1 46 108 l
187942023 0 32 111 o
188011435 1 32 111 o
188054689 0 27 114 r
188161956 1 27 114 r
188170370 0 65 32 space
188250353 1 65 32 space
188384361 0 44 106 j
188448607 1 44 106 j
188544143 0 30 117 u
188614920 1 30 117 u
188656812 0 55 118 v
188757357 1 55 118 v
188875483 0 26 101 e
188898327 1 26 101 e
188979065 0 57 110 n
189057250 1 57 110 n
189176464 0 31 105 i
189244825 1 31 105 i
189379034 0 46 108 l
189460865 1 46 108 l
189493272 0 26 101 e
189609238 1 26 101 e
189664648 0 65 32 space
189751521 1 65 32 space
190009494 0 29 121 y
190085605 1 29 121 y
190109941 0 26 101 e
190213951 1 26 101 e
190287327 0 65 32 space
190372576 1 65 32 space
190489916 0 32 111 o
190573320 1 32 111 o
190793439 0 43 104 h
190851108 1 43 104 h
191170629 0 60 46 period
191248054 1 60 46 period
191449089 0 65 32 space
191523478 1 65 32 space
191558749 0 50 0 Shift_L
191656370 0 43 72 H
191718192 1 50 0 Shift_L
191726514 1 43 104 h
191810845 0 26 101 e
191913859 1 26 101 e
191944264 0 65 32 space
192033803 1 65 32 space
192052383 0 41 102 f
192156517 1 41 102 f
192192982 0 26 101 e
192266127 1 26 101 e
192357331 0 26 101 e
192467328 1 26 101 e
192693070 0 46 108 l
192758346 1 46 108 l
192882614 0 31 105 i
192964379 0 57 110 n
192987356 1 31 105 i
193033325 0 42 103 g
193087590 1 57 110 n
193124685 1 42 103 g
193288344 0 39 115 s
193378645 1 39 115 s
193457367 0 65 32 space
193557660 1 65 32 space
193632851 0 27 114 r
193707214 0 26 101 e
193790505 1 27 114 r
193848487 1 26 101 e
193856757 0 58 109 m
193935047 1 58 109 m
194029225 0 32 111 o
194107447 0 55 118 v
194118925 1 32 111 o
194221723 1 55 118 v
194296665 0 31 105 i
194371013 0 57 110 n
194397514 1 31 105 i
194485854 0 42 103 g
194497711 1 57 110 n
194598774 1 42 103 g
194645310 0 65 32 space
194714674 1 65 32 space
194826755 0 31 105 i
194917813 0 57 110 n
194946733 1 31 105 i
194994505 0 41 102 f
195011063 1 57 110 n
195107420 1 41 102 f
195149765 0 32 111 o
195217087 1 32 111 o
195224254 0 27 114 r
195316211 1 27 114 r
195362132 0 58 109 m
195449456 1 58 109 m
195515238 0 26 101 e
195655197 1 26 101 e
195715040 0 40 100 d
195826473 1 40 100 d
195857988 0 65 32 space
195935942 1 65 32 space
196082487 0 43 104 h
196148714 1 43 104 h
196235454 0 26 101 e
196279464 1 26 101 e
196387402 0 65 32 space
196484241 1 65 32 space
196528612 0 38 97 a
196585943 0 39 115 s
196656496 1 38 97 a
196721714 0 65 32 space
196733584 1 39 115 s
196832335 1 65 32 space
197040128 0 31 105 i
197137700 1 31 105 i
197235642 0 42 103 g
197335502 1 42 103 g
197391568 0 57 110 n
197473811 1 57 110 n
197570628 0 32 111 o
197652487 1 32 111 o
197699184 0 27 114 r
197811256 1 27 114 r
197885218 0 38 97 a
197986426 1 38 97 a
198066618 0 57 110 n
198168859 1 57 110 n
198207045 0 28 116 t
198289861 1 28 116 t
198353703 0 65 32 space
198445983 1 65 32 space
198525398 0 25 119 w
198594045 1 25 119 w
198687167 0 26 101 e
198775033 1 26 101 e
198782091 0 65 32 space
198835797 1 65 32 space
199000533 0 33 112 p
199072633 0 27 114 r
199084291 1 33 112 p
199171528 0 26 101 e
199212601 1 27 114 r
199261146 1 26 101 e
199306809 0 33 112 p
199364299 1 33 112 p
199424179 0 38 97 a
199537057 1 38 97 a
199597652 0 27 114 r
199692152 0 26 101 e
199753848 1 27 114 r
199825623 1 26 101 e
199893065 0 40 100 d
199983384 1 40 100 d
200024926 0 60 46 period
200116071 1 60 46 period
200316751 0 36 0 Return
200392564 1 36 0 Return
201008339 0 50 0 Shift_L
201373889 0 26 69 E
201431935 1 50 0 Shift_L
201474455 1 26 101 e
201590668 0 55 118 v
201704397 1 55 118 v
201734471 0 26 101 e
201862722 1 26 101 e
202372210 0 57 110 n
202442539 1 57 110 n
202531722 0 31 105 i
202629799 0 57 110 n
202652274 1 31 105 i
202709363 0 42 103 g
202757109 1 57 110 n
202811275 1 42 103 g
202907668 0 65 32 space
203012057 1 65 32 space
203191064 0 40 100 d
203283430 0 32 111 o
203296003 1 40 100 d
203359055 1 32 111 o
203495945 0 65 32 space
203577654 1 65 32 space
203583256 0 41 102 f
203676703 1 41 102 f
203806208 0 32 111 o
203888514 1 32 111 o
203985549 0 27 114 r
204067175 1 27 114 r
204112380 0 58 109 m
204182803 1 58 109 m
204291867 0 31 105 i
204389779 0 57 110 n
204410049 1 31 105 i
204500077 0 42 103 g
204512585 1 57 110 n
204610493 1 42 103 g
204659646 0 65 32 space
204761207 1 65 32 space
204915628 0 32 111 o
204989870 1 32 111 o
205129750 0 56 98 b
205210844 1 56 98 b
205337441 0 39 115 s
205435534 1 39 115 s
205536182 0 26 101 e
205624060 0 27 114 r
205663121 1 26 101 e
205740749 1 27 114 r
205865671 0 55 118 v
205949718 1 55 118 v
206024661 0 26 101 e
206115861 1 26 101 e
206154230 0 65 32 space
206224565 1 65 32 space
206300265 0 39 115 s
206406010 1 39 115 s
206413108 0 33 112 p
206479347 1 33 112 p
206606436 0 31 105 i
206693355 1 31 105 i
206812107 0 27 114 r
206910849 1 27 114 r
206983060 0 31 105 i
207073725 1 31 105 i
207176447 0 28 116 t
207266315 1 28 116 t
207438658 0 39 115 s
207546454 1 39 115 s
207630261 0 65 32 space
207726078 1 65 32 space
207823097 0 31 105 i
207902704 1 31 105 i
207957053 0 39 115 s
208029162 1 39 115 s
208095239 0 65 32 space
208175021 1 65 32 space
208282906 0 31 105 i
208388492 1 31 105 i
208396123 0 57 110 n
208482212 1 57 110 n
208674386 0 60 46 period
208742987 1 60 46 period
208897020 0 65 32 space
208972503 0 50 0 Shift_L
208985038 1 65 32 space
209069885 0 54 67 C
209162918 1 50 0 Shift_L
209167770 0 32 111 o
209205888 1 54 99 c
209238759 1 32 111 o
209425098 0 30 117 u
209546930 1 30 117 u
209552404 0 57 110 n
209660503 0 28 116 t
209672844 1 57 110 n
209735178 1 28 116 t
209820975 0 27 114 r
209946983 1 27 114 r
209969652 0 29 121 y
210081018 1 29 121 y
210204054 0 65 32 space
210315908 1 65 32 space
210582092 0 57 110 n
210643900 1 57 110 n
211050008 0 22 0 BackSpace
211149712 1 22 0 BackSpace
211305064 0 43 104 h
211404761 1 43 104 h
211411574 0 26 101 e
211522916 0 38 97 a
211608364 0 27 114 r
211652317 1 26 101 e
211682644 1 38 97 a
211709850 1 27 114 r
211803940 0 28 116 t
211916057 1 28 116 t
211939058 0 26 101 e
212088108 0 40 100 d
212108770 1 26 101 e
212184597 0 65 32 space
212212869 1 40 100 d
212246546 1 65 32 space
212344719 0 56 98 b
212426624 1 56 98 b
212554298 0 26 101 e
212676194 1 26 101 e
212927940 0 65 32 space
213009173 1 65 32 space
213230904 0 41 102 f
213338601 1 41 102 f
213584653 0 22 0 BackSpace
213640649 1 22 0 BackSpace
213823560 0 32 111 o
213904988 1 32 111 o
213921061 0 41 102 f
214019561 1 41 102 f
214038390 0 65 32 space
214141456 1 65 32 space
214312884 0 44 106 j
214412841 1 44 106 j
214522234 0 30 117 u
214601640 1 30 117 u
214645583 0 39 115 s
214727481 1 39 115 s
214888062 0 28 116 t
215014703 1 28 116 t
215071923 0 31 105 i
215151142 1 31 105 i
215233729 0 54 99 c
215329084 0 26 101 e
215378108 1 54 99 c
215447871 1 26 101 e
215522749 0 65 32 space
215616546 1 65 32 space
215722053 0 39 115 s
215808276 1 39 115 s
215903096 0 26 101 e
215984846 1 26 101 e
216003330 0 57 110 n
216099865 1 57 110 n
216130528 0 40 100 d
216227504 1 40 100 d
216263644 0 31 105 i
216340213 0 57 110 n
216366324 1 31 105 i
216456619 1 57 110 n
216489478 0 42 103 g
216614123 1 42 103 g
216829146 0 60 46 period
216913599 1 60 46 period
217068408 0 65 32 space
217146125 1 65 32 space
217209063 0 50 0 Shift_L
217260188 0 32 79 O
217330046 1 32 79 O
217380998 1 50 0 Shift_L
217442221 0 57 110 n
217514084 1 57 110 n
217624131 0 65 32 space
217711805 1 65 32 space
217844894 0 39 115 s
217960545 1 39 115 s
217970693 0 32 111 o
218044534 1 32 111 o
218172667 0 65 32 space
218255178 1 65 32 space
218321962 0 28 116 t
218411480 0 43 104 h
218425764 1 28 116 t
218440519 1 43 104 h
218531806 0 26 101 e
218625157 1 26 101 e
218740194 0 29 121 y
218862157 1 29 121 y
219174899 0 65 32 space
219290457 1 65 32 space
219405423 0 38 97 a
219485086 0 39 115 s
219549735 1 38 97 a
219602638 1 39 115 s
219608579 0 65 32 space
219712434 1 65 32 space
219771583 0 25 119 w
219872983 1 25 119 w
219904781 0 31 105 i
220010915 1 31 105 i
220085614 0 28 116 t
220175077 0 43 104 h
220201690 1 28 116 t
220271904 1 43 104 h
220409657 0 65 32 space
220488695 0 27 114 r
220510520 1 65 32 space
220605692 1 27 114 r
220641193 0 32 111 o
220712232 1 32 111 o
220803415 0 32 111 o
220904407 0 58 109 m
220915141 1 32 111 o
221015432 1 58 109 m
221136715 0 65 32 space
221228163 1 65 32 space
221264682 0 54 99 c
221336569 0 32 111 o
221385986 1 54 99 c
221405919 1 32 111 o
221527463 0 46 108 l
221597370 1 46 108 l
221629005 0 40 100 d
221718351 1 40 100 d
221799232 0 65 32 space
221924922 1 65 32 space
222344031 0 29 121 y
222432035 1 29 121 y
222441062 0 26 101 e
222549511 1 26 101 e
222676499 0 59 44 comma
222745292 1 59 44 comma
223094284 0 22 0 BackSpace
223198055 1 22 0 BackSpace
223324840 0 60 46 period
223403383 1 60 46 period
223567365 0 36 0 Return
223656726 1 36 0 Return
224316599 0 50 0 Shift_L
224577356 0 56 66 B
224654109 1 56 66 B
224662838 1 50 0 Shift_L
224742951 0 26 101 e
224842672 1 26 101 e
224861815 0 65 32 space
224940328 1 65 32 space
224966113 0 54 99 c
225059653 1 54 99 c
225066221 0 38 97 a
225152259 0 46 108 l
225172380 1 38 97 a
225207051 1 46 108 l
225287295 0 46 108 l
225355103 1 46 108 l
225442722 0 65 32 space
225536591 1 65 32 space
225600857 0 41 102 f
225705282 0 32 111 o
225741416 1 41 102 f
225784445 1 32 111 o
225874585 0 30 117 u
225940402 1 30 117 u
225964132 0 27 114 r
226063831 1 27 114 r
226111946 0 65 32 space
226192052 1 65 32 space
226288462 0 58 109 m
226386470 1 58 109 m
226535714 0 29 121 y
226613681 1 29 121 y
226795621 0 65 32 space
226900624 1 65 32 space
226987893 0 25 119 w
227052860 1 25 119 w
227160104 0 26 101 e
227259939 1 26 101 e
227316038 0 57 110 n
227423089 1 57 110 n
227449557 0 28 116 t
227548699 1 28 116 t
227615645 0 65 32 space
227725018 1 65 32 space
227840193 0 58 109 m
227909516 1 58 109 m
227915565 0 26 101 e
228013906 1 26 101 e
228084656 0 38 97 a
228190536 1 38 97 a
228221830 0 57 110 n
228311961 1 57 110 n
228504357 0 59 44 comma
228574374 1 59 44 comma
228900822 0 22 0 BackSpace
228979127 1 22 0 BackSpace
229105854 0 60 46 period
229187314 1 60 46 period
229334704 0 65 32 space
229391590 0 50 0 Shift_L
229425836 1 65 32 space
229479545 0 54 67 C
229548373 1 50 0 Shift_L
229620766 0 26 101 e
229632528 1 54 99 c
229727473 1 26 101 e
229770727 0 46 108 l
229846304 1 46 108 l
229870992 0 26 101 e
229971029 1 26 101 e
230065477 0 56 98 b
230160584 1 56 98 b
230180895 0 27 114 r
230285508 1 27 114 r
230350529 0 38 97 a
230466074 1 38 97 a
230521537 0 28 116 t
230626428 1 28 116 t
230633724 0 26 101 e
230776198 1 26 101 e
230877467 0 40 100 d
230996890 1 40 100 d
231008792 0 65 32 space
231112392 1 65 32 space
231237892 0 31 105 i
231316662 1 31 105 i
231353270 0 41 102 f
231431678 1 41 102 f
231472347 0 65 32 space
231578255 1 65 32 space
231722218 0 27 114 r
231827663 0 26 101 e
231895111 1 27 114 r
231957044 1 26 101 e
231980232 0 58 109 m
232071192 1 58 109 m
232128156 0 38 97 a
232267270 1 38 97 a
232303722 0 27 114 r
232420586 1 27 114 r
232606842 0 45 107 k
232742089 1 45 107 k
232857365 0 38 97 a
233003191 1 38 97 a
233035067 0 56 98 b
233132250 1 56 98 b
233297699 0 46 108 l
233392960 1 46 108 l
233724717 0 29 121 y
233816412 1 29 121 y
233985092 0 65 32 space
234073212 1 65 32 space
234088869 0 26 101 e
234135210 1 26 101 e
234250908 0 39 115 s
234347444 1 39 115 s
234382588 0 33 112 p
234453584 1 33 112 p
234549309 0 54 99 c
234667152 0 26 101 e
234710114 1 54 99 c
234802454 1 26 101 e
235101503 0 22 0 BackSpace
235156459 1 22 0 BackSpace
235238849 0 22 0 BackSpace
235279925 0 26 101 e
235308177 1 22 0 BackSpace
235387468 1 26 101 e
235393984 0 54 99 c
235515455 1 54 99 c
235542314 0 31 105 i
235627812 1 31 105 i
235705681 0 38 97 a
235810507 1 38 97 a
235834736 0 46 108 l
235903267 1 46 108 l
235989384 0 46 108 l
236083162 1 46 108 l
236268966 0 29 121 y
236380623 1 29 121 y
236535582 0 65 32 space
236626374 1 65 32 space
236650622 0 38 97 a
236742001 0 57 110 n
236766625 1 38 97 a
236818318 1 57 110 n
237022468 0 60 46 period
237123847 1 60 46 period
237292276 0 65 32 space
237382751 1 65 32 space
237435651 0 50 0 Shift_L
237640415 0 42 71 G
237776552 1 50 0 Shift_L
237790023 1 42 103 g
237858784 0 32 111 o
237919645 1 32 111 o
238150936 0 31 105 i
238283292 0 57 110 n
238316138 1 31 105 i
238398805 1 57 110 n
238439326 0 42 103 g
238560052 1 42 103 g
238673401 0 65 32 space
238796926 1 65 32 space
238893664 0 26 101 e
238999267 1 26 101 e
239057270 0 38 97 a
239161694 1 38 97 a
239238427 0 28 116 t
239331344 1 28 116 t
239356284 0 65 32 space
239458659 1 65 32 space
239490754 0 39 115 s
239610422 1 39 115 s
239682176 0 26 101 e
239771063 1 26 101 e
239817574 0 28 116 t
239905747 0 65 32 space
239919007 1 28 116 t
240019475 1 65 32 space
240071085 0 39 115 s
240156224 1 39 115 s
240199942 0 43 104 h
240305866 1 43 104 h
240323981 0 26 101 e
240414931 1 26 101 e
240460334 0 65 32 space
240561101 1 65 32 space
240653319 0 56 98 b
240734946 1 56 98 b
240872589 0 32 111 o
240943635 1 32 111 o
241037268 0 32 111 o
241134758 1 32 111 o
241174232 0 45 107 k
241268234 1 45 107 k
241335112 0 39 115 s
241440159 1 39 115 s
241556729 0 65 32 space
241656644 1 65 32 space
241733241 0 41 102 f
241864650 1 41 102 f
241880815 0 32 111 o
241977372 1 32 111 o
242102328 0 30 117 u
242206828 1 30 117 u
242424108 0 58 109 m
242433373 0 57 110 n
242465642 1 57 110 n
242473596 1 58 109 m
242839557 0 22 0 BackSpace
242891061 1 22 0 BackSpace
242973297 0 22 0 BackSpace
243055844 1 22 0 BackSpace
243319500 0 57 110 n
243401684 1 57 110 n
243432607 0 40 100 d
243540979 1 40 100 d
243563291 0 65 32 space
243642516 1 65 32 space
243763089 0 58 109 m
243843919 1 58 109 m
243847864 0 26 101 e
243930482 1 26 101 e
243984540 0 28 116 t
244098927 1 28 116 t
244105502 0 65 32 space
244197415 1 65 32 space
244236202 0 38 97 a
244384956 0 25 119 w
244402623 1 38 97 a
244484525 1 25 119 w
244595103 0 38 97 a
244742675 1 38 97 a
244804595 0 27 114 r
244913964 0 26 101 e
244955081 1 27 114 r
245025693 1 26 101 e
245092446 0 60 46 period
245170845 1 60 46 period
245367501 0 36 0 Return
10
Throwing consider dwelling bachelor joy her proposal laughter. Raptures returned disposed one entirely her men ham.
By to admire vanity county an mutual as roused. Of an thrown am warmly merely result depart supply.
Required honoured trifling eat pleasure man relation. Assurance yet bed was improving furniture man.
Distrusts delighted she listening mrs extensive admitting far.  Full he none no side. Uncommonly surrounded considered for him are its.
It we is read good soon. My to considered delightful invitation announcing of no decisively boisterous.
Did add dashwoods deficient man concluded additions resources. Or landlord packages overcame distance smallest in recurred.
Wrong minds or be asked no on enjoy. Household few sometimes out attending described. Lain just fact four of am meet high.
He do subjects prepared bachelor juvenile ye oh. He feelings removing informed he as ignorant we prepared.
Evening do forming observe spirits is in. Country hearted be of justice sending. On so they as with room cold ye.
Be call four my went mean. Celebrated if remarkably especially an. Going eat set she books found met aware.
