magnus
2014-09-22 05:32:50.387130
10
Throwing consider dwelling bachelor joy her proposal laughter. Raptures returned disposed one entirely her men ham.
By to admire vanity county an mutual as roused. Of an thrown am warmly merely result depart supply.
Required honoured trifling eat pleasure man relation. Assurance yet bed was improving furniture man.
Distrusts delighted she listening mrs extensive admitting far.  Full he none no side. Uncommonly surrounded considered for him are its.
It we is read good soon. My to considered delightful invitation announcing of no decisively boisterous.
Did add dashwoods deficient man concluded additions resources. Or landlord packages overcame distance smallest in recurred.
Wrong maids or be asked no on enjoy. Household few sometimes out attending described. Lain just fact four of am meet high.
He do subjects prepared bachelor juvenile ye oh. He feelings removing informed he as ignorant we prepared.
Evening do forming observe spirits is in. Country hearted be of justice sending. On so they as with room cold ye.
Be call four my went mean. Celebrated if remarkably especially an. Going eat set she books found met aware.
639467 0 50 0 Shift_L
903210 0 28 84 T
1012639 1 50 0 Shift_L
1067813 1 28 116 t
1073807 0 43 104 h
1252727 1 43 104 h
1282461 0 27 114 r
1422871 1 27 114 r
1640159 0 25 119 w
1767184 1 25 119 w
1829272 0 32 111 o
1952387 1 32 111 o
2314917 0 22 0 BackSpace
2421946 1 22 0 BackSpace
2433374 0 22 0 BackSpace
2562803 1 22 0 BackSpace
2938608 0 32 111 o
3076339 1 32 111 o
3187790 0 25 119 w
3290552 0 31 105 i
3335809 1 25 119 w
3412377 0 57 110 n
3482443 1 31 105 i
3531161 1 57 110 n
3592254 0 42 103 g
3718611 1 42 103 g
3749362 0 65 32 space
3853321 1 65 32 space
4276591 0 54 99 c
4411917 1 54 99 c
4472296 0 31 105 i
4516766 1 31 105 i
5256943 0 22 0 BackSpace
5352713 1 22 0 BackSpace
5497068 0 32 111 o
5599794 1 32 111 o
5718095 0 57 110 n
5828218 1 57 110 n
5927723 0 39 115 s
6013106 0 31 105 i
6049688 1 39 115 s
6164358 1 31 105 i
6170918 0 40 100 d
6294870 0 26 101 e
6311851 1 40 100 d
6440310 0 27 114 r
6503090 1 26 101 e
6578051 1 27 114 r
6596860 0 65 32 space
6739600 1 65 32 space
7101361 0 40 100 d
7110251 0 41 102 f
7183175 1 41 102 f
7193923 1 40 100 d
7695832 0 22 0 BackSpace
7767362 1 22 0 BackSpace
7804948 0 25 119 w
7897168 1 25 119 w
7986805 0 26 101 e
8154311 1 26 101 e
8234389 0 46 108 l
8328801 1 46 108 l
8401968 0 46 108 l
8495599 1 46 108 l
8703832 0 31 105 i
8824551 0 57 110 n
8889077 1 31 105 i
8902784 0 42 103 g
8948009 1 57 110 n
9047081 1 42 103 g
9093148 0 65 32 space
9178464 1 65 32 space
9317845 0 56 98 b
9427519 0 38 97 a
9471204 1 56 98 b
9551558 1 38 97 a
9599791 0 54 99 c
9726658 0 43 104 h
9748294 1 54 99 c
9845802 1 43 104 h
9915296 0 26 101 e
10019850 1 26 101 e
10108025 0 46 108 l
10180937 1 46 108 l
10295194 0 32 111 o
10403270 1 32 111 o
10413818 0 27 114 r
10557321 1 27 114 r
10564999 0 65 32 space
10656254 1 65 32 space
10767384 0 44 106 j
10869988 1 44 106 j
11700678 0 32 111 o
11834801 1 32 111 o
12215354 0 29 121 y
12345441 1 29 121 y
12558093 0 65 32 space
12693410 1 65 32 space
13082938 0 43 104 h
13235148 1 43 104 h
13269043 0 26 101 e
13404051 0 27 114 r
13464758 1 26 101 e
13546772 1 27 114 r
13553237 0 65 32 space
13666744 1 65 32 space
13814201 0 33 112 p
13931480 1 33 112 p
13981496 0 27 114 r
14130751 1 27 114 r
14186813 0 32 111 o
14285766 1 32 111 o
14566274 0 33 112 p
14709500 1 33 112 p
15121628 0 31 105 i
15268932 1 31 105 i
15770372 0 22 0 BackSpace
15927305 1 22 0 BackSpace
16112402 0 32 111 o
16251822 1 32 111 o
16278738 0 39 115 s
16444900 1 39 115 s
16496955 0 38 97 a
16648523 1 38 97 a
16678154 0 46 108 l
16776939 1 46 108 l
17003152 0 65 32 space
17102178 1 65 32 space
17252631 0 46 108 l
17334797 1 46 108 l
17365210 0 38 97 a
17537084 1 38 97 a
17778616 0 30 117 u
17925317 1 30 117 u
18300143 0 42 103 g
18443870 1 42 103 g
18499005 0 43 104 h
18645192 0 28 116 t
18665023 1 43 104 h
18782566 1 28 116 t
18878812 0 26 101 e
19010714 0 27 114 r
19087448 1 26 101 e
19159809 1 27 114 r
19222128 0 60 46 period
19370882 1 60 46 period
19621259 0 65 32 space
19765598 1 65 32 space
19805489 0 50 0 Shift_L
19925982 0 27 82 R
20043646 1 27 82 R
20063775 1 50 0 Shift_L
20223637 0 38 97 a
20381570 1 38 97 a
20586673 0 28 116 t
20695793 1 28 116 t
21048159 0 22 0 BackSpace
21091717 1 22 0 BackSpace
21403034 0 33 112 p
21502878 1 33 112 p
21664853 0 28 116 t
21783837 1 28 116 t
21854091 0 30 117 u
22014386 1 30 117 u
22131847 0 27 114 r
22289134 0 26 101 e
22329139 1 27 114 r
22422879 1 26 101 e
22935696 0 39 115 s
23061216 1 39 115 s
23385027 0 65 32 space
23522467 1 65 32 space
23707161 0 27 114 r
23797550 0 26 101 e
23891214 1 27 114 r
23925686 1 26 101 e
24012953 0 28 116 t
24109024 1 28 116 t
24301332 0 27 114 r
24421002 1 27 114 r
24658882 0 22 0 BackSpace
24776483 1 22 0 BackSpace
25065513 0 30 117 u
25180061 1 30 117 u
25280169 0 27 114 r
25420509 1 27 114 r
25473704 0 57 110 n
25589472 1 57 110 n
25775441 0 26 101 e
25940825 1 26 101 e
26050213 0 40 100 d
26150054 1 40 100 d
26340266 0 65 32 space
26514708 1 65 32 space
26669235 0 40 100 d
26782476 1 40 100 d
26878734 0 31 105 i
27005726 1 31 105 i
27114454 0 39 115 s
27199283 1 39 115 s
27263121 0 33 112 p
27364195 1 33 112 p
27692159 0 31 105 i
27853333 1 31 105 i
28303386 0 22 0 BackSpace
28404247 1 22 0 BackSpace
28880874 0 30 117 u
29007812 1 30 117 u
29598756 0 22 0 BackSpace
29710624 1 22 0 BackSpace
29920056 0 32 111 o
29983391 1 32 111 o
30163036 0 39 115 s
30331639 1 39 115 s
30450854 0 26 101 e
30585960 1 26 101 e
30657659 0 40 100 d
30788452 1 40 100 d
30857678 0 65 32 space
30969805 1 65 32 space
31101137 0 32 111 o
31209139 1 32 111 o
31315605 0 57 110 n
31423765 1 57 110 n
31483601 0 26 101 e
31659068 1 26 101 e
31665766 0 65 32 space
31783150 1 65 32 space
31980659 0 26 101 e
32159382 0 57 110 n
32177112 1 26 101 e
32285429 1 57 110 n
32383454 0 28 116 t
32507485 1 28 116 t
32520143 0 31 105 i
32617467 1 31 105 i
32692130 0 27 114 r
32769993 0 26 101 e
32807545 1 27 114 r
32922368 1 26 101 e
33008098 0 46 108 l
33108205 1 46 108 l
33445267 0 29 121 y
33524428 1 29 121 y
33760716 0 65 32 space
33860501 1 65 32 space
33952077 0 43 104 h
34098045 1 43 104 h
34104968 0 26 101 e
34235716 0 27 114 r
34316960 1 26 101 e
34348428 0 65 32 space
34390620 1 27 114 r
34429385 1 65 32 space
34555273 0 58 109 m
34612775 1 58 109 m
34635317 0 26 101 e
34792221 0 57 110 n
34819294 1 26 101 e
34859005 1 57 110 n
35031928 0 65 32 space
35111706 1 65 32 space
35286123 0 43 104 h
35405099 1 43 104 h
35443858 0 38 97 a
35600624 1 38 97 a
35662821 0 59 44 comma
35795950 1 59 44 comma
36314492 0 22 0 BackSpace
36452625 1 22 0 BackSpace
36662283 0 58 109 m
36786419 1 58 109 m
37993493 0 60 46 period
38140571 1 60 46 period
39762369 0 36 0 Return
39922817 1 36 0 Return
40609965 0 50 0 Shift_L
41007223 0 56 66 B
41158605 1 56 66 B
41169038 1 50 0 Shift_L
41355828 0 29 121 y
41487044 1 29 121 y
41647796 0 65 32 space
41750656 1 65 32 space
41772764 0 28 116 t
41907109 1 28 116 t
42712814 0 32 111 o
42786533 1 32 111 o
42942479 0 65 32 space
43061627 0 38 97 a
43073863 1 65 32 space
43217109 1 38 97 a
43230148 0 40 100 d
43354128 1 40 100 d
43361163 0 58 109 m
43439837 1 58 109 m
44524694 0 31 105 i
44665770 1 31 105 i
44702726 0 27 114 r
44803473 0 26 101 e
44881895 1 27 114 r
44939059 1 26 101 e
45078412 0 65 32 space
45165115 1 65 32 space
45402359 0 55 118 v
45480255 1 55 118 v
45657899 0 38 97 a
45812070 1 38 97 a
45821252 0 57 110 n
45938692 1 57 110 n
46104779 0 31 105 i
46208774 1 31 105 i
46281899 0 28 116 t
46398257 1 28 116 t
46643378 0 29 121 y
46823880 1 29 121 y
47130449 0 65 32 space
47276754 1 65 32 space
47536925 0 54 99 c
47693033 0 32 111 o
47718750 1 54 99 c
47806844 1 32 111 o
48045564 0 30 117 u
48166531 1 30 117 u
48327187 0 57 110 n
48500384 0 28 116 t
48521844 1 57 110 n
48617013 1 28 116 t
48907087 0 29 121 y
49102682 1 29 121 y
49460647 0 65 32 space
49607558 1 65 32 space
49738991 0 38 97 a
49873062 0 57 110 n
49894760 1 38 97 a
49975769 1 57 110 n
50095898 0 65 32 space
50228710 1 65 32 space
50373122 0 58 109 m
50480428 1 58 109 m
50720894 0 30 117 u
50901397 1 30 117 u
50937833 0 28 116 t
51037007 1 28 116 t
51152439 0 30 117 u
51295970 1 30 117 u
51615462 0 38 97 a
51754208 0 46 108 l
51765952 1 38 97 a
51891635 1 46 108 l
52242812 0 65 32 space
52377993 1 65 32 space
52522176 0 38 97 a
52649242 0 39 115 s
52678783 1 38 97 a
52779427 1 39 115 s
52809252 0 65 32 space
52942837 1 65 32 space
52996719 0 27 114 r
53095635 1 27 114 r
53145401 0 32 111 o
53255173 1 32 111 o
53356664 0 30 117 u
53495315 1 30 117 u
53583136 0 39 115 s
53690212 1 39 115 s
53769180 0 26 101 e
53946557 0 40 100 d
53958243 1 26 101 e
54094056 1 40 100 d
54227578 0 60 46 period
54391114 1 60 46 period
54667669 0 65 32 space
54789768 1 65 32 space
54847023 0 50 0 Shift_L
55002349 0 32 79 O
55138210 1 32 79 O
55159422 1 50 0 Shift_L
55286219 0 41 102 f
55419599 1 41 102 f
55557139 0 65 32 space
55661154 1 65 32 space
55667409 0 38 97 a
55802545 0 57 110 n
55846713 1 38 97 a
55931999 1 57 110 n
56040132 0 65 32 space
56153184 0 28 116 t
56165011 1 65 32 space
56294959 1 28 116 t
56353023 0 43 104 h
56489543 1 43 104 h
56541476 0 27 114 r
56633125 1 27 114 r
56753904 0 32 111 o
56874192 1 32 111 o
56960201 0 25 119 w
57048141 1 25 119 w
57389170 0 57 110 n
57501386 1 57 110 n
57731642 0 65 32 space
57793899 1 65 32 space
58053311 0 38 97 a
58150219 1 38 97 a
58200013 0 58 109 m
58277127 1 58 109 m
58426970 0 65 32 space
58557774 1 65 32 space
59013879 0 25 119 w
59150085 1 25 119 w
59250751 0 38 97 a
59343697 1 38 97 a
59429272 0 27 114 r
59557150 1 27 114 r
59563807 0 58 109 m
59684191 1 58 109 m
59779606 0 46 108 l
59885788 1 46 108 l
60098977 0 29 121 y
60235230 1 29 121 y
60463504 0 65 32 space
60596546 1 65 32 space
60931238 0 58 109 m
61066494 1 58 109 m
61072566 0 26 101 e
61172793 0 27 114 r
61232847 1 26 101 e
61302725 1 27 114 r
61435435 0 26 101 e
61532464 1 26 101 e
61641869 0 46 108 l
61777012 1 46 108 l
62109691 0 29 121 y
62244708 1 29 121 y
62467452 0 65 32 space
62625907 1 65 32 space
62635069 0 27 114 r
62703429 0 26 101 e
62793157 1 27 114 r
62806210 1 26 101 e
62936113 0 39 115 s
63067635 1 39 115 s
63094047 0 30 117 u
63214345 1 30 117 u
63399439 0 46 108 l
63482964 0 28 116 t
63502545 1 46 108 l
63601573 1 28 116 t
63666759 0 65 32 space
63779998 1 65 32 space
63832666 0 40 100 d
63920720 0 26 101 e
63994138 1 40 100 d
64118242 1 26 101 e
64132618 0 33 112 p
64258952 1 33 112 p
64309502 0 38 97 a
64433122 0 27 114 r
64455576 1 38 97 a
64551837 1 27 114 r
64616980 0 28 116 t
64769703 1 28 116 t
64848543 0 60 46 period
64979065 1 60 46 period
65190113 0 39 115 s
65357526 1 39 115 s
65652655 0 22 0 BackSpace
65699170 1 22 0 BackSpace
65798381 0 22 0 BackSpace
65868973 1 22 0 BackSpace
65916855 0 65 32 space
66037716 1 65 32 space
66064373 0 39 115 s
66204881 1 39 115 s
66265666 0 30 117 u
66359251 1 30 117 u
66579206 0 33 112 p
66628376 1 33 112 p
66708698 0 33 112 p
66782511 1 33 112 p
66956473 0 46 108 l
67095562 1 46 108 l
67376233 0 29 121 y
67531499 1 29 121 y
67893650 0 60 46 period
68018524 1 60 46 period
68202382 0 36 0 Return
68346815 1 36 0 Return
68939243 0 50 0 Shift_L
69403539 0 27 82 R
69482376 1 50 0 Shift_L
69544868 0 26 101 e
69634679 1 27 114 r
69664055 1 26 101 e
70346684 0 24 113 q
70524126 1 24 113 q
70685930 0 30 117 u
70797070 1 30 117 u
70932358 0 31 105 i
71023101 1 31 105 i
71042793 0 27 114 r
71130947 0 26 101 e
71189049 1 27 114 r
71279409 1 26 101 e
71360708 0 40 100 d
71453921 0 65 32 space
71479495 1 40 100 d
71588695 1 65 32 space
71676710 0 43 104 h
71781248 1 43 104 h
71996080 0 32 111 o
72061906 1 32 111 o
72296383 0 57 110 n
72412322 1 57 110 n
72558071 0 32 111 o
72688217 1 32 111 o
72834623 0 30 117 u
72956119 1 30 117 u
73055082 0 27 114 r
73219348 0 26 101 e
73238110 1 27 114 r
73350976 1 26 101 e
73443708 0 40 100 d
73555412 1 40 100 d
73706649 0 65 32 space
73851702 1 65 32 space
74106205 0 28 116 t
74231110 1 28 116 t
74324158 0 27 114 r
74431527 1 27 114 r
74486156 0 31 105 i
74581064 1 31 105 i
74613954 0 41 102 f
74752294 1 41 102 f
74826362 0 46 108 l
74954979 1 46 108 l
75408751 0 30 117 u
75497295 1 30 117 u
75941464 0 22 0 BackSpace
76038421 1 22 0 BackSpace
76215912 0 31 105 i
76377810 0 57 110 n
76440213 1 31 105 i
76527255 0 42 103 g
76539480 1 57 110 n
76673647 1 42 103 g
76864059 0 65 32 space
77016807 1 65 32 space
78457681 0 26 101 e
78574625 0 38 97 a
78627734 1 26 101 e
78713825 1 38 97 a
78840018 0 28 116 t
78974387 1 28 116 t
79073731 0 65 32 space
79189858 1 65 32 space
79350753 0 33 112 p
79455071 1 33 112 p
79575064 0 46 108 l
79652126 0 26 101 e
79683670 1 46 108 l
79769485 1 26 101 e
79893401 0 38 97 a
79963838 0 39 115 s
80015211 1 38 97 a
80113795 1 39 115 s
80304390 0 30 117 u
80444468 0 27 114 r
80461796 1 30 117 u
80545501 0 26 101 e
80608754 1 27 114 r
80724568 1 26 101 e
81068768 0 65 32 space
81169962 1 65 32 space
81406683 0 38 97 a
81488732 1 38 97 a
81777718 0 22 0 BackSpace
81889845 1 22 0 BackSpace
82066256 0 58 109 m
82165335 1 58 109 m
82248468 0 38 97 a
82430939 1 38 97 a
82451785 0 57 110 n
82557711 1 57 110 n
82684468 0 65 32 space
82831669 1 65 32 space
83085226 0 27 114 r
83169292 0 26 101 e
83263925 1 27 114 r
83329644 1 26 101 e
83416475 0 46 108 l
83565205 1 46 108 l
83572901 0 38 97 a
83659736 1 38 97 a
83794391 0 28 116 t
83900571 0 31 105 i
83922995 1 28 116 t
84009374 1 31 105 i
84099864 0 32 111 o
84193453 1 32 111 o
84357279 0 57 110 n
84400192 1 57 110 n
84769299 0 60 46 period
84897461 1 60 46 period
85102277 0 65 32 space
85245824 1 65 32 space
85344895 0 50 0 Shift_L
85440406 0 38 65 A
85491228 1 50 0 Shift_L
85578315 1 38 97 a
85643480 0 39 115 s
85727606 1 39 115 s
85801038 0 39 115 s
85955075 1 39 115 s
86291582 0 30 117 u
86439140 1 30 117 u
86522295 0 27 114 r
86591087 1 27 114 r
86813631 0 38 97 a
86953306 1 38 97 a
86982873 0 57 110 n
87105476 1 57 110 n
87230823 0 40 100 d
87429587 1 40 100 d
87790059 0 22 0 BackSpace
87856206 0 54 99 c
87885514 1 22 0 BackSpace
87977905 0 26 101 e
88022944 1 54 99 c
88141134 1 26 101 e
88225418 0 65 32 space
88360585 1 65 32 space
89488360 0 29 121 y
89640053 1 29 121 y
89759184 0 26 101 e
89959932 1 26 101 e
90107665 0 28 116 t
90253182 1 28 116 t
90548596 0 65 32 space
90721865 1 65 32 space
91186308 0 56 98 b
91196298 0 65 32 space
91226182 1 65 32 space
91325624 1 56 98 b
91343512 0 26 101 e
91509498 0 40 100 d
91521680 1 26 101 e
91681320 1 40 100 d
92419532 0 22 0 BackSpace
92455886 1 22 0 BackSpace
92501927 0 22 0 BackSpace
92593693 1 22 0 BackSpace
93014118 0 22 0 BackSpace
93133904 1 22 0 BackSpace
93248122 0 26 101 e
93379744 0 40 100 d
93471023 1 26 101 e
93571080 1 40 100 d
93653777 0 65 32 space
93772663 1 65 32 space
93853201 0 25 119 w
93967128 1 25 119 w
94036513 0 38 97 a
94131320 0 39 115 s
94221108 1 38 97 a
94288897 0 65 32 space
94300009 1 39 115 s
94413774 1 65 32 space
94925660 0 31 105 i
95080102 1 31 105 i
95191611 0 58 109 m
95262922 1 58 109 m
95422529 0 33 112 p
95553655 1 33 112 p
96272016 0 22 0 BackSpace
96398478 1 22 0 BackSpace
98465132 0 22 0 BackSpace
98606042 1 22 0 BackSpace
98947964 0 115 0 End
99099681 1 115 0 End
100522652 0 58 109 m
100633116 1 58 109 m
100878815 0 33 112 p
100993762 1 33 112 p
101071213 0 27 114 r
101201330 1 27 114 r
101243323 0 32 111 o
101411132 1 32 111 o
101537291 0 55 118 v
101666643 1 55 118 v
101673219 0 31 105 i
101774068 0 57 110 n
101837574 1 31 105 i
101880636 0 42 103 g
101905747 1 57 110 n
102051371 1 42 103 g
102510623 0 65 32 space
102642749 1 65 32 space
102859493 0 41 102 f
103012990 1 41 102 f
103075171 0 30 117 u
103201552 1 30 117 u
103307874 0 27 114 r
103459513 1 27 114 r
103553776 0 57 110 n
103652673 1 57 110 n
103936296 0 28 116 t
104019539 1 28 116 t
104386774 0 22 0 BackSpace
104510925 1 22 0 BackSpace
105332039 0 31 105 i
105460126 1 31 105 i
105490993 0 28 116 t
105633302 1 28 116 t
105719562 0 30 117 u
105840370 0 27 114 r
105852277 1 30 117 u
105966088 0 26 101 e
106030433 1 27 114 r
106136459 1 26 101 e
106216170 0 65 32 space
106339066 1 65 32 space
106594537 0 58 109 m
106679424 1 58 109 m
106744389 0 38 97 a
106821938 0 57 110 n
106874174 1 38 97 a
106944300 1 57 110 n
107162390 0 60 46 period
107307189 1 60 46 period
107460377 0 36 0 Return
107584838 1 36 0 Return
108783883 0 50 0 Shift_L
108970392 0 40 68 D
109105762 1 40 68 D
109119690 1 50 0 Shift_L
109220185 0 31 105 i
109370736 1 31 105 i
109441859 0 39 115 s
109553084 1 39 115 s
109698791 0 28 116 t
109811836 1 28 116 t
109927466 0 27 114 r
110050286 1 27 114 r
111106568 0 30 117 u
111286109 1 30 117 u
111398548 0 39 115 s
111544773 1 39 115 s
111686458 0 28 116 t
111795592 1 28 116 t
111967564 0 39 115 s
112099486 1 39 115 s
112361826 0 65 32 space
112528599 1 65 32 space
114861015 0 40 100 d
114986045 0 26 101 e
115046042 1 40 100 d
115143099 1 26 101 e
115420337 0 46 108 l
115545647 1 46 108 l
115688535 0 31 105 i
115831828 1 31 105 i
115854617 0 42 103 g
115997591 0 43 104 h
116012617 1 42 103 g
116153397 1 43 104 h
116168630 0 28 116 t
116320471 1 28 116 t
116380144 0 26 101 e
116585966 1 26 101 e
116759797 0 40 100 d
116906321 1 40 100 d
116953627 0 65 32 space
117066666 1 65 32 space
117272804 0 39 115 s
117395611 1 39 115 s
117401991 0 43 104 h
117506359 1 43 104 h
117548191 0 26 101 e
117684840 1 26 101 e
117692510 0 65 32 space
117801571 1 65 32 space
117919039 0 46 108 l
117994776 1 46 108 l
118118163 0 31 105 i
118264568 1 31 105 i
118286478 0 39 115 s
118384479 1 39 115 s
118521047 0 28 116 t
118596445 0 26 101 e
118661515 1 28 116 t
118729611 0 57 110 n
118755453 1 26 101 e
118838961 1 57 110 n
118938063 0 31 105 i
119031803 0 57 110 n
119089830 1 31 105 i
119156649 0 42 103 g
119174547 1 57 110 n
119302946 1 42 103 g
119326360 0 65 32 space
119410218 1 65 32 space
119518248 0 58 109 m
119615398 0 27 114 r
119637730 1 58 109 m
119715960 1 27 114 r
119892937 0 39 115 s
120010895 1 39 115 s
120017693 0 65 32 space
120164841 1 65 32 space
120198621 0 26 101 e
120318962 1 26 101 e
120475878 0 53 120 x
120570888 1 53 120 x
120713142 0 28 116 t
120805590 0 26 101 e
120817222 1 28 116 t
120962418 0 57 110 n
120974116 1 26 101 e
121094489 1 57 110 n
121135669 0 39 115 s
121250655 1 39 115 s
121279613 0 31 105 i
121386435 1 31 105 i
121467765 0 55 118 v
121578022 1 55 118 v
121646894 0 26 101 e
121792264 1 26 101 e
121846385 0 65 32 space
122019803 1 65 32 space
122572401 0 38 97 a
122676199 0 40 100 d
122702266 1 38 97 a
122820128 1 40 100 d
122835377 0 58 109 m
122926195 1 58 109 m
123023422 0 31 105 i
123156052 1 31 105 i
123237154 0 28 116 t
123328323 1 28 116 t
123419228 0 28 116 t
123548083 1 28 116 t
123564732 0 31 105 i
123642286 0 57 110 n
123730868 1 31 105 i
123762048 0 42 103 g
123782209 1 57 110 n
123918343 1 42 103 g
124007828 0 65 32 space
124176374 1 65 32 space
124378244 0 41 102 f
124511394 1 41 102 f
124611466 0 38 97 a
124744808 0 27 114 r
124766561 1 38 97 a
124884996 1 27 114 r
124974463 0 60 46 period
125116686 1 60 46 period
125395406 0 65 32 space
125529588 1 65 32 space
125795107 0 41 102 f
125954524 1 41 102 f
126337402 0 22 0 BackSpace
126444723 0 50 0 Shift_L
126459217 1 22 0 BackSpace
126542035 0 41 70 F
126630794 1 50 0 Shift_L
126701253 1 41 102 f
126743965 0 30 117 u
126844142 1 30 117 u
127132391 0 22 0 BackSpace
127225035 1 22 0 BackSpace
127303352 0 22 0 BackSpace
127420361 1 22 0 BackSpace
127685496 0 65 32 space
127817908 1 65 32 space
128070330 0 50 0 Shift_L
128173742 0 41 70 F
128232225 1 50 0 Shift_L
128319912 1 41 102 f
128484185 0 30 117 u
128547837 1 30 117 u
128819408 0 46 108 l
128914387 1 46 108 l
128936372 0 46 108 l
129057302 1 46 108 l
129433889 0 65 32 space
129586177 1 65 32 space
129705379 0 56 98 b
129829630 1 56 98 b
129927008 0 26 101 e
130039282 1 26 101 e
130115380 0 65 32 space
130211229 1 65 32 space
130515178 0 57 110 n
130589689 1 57 110 n
130629846 0 50 0 Shift_L
130790189 1 50 0 Shift_L
130967710 0 22 0 BackSpace
131070078 1 22 0 BackSpace
131328244 0 57 110 n
131380127 1 57 110 n
131575031 0 32 111 o
131631351 1 32 111 o
131810966 0 57 110 n
131925418 1 57 110 n
131943142 0 26 101 e
132072929 1 26 101 e
132159177 0 65 32 space
132220758 1 65 32 space
132321055 0 57 110 n
132408268 1 57 110 n
132544305 0 32 111 o
132660793 1 32 111 o
132791619 0 65 32 space
132893459 1 65 32 space
132991065 0 39 115 s
133062307 0 31 105 i
133117652 1 39 115 s
133163386 1 31 105 i
133254295 0 40 100 d
133366420 0 26 101 e
133395615 1 40 100 d
133545025 0 60 46 period
133564622 1 26 101 e
133659140 1 60 46 period
133822955 0 65 32 space
133941215 1 65 32 space
134007769 0 50 0 Shift_L
134166239 0 30 85 U
134271584 1 30 85 U
134288227 1 50 0 Shift_L
134360462 0 57 110 n
134481562 1 57 110 n
134587470 0 54 99 c
134703841 0 32 111 o
134747858 1 54 99 c
134785509 1 32 111 o
134874056 0 58 109 m
134951880 1 58 109 m
135033037 0 58 109 m
135107711 1 58 109 m
135190903 0 32 111 o
135300055 1 32 111 o
135383266 0 57 110 n
135478245 1 57 110 n
135616160 0 46 108 l
135708978 1 46 108 l
135944209 0 30 117 u
135953857 0 29 121 y
136004471 1 30 117 u
136013412 1 29 121 y
136436593 0 22 0 BackSpace
136496101 1 22 0 BackSpace
136571230 0 22 0 BackSpace
136649303 1 22 0 BackSpace
137092042 0 29 121 y
137261119 1 29 121 y
137573039 0 65 32 space
137725270 1 65 32 space
138477294 0 39 115 s
138607579 1 39 115 s
138702758 0 30 117 u
138856070 1 30 117 u
138867724 0 27 114 r
138959970 1 27 114 r
139071314 0 27 114 r
139185000 1 27 114 r
139245511 0 32 111 o
139364983 1 32 111 o
139541071 0 30 117 u
139703546 1 30 117 u
139728998 0 57 110 n
139878580 1 57 110 n
139955637 0 40 100 d
140039235 0 26 101 e
140066334 1 40 100 d
140231528 0 40 100 d
140275803 1 26 101 e
140355915 1 40 100 d
140461500 0 65 32 space
140589337 1 65 32 space
141156659 0 54 99 c
141270583 0 32 111 o
141319340 1 54 99 c
141330388 1 32 111 o
141490237 0 57 110 n
141608709 1 57 110 n
141925968 0 39 115 s
142041858 1 39 115 s
142048308 0 31 105 i
142158507 1 31 105 i
142218898 0 40 100 d
142329540 0 26 101 e
142359232 1 40 100 d
142515014 1 26 101 e
142521685 0 27 114 r
142657466 0 26 101 e
142711576 1 27 114 r
142818769 1 26 101 e
143182944 0 40 100 d
143323451 1 40 100 d
143478567 0 65 32 space
143572381 1 65 32 space
143623185 0 41 102 f
143767426 1 41 102 f
143843814 0 32 111 o
143933624 1 32 111 o
143977645 0 27 114 r
144126481 1 27 114 r
144145901 0 65 32 space
144251998 1 65 32 space
144460205 0 43 104 h
144564730 1 43 104 h
145647503 0 31 105 i
145793801 1 31 105 i
145913452 0 58 109 m
145984361 1 58 109 m
146125069 0 65 32 space
146240478 1 65 32 space
146324813 0 38 97 a
146470504 1 38 97 a
146502385 0 27 114 r
146620438 0 26 101 e
146692626 1 27 114 r
146766688 1 26 101 e
146772397 0 65 32 space
146867277 1 65 32 space
147023015 0 31 105 i
147197492 1 31 105 i
147220898 0 28 116 t
147346804 1 28 116 t
147520558 0 39 115 s
147652857 1 39 115 s
147760385 0 60 46 period
147898150 1 60 46 period
148097323 0 36 0 Return
148242813 1 36 0 Return
148863639 0 50 0 Shift_L
149304542 0 31 73 I
149399274 1 31 73 I
149424031 1 50 0 Shift_L
149570939 0 28 116 t
149674033 1 28 116 t
149747273 0 65 32 space
149863005 0 25 119 w
149874973 1 65 32 space
149976075 1 25 119 w
150066287 0 26 101 e
150165040 0 65 32 space
150176887 1 26 101 e
150271595 1 65 32 space
150416970 0 31 105 i
150543347 1 31 105 i
150629693 0 39 115 s
150728893 1 39 115 s
150843108 0 65 32 space
150936163 0 27 114 r
150954044 1 65 32 space
151029627 0 26 101 e
151102886 1 27 114 r
151212663 0 38 97 a
151257732 1 26 101 e
151350686 0 40 100 d
151381240 1 38 97 a
151448116 0 65 32 space
151491530 1 40 100 d
151599612 1 65 32 space
151725426 0 42 103 g
151819030 0 32 111 o
151830864 1 42 103 g
151899100 1 32 111 o
151984123 0 32 111 o
152092071 1 32 111 o
152164118 0 40 100 d
152277110 1 40 100 d
152284061 0 65 32 space
152430538 1 65 32 space
152646840 0 39 115 s
152754902 0 32 111 o
152783882 1 39 115 s
152839419 1 32 111 o
152924941 0 32 111 o
153034456 1 32 111 o
153245123 0 57 110 n
153401871 1 57 110 n
153746189 0 60 46 period
153911598 1 60 46 period
154209357 0 65 32 space
154276166 1 65 32 space
154490067 0 50 0 Shift_L
154626319 0 58 77 M
154768968 1 58 77 M
154783432 1 50 0 Shift_L
155032400 0 29 121 y
155159531 1 29 121 y
155301137 0 65 32 space
155444394 1 65 32 space
155465510 0 28 116 t
155587527 1 28 116 t
155650705 0 32 111 o
155714398 1 32 111 o
155983172 0 65 32 space
156083996 1 65 32 space
156183312 0 54 99 c
156300144 0 32 111 o
156331092 1 54 99 c
156408221 1 32 111 o
156518676 0 57 110 n
156633842 1 57 110 n
158080628 0 39 115 s
158227832 0 31 105 i
158245864 1 39 115 s
158364925 1 31 105 i
158437030 0 40 100 d
158618179 0 26 101 e
158630298 1 40 100 d
158752471 0 27 114 r
158811621 1 26 101 e
158901462 0 26 101 e
158944706 1 27 114 r
159042469 0 27 114 r
159100585 1 26 101 e
159139419 1 27 114 r
159626867 0 22 0 BackSpace
159688806 0 40 100 d
159730279 1 22 0 BackSpace
159821154 1 40 100 d
159994164 0 65 32 space
160105145 1 65 32 space
160290924 0 40 100 d
160398271 0 26 101 e
160470024 1 40 100 d
160567027 1 26 101 e
160618482 0 46 108 l
160709379 1 46 108 l
160920609 0 31 105 i
161046667 1 31 105 i
161149244 0 42 103 g
161312609 1 42 103 g
161362635 0 43 104 h
161438516 1 43 104 h
161518754 0 28 116 t
161635090 1 28 116 t
161928612 0 41 102 f
162095080 1 41 102 f
162144268 0 30 117 u
162282568 1 30 117 u
162493449 0 46 108 l
162612475 1 46 108 l
162744544 0 65 32 space
162802075 1 65 32 space
162947969 0 31 105 i
163055976 0 57 110 n
163104838 1 31 105 i
163210086 1 57 110 n
163244518 0 55 118 v
163390315 1 55 118 v
163426332 0 31 105 i
163523302 1 31 105 i
163588513 0 28 116 t
163693729 1 28 116 t
163789547 0 38 97 a
163892324 1 38 97 a
164005317 0 28 116 t
164067526 0 31 105 i
164123540 1 28 116 t
164153724 1 31 105 i
164269138 0 32 111 o
164359093 1 32 111 o
164680265 0 57 110 n
164822254 1 57 110 n
165145350 0 65 32 space
165283678 1 65 32 space
165411075 0 38 97 a
165557491 1 38 97 a
165676115 0 57 110 n
165760045 1 57 110 n
165856441 0 57 110 n
165951475 1 57 110 n
166114368 0 32 111 o
166206126 1 32 111 o
166443610 0 30 117 u
166563045 1 30 117 u
166725604 0 57 110 n
166860776 1 57 110 n
167019831 0 54 99 c
167139688 1 54 99 c
167170766 0 31 105 i
167233084 0 57 110 n
167331751 1 31 105 i
167402516 1 57 110 n
167450496 0 42 103 g
167600078 1 42 103 g
167736608 0 65 32 space
167844603 1 65 32 space
168064953 0 32 111 o
168179036 1 32 111 o
168219740 0 41 102 f
168340976 1 41 102 f
168352783 0 65 32 space
168464856 1 65 32 space
168905591 0 57 110 n
168988482 1 57 110 n
169159129 0 32 111 o
169244238 1 32 111 o
169387999 0 65 32 space
169508210 1 65 32 space
169526792 0 40 100 d
169649690 0 26 101 e
169683009 1 40 100 d
169781301 1 26 101 e
169866122 0 54 99 c
169986464 1 54 99 c
170008259 0 31 105 i
170128383 1 31 105 i
170184428 0 39 115 s
170290815 1 39 115 s
170371851 0 31 105 i
170471826 1 31 105 i
170551382 0 55 118 v
170684427 1 55 118 v
170745878 0 26 101 e
170871748 1 26 101 e
170923904 0 46 108 l
171025921 1 46 108 l
171309991 0 29 121 y
171463089 1 29 121 y
171712665 0 65 32 space
171857777 1 65 32 space
172398628 0 56 98 b
172550189 1 56 98 b
173226992 0 32 111 o
173402352 1 32 111 o
173586088 0 31 105 i
173721670 1 31 105 i
173855255 0 39 115 s
173992570 1 39 115 s
174273028 0 28 116 t
174438509 1 28 116 t
174763583 0 32 111 o
174896839 1 32 111 o
176141603 0 22 0 BackSpace
176264852 1 22 0 BackSpace
176271982 0 26 101 e
176459902 1 26 101 e
176466449 0 27 114 r
176589775 1 27 114 r
176696257 0 32 111 o
176840400 1 32 111 o
177156560 0 30 117 u
177325367 1 30 117 u
177503955 0 39 115 s
177647290 1 39 115 s
177882626 0 60 46 period
177983469 1 60 46 period
178267930 0 36 0 Return
178390146 1 36 0 Return
180407090 0 50 0 Shift_L
180591298 0 40 68 D
180718968 1 40 68 D
180753646 1 50 0 Shift_L
181221015 0 38 97 a
181337971 1 38 97 a
181599385 0 40 100 d
181718577 1 40 100 d
182038123 0 22 0 BackSpace
182123889 1 22 0 BackSpace
182192244 0 22 0 BackSpace
182292068 1 22 0 BackSpace
182665965 0 31 105 i
182771148 1 31 105 i
182782825 0 40 100 d
182907894 1 40 100 d
182959207 0 65 32 space
183095397 1 65 32 space
183101871 0 38 97 a
183200692 0 40 100 d
183225749 1 38 97 a
183289756 1 40 100 d
183421146 0 40 100 d
183491092 1 40 100 d
183547591 0 65 32 space
183687655 1 65 32 space
183756628 0 40 100 d
183879059 1 40 100 d
184223495 0 38 97 a
184356917 0 39 115 s
184393264 1 38 97 a
184491601 1 39 115 s
184526255 0 43 104 h
184652357 1 43 104 h
184947236 0 25 119 w
185084386 1 25 119 w
185095000 0 32 111 o
185202156 1 32 111 o
185296337 0 40 100 d
185413645 1 40 100 d
185524062 0 39 115 s
185671449 1 39 115 s
187027473 0 40 100 d
187172460 0 26 101 e
187221167 1 40 100 d
187315058 1 26 101 e
187590690 0 22 0 BackSpace
187656562 1 22 0 BackSpace
187684986 0 22 0 BackSpace
187778863 1 22 0 BackSpace
188033324 0 65 32 space
188139206 1 65 32 space
188269381 0 40 100 d
188378941 0 26 101 e
188436820 1 40 100 d
188530752 1 26 101 e
188566089 0 41 102 f
188718239 1 41 102 f
189220642 0 22 0 BackSpace
189296494 1 22 0 BackSpace
189338489 0 22 0 BackSpace
189482819 1 22 0 BackSpace
189520782 0 22 0 BackSpace
189651144 1 22 0 BackSpace
192764209 0 22 0 BackSpace
192838312 1 22 0 BackSpace
192966897 0 22 0 BackSpace
193003423 1 22 0 BackSpace
193459432 0 22 0 BackSpace
193615822 1 22 0 BackSpace
194060299 0 32 111 o
194168438 1 32 111 o
194381707 0 40 100 d
194532874 0 39 115 s
194552001 1 40 100 d
194697103 1 39 115 s
194961823 0 65 32 space
195115004 1 65 32 space
195218343 0 40 100 d
195352183 0 26 101 e
195398741 1 40 100 d
195499366 1 26 101 e
195553552 0 41 102 f
195661575 1 41 102 f
195796439 0 31 105 i
195939751 1 31 105 i
196065234 0 54 99 c
196210452 1 54 99 c
196243592 0 31 105 i
196330642 1 31 105 i
196355465 0 26 101 e
196469464 1 26 101 e
196537718 0 57 110 n
196651789 1 57 110 n
196662038 0 28 116 t
196800485 1 28 116 t
197130586 0 65 32 space
197284641 1 65 32 space
197430681 0 58 109 m
197564762 1 58 109 m
197663752 0 38 97 a
197796534 0 57 110 n
197815678 1 38 97 a
197903151 1 57 110 n
198001655 0 65 32 space
198136967 1 65 32 space
198250818 0 54 99 c
198378586 0 32 111 o
198390282 1 54 99 c
198476794 1 32 111 o
198773435 0 57 110 n
198910686 1 57 110 n
199164798 0 54 99 c
199306403 1 54 99 c
199363380 0 46 108 l
199498641 1 46 108 l
199742493 0 30 117 u
199888621 1 30 117 u
199958613 0 40 100 d
200123732 0 26 101 e
200149358 1 40 100 d
200287003 0 40 100 d
200383585 1 26 101 e
200423212 1 40 100 d
200463185 0 65 32 space
200568971 1 65 32 space
200614705 0 38 97 a
200724610 0 40 100 d
200761654 1 38 97 a
200828584 1 40 100 d
200914999 0 40 100 d
201033999 1 40 100 d
201146615 0 31 105 i
201268783 1 31 105 i
201301776 0 28 116 t
201413371 0 31 105 i
201425587 1 28 116 t
201501356 1 31 105 i
201624436 0 32 111 o
201695219 1 32 111 o
201781608 0 57 110 n
201903235 1 57 110 n
201999643 0 39 115 s
202089426 0 65 32 space
202151834 1 39 115 s
202231556 1 65 32 space
202287779 0 27 114 r
202385345 0 26 101 e
202464904 1 27 114 r
202531559 1 26 101 e
202646227 0 39 115 s
202726808 0 32 111 o
202757101 1 39 115 s
202831937 1 32 111 o
202932245 0 30 117 u
203052560 1 30 117 u
203060131 0 27 114 r
203171224 1 27 114 r
203368244 0 54 99 c
203492094 0 26 101 e
203515101 1 54 99 c
203622328 1 26 101 e
203750017 0 39 115 s
203869210 1 39 115 s
203896958 0 65 32 space
204007151 1 65 32 space
204214178 0 32 111 o
204340468 1 32 111 o
204370349 0 27 114 r
204530792 1 27 114 r
204803464 0 65 32 space
204946706 1 65 32 space
205185003 0 46 108 l
205317208 1 46 108 l
205329844 0 38 97 a
205448931 1 38 97 a
205465067 0 57 110 n
205542887 1 57 110 n
205591702 0 40 100 d
205728049 1 40 100 d
206673783 0 22 0 BackSpace
206741527 1 22 0 BackSpace
206841989 0 22 0 BackSpace
206915151 1 22 0 BackSpace
207029291 0 22 0 BackSpace
207079897 1 22 0 BackSpace
207197534 0 22 0 BackSpace
207256385 1 22 0 BackSpace
207377811 0 22 0 BackSpace
207420335 1 22 0 BackSpace
207522693 0 22 0 BackSpace
207586545 1 22 0 BackSpace
207682974 0 22 0 BackSpace
207815701 1 22 0 BackSpace
208015549 0 22 0 BackSpace
208144453 1 22 0 BackSpace
208278796 0 60 46 period
208419992 1 60 46 period
208605597 0 65 32 space
208708105 1 65 32 space
208792016 0 50 0 Shift_L
208873607 0 32 79 O
209002760 1 50 0 Shift_L
209012142 1 32 111 o
209103511 0 27 114 r
209229788 1 27 114 r
209236653 0 65 32 space
209322373 1 65 32 space
209438827 0 46 108 l
209538622 1 46 108 l
209569599 0 38 97 a
209690495 0 57 110 n
209702471 1 38 97 a
209804733 1 57 110 n
209916173 0 40 100 d
209973696 1 40 100 d
210259519 0 46 108 l
210308137 1 46 108 l
210486492 0 32 111 o
210629810 1 32 111 o
210676444 0 27 114 r
210784678 1 27 114 r
210934296 0 40 100 d
211039647 1 40 100 d
211058542 0 65 32 space
211168608 1 65 32 space
211335615 0 33 112 p
211484044 1 33 112 p
211505419 0 38 97 a
211623569 1 38 97 a
211677658 0 54 99 c
211798725 1 54 99 c
211889008 0 45 107 k
212027571 0 38 97 a
212039843 1 45 107 k
212176095 1 38 97 a
212311729 0 42 103 g
212446160 1 42 103 g
212492962 0 26 101 e
212625285 1 26 101 e
212791233 0 39 115 s
212911518 1 39 115 s
212918142 0 65 32 space
213017219 1 65 32 space
213187350 0 32 111 o
213303715 0 55 118 v
213320888 1 32 111 o
213388790 1 55 118 v
213504766 0 26 101 e
213719275 0 27 114 r
213774330 1 26 101 e
213864447 1 27 114 r
214083635 0 54 99 c
214209666 1 54 99 c
214292025 0 38 97 a
214393477 1 38 97 a
214439208 0 58 109 m
214542962 1 58 109 m
214592922 0 26 101 e
214712202 1 26 101 e
214721076 0 65 32 space
214828197 1 65 32 space
214998927 0 40 100 d
215156337 1 40 100 d
215174099 0 31 105 i
215330622 1 31 105 i
215362709 0 39 115 s
215488755 1 39 115 s
215607307 0 28 116 t
215717434 1 28 116 t
215832832 0 38 97 a
215949647 0 57 110 n
215974692 1 38 97 a
216073861 1 57 110 n
216095829 0 54 99 c
216231559 0 26 101 e
216266873 1 54 99 c
216297433 0 65 32 space
216353451 1 26 101 e
216385118 1 65 32 space
216750413 0 39 115 s
216892710 1 39 115 s
216944492 0 58 109 m
217060820 1 58 109 m
217119789 0 38 97 a
217231758 1 38 97 a
217238525 0 46 108 l
217314468 1 46 108 l
217362432 0 46 108 l
217454391 1 46 108 l
217836781 0 26 101 e
217938833 1 26 101 e
218085664 0 28 116 t
218245086 1 28 116 t
218550302 0 22 0 BackSpace
218674484 1 22 0 BackSpace
218682237 0 39 115 s
218791230 1 39 115 s
218972863 0 28 116 t
219084956 1 28 116 t
219101668 0 65 32 space
219238019 1 65 32 space
219372630 0 31 105 i
219461551 0 57 110 n
219506484 1 31 105 i
219588496 1 57 110 n
219721181 0 65 32 space
219821188 1 65 32 space
219830925 0 27 114 r
219906374 0 26 101 e
219981238 1 27 114 r
220063871 1 26 101 e
220149113 0 54 99 c
220294401 1 54 99 c
220317910 0 30 117 u
220436601 1 30 117 u
220491769 0 27 114 r
220533575 1 27 114 r
220650035 0 27 114 r
220767266 0 26 101 e
220778551 1 27 114 r
220915660 1 26 101 e
221009760 0 40 100 d
221089740 1 40 100 d
221247583 0 60 46 period
221349599 1 60 46 period
221571530 0 36 0 Return
221696693 1 36 0 Return
222950222 0 50 0 Shift_L
223334103 0 25 87 W
223476068 1 25 87 W
223498551 1 50 0 Shift_L
223594084 0 27 114 r
223722864 0 32 111 o
223735001 1 27 114 r
223807040 1 32 111 o
223973726 0 57 110 n
224041401 1 57 110 n
224101385 0 42 103 g
224229676 1 42 103 g
224237466 0 65 32 space
224333613 1 65 32 space
224446979 0 58 109 m
224536778 1 58 109 m
224572655 0 38 97 a
224674900 1 38 97 a
224700841 0 31 105 i
224775705 1 31 105 i
224847850 0 40 100 d
224961926 1 40 100 d
224968793 0 39 115 s
225141236 1 39 115 s
225148040 0 65 32 space
225253408 1 65 32 space
225474160 0 32 111 o
225583375 1 32 111 o
225661715 0 27 114 r
225764956 0 65 32 space
225788521 1 27 114 r
225883440 1 65 32 space
226033650 0 56 98 b
226146942 0 26 101 e
226158794 1 56 98 b
226277959 1 26 101 e
226303039 0 65 32 space
226398499 1 65 32 space
226486980 0 38 97 a
226560094 0 39 115 s
226664340 1 38 97 a
226730495 1 39 115 s
226736974 0 45 107 k
226845797 0 26 101 e
226895201 1 45 107 k
227011326 1 26 101 e
227069411 0 40 100 d
227173174 0 65 32 space
227199250 1 40 100 d
227279403 1 65 32 space
227477408 0 57 110 n
227594409 1 57 110 n
227827797 0 32 111 o
227946931 1 32 111 o
228161319 0 65 32 space
228249044 1 65 32 space
228443167 0 32 111 o
228484649 1 32 111 o
228763337 0 57 110 n
228893398 1 57 110 n
229417799 0 65 32 space
229532100 1 65 32 space
229640300 0 26 101 e
229751355 1 26 101 e
229904339 0 44 106 j
230027397 1 44 106 j
230496944 0 22 0 BackSpace
230589468 1 22 0 BackSpace
230743990 0 57 110 n
230867764 1 57 110 n
230985744 0 44 106 j
231108506 1 44 106 j
231237183 0 32 111 o
231366209 1 32 111 o
231530510 0 30 117 u
231768990 1 30 117 u
232038199 0 22 0 BackSpace
232147121 1 22 0 BackSpace
232399666 0 29 121 y
232561885 1 29 121 y
232903894 0 60 46 period
233048620 1 60 46 period
233361811 0 65 32 space
233474353 1 65 32 space
233592618 0 50 0 Shift_L
233827904 0 43 72 H
233940268 1 43 72 H
234008808 1 50 0 Shift_L
234191335 0 32 111 o
234294519 1 32 111 o
234493437 0 30 117 u
234641378 1 30 117 u
234930275 0 39 115 s
235118710 1 39 115 s
235209168 0 26 101 e
235386489 1 26 101 e
235538121 0 43 104 h
235645356 1 43 104 h
235824642 0 32 111 o
235931598 1 32 111 o
236101463 0 46 108 l
236217461 1 46 108 l
236291411 0 40 100 d
236440684 1 40 100 d
236534471 0 65 32 space
236711334 1 65 32 space
238142571 0 41 102 f
238263562 1 41 102 f
238407795 0 26 101 e
238509427 1 26 101 e
238621090 0 25 119 w
238719781 1 25 119 w
238830763 0 65 32 space
238954203 1 65 32 space
238997037 0 39 115 s
239117997 0 32 111 o
239144623 1 39 115 s
239231837 0 58 109 m
239304125 1 32 111 o
239379005 1 58 109 m
239487235 0 26 101 e
239622281 1 26 101 e
239789179 0 28 116 t
239910808 1 28 116 t
239917064 0 31 105 i
240047340 1 31 105 i
240122674 0 58 109 m
240241825 1 58 109 m
240558049 0 26 101 e
240695692 1 26 101 e
240796638 0 39 115 s
240928595 1 39 115 s
241095681 0 65 32 space
241192572 1 65 32 space
241330067 0 32 111 o
241416935 1 32 111 o
241626470 0 30 117 u
241767433 1 30 117 u
241817821 0 28 116 t
241942800 1 28 116 t
242031021 0 65 32 space
242146040 1 65 32 space
242252948 0 38 97 a
242356279 1 38 97 a
242525559 0 28 116 t
242633521 1 28 116 t
242752488 0 28 116 t
242869054 1 28 116 t
242952280 0 26 101 e
243097691 1 26 101 e
243112704 0 57 110 n
243260779 1 57 110 n
243273580 0 40 100 d
243424368 1 40 100 d
243495552 0 31 105 i
243621009 0 57 110 n
243690027 1 31 105 i
243828888 1 57 110 n
243914069 0 42 103 g
244058320 1 42 103 g
244225735 0 65 32 space
244359566 1 65 32 space
244441735 0 40 100 d
244557542 0 26 101 e
244604128 1 40 100 d
244683782 1 26 101 e
244785598 0 39 115 s
244930764 1 39 115 s
245001683 0 54 99 c
245137888 1 54 99 c
245258933 0 27 114 r
245385608 1 27 114 r
245429939 0 31 105 i
245544955 1 31 105 i
245672349 0 56 98 b
245784374 1 56 98 b
245857570 0 26 101 e
246034359 1 26 101 e
246072200 0 40 100 d
246219535 1 40 100 d
246329350 0 60 46 period
246467290 1 60 46 period
246675640 0 65 32 space
246789698 1 65 32 space
246828434 0 50 0 Shift_L
246966283 0 46 76 L
247018627 1 50 0 Shift_L
247033427 1 46 108 l
247248740 0 38 97 a
247334150 1 38 97 a
247424292 0 31 105 i
247537745 0 57 110 n
247586935 1 31 105 i
247660819 1 57 110 n
247843841 0 65 32 space
247928739 1 65 32 space
248027416 0 44 106 j
248163973 1 44 106 j
248318341 0 30 117 u
248428093 1 30 117 u
248465359 0 39 115 s
248613832 1 39 115 s
248714291 0 28 116 t
248818778 0 65 32 space
248846721 1 28 116 t
248941187 1 65 32 space
249042125 0 41 102 f
249100878 1 41 102 f
249223171 0 38 97 a
249347310 1 38 97 a
249527157 0 54 99 c
249611396 1 54 99 c
249750043 0 28 116 t
249846442 1 28 116 t
249910104 0 65 32 space
250032614 1 65 32 space
250068471 0 41 102 f
250199273 0 32 111 o
250228677 1 41 102 f
250273549 1 32 111 o
250368037 0 30 117 u
250480158 1 30 117 u
250508471 0 27 114 r
250641373 1 27 114 r
250672003 0 65 32 space
250756812 1 65 32 space
250889249 0 32 111 o
250981209 1 32 111 o
251004147 0 41 102 f
251148158 1 41 102 f
251154211 0 65 32 space
251245467 1 65 32 space
251325232 0 38 97 a
251436710 1 38 97 a
251473593 0 58 109 m
251576548 1 58 109 m
251696052 0 65 32 space
251796706 1 65 32 space
251912347 0 58 109 m
251988422 1 58 109 m
252037356 0 26 101 e
252104189 1 26 101 e
252232313 0 26 101 e
252348840 1 26 101 e
252365876 0 40 100 d
252481466 1 40 100 d
252767856 0 22 0 BackSpace
252882342 0 28 116 t
252891881 1 22 0 BackSpace
253011248 1 28 116 t
253136338 0 65 32 space
253206924 1 65 32 space
253367786 0 43 104 h
253406563 1 43 104 h
253646118 0 31 105 i
253759443 1 31 105 i
253849275 0 42 103 g
253945346 0 43 104 h
253956877 1 42 103 g
254094946 1 43 104 h
254404514 0 60 46 period
254521524 1 60 46 period
254669241 0 36 0 Return
254790392 1 36 0 Return
255913097 0 50 0 Shift_L
256293567 0 43 72 H
256380648 1 50 0 Shift_L
256407771 0 50 0 Shift_L
256428379 1 43 72 H
256479092 1 50 0 Shift_L
256675376 0 26 101 e
256727855 1 26 101 e
256826154 0 65 32 space
256876429 1 65 32 space
257330052 0 40 100 d
257447335 1 40 100 d
257554016 0 32 111 o
257664961 1 32 111 o
257899584 0 65 32 space
258012415 1 65 32 space
258029518 0 39 115 s
258224003 1 39 115 s
258296951 0 30 117 u
258411093 1 30 117 u
258568745 0 56 98 b
258692897 1 56 98 b
258905307 0 44 106 j
258924246 1 44 106 j
259247593 0 26 101 e
259422970 1 26 101 e
259530307 0 54 99 c
259623265 1 54 99 c
259777953 0 28 116 t
259863275 1 28 116 t
260043076 0 39 115 s
260150398 0 65 32 space
260216065 1 39 115 s
260293527 1 65 32 space
260453994 0 33 112 p
260562239 0 27 114 r
260598736 1 33 112 p
260676802 0 26 101 e
260744674 1 27 114 r
260817895 1 26 101 e
260841353 0 33 112 p
260930325 1 33 112 p
260955509 0 38 97 a
261037559 1 38 97 a
261320362 0 27 114 r
261474745 1 27 114 r
261656504 0 26 101 e
261806757 1 26 101 e
261863373 0 40 100 d
261965070 1 40 100 d
261993704 0 65 32 space
262100685 1 65 32 space
262273939 0 56 98 b
262415514 0 38 97 a
262553211 1 56 98 b
262556233 1 38 97 a
262574068 0 54 99 c
262744178 1 54 99 c
262750991 0 43 104 h
262891889 1 43 104 h
262967209 0 26 101 e
263073592 1 26 101 e
263253836 0 46 108 l
263311758 1 46 108 l
263663725 0 32 111 o
263785793 1 32 111 o
263833352 0 27 114 r
263955011 1 27 114 r
264036229 0 65 32 space
264130558 1 65 32 space
264257822 0 44 106 j
264419211 1 44 106 j
264557309 0 30 117 u
264694515 1 30 117 u
264780982 0 55 118 v
264882263 1 55 118 v
265050166 0 26 101 e
265168688 1 26 101 e
265224510 0 57 110 n
265328408 1 57 110 n
265463204 0 31 105 i
265539532 1 31 105 i
265724132 0 46 108 l
265834002 1 46 108 l
265965532 0 26 101 e
266096629 1 26 101 e
266205485 0 65 32 space
266298164 1 65 32 space
266663181 0 29 121 y
266827243 1 29 121 y
266891469 0 26 101 e
267022940 1 26 101 e
267306932 0 59 44 comma
267358940 1 59 44 comma
267894274 0 22 0 BackSpace
268036485 1 22 0 BackSpace
268189567 0 65 32 space
268271380 1 65 32 space
268306616 0 32 111 o
268425150 1 32 111 o
268596234 0 43 104 h
268724418 1 43 104 h
269046418 0 60 46 period
269185673 1 60 46 period
269482484 0 65 32 space
269619647 1 65 32 space
269679869 0 50 0 Shift_L
269896897 0 43 72 H
269943419 1 50 0 Shift_L
269992841 1 43 104 h
270055047 0 26 101 e
270169094 1 26 101 e
270195305 0 65 32 space
270299288 1 65 32 space
270313859 0 41 102 f
270408298 1 41 102 f
270450629 0 26 101 e
270522959 1 26 101 e
270627429 0 26 101 e
270728255 1 26 101 e
270773534 0 46 108 l
270891752 1 46 108 l
271102005 0 31 105 i
271243005 0 57 110 n
271289491 1 31 105 i
271326489 0 42 103 g
271396162 1 57 110 n
271430919 1 42 103 g
271640675 0 39 115 s
271803133 1 39 115 s
271834517 0 65 32 space
271974076 0 27 114 r
271985315 1 65 32 space
272071592 0 26 101 e
272149401 1 27 114 r
272189850 0 58 109 m
272248191 1 26 101 e
272286709 1 58 109 m
272382145 0 32 111 o
272516129 1 32 111 o
272568204 0 55 118 v
272699426 1 55 118 v
272735961 0 31 105 i
272811262 0 57 110 n
272921447 1 31 105 i
272959995 0 42 103 g
273005887 1 57 110 n
273085200 1 42 103 g
273186928 0 65 32 space
273317632 1 65 32 space
273466278 0 31 105 i
273552053 0 57 110 n
273594748 1 31 105 i
273652616 0 41 102 f
273684232 1 57 110 n
273840061 1 41 102 f
273847977 0 32 111 o
273931105 1 32 111 o
273945288 0 27 114 r
274083317 1 27 114 r
274211202 0 58 109 m
274315707 1 58 109 m
274409488 0 26 101 e
274576247 1 26 101 e
274682128 0 40 100 d
274821155 1 40 100 d
275001638 0 65 32 space
275178796 1 65 32 space
275906518 0 43 104 h
276008536 1 43 104 h
276057489 0 26 101 e
276220837 1 26 101 e
276379286 0 65 32 space
276472056 1 65 32 space
276677486 0 38 97 a
276739219 0 39 115 s
276788509 1 38 97 a
276906866 1 39 115 s
276934970 0 65 32 space
277091636 1 65 32 space
277356496 0 31 105 i
277507973 1 31 105 i
277576212 0 42 103 g
277683051 1 42 103 g
277722241 0 57 110 n
277821401 1 57 110 n
277964906 0 32 111 o
278083268 1 32 111 o
278163168 0 27 114 r
278204062 1 27 114 r
278456176 0 38 97 a
278586453 1 38 97 a
278764506 0 57 110 n
278891739 1 57 110 n
278948712 0 28 116 t
279061005 1 28 116 t
279142460 0 65 32 space
279238058 1 65 32 space
279403697 0 25 119 w
279479581 1 25 119 w
279662903 0 26 101 e
279797129 1 26 101 e
279899899 0 65 32 space
280020641 1 65 32 space
280226057 0 33 112 p
280326698 0 27 114 r
280335940 1 33 112 p
280410438 0 26 101 e
280489537 1 27 114 r
280537528 1 26 101 e
280544333 0 33 112 p
280685571 1 33 112 p
280759726 0 38 97 a
280866008 1 38 97 a
280939959 0 27 114 r
281071228 0 26 101 e
281112740 1 27 114 r
281225645 1 26 101 e
281313259 0 40 100 d
281426704 1 40 100 d
281519478 0 60 46 period
281669598 1 60 46 period
281880894 0 36 0 Return
282018131 1 36 0 Return
283042277 0 50 0 Shift_L
283223206 0 26 69 E
283312730 1 50 0 Shift_L
283343248 1 26 101 e
283483438 0 55 118 v
283584616 1 55 118 v
283656740 0 26 101 e
283827228 1 26 101 e
283887178 0 57 110 n
283943290 1 57 110 n
284099590 0 31 105 i
284163845 0 57 110 n
284229433 1 31 105 i
284281255 0 42 103 g
284296476 1 57 110 n
284410094 1 42 103 g
284452769 0 65 32 space
284576990 1 65 32 space
284661105 0 40 100 d
284762854 0 32 111 o
284799772 1 40 100 d
284865752 1 32 111 o
284993764 0 65 32 space
285095827 0 41 102 f
285107469 1 65 32 space
285244318 1 41 102 f
285281441 0 32 111 o
285384363 1 32 111 o
285439699 0 27 114 r
285552047 0 58 109 m
285563819 1 27 114 r
285651221 1 58 109 m
285797886 0 31 105 i
285937068 0 57 110 n
285976547 1 31 105 i
286060102 1 57 110 n
286196722 0 42 103 g
286257467 0 65 32 space
286302300 1 42 103 g
286388558 1 65 32 space
287751697 0 32 111 o
287918417 1 32 111 o
288333581 0 56 98 b
288474890 1 56 98 b
288641189 0 39 115 s
288770318 1 39 115 s
288857323 0 26 101 e
288934247 0 27 114 r
289027613 1 26 101 e
289036457 1 27 114 r
289221441 0 55 118 v
289325329 1 55 118 v
289396215 0 26 101 e
289558539 1 26 101 e
289582620 0 65 32 space
289716973 1 65 32 space
289815189 0 39 115 s
289964041 0 33 112 p
289975853 1 39 115 s
290081823 1 33 112 p
290238204 0 31 105 i
290416307 1 31 105 i
290510700 0 27 114 r
290575077 1 27 114 r
290696310 0 31 105 i
290852755 1 31 105 i
290932356 0 28 116 t
291050288 1 28 116 t
291234449 0 39 115 s
291373196 1 39 115 s
291418862 0 65 32 space
291509878 1 65 32 space
291684185 0 31 105 i
291826648 1 31 105 i
291862414 0 39 115 s
291981608 1 39 115 s
292126703 0 65 32 space
292197119 1 65 32 space
292361427 0 31 105 i
292465919 0 57 110 n
292509371 1 31 105 i
292577464 1 57 110 n
292846268 0 60 46 period
292972921 1 60 46 period
293125070 0 65 32 space
293221674 1 65 32 space
293241301 0 50 0 Shift_L
293373238 1 50 0 Shift_L
293523629 0 50 0 Shift_L
293646233 0 54 67 C
293738258 1 50 0 Shift_L
293815868 1 54 99 c
294179771 0 32 111 o
294295867 1 32 111 o
294474183 0 29 121 y
294562773 1 29 121 y
295583259 0 22 0 BackSpace
295678103 1 22 0 BackSpace
295878631 0 30 117 u
295928628 1 30 117 u
296170137 0 58 109 m
296240504 1 58 109 m
296390942 0 28 116 t
296567278 1 28 116 t
296912544 0 22 0 BackSpace
296965153 1 22 0 BackSpace
297051480 0 22 0 BackSpace
297144403 1 22 0 BackSpace
297375084 0 57 110 n
297530566 1 57 110 n
297888055 0 28 116 t
297998942 1 28 116 t
298100726 0 27 114 r
298261436 1 27 114 r
298342781 0 29 121 y
298496029 1 29 121 y
299245247 0 65 32 space
299434677 1 65 32 space
299923957 0 43 104 h
300077111 1 43 104 h
300095424 0 26 101 e
300186738 0 38 97 a
300334185 0 27 114 r
300358190 1 26 101 e
300393946 1 38 97 a
300475531 1 27 114 r
300576894 0 28 116 t
300688422 1 28 116 t
300760068 0 26 101 e
300889908 1 26 101 e
300899107 0 40 100 d
301039067 0 65 32 space
301050183 1 40 100 d
301139233 1 65 32 space
301269791 0 56 98 b
301381362 1 56 98 b
301415925 0 26 101 e
301526486 1 26 101 e
301573224 0 65 32 space
301618214 1 65 32 space
301781787 0 32 111 o
301868544 1 32 111 o
301885015 0 41 102 f
302030126 0 65 32 space
302046259 1 41 102 f
302121146 1 65 32 space
302205960 0 44 106 j
302305620 1 44 106 j
302476445 0 30 117 u
302621190 1 30 117 u
302694954 0 39 115 s
302801474 1 39 115 s
302934455 0 28 116 t
303061766 1 28 116 t
303122798 0 31 105 i
303271835 1 31 105 i
303364455 0 54 99 c
303507154 0 26 101 e
303536560 1 54 99 c
303644768 1 26 101 e
303695121 0 65 32 space
303811924 1 65 32 space
304016807 0 26 101 e
304157457 1 26 101 e
304527075 0 22 0 BackSpace
304579111 0 39 115 s
304624577 1 22 0 BackSpace
304689220 1 39 115 s
304780092 0 26 101 e
304887930 1 26 101 e
304912178 0 57 110 n
305013816 1 57 110 n
305063301 0 40 100 d
305166446 1 40 100 d
305172957 0 31 105 i
305264025 0 57 110 n
305305330 1 31 105 i
305446922 0 42 103 g
305475304 1 57 110 n
305567130 1 42 103 g
305800103 0 60 46 period
305962128 1 60 46 period
306191353 0 65 32 space
306316731 1 65 32 space
306403258 0 50 0 Shift_L
306613570 0 32 79 O
306632942 1 32 79 O
306845642 1 50 0 Shift_L
307023873 0 57 110 n
307164606 1 57 110 n
307738995 0 65 32 space
307845919 1 65 32 space
307896520 0 39 115 s
308041005 0 32 111 o
308052730 1 39 115 s
308139417 1 32 111 o
308274805 0 65 32 space
308379325 1 65 32 space
308410830 0 28 116 t
308525298 1 28 116 t
308673404 0 43 104 h
308722748 1 43 104 h
308778399 0 26 101 e
308904135 1 26 101 e
308939107 0 29 121 y
309117042 1 29 121 y
309468876 0 65 32 space
309595238 1 65 32 space
309699017 0 38 97 a
309747914 0 39 115 s
309821282 1 38 97 a
309900541 1 39 115 s
309933758 0 65 32 space
310075740 1 65 32 space
310306277 0 25 119 w
310445599 1 25 119 w
310460231 0 31 105 i
310583922 1 31 105 i
310691674 0 28 116 t
310780910 0 43 104 h
310814465 1 28 116 t
310893301 1 43 104 h
311070578 0 65 32 space
311204460 1 65 32 space
311412442 0 27 114 r
311511663 1 27 114 r
311717831 0 32 111 o
311910815 1 32 111 o
312211239 0 32 111 o
312296229 1 32 111 o
312517394 0 58 109 m
312615459 1 58 109 m
312870234 0 65 32 space
313015546 1 65 32 space
313231161 0 54 99 c
313331937 0 32 111 o
313372146 1 54 99 c
313397358 1 32 111 o
313520553 0 46 108 l
313609568 1 46 108 l
313724305 0 40 100 d
313771449 1 40 100 d
314025242 0 65 32 space
314099924 1 65 32 space
314336648 0 29 121 y
314475801 1 29 121 y
314524491 0 26 101 e
314658547 1 26 101 e
314837584 0 60 46 period
314978877 1 60 46 period
315216696 0 36 0 Return
315370218 1 36 0 Return
316404846 0 50 0 Shift_L
316912362 0 56 66 B
317046065 1 50 0 Shift_L
317054245 1 56 98 b
317123984 0 26 101 e
317223655 1 26 101 e
317244151 0 65 32 space
317348051 1 65 32 space
317366466 0 54 99 c
317455447 1 54 99 c
317486890 0 38 97 a
317610004 1 38 97 a
317616080 0 46 108 l
317656909 1 46 108 l
317711497 0 46 108 l
317811504 1 46 108 l
318066520 0 65 32 space
318180322 1 65 32 space
318188872 0 41 102 f
318341454 1 41 102 f
318370083 0 32 111 o
318400609 1 32 111 o
318709298 0 30 117 u
318778623 1 30 117 u
318902765 0 27 114 r
319065960 1 27 114 r
319216712 0 65 32 space
319343177 1 65 32 space
319679915 0 58 109 m
319788958 1 58 109 m
320029550 0 29 121 y
320165458 1 29 121 y
320345703 0 65 32 space
320483556 1 65 32 space
320506066 0 25 119 w
320603401 1 25 119 w
320708269 0 26 101 e
320825653 0 57 110 n
320836721 1 26 101 e
320932786 1 57 110 n
320989510 0 28 116 t
321103890 1 28 116 t
321110220 0 65 32 space
321204480 1 65 32 space
321330853 0 58 109 m
321412460 0 26 101 e
321424172 1 58 109 m
321507104 1 26 101 e
321600157 0 38 97 a
321685802 1 38 97 a
321786058 0 57 110 n
321904631 1 57 110 n
322548119 0 59 44 comma
322662859 1 59 44 comma
323356162 0 22 0 BackSpace
323434952 1 22 0 BackSpace
323583741 0 60 46 period
323688274 1 60 46 period
323847539 0 65 32 space
323964735 1 65 32 space
324018156 0 50 0 Shift_L
324169537 0 54 67 C
324215438 1 50 0 Shift_L
324345473 1 54 99 c
324611149 0 26 101 e
324738987 1 26 101 e
324820290 0 46 108 l
324961724 1 46 108 l
324979652 0 26 101 e
325108362 1 26 101 e
325323776 0 56 98 b
325468800 1 56 98 b
325492838 0 27 114 r
325605812 1 27 114 r
325689987 0 38 97 a
325823607 1 38 97 a
325916279 0 28 116 t
326060577 1 28 116 t
326113442 0 26 101 e
326286401 1 26 101 e
326315209 0 40 100 d
326437986 0 65 32 space
326464289 1 40 100 d
326500472 1 65 32 space
326670575 0 31 105 i
326757452 0 41 102 f
326770186 1 31 105 i
326891299 1 41 102 f
327090865 0 65 32 space
327222893 1 65 32 space
327527007 0 27 114 r
327641442 0 26 101 e
327717162 1 27 114 r
327788737 1 26 101 e
327798996 0 58 109 m
327926879 1 58 109 m
327964464 0 38 97 a
328101996 0 27 114 r
328117257 1 38 97 a
328220266 1 27 114 r
328314882 0 45 107 k
328451536 0 38 97 a
328463012 1 45 107 k
328601294 1 38 97 a
328664706 0 56 98 b
328785672 1 56 98 b
328957583 0 46 108 l
329115776 1 46 108 l
329538828 0 29 121 y
329645875 1 29 121 y
329841140 0 65 32 space
330003419 1 65 32 space
330399463 0 26 101 e
330516715 1 26 101 e
330618326 0 39 115 s
330730443 1 39 115 s
330792048 0 33 112 p
330904400 1 33 112 p
331126851 0 54 99 c
331229463 0 26 101 e
331310287 1 54 99 c
331394401 1 26 101 e
331681404 0 22 0 BackSpace
331758105 1 22 0 BackSpace
331853899 0 22 0 BackSpace
331907193 1 22 0 BackSpace
331942127 0 26 101 e
332094581 1 26 101 e
332117788 0 54 99 c
332306473 1 54 99 c
332360962 0 31 105 i
332454174 1 31 105 i
332538208 0 38 97 a
332701849 0 46 108 l
332713216 1 38 97 a
332776112 1 46 108 l
332836275 0 46 108 l
332950984 1 46 108 l
333350054 0 29 121 y
333480871 1 29 121 y
333676652 0 65 32 space
333791625 0 38 97 a
333814521 1 65 32 space
333906234 0 57 110 n
333947182 1 38 97 a
334021615 1 57 110 n
334329527 0 60 46 period
334465895 1 60 46 period
334763473 0 65 32 space
334876087 1 65 32 space
334885289 0 50 0 Shift_L
335132426 0 42 71 G
335225742 1 50 0 Shift_L
335290651 1 42 103 g
335354997 0 32 111 o
335442931 1 32 111 o
335661405 0 31 105 i
335857027 0 57 110 n
335868364 1 31 105 i
335937071 0 42 103 g
335979506 1 57 110 n
336073898 1 42 103 g
336357535 0 65 32 space
336534102 1 65 32 space
336653595 0 26 101 e
336782918 1 26 101 e
336865910 0 38 97 a
336960992 1 38 97 a
337071307 0 28 116 t
337182765 1 28 116 t
337189063 0 65 32 space
337301686 1 65 32 space
337361621 0 39 115 s
337480950 1 39 115 s
337572417 0 26 101 e
337686765 1 26 101 e
337723905 0 28 116 t
337792895 0 65 32 space
337841935 1 28 116 t
337947997 1 65 32 space
338031903 0 39 115 s
338140501 1 39 115 s
338177403 0 43 104 h
338309218 1 43 104 h
338314902 0 26 101 e
338469394 1 26 101 e
338500966 0 65 32 space
338609181 1 65 32 space
338809689 0 56 98 b
338942800 1 56 98 b
339098365 0 32 111 o
339151550 1 32 111 o
339230091 0 32 111 o
339357839 1 32 111 o
339417119 0 45 107 k
339506036 1 45 107 k
339654074 0 39 115 s
339793289 1 39 115 s
339841848 0 65 32 space
339974306 1 65 32 space
340022532 0 41 102 f
340133031 1 41 102 f
340182550 0 32 111 o
340312185 1 32 111 o
340490953 0 30 117 u
340623901 1 30 117 u
340674410 0 57 110 n
340808548 1 57 110 n
340962854 0 40 100 d
341098099 1 40 100 d
341187118 0 65 32 space
341282965 1 65 32 space
341450317 0 58 109 m
341544206 0 26 101 e
341565163 1 58 109 m
341690331 1 26 101 e
341798567 0 28 116 t
341918280 1 28 116 t
341948423 0 65 32 space
342089182 1 65 32 space
342094852 0 25 119 w
342214850 1 25 119 w
342335570 0 38 97 a
342403938 1 38 97 a
342847811 0 22 0 BackSpace
342935688 1 22 0 BackSpace
343024103 0 22 0 BackSpace
343071638 1 22 0 BackSpace
343257789 0 38 97 a
343425184 1 38 97 a
343436926 0 25 119 w
343599990 1 25 119 w
343745478 0 38 97 a
343889518 1 38 97 a
343999471 0 27 114 r
344103478 0 26 101 e
344154062 1 27 114 r
344264650 1 26 101 e
344425007 0 60 46 period
344512891 1 60 46 period
345323146 0 36 0 Return
10
Throwing consider dwelling bachelor joy her proposal laughter. Raptures returned disposed one entirely her men ham.
By to admire vanity county an mutual as roused. Of an thrown am warmly merely result depart supply.
Required honoured trifling eat pleasure man relation. Assurance yet bed was improving furniture man.
Distrusts delighted she listening mrs extensive admitting far.  Full be none no side. Uncommonly surrounded considered for him are its.
It we is read good soon. My to considered delightful invitation announcing of no decisively boisterous.
Did add dashwoods deficient man concluded additions resources. Or landlord packages overcame distance smallest in recurred.
Wrong maids or be asked no on enjoy. Household few sometimes out attending described. Lain just fact four of am meet high.
He do subjects prepared bachelor juvenile ye oh. He feelings removing informed he as ignorant we prepared.
Evening do forming observe spirits is in. Country hearted be of justice sending. On so they as with room cold ye.
Be call four my went mean. Celebrated if remarkably especially an. Going eat set she books found met aware.
