magnus
2014-09-23 13:00:26.706794
10
Throwing consider dwelling bachelor joy her proposal laughter. Raptures returned disposed one entirely her men ham.
By to admire vanity county an mutual as roused. Of an thrown am warmly merely result depart supply.
Required honoured trifling eat pleasure man relation. Assurance yet bed was improving furniture man.
Distrusts delighted she listening mrs extensive admitting far.  Full he none no side. Uncommonly surrounded considered for him are its.
It we is read good soon. My to considered delightful invitation announcing of no decisively boisterous.
Did add dashwoods deficient man concluded additions resources. Or landlord packages overcame distance smallest in recurred.
Wrong maids or be asked no on enjoy. Household few sometimes out attending described. Lain just fact four of am meet high.
He do subjects prepared bachelor juvenile ye oh. He feelings removing informed he as ignorant we prepared.
Evening do forming observe spirits is in. Country hearted be of justice sending. On so they as with room cold ye.
Be call four my went mean. Celebrated if remarkably especially an. Going eat set she books found met aware.
732464 0 50 0 Shift_L
883075 0 28 84 T
1004411 1 50 0 Shift_L
1014662 0 43 104 h
1032301 1 28 116 t
1086489 1 43 104 h
1187999 0 27 114 r
1266971 1 27 114 r
1300760 0 32 111 o
1377699 1 32 111 o
1473021 0 25 119 w
1579535 1 25 119 w
1585414 0 31 105 i
1665166 0 57 110 n
1709107 1 31 105 i
1773414 1 57 110 n
1790840 0 42 103 g
1909257 1 42 103 g
1917007 0 65 32 space
2027302 1 65 32 space
2062689 0 54 99 c
2156808 0 32 111 o
2173474 1 54 99 c
2222621 1 32 111 o
2337954 0 57 110 n
2403387 1 57 110 n
2409287 0 39 115 s
2522503 1 39 115 s
2542120 0 31 105 i
2644346 1 31 105 i
2651350 0 40 100 d
2792917 0 26 101 e
2812989 1 40 100 d
2926540 0 27 114 r
3005349 1 26 101 e
3070883 1 27 114 r
3106580 0 65 32 space
3213396 1 65 32 space
3442223 0 40 100 d
3600012 1 40 100 d
3676428 0 25 119 w
3751125 1 25 119 w
3835187 0 26 101 e
3952430 1 26 101 e
3959905 0 46 108 l
3976678 1 46 108 l
4090028 0 46 108 l
4160884 1 46 108 l
4352964 0 31 105 i
4471791 0 57 110 n
4504275 1 31 105 i
4511184 0 42 103 g
4585434 1 57 110 n
4657395 1 42 103 g
4717535 0 65 32 space
4835591 1 65 32 space
5024789 0 56 98 b
5123493 1 56 98 b
5143518 0 38 97 a
5236331 1 38 97 a
5273501 0 54 99 c
5333957 0 43 104 h
5399006 1 54 99 c
5434806 1 43 104 h
5489070 0 26 101 e
5613951 1 26 101 e
5621859 0 46 108 l
5681636 1 46 108 l
5783203 0 32 111 o
5850798 1 32 111 o
5857706 0 27 114 r
5974583 1 27 114 r
6125460 0 65 32 space
6249575 1 65 32 space
6424711 0 44 106 j
6526487 1 44 106 j
6633256 0 32 111 o
6724864 1 32 111 o
6854896 0 29 121 y
6942463 1 29 121 y
7135513 0 65 32 space
7259310 1 65 32 space
7377083 0 43 104 h
7452883 1 43 104 h
7494809 0 26 101 e
7585580 0 27 114 r
7662857 1 26 101 e
7686009 0 65 32 space
7748059 1 27 114 r
7782280 1 65 32 space
7928952 0 33 112 p
8010184 1 33 112 p
8020736 0 27 114 r
8129472 0 32 111 o
8141383 1 27 114 r
8227406 1 32 111 o
8392267 0 33 112 p
8457993 1 33 112 p
8560553 0 32 111 o
8691639 1 32 111 o
8945304 0 39 115 s
9049264 1 39 115 s
9099012 0 38 97 a
9217201 1 38 97 a
9319871 0 46 108 l
9402622 1 46 108 l
9508283 0 65 32 space
9611186 1 65 32 space
9700543 0 46 108 l
9804619 1 46 108 l
9813983 0 38 97 a
9947363 1 38 97 a
10013712 0 30 117 u
10098713 1 30 117 u
10148774 0 42 103 g
10249221 0 43 104 h
10261178 1 42 103 g
10372432 1 43 104 h
10389780 0 28 116 t
10489464 1 28 116 t
10549669 0 26 101 e
10636017 0 27 114 r
10708412 1 26 101 e
10766227 1 27 114 r
10822396 0 60 46 period
10910267 1 60 46 period
11047754 0 65 32 space
11109198 0 50 0 Shift_L
11162731 1 65 32 space
11177072 0 27 82 R
11257091 1 50 0 Shift_L
11293043 1 27 114 r
11350819 0 38 97 a
11459718 0 33 112 p
11471594 1 38 97 a
11531717 1 33 112 p
11597367 0 28 116 t
11679849 1 28 116 t
12242294 0 30 117 u
12354383 1 30 117 u
12389384 0 27 114 r
12465811 0 26 101 e
12546332 1 27 114 r
12567858 1 26 101 e
12674931 0 39 115 s
12783081 0 65 32 space
12795115 1 39 115 s
12877303 1 65 32 space
12943949 0 27 114 r
13032565 0 26 101 e
13118105 1 27 114 r
13158180 1 26 101 e
13209125 0 28 116 t
13294458 1 28 116 t
13301467 0 30 117 u
13399661 1 30 117 u
13431750 0 27 114 r
13549413 0 57 110 n
13561664 1 27 114 r
13599248 0 26 101 e
13647191 1 57 110 n
13690948 1 26 101 e
13961365 0 40 100 d
14075368 1 40 100 d
14145572 0 65 32 space
14252678 1 65 32 space
14405318 0 40 100 d
14533446 1 40 100 d
14542783 0 31 105 i
14644918 1 31 105 i
14662016 0 39 115 s
14754021 1 39 115 s
14793015 0 33 112 p
14875093 1 33 112 p
14992112 0 32 111 o
15077248 1 32 111 o
15233117 0 39 115 s
15322061 1 39 115 s
15413262 0 26 101 e
15559404 1 26 101 e
15565752 0 40 100 d
15692479 1 40 100 d
15757490 0 65 32 space
15878858 1 65 32 space
16150352 0 32 111 o
16195733 1 32 111 o
16375311 0 57 110 n
16462058 1 57 110 n
16500577 0 26 101 e
16599070 1 26 101 e
16612586 0 65 32 space
16745052 1 65 32 space
16883753 0 26 101 e
16988037 0 57 110 n
17000076 1 26 101 e
17091553 1 57 110 n
17097887 0 28 116 t
17199468 1 28 116 t
17271160 0 31 105 i
17365099 1 31 105 i
17406838 0 27 114 r
17504789 0 26 101 e
17538797 1 27 114 r
17636340 1 26 101 e
17681162 0 46 108 l
17757956 1 46 108 l
17994508 0 29 121 y
18076643 1 29 121 y
18171821 0 65 32 space
18252704 1 65 32 space
18331574 0 43 104 h
18340542 0 26 101 e
18402224 1 43 104 h
18430287 0 27 114 r
18501754 1 26 101 e
18512024 0 65 32 space
18566235 1 27 114 r
18594579 1 65 32 space
18709628 0 58 109 m
18775585 1 58 109 m
18797706 0 26 101 e
18901707 0 57 110 n
18923790 1 26 101 e
18964095 1 57 110 n
19065171 0 65 32 space
19137875 1 65 32 space
19224981 0 43 104 h
19301083 1 43 104 h
19324404 0 38 97 a
19452706 1 38 97 a
19483607 0 58 109 m
19544344 1 58 109 m
19762067 0 60 46 period
19831635 1 60 46 period
20050931 0 36 0 Return
20125589 1 36 0 Return
20664217 0 50 0 Shift_L
21139417 0 56 66 B
21232218 1 56 66 B
21241405 1 50 0 Shift_L
21363935 0 29 121 y
21452964 1 29 121 y
21571475 0 65 32 space
21655697 1 65 32 space
21661941 0 28 116 t
21770472 1 28 116 t
21782912 0 32 111 o
21843638 1 32 111 o
21966242 0 65 32 space
22057489 0 38 97 a
22069863 1 65 32 space
22166512 0 40 100 d
22191280 1 38 97 a
22219854 0 58 109 m
22279734 1 40 100 d
22289565 1 58 109 m
22367714 0 31 105 i
22502587 1 31 105 i
22545011 0 27 114 r
22652269 0 26 101 e
22710748 1 27 114 r
22778196 1 26 101 e
22806917 0 65 32 space
22916255 1 65 32 space
23206234 0 55 118 v
23299017 1 55 118 v
23384002 0 38 97 a
23487000 1 38 97 a
23499830 0 57 110 n
23561479 1 57 110 n
23647271 0 31 105 i
23747047 1 31 105 i
23753640 0 28 116 t
23861135 1 28 116 t
23936019 0 29 121 y
24036036 1 29 121 y
24157661 0 65 32 space
24243519 1 65 32 space
24318485 0 54 99 c
24380074 0 32 111 o
24437660 1 54 99 c
24446755 1 32 111 o
24569476 0 30 117 u
24708218 1 30 117 u
24714373 0 57 110 n
24790079 0 28 116 t
24832116 1 57 110 n
24902069 1 28 116 t
25031793 0 29 121 y
25133204 1 29 121 y
25264385 0 65 32 space
25363434 1 65 32 space
25469458 0 38 97 a
25583968 0 57 110 n
25604487 1 38 97 a
25654736 1 57 110 n
25763295 0 65 32 space
25821432 1 65 32 space
25932047 0 58 109 m
26009784 1 58 109 m
26119404 0 30 117 u
26196178 1 30 117 u
26202828 0 28 116 t
26293918 1 28 116 t
26345925 0 30 117 u
26424803 1 30 117 u
26445384 0 38 97 a
26564784 1 38 97 a
26592458 0 46 108 l
26653559 1 46 108 l
26764983 0 65 32 space
26857256 1 65 32 space
26910858 0 38 97 a
27025157 0 39 115 s
27079190 1 38 97 a
27122800 0 65 32 space
27145501 1 39 115 s
27229893 1 65 32 space
27309819 0 27 114 r
27427205 1 27 114 r
27445345 0 32 111 o
27535800 1 32 111 o
27622328 0 30 117 u
27723431 1 30 117 u
27774780 0 39 115 s
27864275 1 39 115 s
27937001 0 26 101 e
28043787 0 40 100 d
28061752 1 26 101 e
28170536 1 40 100 d
28410589 0 60 46 period
28483124 1 60 46 period
28630620 0 65 32 space
28693085 1 65 32 space
28722482 0 50 0 Shift_L
28799968 0 32 79 O
28844152 1 50 0 Shift_L
28870010 1 32 111 o
28918855 0 41 102 f
29025282 1 41 102 f
29037873 0 65 32 space
29110093 1 65 32 space
29153369 0 38 97 a
29258526 1 38 97 a
29272170 0 57 110 n
29341069 1 57 110 n
29446619 0 65 32 space
29535155 1 65 32 space
29579045 0 28 116 t
29673478 0 43 104 h
29685339 1 28 116 t
29750009 1 43 104 h
29823279 0 27 114 r
29913729 1 27 114 r
29958125 0 32 111 o
30064448 1 32 111 o
30133951 0 25 119 w
30226580 1 25 119 w
30374137 0 57 110 n
30460155 1 57 110 n
30592253 0 65 32 space
30695239 1 65 32 space
30792861 0 38 97 a
30901402 1 38 97 a
30907684 0 58 109 m
30978945 1 58 109 m
31096736 0 65 32 space
31204815 1 65 32 space
31258410 0 25 119 w
31331384 1 25 119 w
31398076 0 38 97 a
31507698 1 38 97 a
31518006 0 27 114 r
31642977 1 27 114 r
31685765 0 58 109 m
31754516 1 58 109 m
31867740 0 46 108 l
31940612 1 46 108 l
32109674 0 29 121 y
32182707 1 29 121 y
32373567 0 65 32 space
32456578 1 65 32 space
32597140 0 58 109 m
32679020 1 58 109 m
32735536 0 26 101 e
32842540 0 27 114 r
32900105 1 26 101 e
32983754 1 27 114 r
33133903 0 46 108 l
33217840 1 46 108 l
33597572 0 22 0 BackSpace
33671438 1 22 0 BackSpace
33709540 0 26 101 e
33811676 1 26 101 e
33914398 0 46 108 l
33992308 1 46 108 l
34303244 0 29 121 y
34421115 1 29 121 y
34605143 0 65 32 space
34709449 1 65 32 space
34888379 0 27 114 r
34981892 0 26 101 e
35064113 1 27 114 r
35095494 1 26 101 e
35193694 0 39 115 s
35282881 0 30 117 u
35298738 1 39 115 s
35366597 1 30 117 u
35537840 0 46 108 l
35608083 1 46 108 l
35620055 0 28 116 t
35718500 1 28 116 t
35769260 0 65 32 space
35882652 1 65 32 space
35925955 0 40 100 d
36026161 0 26 101 e
36097650 1 40 100 d
36151381 1 26 101 e
36168923 0 33 112 p
36246333 1 33 112 p
36289525 0 38 97 a
36373713 0 27 114 r
36418352 1 38 97 a
36457213 1 27 114 r
36546778 0 28 116 t
36624915 1 28 116 t
36688087 0 65 32 space
36808184 1 65 32 space
36882337 0 39 115 s
37006526 1 39 115 s
37045034 0 30 117 u
37138601 1 30 117 u
37302294 0 33 112 p
37361485 1 33 112 p
37444706 0 33 112 p
37499475 1 33 112 p
37600740 0 46 108 l
37698180 1 46 108 l
37879364 0 29 121 y
37955976 1 29 121 y
38185206 0 60 46 period
38259000 1 60 46 period
38433620 0 36 0 Return
38522895 1 36 0 Return
38994914 0 50 0 Shift_L
39187149 0 40 68 D
39262345 1 50 0 Shift_L
39303266 1 40 100 d
39601775 0 22 0 BackSpace
39675609 1 22 0 BackSpace
39682400 0 50 0 Shift_L
39723172 0 27 82 R
39800733 1 50 0 Shift_L
39852957 0 26 101 e
39887060 1 27 114 r
39958790 1 26 101 e
40068421 0 24 113 q
40182846 1 24 113 q
40189078 0 30 117 u
40254929 1 30 117 u
40356157 0 31 105 i
40446024 1 31 105 i
40452913 0 27 114 r
40515165 0 26 101 e
40576583 1 27 114 r
40664886 1 26 101 e
40705267 0 40 100 d
40813198 1 40 100 d
40840793 0 65 32 space
40937913 1 65 32 space
41063695 0 43 104 h
41109931 1 43 104 h
41327506 0 32 111 o
41366857 1 32 111 o
41608510 0 57 110 n
41669013 1 57 110 n
41778779 0 32 111 o
41864583 1 32 111 o
41939777 0 30 117 u
42050866 1 30 117 u
42064210 0 27 114 r
42179343 0 26 101 e
42215261 1 27 114 r
42313657 1 26 101 e
42351985 0 40 100 d
42455727 1 40 100 d
42484322 0 65 32 space
42564417 1 65 32 space
42742529 0 28 116 t
42845205 1 28 116 t
42941511 0 27 114 r
43038423 1 27 114 r
43052042 0 31 105 i
43144406 1 31 105 i
43209268 0 41 102 f
43322502 1 41 102 f
43474214 0 46 108 l
43547067 1 46 108 l
43664848 0 31 105 i
43770619 0 57 110 n
43805463 1 31 105 i
43846686 0 42 103 g
43884154 1 57 110 n
43959861 1 42 103 g
44006016 0 65 32 space
44140698 1 65 32 space
44146768 0 26 101 e
44251967 1 26 101 e
44347078 0 38 97 a
44437560 1 38 97 a
44492501 0 28 116 t
44598204 0 65 32 space
44610145 1 28 116 t
44703630 1 65 32 space
44871349 0 33 112 p
44925220 1 33 112 p
45083543 0 46 108 l
45166915 1 46 108 l
45184047 0 26 101 e
45287161 1 26 101 e
45357229 0 38 97 a
45468354 0 39 115 s
45505728 1 38 97 a
45623028 1 39 115 s
45765450 0 30 117 u
45869605 1 30 117 u
45906765 0 27 114 r
46041767 0 26 101 e
46053526 1 27 114 r
46182896 1 26 101 e
46325747 0 65 32 space
46396842 1 65 32 space
46512867 0 58 109 m
46585326 1 58 109 m
46755168 0 38 97 a
46874385 1 38 97 a
46880456 0 57 110 n
46951256 1 57 110 n
47077904 0 65 32 space
47160852 1 65 32 space
47369568 0 27 114 r
47461812 0 26 101 e
47534307 1 27 114 r
47582869 1 26 101 e
47596428 0 46 108 l
47677381 1 46 108 l
47753400 0 38 97 a
47827440 1 38 97 a
47869122 0 28 116 t
47985937 1 28 116 t
48000640 0 31 105 i
48071421 1 31 105 i
48172134 0 32 111 o
48230204 1 32 111 o
48310841 0 57 110 n
48395881 1 57 110 n
48554994 0 60 46 period
48627313 1 60 46 period
48761303 0 65 32 space
48847614 1 65 32 space
48854334 0 50 0 Shift_L
48927533 0 38 65 A
49008409 0 39 83 S
49020398 1 50 0 Shift_L
49037437 1 38 97 a
49096664 1 39 115 s
49205109 0 39 115 s
49315115 1 39 115 s
49384321 0 30 117 u
49499656 1 30 117 u
49719338 0 22 0 BackSpace
49778150 1 22 0 BackSpace
49868692 0 22 0 BackSpace
49924946 1 22 0 BackSpace
50012742 0 22 0 BackSpace
50086875 1 22 0 BackSpace
50136624 0 39 115 s
50215473 1 39 115 s
50311715 0 39 115 s
50391882 1 39 115 s
50489052 0 30 117 u
50580216 1 30 117 u
50729564 0 27 114 r
50826738 1 27 114 r
50884777 0 38 97 a
50981464 0 57 110 n
50999489 1 38 97 a
51060423 1 57 110 n
51100554 0 54 99 c
51195558 0 26 101 e
51244691 1 54 99 c
51324579 1 26 101 e
51332876 0 65 32 space
51443277 1 65 32 space
51777490 0 29 121 y
51869089 1 29 121 y
52178769 0 26 101 e
52285988 1 26 101 e
52322952 0 28 116 t
52447838 1 28 116 t
52470056 0 65 32 space
52589093 1 65 32 space
52702373 0 56 98 b
52809528 1 56 98 b
52877171 0 26 101 e
52977634 1 26 101 e
53055973 0 40 100 d
53168337 1 40 100 d
53175064 0 65 32 space
53276435 1 65 32 space
53424913 0 25 119 w
53506893 1 25 119 w
53604686 0 38 97 a
53676704 0 39 115 s
53734677 1 38 97 a
53762401 0 65 32 space
53784421 1 39 115 s
53853262 1 65 32 space
54021727 0 31 105 i
54066410 1 31 105 i
54197086 0 58 109 m
54271004 1 58 109 m
54384383 0 33 112 p
54452603 1 33 112 p
54586144 0 27 114 r
54680109 1 27 114 r
55010974 0 32 111 o
55134885 1 32 111 o
55403901 0 55 118 v
55499715 1 55 118 v
55527088 0 31 105 i
55620858 0 57 110 n
55656349 1 31 105 i
55692504 0 42 103 g
55711793 1 57 110 n
55795581 1 42 103 g
55832780 0 65 32 space
55928325 1 65 32 space
56190948 0 41 102 f
56306126 1 41 102 f
56359358 0 30 117 u
56399001 1 30 117 u
56626170 0 27 114 r
56734264 1 27 114 r
56800699 0 57 110 n
56878308 1 57 110 n
57135840 0 32 111 o
57182473 1 32 111 o
57663881 0 22 0 BackSpace
57725592 1 22 0 BackSpace
57871828 0 31 105 i
57955482 0 28 116 t
57967610 1 31 105 i
58070800 1 28 116 t
58222382 0 30 117 u
58322612 1 30 117 u
58364006 0 27 114 r
58458505 0 26 101 e
58523331 1 27 114 r
58592318 1 26 101 e
58813583 0 65 32 space
58907675 1 65 32 space
59046066 0 58 109 m
59141204 1 58 109 m
59189481 0 38 97 a
59293155 1 38 97 a
59299960 0 57 110 n
59376843 1 57 110 n
59581405 0 60 46 period
59635766 1 60 46 period
59830806 0 36 0 Return
59909227 1 36 0 Return
60400327 0 50 0 Shift_L
60666103 0 40 68 D
60757479 1 50 0 Shift_L
60800081 1 40 100 d
60818781 0 31 105 i
60947417 1 31 105 i
60953990 0 39 115 s
61027461 1 39 115 s
61100553 0 28 116 t
61191686 1 28 116 t
61282957 0 27 114 r
61375747 1 27 114 r
61401582 0 30 117 u
61506620 1 30 117 u
61811390 0 39 115 s
61903296 1 39 115 s
61968778 0 28 116 t
62074830 1 28 116 t
62187759 0 39 115 s
62360627 1 39 115 s
62438455 0 65 32 space
62562030 1 65 32 space
62878132 0 40 100 d
62977248 0 26 101 e
63021843 1 40 100 d
63094794 1 26 101 e
63120728 0 46 108 l
63175371 1 46 108 l
63294909 0 31 105 i
63360628 1 31 105 i
63373325 0 42 103 g
63481611 1 42 103 g
63567990 0 28 116 t
63664793 1 28 116 t
63718815 0 26 101 e
63865297 1 26 101 e
63915219 0 40 100 d
64010183 1 40 100 d
64052354 0 65 32 space
64137264 1 65 32 space
64358896 0 39 115 s
64480003 1 39 115 s
64485572 0 43 104 h
64554280 1 43 104 h
64577242 0 26 101 e
64669204 1 26 101 e
64712438 0 65 32 space
64804081 1 65 32 space
64980856 0 46 108 l
65047632 1 46 108 l
65157091 0 31 105 i
65233657 1 31 105 i
65298809 0 39 115 s
65370979 1 39 115 s
65436671 0 28 116 t
65535070 0 26 101 e
65564064 1 28 116 t
65646467 1 26 101 e
65680868 0 57 110 n
65755479 1 57 110 n
65844900 0 31 105 i
65935313 0 57 110 n
65962296 0 42 103 g
65974311 1 31 105 i
66032257 1 57 110 n
66059732 1 42 103 g
66142108 0 65 32 space
66216081 1 65 32 space
66307838 0 58 109 m
66351035 0 27 114 r
66389713 1 58 109 m
66454597 1 27 114 r
66589380 0 39 115 s
66693957 1 39 115 s
66765443 0 60 46 period
66848550 1 60 46 period
67213827 0 22 0 BackSpace
67279956 1 22 0 BackSpace
67308699 0 65 32 space
67412070 1 65 32 space
67547862 0 26 101 e
67637426 1 26 101 e
67749620 0 53 120 x
67823576 1 53 120 x
67945959 0 28 116 t
68092269 1 28 116 t
68100191 0 26 101 e
68230085 1 26 101 e
68285023 0 57 110 n
68398338 1 57 110 n
68455676 0 39 115 s
68543545 1 39 115 s
68683148 0 31 105 i
68803987 1 31 105 i
68935957 0 55 118 v
68996722 1 55 118 v
69077517 0 26 101 e
69182700 1 26 101 e
69198717 0 65 32 space
69287595 1 65 32 space
69331183 0 38 97 a
69448183 0 40 100 d
69476168 1 38 97 a
69552966 0 58 109 m
69568906 1 40 100 d
69590477 1 58 109 m
69657640 0 31 105 i
69759771 1 31 105 i
69776665 0 28 116 t
69866584 1 28 116 t
69935910 0 28 116 t
70037782 1 28 116 t
70044198 0 31 105 i
70126067 0 57 110 n
70178246 1 31 105 i
70227693 0 42 103 g
70239641 1 57 110 n
70322621 1 42 103 g
70351328 0 65 32 space
70427090 0 41 102 f
70471361 1 65 32 space
70506105 1 41 102 f
70576931 0 38 97 a
70672794 0 27 114 r
70709950 1 38 97 a
70791631 1 27 114 r
70836041 0 60 46 period
70927041 1 60 46 period
71116662 0 65 32 space
71226018 1 65 32 space
71555711 0 65 32 space
71568974 1 65 32 space
71681176 0 65 32 space
71773040 1 65 32 space
72059037 0 22 0 BackSpace
72151793 1 22 0 BackSpace
72920540 0 50 0 Shift_L
73038033 0 41 70 F
73162105 1 50 0 Shift_L
73178933 1 41 102 f
73274445 0 30 117 u
73356121 1 30 117 u
73574990 0 46 108 l
73634698 1 46 108 l
73737269 0 46 108 l
73811227 1 46 108 l
74001347 0 65 32 space
74129899 1 65 32 space
74281106 0 43 104 h
74360417 1 43 104 h
74398149 0 26 101 e
74494912 1 26 101 e
74502166 0 65 32 space
74591996 1 65 32 space
74686008 0 57 110 n
74756408 1 57 110 n
74878631 0 32 111 o
74943246 1 32 111 o
75062865 0 57 110 n
75129471 1 57 110 n
75178355 0 26 101 e
75281489 1 26 101 e
75469628 0 65 32 space
75576830 1 65 32 space
75752585 0 57 110 n
75827476 1 57 110 n
75929291 0 32 111 o
76006435 1 32 111 o
76146060 0 65 32 space
76251637 1 65 32 space
76347642 0 39 115 s
76473769 1 39 115 s
76505521 0 31 105 i
76618446 1 31 105 i
76625684 0 40 100 d
76709964 0 26 101 e
76782195 1 40 100 d
76857121 1 26 101 e
76944536 0 60 46 period
77024492 1 60 46 period
77178143 0 65 32 space
77297568 1 65 32 space
77367274 0 50 0 Shift_L
77621357 0 30 85 U
77716832 1 30 85 U
77741977 1 50 0 Shift_L
77913095 0 54 99 c
78033401 1 54 99 c
78376379 0 22 0 BackSpace
78427981 1 22 0 BackSpace
78586481 0 57 110 n
78663398 1 57 110 n
78669823 0 54 99 c
78775501 0 32 111 o
78787518 1 54 99 c
78840574 1 32 111 o
79633605 0 58 109 m
79720964 1 58 109 m
79848317 0 58 109 m
79920786 1 58 109 m
80044962 0 32 111 o
80103144 1 32 111 o
80259466 0 57 110 n
80338706 1 57 110 n
80484466 0 46 108 l
80546300 1 46 108 l
80729140 0 29 121 y
80828392 1 29 121 y
80979184 0 65 32 space
81090035 1 65 32 space
81176382 0 39 115 s
81275389 1 39 115 s
81329916 0 29 121 y
81338764 0 30 117 u
81374881 1 30 117 u
81390269 1 29 121 y
81452256 0 27 114 r
81530057 1 27 114 r
81634759 0 27 114 r
81728744 1 27 114 r
82017930 0 22 0 BackSpace
82076429 1 22 0 BackSpace
82175822 0 22 0 BackSpace
82237498 1 22 0 BackSpace
82332919 0 22 0 BackSpace
82392669 1 22 0 BackSpace
82471798 0 22 0 BackSpace
82543821 1 22 0 BackSpace
82801801 0 30 117 u
82869523 0 27 114 r
82881401 1 30 117 u
82946281 1 27 114 r
83036429 0 27 114 r
83142743 1 27 114 r
83158294 0 32 111 o
83194975 1 32 111 o
83337625 0 30 117 u
83462336 0 57 110 n
83474641 1 30 117 u
83556338 1 57 110 n
83576096 0 40 100 d
83672859 0 26 101 e
83709113 1 40 100 d
83797979 0 40 100 d
83834860 1 26 101 e
83940017 0 65 32 space
83951704 1 40 100 d
84059337 1 65 32 space
84300418 0 54 99 c
84372929 0 32 111 o
84412438 1 54 99 c
84439865 1 32 111 o
84538162 0 57 110 n
84574803 0 39 115 s
84620815 1 57 110 n
84698124 1 39 115 s
84716612 0 31 105 i
84802312 0 40 100 d
84831116 1 31 105 i
84924333 1 40 100 d
84941701 0 26 101 e
85021296 0 27 114 r
85047850 1 26 101 e
85171667 0 26 101 e
85219954 1 27 114 r
85315904 1 26 101 e
85381032 0 40 100 d
85480640 1 40 100 d
85523338 0 65 32 space
85615509 1 65 32 space
85759089 0 41 102 f
85850292 0 32 111 o
85862400 1 41 102 f
85916293 1 32 111 o
85947244 0 27 114 r
86044385 1 27 114 r
86067921 0 65 32 space
86137929 1 65 32 space
86217504 0 43 104 h
86276354 1 43 104 h
86404031 0 31 105 i
86472944 1 31 105 i
86646014 0 58 109 m
86742706 1 58 109 m
86877726 0 65 32 space
86972445 0 38 97 a
86984121 1 65 32 space
87074477 0 27 114 r
87102742 1 38 97 a
87191253 0 26 101 e
87310336 1 27 114 r
87375178 1 26 101 e
87450224 0 65 32 space
87561522 1 65 32 space
87715397 0 31 105 i
87803334 1 31 105 i
87810148 0 28 116 t
87887879 1 28 116 t
88014075 0 39 115 s
88108393 1 39 115 s
88136378 0 60 46 period
88224116 1 60 46 period
88388578 0 36 0 Return
88453702 1 36 0 Return
88965027 0 50 0 Shift_L
89309323 0 31 73 I
89405014 1 50 0 Shift_L
89414413 1 31 105 i
89459532 0 28 116 t
89561598 1 28 116 t
89661166 0 65 32 space
89762037 1 65 32 space
90011647 0 39 115 s
90061281 1 39 115 s
90338055 0 22 0 BackSpace
90408018 1 22 0 BackSpace
90430664 0 25 119 w
90514372 1 25 119 w
90608620 0 26 101 e
90708595 1 26 101 e
90751775 0 65 32 space
90874808 1 65 32 space
91015308 0 31 105 i
91093392 1 31 105 i
91155697 0 39 115 s
91241210 1 39 115 s
91264821 0 65 32 space
91364282 0 27 114 r
91376247 1 65 32 space
91459236 0 26 101 e
91522336 1 27 114 r
91579771 0 38 97 a
91591552 1 26 101 e
91708943 1 38 97 a
91716475 0 40 100 d
91815426 0 65 32 space
91826938 1 40 100 d
91930523 1 65 32 space
92082183 0 42 103 g
92135470 0 32 111 o
92180718 1 42 103 g
92221529 1 32 111 o
92312960 0 32 111 o
92385399 1 32 111 o
92443094 0 40 100 d
92536568 0 65 32 space
92556283 1 40 100 d
92646275 1 65 32 space
92686397 0 39 115 s
92783385 0 32 111 o
92795025 1 39 115 s
92845718 1 32 111 o
92949023 0 32 111 o
93025871 1 32 111 o
93132536 0 57 110 n
93208145 1 57 110 n
93383315 0 60 46 period
93477243 1 60 46 period
93606715 0 65 32 space
93689575 1 65 32 space
93745472 0 50 0 Shift_L
93829329 0 58 77 M
93889306 1 50 0 Shift_L
93923176 1 58 109 m
94094294 0 29 121 y
94172459 1 29 121 y
94302848 0 65 32 space
94415881 1 65 32 space
94430477 0 28 116 t
94534597 1 28 116 t
94543349 0 32 111 o
94606986 1 32 111 o
94729661 0 65 32 space
94814439 1 65 32 space
94847370 0 54 99 c
94918954 0 32 111 o
94948831 1 54 99 c
94975924 1 32 111 o
95076549 0 57 110 n
95154040 1 57 110 n
95218193 0 39 115 s
95342395 1 39 115 s
95390444 0 31 105 i
95494328 1 31 105 i
95690219 0 40 100 d
95816356 1 40 100 d
96111231 0 26 101 e
96222834 0 27 114 r
96235019 1 26 101 e
96362470 0 26 101 e
96380968 1 27 114 r
96489125 1 26 101 e
96547826 0 40 100 d
96644286 1 40 100 d
96712734 0 65 32 space
96826880 1 65 32 space
96973291 0 41 102 f
97068383 1 41 102 f
97182821 0 26 101 e
97280756 1 26 101 e
97700869 0 22 0 BackSpace
97764554 1 22 0 BackSpace
97837820 0 22 0 BackSpace
97912635 1 22 0 BackSpace
97919966 0 40 100 d
98012598 0 26 101 e
98051741 1 40 100 d
98112300 0 46 108 l
98125423 1 26 101 e
98172099 1 46 108 l
98294538 0 31 105 i
98371294 1 31 105 i
98395779 0 42 103 g
98485580 1 42 103 g
98535045 0 43 104 h
98633996 1 43 104 h
98656620 0 28 116 t
98765371 1 28 116 t
98930978 0 41 102 f
99033310 1 41 102 f
99050219 0 30 117 u
99126527 1 30 117 u
99280848 0 46 108 l
99350617 1 46 108 l
99466105 0 65 32 space
99574408 1 65 32 space
99683516 0 31 105 i
99741287 1 31 105 i
99795472 0 57 110 n
99881359 1 57 110 n
99895299 0 55 118 v
100015509 1 55 118 v
100063311 0 31 105 i
100146090 1 31 105 i
100505600 0 28 116 t
100606352 1 28 116 t
100700729 0 38 97 a
100800448 1 38 97 a
100831573 0 28 116 t
100881255 0 31 105 i
100929516 1 31 105 i
100941721 1 28 116 t
101029451 0 32 111 o
101088817 1 32 111 o
101185496 0 57 110 n
101259794 1 57 110 n
101365912 0 65 32 space
101458210 1 65 32 space
101513926 0 38 97 a
101630200 1 38 97 a
101647207 0 57 110 n
101714861 1 57 110 n
101821565 0 57 110 n
101862997 1 57 110 n
102030835 0 32 111 o
102102710 1 32 111 o
102216349 0 30 117 u
102277127 1 30 117 u
102409132 0 57 110 n
102505481 1 57 110 n
102595954 0 54 99 c
102719990 1 54 99 c
102837626 0 31 105 i
102943327 0 57 110 n
102977585 1 31 105 i
103084617 1 57 110 n
103183978 0 54 99 c
103298949 1 54 99 c
103632343 0 22 0 BackSpace
103688132 1 22 0 BackSpace
103695373 0 42 103 g
103789877 1 42 103 g
103887372 0 65 32 space
103985379 1 65 32 space
104127228 0 32 111 o
104192699 1 32 111 o
104243885 0 41 102 f
104333510 0 65 32 space
104349346 1 41 102 f
104399155 1 65 32 space
104491439 0 57 110 n
104555302 1 57 110 n
104634521 0 32 111 o
104705985 1 32 111 o
104821648 0 65 32 space
104921743 1 65 32 space
104940265 0 40 100 d
105025938 0 26 101 e
105075161 1 40 100 d
105119781 1 26 101 e
105216238 0 54 99 c
105330926 0 31 105 i
105343100 1 54 99 c
105423074 1 31 105 i
105540721 0 39 115 s
105635553 1 39 115 s
105661381 0 31 105 i
105784594 1 31 105 i
105824696 0 55 118 v
105922719 1 55 118 v
106019885 0 26 101 e
106098288 1 26 101 e
106161644 0 46 108 l
106236808 1 46 108 l
106451624 0 29 121 y
106549972 1 29 121 y
106686792 0 65 32 space
106764413 1 65 32 space
106880810 0 57 110 n
106890436 0 56 98 b
106926663 1 56 98 b
106935524 1 57 110 n
107470527 0 22 0 BackSpace
107561401 1 22 0 BackSpace
108086188 0 22 0 BackSpace
108160039 1 22 0 BackSpace
108324927 0 56 98 b
108399170 1 56 98 b
108563260 0 32 111 o
108649422 1 32 111 o
108734427 0 31 105 i
108845267 1 31 105 i
108900442 0 39 115 s
108994556 1 39 115 s
109413039 0 28 116 t
109501889 1 28 116 t
109611386 0 26 101 e
109788869 1 26 101 e
110309840 0 27 114 r
110424420 1 27 114 r
110682718 0 32 111 o
110777725 1 32 111 o
110880161 0 30 117 u
110957900 1 30 117 u
111040342 0 39 115 s
111136400 1 39 115 s
111218713 0 60 46 period
111311701 1 60 46 period
111601751 0 36 0 Return
111677743 1 36 0 Return
112226357 0 50 0 Shift_L
112823486 0 40 68 D
112903136 1 50 0 Shift_L
112940912 1 40 100 d
112981926 0 31 105 i
113071875 1 31 105 i
113156095 0 40 100 d
113251114 0 65 32 space
113274814 1 40 100 d
113366955 1 65 32 space
113373362 0 38 97 a
113475623 1 38 97 a
113590005 0 40 100 d
113696129 1 40 100 d
113790515 0 40 100 d
113877284 1 40 100 d
113895441 0 65 32 space
114018045 0 40 100 d
114030300 1 65 32 space
114126210 1 40 100 d
114230260 0 38 97 a
114338276 0 39 115 s
114410861 1 38 97 a
114493198 1 39 115 s
114993442 0 43 104 h
115057025 1 43 104 h
115208645 0 25 119 w
115296637 1 25 119 w
115495694 0 32 111 o
115571651 1 32 111 o
115660738 0 32 111 o
115744654 1 32 111 o
115822644 0 40 100 d
115970125 1 40 100 d
116033329 0 39 115 s
116168643 1 39 115 s
116223542 0 65 32 space
116336708 1 65 32 space
116443091 0 40 100 d
116522882 0 26 101 e
116576193 1 40 100 d
116651076 1 26 101 e
116708206 0 41 102 f
116804435 1 41 102 f
116810893 0 31 105 i
116909655 1 31 105 i
117035381 0 54 99 c
117139216 0 31 105 i
117151275 1 54 99 c
117243142 1 31 105 i
117261005 0 26 101 e
117379301 1 26 101 e
117421345 0 57 110 n
117497563 0 28 116 t
117509845 1 57 110 n
117624148 1 28 116 t
117658888 0 65 32 space
117740786 1 65 32 space
117836938 0 58 109 m
117902605 1 58 109 m
117930584 0 38 97 a
118023332 0 57 110 n
118058219 1 38 97 a
118098301 1 57 110 n
118195176 0 65 32 space
118264505 1 65 32 space
118299368 0 54 99 c
118365843 0 32 111 o
118423321 1 54 99 c
118432462 1 32 111 o
118518867 0 57 110 n
118612458 1 57 110 n
118618488 0 54 99 c
118732561 1 54 99 c
118778676 0 46 108 l
118848337 1 46 108 l
119046431 0 30 117 u
119186923 1 30 117 u
119236701 0 40 100 d
119332271 0 26 101 e
119380463 1 40 100 d
119510662 0 40 100 d
119526607 1 26 101 e
119624641 1 40 100 d
119764757 0 65 32 space
119876729 1 65 32 space
120198499 0 38 97 a
120319377 0 40 100 d
120353476 1 38 97 a
120391166 1 40 100 d
120473767 0 40 100 d
120581421 0 31 105 i
120593391 1 40 100 d
120675965 1 31 105 i
120685318 0 28 116 t
120789232 1 28 116 t
120809095 0 31 105 i
120866993 1 31 105 i
120969210 0 32 111 o
121049108 1 32 111 o
121092173 0 57 110 n
121196335 1 57 110 n
121256389 0 39 115 s
121346213 0 65 32 space
121360940 1 39 115 s
121468556 1 65 32 space
121475997 0 27 114 r
121612716 0 26 101 e
121659148 1 27 114 r
121695722 0 32 111 o
121712548 1 26 101 e
121841668 1 32 111 o
122211566 0 22 0 BackSpace
122270069 1 22 0 BackSpace
122313792 0 39 115 s
122419260 0 32 111 o
122431040 1 39 115 s
122511074 1 32 111 o
122604467 0 30 117 u
122704454 1 30 117 u
122761520 0 27 114 r
122850850 1 27 114 r
122984371 0 54 99 c
123130219 1 54 99 c
123140125 0 26 101 e
123189052 1 26 101 e
123457538 0 39 115 s
123547385 1 39 115 s
123707504 0 60 46 period
123790660 1 60 46 period
123948589 0 65 32 space
124043310 1 65 32 space
124170788 0 50 0 Shift_L
124289739 0 32 79 O
124349807 1 50 0 Shift_L
124370461 1 32 111 o
124426715 0 27 114 r
124528516 1 27 114 r
124553504 0 65 32 space
124641439 1 65 32 space
124774918 0 46 108 l
124851914 1 46 108 l
124898937 0 38 97 a
125016823 1 38 97 a
125042289 0 57 110 n
125123816 1 57 110 n
125133689 0 40 100 d
125230902 1 40 100 d
125849814 0 46 108 l
125920325 1 46 108 l
126023812 0 32 111 o
126098640 1 32 111 o
126200019 0 27 114 r
126274880 1 27 114 r
126387090 0 40 100 d
126449708 0 65 32 space
126467617 1 40 100 d
126547764 1 65 32 space
126814409 0 33 112 p
126900224 1 33 112 p
126930912 0 38 97 a
127047071 1 38 97 a
127075145 0 54 99 c
127180229 1 54 99 c
127186866 0 45 107 k
127272867 1 45 107 k
127284560 0 38 97 a
127359238 1 38 97 a
127424387 0 42 103 g
127534616 1 42 103 g
127576513 0 26 101 e
127675291 1 26 101 e
127780864 0 39 115 s
127859695 1 39 115 s
127926899 0 65 32 space
128029684 1 65 32 space
128128373 0 32 111 o
128216327 1 32 111 o
128272821 0 55 118 v
128351370 1 55 118 v
128407884 0 26 101 e
128490188 0 27 114 r
128535702 1 26 101 e
128597222 1 27 114 r
128739797 0 54 99 c
128839751 1 54 99 c
128878661 0 38 97 a
128983555 1 38 97 a
129007874 0 58 109 m
129093579 1 58 109 m
129111494 0 26 101 e
129215344 1 26 101 e
129405755 0 65 32 space
129508685 1 65 32 space
129523304 0 40 100 d
129634778 1 40 100 d
129640455 0 31 105 i
129715826 1 31 105 i
129750702 0 39 115 s
129830873 1 39 115 s
129932267 0 28 116 t
130001269 1 28 116 t
130082063 0 38 97 a
130193181 1 38 97 a
130200394 0 57 110 n
130271112 1 57 110 n
130278533 0 54 99 c
130336226 0 26 101 e
130399348 1 54 99 c
130465280 1 26 101 e
130530603 0 65 32 space
130600367 1 65 32 space
130713124 0 58 109 m
130765359 1 58 109 m
130819379 0 38 97 a
130870983 1 38 97 a
131026266 0 22 0 BackSpace
131087037 1 22 0 BackSpace
131182715 0 22 0 BackSpace
131253450 1 22 0 BackSpace
131272169 0 39 115 s
131396983 1 39 115 s
131430782 0 58 109 m
131474265 0 38 97 a
131495198 1 58 109 m
131583114 1 38 97 a
131635400 0 46 108 l
131693816 1 46 108 l
131783091 0 46 108 l
131865098 1 46 108 l
131873307 0 26 101 e
131958684 1 26 101 e
132081701 0 39 115 s
132167600 1 39 115 s
132242377 0 28 116 t
132340271 0 65 32 space
132352497 1 28 116 t
132402833 1 65 32 space
132493962 0 31 105 i
132587534 0 57 110 n
132604706 1 31 105 i
132660198 1 57 110 n
132751646 0 65 32 space
132808118 0 28 116 t
132845215 1 65 32 space
132866816 1 28 116 t
133182406 0 22 0 BackSpace
133236114 1 22 0 BackSpace
133255520 0 27 114 r
133336137 0 26 101 e
133381429 1 27 114 r
133451157 1 26 101 e
133551379 0 54 99 c
133643291 1 54 99 c
133769201 0 30 117 u
133891206 1 30 117 u
134281532 0 27 114 r
134398848 1 27 114 r
134491085 0 27 114 r
134599766 0 26 101 e
134627955 1 27 114 r
134720863 1 26 101 e
134802753 0 40 100 d
134886622 1 40 100 d
134961890 0 60 46 period
135049683 1 60 46 period
135393879 0 36 0 Return
135464172 1 36 0 Return
135812072 0 50 0 Shift_L
136086545 0 25 87 W
136176226 1 50 0 Shift_L
136187246 1 25 119 w
136263484 0 27 114 r
136374657 1 27 114 r
136411377 0 31 105 i
136420679 0 32 111 o
136492095 1 32 111 o
136508477 1 31 105 i
136878157 0 22 0 BackSpace
136931814 1 22 0 BackSpace
137021242 0 22 0 BackSpace
137076873 1 22 0 BackSpace
137197170 0 32 111 o
137271838 1 32 111 o
137363096 0 57 110 n
137451106 1 57 110 n
137457923 0 42 103 g
137591704 0 65 32 space
137603703 1 42 103 g
137662661 1 65 32 space
137751891 0 58 109 m
137820662 0 38 97 a
137837322 1 58 109 m
137954501 1 38 97 a
137961092 0 31 105 i
138046298 1 31 105 i
138083951 0 40 100 d
138225518 1 40 100 d
138232557 0 39 115 s
138344531 1 39 115 s
138378647 0 65 32 space
138453269 1 65 32 space
138560979 0 32 111 o
138641253 1 32 111 o
138676372 0 27 114 r
138781817 1 27 114 r
138792830 0 65 32 space
138859463 1 65 32 space
138968766 0 56 98 b
139026437 1 56 98 b
139049501 0 26 101 e
139133406 1 26 101 e
139187653 0 65 32 space
139281371 1 65 32 space
139294305 0 38 97 a
139374871 0 39 115 s
139432786 1 38 97 a
139475302 1 39 115 s
139531316 0 45 107 k
139598239 1 45 107 k
139604928 0 26 101 e
139724127 1 26 101 e
139771363 0 40 100 d
139867206 0 65 32 space
139880978 1 40 100 d
139940006 1 65 32 space
140039230 0 57 110 n
140118179 1 57 110 n
140215637 0 32 111 o
140297538 1 32 111 o
140459275 0 65 32 space
140532102 1 65 32 space
140632124 0 32 111 o
140708149 1 32 111 o
140810770 0 57 110 n
140884499 1 57 110 n
140992074 0 65 32 space
141086900 1 65 32 space
141106779 0 26 101 e
141179443 1 26 101 e
141238617 0 44 106 j
141277202 1 44 106 j
141311273 0 57 110 n
141396207 1 57 110 n
141646490 0 22 0 BackSpace
141696541 1 22 0 BackSpace
141781916 0 22 0 BackSpace
141840803 1 22 0 BackSpace
141995852 0 57 110 n
142081929 1 57 110 n
142203380 0 44 106 j
142285395 1 44 106 j
142387520 0 32 111 o
142478826 1 32 111 o
142634429 0 29 121 y
142733608 1 29 121 y
143026400 0 65 32 space
143143446 1 65 32 space
143466705 0 22 0 BackSpace
143520358 1 22 0 BackSpace
143656813 0 60 46 period
143728421 1 60 46 period
143888345 0 65 32 space
143976248 1 65 32 space
143982719 0 50 0 Shift_L
144114524 0 43 72 H
144180319 1 50 0 Shift_L
144189320 1 43 104 h
144385516 0 32 111 o
144452523 1 32 111 o
144561194 0 30 117 u
144649797 1 30 117 u
144710214 0 39 115 s
144797417 1 39 115 s
144871200 0 26 101 e
144976238 1 26 101 e
145165317 0 43 104 h
145179681 1 43 104 h
145319600 0 32 111 o
145395281 1 32 111 o
145518803 0 46 108 l
145593805 1 46 108 l
145601027 0 40 100 d
145722322 1 40 100 d
145775629 0 65 32 space
145882663 1 65 32 space
145992201 0 41 102 f
146078031 1 41 102 f
146165790 0 26 101 e
146264582 1 26 101 e
146371944 0 25 119 w
146449815 1 25 119 w
146545498 0 65 32 space
146671376 1 65 32 space
146847276 0 39 115 s
146953248 1 39 115 s
146966938 0 32 111 o
147058923 1 32 111 o
147082722 0 58 109 m
147206716 1 58 109 m
147213168 0 26 101 e
147319446 1 26 101 e
147366700 0 28 116 t
147474614 1 28 116 t
147504422 0 31 105 i
147602417 1 31 105 i
147692838 0 58 109 m
147792895 1 58 109 m
147799484 0 26 101 e
147864352 1 26 101 e
147973550 0 39 115 s
148033382 0 65 32 space
148064680 1 39 115 s
148114267 1 65 32 space
148195771 0 32 111 o
148279356 1 32 111 o
148337450 0 30 117 u
148428578 0 28 116 t
148441743 1 30 117 u
148530366 1 28 116 t
148595512 0 65 32 space
148700465 1 65 32 space
148707264 0 38 97 a
148785942 1 38 97 a
148872390 0 28 116 t
148935277 1 28 116 t
149024607 0 28 116 t
149094381 1 28 116 t
149145151 0 26 101 e
149260245 1 26 101 e
149266972 0 57 110 n
149351162 1 57 110 n
149376844 0 40 100 d
149476380 1 40 100 d
149510245 0 31 105 i
149589819 0 57 110 n
149614917 1 31 105 i
149693666 0 42 103 g
149705483 1 57 110 n
149803855 1 42 103 g
149830069 0 65 32 space
149940907 1 65 32 space
149998097 0 40 100 d
150088633 0 26 101 e
150144720 1 40 100 d
150201347 1 26 101 e
150301202 0 39 115 s
150372962 1 39 115 s
150434937 0 54 99 c
150526952 1 54 99 c
150633694 0 27 114 r
150734652 1 27 114 r
150742153 0 31 105 i
150860394 1 31 105 i
150997447 0 56 98 b
151089162 1 56 98 b
151124322 0 26 101 e
151300747 1 26 101 e
151320468 0 40 100 d
151430811 1 40 100 d
151820171 0 60 46 period
151906029 1 60 46 period
152084881 0 65 32 space
152197885 1 65 32 space
152586038 0 50 0 Shift_L
152693114 0 46 76 L
152740195 1 50 0 Shift_L
152767744 1 46 108 l
152830264 0 38 97 a
152939184 1 38 97 a
152945491 0 31 105 i
153015643 1 31 105 i
153054553 0 57 110 n
153133423 1 57 110 n
153361259 0 65 32 space
153452844 1 65 32 space
153785963 0 44 106 j
153886678 1 44 106 j
153986084 0 30 117 u
154023368 0 39 115 s
154058481 1 30 117 u
154111279 1 39 115 s
154173509 0 28 116 t
154297550 1 28 116 t
154311421 0 65 32 space
154429606 1 65 32 space
154545933 0 41 102 f
154634472 1 41 102 f
154693093 0 38 97 a
154785551 1 38 97 a
154828694 0 54 99 c
154904512 1 54 99 c
155016204 0 28 116 t
155111292 1 28 116 t
155122147 0 65 32 space
155221015 1 65 32 space
155306364 0 41 102 f
155381037 1 41 102 f
155403893 0 32 111 o
155485942 1 32 111 o
155594410 0 30 117 u
155704408 1 30 117 u
155762810 0 27 114 r
155861451 1 27 114 r
155945767 0 65 32 space
156058917 1 65 32 space
156165868 0 32 111 o
156256101 1 32 111 o
156291562 0 41 102 f
156389384 1 41 102 f
156413090 0 65 32 space
156469163 1 65 32 space
156826397 0 38 97 a
156917656 1 38 97 a
157120497 0 58 109 m
157217583 1 58 109 m
157370999 0 65 32 space
157469945 1 65 32 space
157580852 0 58 109 m
157637867 0 26 101 e
157649830 1 58 109 m
157705519 1 26 101 e
157811517 0 26 101 e
157874151 1 26 101 e
157928530 0 28 116 t
158038075 1 28 116 t
158081083 0 65 32 space
158165385 1 65 32 space
158311021 0 43 104 h
158332725 1 43 104 h
158440924 0 31 105 i
158524510 1 31 105 i
158538052 0 42 103 g
158621715 0 43 104 h
158634806 1 42 103 g
158720774 1 43 104 h
158909283 0 60 46 period
158978352 1 60 46 period
159238144 0 36 0 Return
159302069 1 36 0 Return
159808293 0 50 0 Shift_L
160058497 0 56 66 B
160121755 1 56 66 B
160255443 1 50 0 Shift_L
160372535 0 22 0 BackSpace
160433197 1 22 0 BackSpace
160504913 0 50 0 Shift_L
160623665 0 43 72 H
160674873 1 50 0 Shift_L
160689820 1 43 104 h
160746844 0 26 101 e
160859961 1 26 101 e
160867021 0 65 32 space
160964790 1 65 32 space
160982546 0 40 100 d
161082342 1 40 100 d
161096350 0 32 111 o
161163332 1 32 111 o
161278875 0 65 32 space
161379651 1 65 32 space
161452062 0 39 115 s
161560111 1 39 115 s
161590041 0 30 117 u
161688793 1 30 117 u
161788252 0 56 98 b
161867856 1 56 98 b
161981703 0 44 106 j
162075977 1 44 106 j
162113405 0 26 101 e
162228443 1 26 101 e
162343968 0 54 99 c
162416891 1 54 99 c
162524390 0 28 116 t
162599097 1 28 116 t
162716014 0 39 115 s
162816825 0 65 32 space
162828910 1 39 115 s
162881707 1 65 32 space
163028301 0 33 112 p
163103307 1 33 112 p
163162414 0 27 114 r
163282651 0 26 101 e
163329693 1 27 114 r
163399987 1 26 101 e
163460050 0 33 112 p
163527851 0 38 97 a
163545120 1 33 112 p
163648343 1 38 97 a
163660655 0 27 114 r
163762031 0 26 101 e
163817912 1 27 114 r
163897160 1 26 101 e
163989511 0 40 100 d
164070212 1 40 100 d
164147664 0 65 32 space
164255025 1 65 32 space
164663358 0 56 98 b
164732935 1 56 98 b
164748840 0 38 97 a
164844120 1 38 97 a
164876775 0 54 99 c
164985686 1 54 99 c
164992596 0 43 104 h
165056318 1 43 104 h
165102232 0 26 101 e
165198311 1 26 101 e
165270556 0 46 108 l
165315230 1 46 108 l
165413784 0 32 111 o
165474301 1 32 111 o
165490925 0 27 114 r
165604187 1 27 114 r
165623093 0 65 32 space
165697979 1 65 32 space
165776165 0 44 106 j
165870071 1 44 106 j
165956697 0 30 117 u
166022966 0 55 118 v
166047024 1 30 117 u
166132409 1 55 118 v
166194994 0 26 101 e
166313092 1 26 101 e
166599871 0 57 110 n
166680850 1 57 110 n
166757890 0 31 105 i
166840197 1 31 105 i
166983387 0 46 108 l
167052581 1 46 108 l
167076299 0 26 101 e
167214557 1 26 101 e
167290065 0 65 32 space
167385188 1 65 32 space
167635664 0 29 121 y
167722514 1 29 121 y
167734670 0 26 101 e
167825509 1 26 101 e
167831868 0 65 32 space
167908666 1 65 32 space
167999278 0 32 111 o
168076469 1 32 111 o
168171944 0 43 104 h
168248701 1 43 104 h
168443758 0 60 46 period
168452647 0 59 44 comma
168479911 1 59 44 comma
168501423 1 60 46 period
168663365 0 65 32 space
168748481 1 65 32 space
168775078 0 50 0 Shift_L
168860000 1 50 0 Shift_L
168998243 0 22 0 BackSpace
169049835 1 22 0 BackSpace
169137239 0 22 0 BackSpace
169204838 1 22 0 BackSpace
169238449 0 65 32 space
169330341 1 65 32 space
169401433 0 50 0 Shift_L
169477960 0 43 72 H
169534952 1 50 0 Shift_L
169546831 1 43 104 h
169612191 0 26 101 e
169729312 1 26 101 e
169771237 0 65 32 space
169890401 1 65 32 space
170092327 0 41 102 f
170218119 0 26 101 e
170230234 1 41 102 f
170303108 1 26 101 e
170387526 0 26 101 e
170489916 1 26 101 e
170497197 0 46 108 l
170562911 1 46 108 l
170697463 0 31 105 i
170781282 0 57 110 n
170800259 1 31 105 i
170831416 0 42 103 g
170893823 1 57 110 n
170928539 1 42 103 g
171041214 0 39 115 s
171073681 0 65 32 space
171149089 1 39 115 s
171178701 1 65 32 space
171281960 0 27 114 r
171376162 0 26 101 e
171440731 1 27 114 r
171487204 1 26 101 e
171532551 0 58 109 m
171588398 1 58 109 m
171686458 0 32 111 o
171728236 1 32 111 o
171752773 0 55 118 v
171839145 1 55 118 v
171914028 0 31 105 i
172012936 0 57 110 n
172047144 1 31 105 i
172081093 0 42 103 g
172125554 1 57 110 n
172215667 1 42 103 g
172269774 0 65 32 space
172387854 1 65 32 space
172676548 0 31 105 i
172786290 0 57 110 n
172828532 1 31 105 i
172874132 0 41 102 f
172893195 1 57 110 n
172981812 1 41 102 f
173011938 0 32 111 o
173062756 0 27 114 r
173090207 1 32 111 o
173157167 1 27 114 r
173225617 0 58 109 m
173288490 0 38 97 a
173300876 1 58 109 m
173395023 1 38 97 a
173471382 0 26 101 e
173591092 1 26 101 e
173611898 0 40 100 d
173710087 1 40 100 d
173966049 0 22 0 BackSpace
174019754 1 22 0 BackSpace
174105796 0 22 0 BackSpace
174151660 1 22 0 BackSpace
174237013 0 22 0 BackSpace
174303691 1 22 0 BackSpace
174324889 0 26 101 e
174418846 0 40 100 d
174461778 1 26 101 e
174555896 1 40 100 d
174605025 0 65 32 space
174731780 1 65 32 space
174925100 0 43 104 h
174992023 1 43 104 h
175049043 0 26 101 e
175143144 1 26 101 e
175176942 0 65 32 space
175276760 1 65 32 space
175303568 0 38 97 a
175391572 0 39 115 s
175437629 1 38 97 a
175522846 1 39 115 s
175545632 0 65 32 space
175634240 1 65 32 space
175801341 0 31 105 i
175945622 1 31 105 i
175985539 0 42 103 g
176073509 1 42 103 g
176102456 0 57 110 n
176178561 1 57 110 n
176265927 0 32 111 o
176330159 0 27 114 r
176346100 1 32 111 o
176448449 1 27 114 r
176615005 0 38 97 a
176725131 1 38 97 a
176749102 0 57 110 n
176862560 1 57 110 n
176978053 0 28 116 t
177106161 1 28 116 t
177273776 0 65 32 space
177385054 1 65 32 space
177724074 0 25 119 w
177780945 1 25 119 w
177875978 0 26 101 e
177942877 1 26 101 e
177952652 0 65 32 space
178028549 1 65 32 space
178141010 0 33 112 p
178190303 0 27 114 r
178211409 1 33 112 p
178293548 0 26 101 e
178339248 1 27 114 r
178375550 1 26 101 e
178422698 0 33 112 p
178501496 1 33 112 p
178521256 0 38 97 a
178622268 0 27 114 r
178637022 1 38 97 a
178719653 0 26 101 e
178764123 1 27 114 r
178847333 1 26 101 e
178888074 0 40 100 d
178992248 1 40 100 d
179043352 0 60 46 period
179116174 1 60 46 period
179297690 0 36 0 Return
179370617 1 36 0 Return
179884808 0 50 0 Shift_L
180232081 0 26 69 E
180273419 1 50 0 Shift_L
180329484 1 26 101 e
180421973 0 55 118 v
180549154 1 55 118 v
180581118 0 26 101 e
180702956 1 26 101 e
180753412 0 31 105 i
180844989 0 57 110 n
180895666 1 31 105 i
180963819 0 42 103 g
180987166 1 57 110 n
181070913 1 42 103 g
181133722 0 65 32 space
181228715 1 65 32 space
181261769 0 40 100 d
181345575 0 32 111 o
181372513 1 40 100 d
181419488 1 32 111 o
181521114 0 65 32 space
181590246 0 41 102 f
181602458 1 65 32 space
181696378 1 41 102 f
181703102 0 32 111 o
181771845 1 32 111 o
181824837 0 27 114 r
181931040 1 27 114 r
181950750 0 58 109 m
182046482 1 58 109 m
182143936 0 31 105 i
182251724 0 57 110 n
182274170 1 31 105 i
182296331 0 42 103 g
182375679 1 57 110 n
182423333 1 42 103 g
182510051 0 65 32 space
182619158 1 65 32 space
182765447 0 32 111 o
182849407 1 32 111 o
182973500 0 56 98 b
183053919 1 56 98 b
183112947 0 39 115 s
183204129 1 39 115 s
183275498 0 26 101 e
183419511 1 26 101 e
183439443 0 27 114 r
183563846 1 27 114 r
183684941 0 55 118 v
183790113 1 55 118 v
183844299 0 26 101 e
183944114 1 26 101 e
183953359 0 65 32 space
184027742 1 65 32 space
184078346 0 39 115 s
184154722 1 39 115 s
184177735 0 33 112 p
184247084 1 33 112 p
184370657 0 31 105 i
184474510 1 31 105 i
184536172 0 27 114 r
184618601 1 27 114 r
184703708 0 31 105 i
184810899 1 31 105 i
184937655 0 28 116 t
185013396 1 28 116 t
185156137 0 39 115 s
185243234 1 39 115 s
185302717 0 65 32 space
185395070 1 65 32 space
185504718 0 31 105 i
185512684 0 47 248 oslash
185532639 1 47 248 oslash
185585220 1 31 105 i
185614621 0 39 115 s
185711271 1 39 115 s
185999362 0 22 0 BackSpace
186051997 1 22 0 BackSpace
186130366 0 22 0 BackSpace
186190128 1 22 0 BackSpace
186502170 0 39 115 s
186583580 1 39 115 s
186824965 0 65 32 space
186893680 1 65 32 space
186977765 0 31 105 i
187073514 0 57 110 n
187108920 1 31 105 i
187162623 1 57 110 n
187276605 0 65 32 space
187382230 1 65 32 space
187509465 0 54 99 c
187606509 1 54 99 c
187629697 0 32 111 o
187716611 1 32 111 o
187799058 0 30 117 u
187876006 1 30 117 u
188003697 0 57 110 n
188035660 0 28 116 t
188100026 1 57 110 n
188109387 1 28 116 t
188196065 0 27 114 r
188300679 1 27 114 r
188333647 0 29 121 y
188433659 1 29 121 y
188525886 0 65 32 space
188613777 1 65 32 space
188809854 0 43 104 h
188922861 1 43 104 h
188960595 0 26 101 e
189078515 0 38 97 a
189148126 1 26 101 e
189167144 0 27 114 r
189206043 1 38 97 a
189255325 1 27 114 r
189710119 0 28 116 t
189780891 1 28 116 t
189928429 0 26 101 e
190035569 1 26 101 e
190079613 0 40 100 d
190145516 1 40 100 d
190196596 0 65 32 space
190294644 1 65 32 space
190447194 0 56 98 b
190553126 1 56 98 b
190583681 0 26 101 e
190684467 1 26 101 e
190751473 0 65 32 space
190844545 1 65 32 space
190953764 0 32 111 o
191035826 1 32 111 o
191149173 0 41 102 f
191235069 1 41 102 f
191671462 0 22 0 BackSpace
192330037 0 22 0 BackSpace
192370066 0 22 0 BackSpace
192410593 0 22 0 BackSpace
192450936 0 22 0 BackSpace
192491131 0 22 0 BackSpace
192531562 0 22 0 BackSpace
192571759 0 22 0 BackSpace
192611755 0 22 0 BackSpace
192653429 0 22 0 BackSpace
192692408 0 22 0 BackSpace
192732756 0 22 0 BackSpace
192772481 0 22 0 BackSpace
192812650 0 22 0 BackSpace
192852733 0 22 0 BackSpace
192893903 0 22 0 BackSpace
192933606 0 22 0 BackSpace
192975095 0 22 0 BackSpace
193015443 0 22 0 BackSpace
193054280 0 22 0 BackSpace
193064540 1 22 0 BackSpace
193181101 0 22 0 BackSpace
193259820 1 22 0 BackSpace
193360123 0 22 0 BackSpace
193466222 1 22 0 BackSpace
193681255 0 60 46 period
193780953 1 60 46 period
194491082 0 65 32 space
194659089 1 65 32 space
195392745 0 113 0 Left
195754270 1 113 0 Left
195926664 0 114 0 Right
195989004 1 114 0 Right
196297791 0 22 0 BackSpace
196958398 0 22 0 BackSpace
196998809 0 22 0 BackSpace
197038213 0 22 0 BackSpace
197078798 0 22 0 BackSpace
197118605 0 22 0 BackSpace
197159166 0 22 0 BackSpace
197199148 0 22 0 BackSpace
197239655 0 22 0 BackSpace
197280222 0 22 0 BackSpace
197320460 0 22 0 BackSpace
197360517 0 22 0 BackSpace
197400679 0 22 0 BackSpace
197439925 0 22 0 BackSpace
197480235 0 22 0 BackSpace
197520761 0 22 0 BackSpace
197560829 0 22 0 BackSpace
197601254 0 22 0 BackSpace
197641570 0 22 0 BackSpace
197681772 0 22 0 BackSpace
197721924 0 22 0 BackSpace
197762427 0 22 0 BackSpace
197802665 0 22 0 BackSpace
197843415 0 22 0 BackSpace
197882395 0 22 0 BackSpace
197922711 0 22 0 BackSpace
197962749 0 22 0 BackSpace
198001953 0 22 0 BackSpace
198042292 0 22 0 BackSpace
198082431 0 22 0 BackSpace
198122904 0 22 0 BackSpace
198163161 0 22 0 BackSpace
198203569 0 22 0 BackSpace
198243841 0 22 0 BackSpace
198283020 0 22 0 BackSpace
198301389 1 22 0 BackSpace
198418972 0 22 0 BackSpace
198499947 1 22 0 BackSpace
198605309 0 22 0 BackSpace
198663083 1 22 0 BackSpace
198750139 0 22 0 BackSpace
198839238 1 22 0 BackSpace
199168038 0 57 110 n
199241431 1 57 110 n
199348778 0 31 105 i
199436337 0 57 110 n
199467619 1 31 105 i
199523919 0 42 103 g
199540083 1 57 110 n
199637085 1 42 103 g
199695671 0 65 32 space
199822590 1 65 32 space
200181485 0 40 100 d
200250189 0 32 111 o
200275094 1 40 100 d
200324735 1 32 111 o
200463920 0 65 32 space
200536394 1 65 32 space
200549080 0 41 102 f
200642812 0 32 111 o
200658555 1 41 102 f
200717689 1 32 111 o
200764188 0 27 114 r
200868946 0 58 109 m
200885919 1 27 114 r
200938674 1 58 109 m
201021076 0 31 105 i
201118054 0 57 110 n
201152257 1 31 105 i
201231032 0 42 103 g
201246088 1 57 110 n
201337136 1 42 103 g
201381039 0 65 32 space
201463679 1 65 32 space
201592012 0 32 111 o
201659817 1 32 111 o
201796476 0 56 98 b
201874345 1 56 98 b
201927507 0 39 115 s
201998640 1 39 115 s
202082816 0 26 101 e
202156958 0 27 114 r
202211662 1 26 101 e
202261873 1 27 114 r
202362811 0 55 118 v
202482694 1 55 118 v
202524935 0 26 101 e
202635663 0 65 32 space
202649299 1 26 101 e
202739671 1 65 32 space
202791542 0 39 115 s
202906870 1 39 115 s
202959803 0 33 112 p
203041768 1 33 112 p
203173242 0 31 105 i
203277145 1 31 105 i
203312837 0 27 114 r
203398061 1 27 114 r
203459639 0 31 105 i
203570234 1 31 105 i
203596945 0 28 116 t
203701601 1 28 116 t
203828176 0 39 115 s
203950327 1 39 115 s
203955699 0 65 32 space
204041962 1 65 32 space
204118318 0 31 105 i
204192736 1 31 105 i
204198883 0 39 115 s
204274541 1 39 115 s
204363946 0 65 32 space
204430701 1 65 32 space
204571046 0 31 105 i
204693120 1 31 105 i
204781436 0 57 110 n
204858129 1 57 110 n
205110146 0 60 46 period
205191250 1 60 46 period
205397465 0 22 0 BackSpace
205469154 1 22 0 BackSpace
205559543 0 22 0 BackSpace
205607213 1 22 0 BackSpace
206274923 0 31 105 i
206367362 1 31 105 i
206449807 0 57 110 n
206509524 1 57 110 n
206682065 0 60 46 period
206764752 1 60 46 period
206939055 0 65 32 space
207012641 0 50 0 Shift_L
207025140 1 65 32 space
207096269 0 54 67 C
207171533 1 50 0 Shift_L
207177499 0 32 111 o
207215115 1 54 99 c
207248174 1 32 111 o
207415932 0 30 117 u
207470799 1 30 117 u
207769642 0 22 0 BackSpace
207829564 1 22 0 BackSpace
207914867 0 22 0 BackSpace
207997153 1 22 0 BackSpace
208085388 0 22 0 BackSpace
208151167 1 22 0 BackSpace
208239856 0 22 0 BackSpace
208306103 1 22 0 BackSpace
208400620 0 22 0 BackSpace
208460265 1 22 0 BackSpace
208553645 0 22 0 BackSpace
208615394 1 22 0 BackSpace
208708372 0 22 0 BackSpace
208769448 1 22 0 BackSpace
208927853 0 57 110 n
209003594 1 57 110 n
209155114 0 59 44 comma
209163980 0 60 46 period
209215926 1 59 44 comma
209224407 1 60 46 period
209369740 0 65 32 space
209469106 0 50 0 Shift_L
209480509 1 65 32 space
209560644 0 54 67 C
209636521 1 50 0 Shift_L
209654028 0 32 111 o
209685990 1 54 99 c
209744791 1 32 111 o
209875754 0 30 117 u
209956249 1 30 117 u
209962088 0 57 110 n
209980204 0 28 116 t
210063913 1 28 116 t
210072298 1 57 110 n
210157791 0 27 114 r
210259461 1 27 114 r
210265974 0 29 121 y
210364476 1 29 121 y
210784928 0 113 0 Left
210849307 1 113 0 Left
210943190 0 113 0 Left
211011702 1 113 0 Left
211106410 0 113 0 Left
211169652 1 113 0 Left
211263349 0 113 0 Left
211330969 1 113 0 Left
211424606 0 113 0 Left
211492098 1 113 0 Left
211582725 0 113 0 Left
211647943 1 113 0 Left
211738705 0 113 0 Left
211802231 1 113 0 Left
211889877 0 113 0 Left
211966409 1 113 0 Left
212053018 0 113 0 Left
212121559 1 113 0 Left
212299077 0 22 0 BackSpace
212403029 1 22 0 BackSpace
212802660 0 115 0 End
212912607 1 115 0 End
213367044 0 65 32 space
213488446 1 65 32 space
213665978 0 43 104 h
213779067 1 43 104 h
213789019 0 26 101 e
213873286 0 38 97 a
213948177 0 27 114 r
213987668 1 26 101 e
214005189 1 38 97 a
214060236 1 27 114 r
214131440 0 28 116 t
214212323 1 28 116 t
214256597 0 26 101 e
214360948 1 26 101 e
214409126 0 40 100 d
214506091 1 40 100 d
214512433 0 65 32 space
214551797 1 65 32 space
214654422 0 56 98 b
214715196 1 56 98 b
214731456 0 26 101 e
214810733 1 26 101 e
214873361 0 65 32 space
214907277 1 65 32 space
214996549 0 32 111 o
215098723 0 41 102 f
215117510 1 32 111 o
215170861 1 41 102 f
215262559 0 65 32 space
215348025 1 65 32 space
215429460 0 44 106 j
215514095 1 44 106 j
215610118 0 30 117 u
215658359 0 39 115 s
215695417 1 30 117 u
215751236 1 39 115 s
215851750 0 28 116 t
215937356 1 28 116 t
215992588 0 31 105 i
216137708 1 31 105 i
216188898 0 54 99 c
216293374 0 26 101 e
216319605 1 54 99 c
216400353 1 26 101 e
216407482 0 65 32 space
216477494 1 65 32 space
216557634 0 39 115 s
216615872 1 39 115 s
216688177 0 26 101 e
216756859 1 26 101 e
216767117 0 57 110 n
216844017 1 57 110 n
216925801 0 40 100 d
216997104 1 40 100 d
217003186 0 31 105 i
217080627 0 57 110 n
217131546 1 31 105 i
217138545 0 42 103 g
217187482 1 57 110 n
217249378 1 42 103 g
217385893 0 60 46 period
217457469 1 60 46 period
217599572 0 65 32 space
217682606 1 65 32 space
217688449 0 50 0 Shift_L
217808081 0 32 79 O
217857656 1 50 0 Shift_L
217867099 1 32 111 o
217960804 0 57 110 n
218032992 1 57 110 n
218143767 0 65 32 space
218219484 1 65 32 space
218285668 0 39 115 s
218391333 1 39 115 s
218401558 0 32 111 o
218474345 1 32 111 o
218594084 0 65 32 space
218692606 1 65 32 space
218814373 0 28 116 t
218899255 0 43 104 h
218930254 1 28 116 t
218998850 1 43 104 h
219016713 0 26 101 e
219115577 1 26 101 e
219134182 0 29 121 y
219239695 1 29 121 y
219367484 0 65 32 space
219466242 1 65 32 space
219472175 0 38 97 a
219575927 0 39 115 s
219619803 1 38 97 a
219683149 1 39 115 s
219689564 0 65 32 space
219775812 1 65 32 space
219850991 0 25 119 w
219912921 0 31 105 i
219934103 1 25 119 w
220018926 1 31 105 i
220054449 0 28 116 t
220145101 0 43 104 h
220176835 1 28 116 t
220230433 1 43 104 h
220364549 0 65 32 space
220440143 1 65 32 space
220446043 0 27 114 r
220531918 1 27 114 r
220565090 0 32 111 o
220635472 1 32 111 o
220712342 0 58 109 m
220721761 0 32 111 o
220769421 1 32 111 o
220881065 1 58 109 m
221018206 0 65 32 space
221145188 1 65 32 space
221498660 0 22 0 BackSpace
221558257 1 22 0 BackSpace
221643583 0 22 0 BackSpace
221705265 1 22 0 BackSpace
221784724 0 22 0 BackSpace
221842727 1 22 0 BackSpace
222105407 0 32 111 o
222165054 1 32 111 o
222272622 0 58 109 m
222401630 1 58 109 m
222595998 0 65 32 space
222705599 1 65 32 space
222792815 0 54 99 c
222891305 1 54 99 c
222960001 0 32 111 o
223024175 1 32 111 o
223145663 0 46 108 l
223211508 1 46 108 l
223225155 0 40 100 d
223328109 1 40 100 d
223340669 0 65 32 space
223429101 1 65 32 space
223674201 0 29 121 y
223759423 1 29 121 y
223878059 0 26 101 e
223974265 1 26 101 e
224148585 0 60 46 period
224208066 1 60 46 period
224391818 0 36 0 Return
224460442 1 36 0 Return
224995859 0 50 0 Shift_L
225313019 0 56 66 B
225399398 1 56 66 B
225436966 1 50 0 Shift_L
225506310 0 26 101 e
225585487 1 26 101 e
225599749 0 65 32 space
225701582 1 65 32 space
225708963 0 54 99 c
225793435 1 54 99 c
225811285 0 38 97 a
225855541 0 46 108 l
225912300 1 46 108 l
225937736 1 38 97 a
226000239 0 46 108 l
226066287 1 46 108 l
226163041 0 65 32 space
226229596 0 41 102 f
226248879 1 65 32 space
226338387 1 41 102 f
226352252 0 32 111 o
226449725 1 32 111 o
226523685 0 30 117 u
226617391 1 30 117 u
226623270 0 27 114 r
226762146 1 27 114 r
226843006 0 65 32 space
226957667 1 65 32 space
227097369 0 58 109 m
227189318 1 58 109 m
227350684 0 29 121 y
227465399 1 29 121 y
227588217 0 65 32 space
227688761 1 65 32 space
227816842 0 25 119 w
227905430 1 25 119 w
228007175 0 26 101 e
228084582 1 26 101 e
228166103 0 57 110 n
228261882 0 28 116 t
228272929 1 57 110 n
228388841 1 28 116 t
228471058 0 65 32 space
228580084 1 65 32 space
228835735 0 58 109 m
228925608 1 58 109 m
228971553 0 26 101 e
229057689 1 26 101 e
229162891 0 38 97 a
229235725 1 38 97 a
229245912 0 57 110 n
229327209 1 57 110 n
229585217 0 60 46 period
229639392 1 60 46 period
229956832 0 65 32 space
230058487 1 65 32 space
230096526 0 50 0 Shift_L
230161933 0 39 83 S
230253600 1 39 83 S
230261562 1 50 0 Shift_L
230435536 0 22 0 BackSpace
230498957 0 50 0 Shift_L
230517061 1 22 0 BackSpace
230564069 0 54 67 C
230613618 1 50 0 Shift_L
230668404 0 26 101 e
230689319 1 54 99 c
230779376 1 26 101 e
230830365 0 46 108 l
230896070 1 46 108 l
230902133 0 26 101 e
230990907 1 26 101 e
231216554 0 56 98 b
231296871 1 56 98 b
231366646 0 27 114 r
231482828 0 38 97 a
231494603 1 27 114 r
231596111 1 38 97 a
231656944 0 28 116 t
231754745 1 28 116 t
231805217 0 26 101 e
231935630 1 26 101 e
231959806 0 40 100 d
232048425 1 40 100 d
232074718 0 65 32 space
232160765 1 65 32 space
232268574 0 31 105 i
232327480 1 31 105 i
232333392 0 41 102 f
232405909 1 41 102 f
232455887 0 65 32 space
232533955 1 65 32 space
232688132 0 27 114 r
232793227 0 26 101 e
232847409 1 27 114 r
232908889 1 26 101 e
232919621 0 58 109 m
233011145 1 58 109 m
233041620 0 38 97 a
233155213 0 27 114 r
233167160 1 38 97 a
233267005 1 27 114 r
233288408 0 45 107 k
233377431 1 45 107 k
233406553 0 38 97 a
233519488 1 38 97 a
233612060 0 56 98 b
233682795 1 56 98 b
233815755 0 46 108 l
233904479 1 46 108 l
234048788 0 29 121 y
234133319 1 29 121 y
234274872 0 65 32 space
234373147 1 65 32 space
234378774 0 26 101 e
234437609 1 26 101 e
234569217 0 39 115 s
234637106 1 39 115 s
234663283 0 33 112 p
234730552 1 33 112 p
234760202 0 26 101 e
234876277 1 26 101 e
235198229 0 54 99 c
235285027 1 54 99 c
235600048 0 31 105 i
235695921 1 31 105 i
235770026 0 38 97 a
235878983 0 46 108 l
235889978 1 38 97 a
235934089 1 46 108 l
236013185 0 46 108 l
236096078 1 46 108 l
236275177 0 29 121 y
236365173 1 29 121 y
236527154 0 65 32 space
236646243 1 65 32 space
236659503 0 38 97 a
236770161 1 38 97 a
236779781 0 57 110 n
236866327 1 57 110 n
237057739 0 65 32 space
237224170 1 65 32 space
237293743 0 38 97 a
237351457 1 38 97 a
237646174 0 22 0 BackSpace
237716877 1 22 0 BackSpace
237841975 0 60 46 period
237938078 1 60 46 period
238182917 0 22 0 BackSpace
238244012 1 22 0 BackSpace
238325903 0 22 0 BackSpace
238394703 1 22 0 BackSpace
238538289 0 60 46 period
238613507 1 60 46 period
238777742 0 65 32 space
238861033 1 65 32 space
238915582 0 54 99 c
239013287 1 54 99 c
239021576 0 32 111 o
239100140 1 32 111 o
239378307 0 22 0 BackSpace
239426917 1 22 0 BackSpace
239515557 0 22 0 BackSpace
239590967 0 50 0 Shift_L
239601074 1 22 0 BackSpace
239649112 0 42 71 G
239713600 1 50 0 Shift_L
239752273 1 42 103 g
239758498 0 32 111 o
239838530 1 32 111 o
239956521 0 31 105 i
240035081 0 57 110 n
240074959 1 31 105 i
240147823 1 57 110 n
240170216 0 42 103 g
240277298 1 42 103 g
240296089 0 65 32 space
240399557 1 65 32 space
240424182 0 26 101 e
240528487 1 26 101 e
240591888 0 38 97 a
240672757 1 38 97 a
240727743 0 28 116 t
240804815 0 65 32 space
240822995 1 28 116 t
240907737 1 65 32 space
240949743 0 39 115 s
241026880 1 39 115 s
241092984 0 26 101 e
241178114 1 26 101 e
241199853 0 28 116 t
241291309 0 65 32 space
241312290 1 28 116 t
241396620 1 65 32 space
241454961 0 39 115 s
241552885 0 43 104 h
241564482 1 39 115 s
241631965 1 43 104 h
241662599 0 26 101 e
241768874 1 26 101 e
241794191 0 65 32 space
241887807 1 65 32 space
241974162 0 56 98 b
242046691 1 56 98 b
242152414 0 32 111 o
242208179 1 32 111 o
242284325 0 32 111 o
242374159 1 32 111 o
242416401 0 45 107 k
242505005 1 45 107 k
242564391 0 39 115 s
242673436 1 39 115 s
242695581 0 65 32 space
242789987 1 65 32 space
242879322 0 41 102 f
242927596 1 41 102 f
243102643 0 32 111 o
243174004 1 32 111 o
243313926 0 30 117 u
243426820 1 30 117 u
243432649 0 57 110 n
243580489 1 57 110 n
243629625 0 40 100 d
243760771 1 40 100 d
243777645 0 65 32 space
243915986 1 65 32 space
244075777 0 58 109 m
244181803 1 58 109 m
244188604 0 26 101 e
244302006 1 26 101 e
244320065 0 28 116 t
244447629 1 28 116 t
244466003 0 65 32 space
244576744 1 65 32 space
244611105 0 38 97 a
244765001 1 38 97 a
244817416 0 25 119 w
244905966 1 25 119 w
245004015 0 38 97 a
245098054 1 38 97 a
245126243 0 27 114 r
245224670 0 26 101 e
245288126 1 27 114 r
245349940 1 26 101 e
245469355 0 60 46 period
245534221 1 60 46 period
245774233 0 36 0 Return
10
Throwing consider dwelling bachelor joy her proposal laughter. Raptures returned disposed one entirely her men ham.
By to admire vanity county an mutual as roused. Of an thrown am warmly merely result depart supply.
Required honoured trifling eat pleasure man relation. Assurance yet bed was improving furniture man.
Distrusts deligted she listening mrs extensive admitting far.  Full he none no side. Uncommonly surrounded considered for him are its.
It we is read good soon. My to considered delightful invitation announcing of no decisively boisterous.
Did add dashwoods deficient man concluded additions resources. Or landlord packages overcame distance smallest in recurred.
Wrong maids or be asked no on enjoy. Household few sometimes out attending described. Lain just fact four of am meet high.
He do subjects prepared bachelor juvenile ye oh. He feelings removing informed he as ignorant we prepared.
Evening do forming observe spirits is in. Country hearted be of justice sending. On so they as with room cold ye.
Be call four my went mean. Celebrated if remarkably especially an. Going eat set she books found met aware.
