magnus
2014-09-18 06:32:36.288134
10
Throwing consider dwelling bachelor joy her proposal laughter. Raptures returned disposed one entirely her men ham.
By to admire vanity county an mutual as roused. Of an thrown am warmly merely result depart supply.
Required honoured trifling eat pleasure man relation. Assurance yet bed was improving furniture man.
Distrusts delighted she listening mrs extensive admitting far.  Full he none no side. Uncommonly surrounded considered for him are its.
It we is read good soon. My to considered delightful invitation announcing of no decisively boisterous.
Did add dashwoods deficient man concluded additions resources. Or landlord packages overcame distance smallest in recurred.
Wrong maids or be asked no on enjoy. Household few sometimes out attending described. Lain just fact four of am meet high.
He do subjects prepared bachelor juvenile ye oh. He feelings removing informed he as ignorant we prepared.
Evening do forming observe spirits is in. Country hearted be of justice sending. On so they as with room cold ye.
Be call four my went mean. Celebrated if remarkably especially an. Going eat set she books found met aware.
7598700 0 50 0 Shift_L
7910901 0 28 84 T
8053488 1 50 0 Shift_L
8070273 1 28 116 t
8113185 0 43 104 h
8244509 1 43 104 h
8256076 0 27 114 r
8402692 1 27 114 r
8543437 0 32 111 o
8631244 1 32 111 o
8761621 0 25 119 w
8880552 1 25 119 w
8965893 0 31 105 i
9106003 0 57 110 n
9146082 1 31 105 i
9239173 1 57 110 n
9252890 0 42 103 g
9367101 1 42 103 g
9450355 0 65 32 space
9561537 1 65 32 space
9717100 0 54 99 c
9811000 1 54 99 c
9840113 0 32 111 o
9907767 1 32 111 o
10104818 0 57 110 n
10210050 1 57 110 n
10271064 0 39 115 s
10394334 1 39 115 s
10415991 0 31 105 i
10499992 1 31 105 i
10584873 0 40 100 d
10704053 0 26 101 e
10746936 1 40 100 d
10939810 0 27 114 r
11034280 1 26 101 e
11073699 1 27 114 r
11125872 0 65 32 space
11258128 1 65 32 space
11296961 0 40 100 d
11427177 1 40 100 d
11775501 0 25 119 w
11892549 1 25 119 w
12016365 0 26 101 e
12118328 1 26 101 e
12314077 0 46 108 l
12384822 1 46 108 l
12475153 0 46 108 l
12545090 1 46 108 l
12764637 0 31 105 i
12904637 0 57 110 n
12931740 1 31 105 i
13000195 0 42 103 g
13012860 1 57 110 n
13116364 1 42 103 g
13170053 0 65 32 space
13268237 1 65 32 space
13401438 0 56 98 b
13524096 1 56 98 b
13555498 0 38 97 a
13681900 1 38 97 a
13878282 0 43 104 h
14039770 1 43 104 h
14309826 0 22 0 BackSpace
14414900 1 22 0 BackSpace
14493294 0 54 99 c
14626856 1 54 99 c
14646362 0 43 104 h
14768053 1 43 104 h
14850983 0 26 101 e
14961230 1 26 101 e
15068530 0 46 108 l
15162464 1 46 108 l
15260599 0 32 111 o
15371188 1 32 111 o
15460069 0 27 114 r
15587648 1 27 114 r
15652060 0 65 32 space
15757918 1 65 32 space
16220711 0 44 106 j
16347030 1 44 106 j
16541154 0 32 111 o
16683471 1 32 111 o
16997419 0 29 121 y
17118052 1 29 121 y
17371928 0 65 32 space
17489816 1 65 32 space
17650471 0 43 104 h
17781735 1 43 104 h
17807398 0 26 101 e
17964165 0 27 114 r
18004775 1 26 101 e
18114764 0 65 32 space
18126762 1 27 114 r
18227674 1 65 32 space
18446135 0 33 112 p
18541783 0 27 114 r
18553673 1 33 112 p
18694194 1 27 114 r
18739996 0 32 111 o
18883494 1 32 111 o
19103071 0 33 112 p
19223942 1 33 112 p
19359513 0 32 111 o
19486106 1 32 111 o
19825234 0 39 115 s
19927101 1 39 115 s
20073633 0 38 97 a
20238108 1 38 97 a
20299070 0 46 108 l
20437665 1 46 108 l
20623786 0 65 32 space
20740563 1 65 32 space
20874132 0 46 108 l
21007716 1 46 108 l
21168348 0 38 97 a
21394227 1 38 97 a
21477416 0 30 117 u
21585519 1 30 117 u
21971109 0 42 103 g
22102022 1 42 103 g
22217365 0 43 104 h
22387728 1 43 104 h
22978335 0 28 116 t
23091474 1 28 116 t
23259844 0 26 101 e
23367779 0 27 114 r
23441826 1 26 101 e
23526023 1 27 114 r
24384205 0 60 46 period
24470741 1 60 46 period
24731707 0 65 32 space
24839482 1 65 32 space
24948930 0 50 0 Shift_L
25459508 0 27 82 R
25591281 1 27 82 R
25691921 1 50 0 Shift_L
25843034 0 38 97 a
25976358 1 38 97 a
26050710 0 33 112 p
26148533 1 33 112 p
26407895 0 28 116 t
26537284 1 28 116 t
26701126 0 30 117 u
26836382 1 30 117 u
26936953 0 27 114 r
27097127 0 26 101 e
27130934 1 27 114 r
27224783 1 26 101 e
27437710 0 39 115 s
27554782 1 39 115 s
28619853 0 65 32 space
28797448 1 65 32 space
29211115 0 27 114 r
29340770 0 26 101 e
29430841 1 27 114 r
29474458 1 26 101 e
29586306 0 28 116 t
29663576 1 28 116 t
29769009 0 30 117 u
29862969 1 30 117 u
29869200 0 27 114 r
29990602 1 27 114 r
30095714 0 57 110 n
30196598 1 57 110 n
30236456 0 26 101 e
30403313 1 26 101 e
30488547 0 40 100 d
30610994 1 40 100 d
30670052 0 65 32 space
30757181 1 65 32 space
30921923 0 40 100 d
30968434 1 40 100 d
31300494 0 31 105 i
31415497 1 31 105 i
31423081 0 39 115 s
31545734 1 39 115 s
31741283 0 33 112 p
31822371 1 33 112 p
31990562 0 32 111 o
32094266 1 32 111 o
32289315 0 39 115 s
32436606 1 39 115 s
32590275 0 26 101 e
32674143 1 26 101 e
32897774 0 39 115 s
33029073 1 39 115 s
33403360 0 22 0 BackSpace
33516866 1 22 0 BackSpace
33546969 0 40 100 d
33692232 1 40 100 d
33934913 0 65 32 space
34062395 1 65 32 space
34293110 0 32 111 o
34401736 1 32 111 o
34581671 0 57 110 n
34704729 1 57 110 n
35024734 0 26 101 e
35168894 1 26 101 e
35591658 0 65 32 space
35720699 1 65 32 space
36145534 0 26 101 e
36271694 1 26 101 e
36329354 0 57 110 n
36451829 1 57 110 n
36490733 0 28 116 t
36578085 1 28 116 t
36643624 0 31 105 i
36758006 1 31 105 i
36802935 0 27 114 r
36909841 0 26 101 e
36960957 1 27 114 r
37057026 1 26 101 e
37208709 0 46 108 l
37357502 1 46 108 l
37683548 0 29 121 y
37787593 1 29 121 y
38017814 0 65 32 space
38107818 1 65 32 space
38221822 0 43 104 h
38328161 1 43 104 h
38354751 0 26 101 e
38470668 0 27 114 r
38530706 1 26 101 e
38596465 0 65 32 space
38639735 1 27 114 r
38676251 1 65 32 space
38802824 0 58 109 m
38909329 1 58 109 m
39012606 0 26 101 e
39141970 1 26 101 e
39189634 0 57 110 n
39236288 1 57 110 n
39360291 0 65 32 space
39485115 1 65 32 space
39661879 0 43 104 h
39775358 1 43 104 h
39815886 0 38 97 a
39978646 1 38 97 a
40074797 0 58 109 m
40193010 1 58 109 m
40465784 0 59 44 comma
40529613 1 59 44 comma
41014028 0 22 0 BackSpace
41069705 1 22 0 BackSpace
41306902 0 60 46 period
41422712 1 60 46 period
41972248 0 36 0 Return
42060168 1 36 0 Return
42955279 0 50 0 Shift_L
43124321 0 56 66 B
43270180 1 56 66 B
43279480 1 50 0 Shift_L
43383977 0 29 121 y
43492181 1 29 121 y
43640280 0 65 32 space
43724240 1 65 32 space
43775996 0 28 116 t
43881912 1 28 116 t
44033207 0 32 111 o
44136144 1 32 111 o
44278928 0 65 32 space
44388019 1 65 32 space
44553708 0 38 97 a
44725725 0 40 100 d
44737240 1 38 97 a
44817037 1 40 100 d
44890563 0 58 109 m
44972610 1 58 109 m
45132637 0 31 105 i
45231600 1 31 105 i
45402607 0 27 114 r
45542815 0 26 101 e
45587179 1 27 114 r
45682849 1 26 101 e
45868667 0 65 32 space
46015298 1 65 32 space
46178441 0 55 118 v
46282174 1 55 118 v
46399434 0 38 97 a
46504422 1 38 97 a
46547630 0 57 110 n
46634731 1 57 110 n
46740948 0 31 105 i
46851117 1 31 105 i
46916721 0 28 116 t
46996035 1 28 116 t
47192291 0 29 121 y
47310428 1 29 121 y
47501322 0 65 32 space
47569979 1 65 32 space
47714665 0 54 99 c
47844824 1 54 99 c
47861841 0 32 111 o
47916903 1 32 111 o
48128764 0 30 117 u
48263120 1 30 117 u
48481185 0 57 110 n
48621660 1 57 110 n
48716218 0 28 116 t
48807108 1 28 116 t
48922980 0 27 114 r
49013583 1 27 114 r
49210244 0 29 121 y
49387213 1 29 121 y
49625111 0 65 32 space
49699298 1 65 32 space
49999980 0 38 97 a
50147981 0 57 110 n
50159846 1 38 97 a
50267215 1 57 110 n
50425510 0 65 32 space
50528399 1 65 32 space
50695182 0 58 109 m
50792710 1 58 109 m
50991836 0 30 117 u
51146207 1 30 117 u
51235720 0 28 116 t
51349813 1 28 116 t
51390688 0 30 117 u
51528949 1 30 117 u
51647472 0 54 99 c
51753612 1 54 99 c
52101009 0 22 0 BackSpace
52192797 1 22 0 BackSpace
52253063 0 38 97 a
52434220 1 38 97 a
53361716 0 46 108 l
53449208 1 46 108 l
53593259 0 65 32 space
53678974 1 65 32 space
53745791 0 38 97 a
53884588 0 39 115 s
53896774 1 38 97 a
53999831 1 39 115 s
54189855 0 65 32 space
54315793 1 65 32 space
55086556 0 27 114 r
55221634 0 32 111 o
55240727 1 27 114 r
55347831 1 32 111 o
55450057 0 30 117 u
55589186 1 30 117 u
55669580 0 39 115 s
55801865 1 39 115 s
55878881 0 26 101 e
56013079 1 26 101 e
56117586 0 40 100 d
56236749 1 40 100 d
56871622 0 60 46 period
57031893 1 60 46 period
60561016 0 65 32 space
60653318 1 65 32 space
60855147 0 50 0 Shift_L
61047480 0 32 79 O
61196515 1 32 79 O
61205495 1 50 0 Shift_L
61433030 0 41 102 f
61607631 1 41 102 f
61750848 0 65 32 space
61872400 1 65 32 space
64741004 0 38 97 a
64919212 1 38 97 a
65532577 0 57 110 n
65641693 1 57 110 n
65728827 0 65 32 space
65826924 1 65 32 space
65846987 0 28 116 t
65962031 1 28 116 t
66002918 0 43 104 h
66106925 1 43 104 h
66187623 0 27 114 r
66298376 1 27 114 r
66376556 0 32 111 o
66521840 1 32 111 o
66632545 0 25 119 w
66753179 1 25 119 w
66991294 0 57 110 n
67120766 1 57 110 n
67270097 0 65 32 space
67364764 1 65 32 space
67762064 0 38 97 a
67884001 0 58 109 m
67922879 1 38 97 a
67974030 1 58 109 m
68108445 0 65 32 space
68252130 1 65 32 space
68328379 0 25 119 w
68410297 1 25 119 w
68527332 0 38 97 a
68643690 1 38 97 a
68774215 0 27 114 r
68853300 1 27 114 r
68943337 0 58 109 m
69015302 1 58 109 m
69312669 0 46 108 l
69443282 1 46 108 l
69809773 0 29 121 y
69902715 1 29 121 y
70119858 0 65 32 space
70246070 1 65 32 space
70585718 0 58 109 m
70701172 1 58 109 m
70722472 0 26 101 e
70854292 1 26 101 e
70920546 0 27 114 r
71067286 0 26 101 e
71079773 1 27 114 r
71183570 1 26 101 e
71341100 0 46 108 l
71463558 1 46 108 l
71737365 0 29 121 y
71850476 1 29 121 y
72043707 0 65 32 space
72147389 1 65 32 space
72225917 0 27 114 r
72341570 0 26 101 e
72398746 1 27 114 r
72471586 1 26 101 e
72606394 0 39 115 s
72714531 1 39 115 s
72744395 0 30 117 u
72851330 1 30 117 u
73050854 0 46 108 l
73162599 1 46 108 l
73233729 0 28 116 t
73361116 1 28 116 t
73399034 0 65 32 space
73531427 1 65 32 space
73620222 0 40 100 d
73759433 0 26 101 e
73795573 1 40 100 d
73877982 1 26 101 e
73904621 0 33 112 p
74026726 1 33 112 p
74099709 0 38 97 a
74252588 1 38 97 a
74259860 0 27 114 r
74370124 1 27 114 r
74498546 0 28 116 t
74593672 1 28 116 t
75070951 0 65 32 space
75201928 1 65 32 space
75308568 0 39 115 s
75447563 1 39 115 s
75678097 0 30 117 u
75802179 1 30 117 u
76067631 0 33 112 p
76292524 1 33 112 p
76515827 0 33 112 p
76536083 1 33 112 p
77302304 0 46 108 l
77452131 1 46 108 l
77717803 0 29 121 y
77798303 1 29 121 y
78363953 0 60 46 period
78442844 1 60 46 period
78620414 0 36 0 Return
78722623 1 36 0 Return
79424229 0 50 0 Shift_L
79596632 0 27 82 R
79678678 1 50 0 Shift_L
79742666 0 26 101 e
79766608 1 27 114 r
79839474 1 26 101 e
79981506 0 24 113 q
80108443 1 24 113 q
80283546 0 30 117 u
80390665 1 30 117 u
80525708 0 31 105 i
80634649 0 27 114 r
80646640 1 31 105 i
80744074 0 26 101 e
80806092 1 27 114 r
80908078 1 26 101 e
80975373 0 40 100 d
81119791 1 40 100 d
81163664 0 65 32 space
81250966 1 65 32 space
81454388 0 43 104 h
81555753 1 43 104 h
81804222 0 32 111 o
81932614 1 32 111 o
82344891 0 57 110 n
82473084 1 57 110 n
82653943 0 32 111 o
82748008 1 32 111 o
82997065 0 30 117 u
83130825 1 30 117 u
83246520 0 27 114 r
83409665 0 26 101 e
83439588 1 27 114 r
83535178 1 26 101 e
83833826 0 40 100 d
83917439 1 40 100 d
84107115 0 65 32 space
84216503 1 65 32 space
84603213 0 28 116 t
84749215 1 28 116 t
84814560 0 27 114 r
84931548 1 27 114 r
84992746 0 31 105 i
85072514 1 31 105 i
85110289 0 41 102 f
85181036 1 41 102 f
85783069 0 46 108 l
85898162 1 46 108 l
86060780 0 31 105 i
86194039 0 57 110 n
86242082 1 31 105 i
86287630 0 42 103 g
86334345 1 57 110 n
86415263 1 42 103 g
86513783 0 65 32 space
86583597 0 26 101 e
86598817 1 65 32 space
86735950 1 26 101 e
86850330 0 38 97 a
86962985 1 38 97 a
86995077 0 27 114 r
87076319 1 27 114 r
87467067 0 22 0 BackSpace
87549882 1 22 0 BackSpace
87557259 0 28 116 t
87667291 1 28 116 t
87902749 0 65 32 space
87992428 1 65 32 space
88266172 0 33 112 p
88367454 1 33 112 p
88490803 0 46 108 l
88576734 0 26 101 e
88612162 1 46 108 l
88686403 1 26 101 e
88779715 0 38 97 a
88894823 0 39 115 s
88934702 1 38 97 a
88996582 1 39 115 s
89184787 0 30 117 u
89318710 1 30 117 u
89357029 0 27 114 r
89476683 0 26 101 e
89524028 1 27 114 r
89608643 1 26 101 e
89711617 0 65 32 space
89807683 1 65 32 space
89974350 0 58 109 m
90064271 1 58 109 m
90142523 0 38 97 a
90244126 0 57 110 n
90307576 1 38 97 a
90336522 1 57 110 n
90465905 0 65 32 space
90582878 1 65 32 space
90621740 0 27 114 r
90758728 0 26 101 e
90822939 1 27 114 r
90883822 1 26 101 e
91222793 0 38 97 a
91332437 1 38 97 a
91667405 0 22 0 BackSpace
91763105 1 22 0 BackSpace
91910667 0 46 108 l
92034843 1 46 108 l
92263285 0 26 101 e
92341661 1 26 101 e
92731380 0 38 97 a
92844535 1 38 97 a
93303073 0 22 0 BackSpace
93371790 1 22 0 BackSpace
93442883 0 22 0 BackSpace
93528878 1 22 0 BackSpace
93587456 0 38 97 a
93713914 1 38 97 a
93816571 0 28 116 t
93909338 1 28 116 t
94693235 0 31 105 i
94736742 1 31 105 i
94954125 0 32 111 o
95055162 1 32 111 o
95215969 0 57 110 n
95319967 1 57 110 n
95643535 0 60 46 period
95742993 1 60 46 period
95916645 0 65 32 space
96049391 1 65 32 space
96071002 0 50 0 Shift_L
96189755 0 38 65 A
96260516 1 50 0 Shift_L
96318182 1 38 97 a
96382809 0 39 115 s
96474379 1 39 115 s
96559359 0 39 115 s
96662730 1 39 115 s
96732070 0 30 117 u
96792721 1 30 117 u
96891014 0 27 114 r
96988104 1 27 114 r
97105271 0 38 97 a
97241573 1 38 97 a
97252381 0 57 110 n
97352705 1 57 110 n
97414584 0 54 99 c
97529474 0 26 101 e
97564663 1 54 99 c
97660641 1 26 101 e
97720934 0 65 32 space
97783781 1 65 32 space
98084626 0 29 121 y
98190219 1 29 121 y
98284589 0 26 101 e
98418666 1 26 101 e
98509419 0 28 116 t
98634526 1 28 116 t
98707750 0 65 32 space
98827673 1 65 32 space
99093021 0 56 98 b
99241449 1 56 98 b
99289438 0 26 101 e
99458893 1 26 101 e
99544056 0 40 100 d
99649113 1 40 100 d
99656380 0 65 32 space
99758141 1 65 32 space
99842318 0 25 119 w
99936375 1 25 119 w
100008367 0 38 97 a
100107108 0 39 115 s
100154873 1 38 97 a
100234516 1 39 115 s
100314624 0 65 32 space
100400091 1 65 32 space
100996896 0 31 105 i
101140977 1 31 105 i
101250571 0 58 109 m
101331384 1 58 109 m
101470375 0 33 112 p
101555981 1 33 112 p
101643336 0 27 114 r
101736449 1 27 114 r
101743378 0 32 111 o
101834886 1 32 111 o
102047426 0 55 118 v
102193477 1 55 118 v
102219458 0 31 105 i
102332260 0 57 110 n
102360233 1 31 105 i
102469325 1 57 110 n
102485023 0 42 103 g
102618464 1 42 103 g
102658577 0 65 32 space
102711120 1 65 32 space
102839597 0 41 102 f
102955398 1 41 102 f
103058967 0 30 117 u
103178126 1 30 117 u
103283480 0 27 114 r
103378622 1 27 114 r
103456605 0 57 110 n
103543659 1 57 110 n
103660234 0 31 105 i
103756077 1 31 105 i
103935899 0 28 116 t
104049201 1 28 116 t
104118434 0 30 117 u
104248835 1 30 117 u
104257274 0 27 114 r
104338514 0 26 101 e
104408402 1 27 114 r
104477162 1 26 101 e
104585841 0 65 32 space
104688008 1 65 32 space
104804195 0 58 109 m
104890015 1 58 109 m
104929940 0 38 97 a
105058055 1 38 97 a
105072155 0 57 110 n
105168072 1 57 110 n
105431554 0 59 44 comma
105493879 1 59 44 comma
106671731 0 22 0 BackSpace
106781650 1 22 0 BackSpace
106988573 0 60 46 period
107079685 1 60 46 period
107790066 0 36 0 Return
107901594 1 36 0 Return
109977437 0 50 0 Shift_L
110116204 0 40 68 D
110220972 1 50 0 Shift_L
110244533 1 40 100 d
110374476 0 31 105 i
110514554 1 31 105 i
110529322 0 39 115 s
110638458 1 39 115 s
110757992 0 28 116 t
110880359 1 28 116 t
110957383 0 27 114 r
111071563 1 27 114 r
111152830 0 30 117 u
111300157 1 30 117 u
111401532 0 39 115 s
111466277 1 39 115 s
111874635 0 28 116 t
111915829 1 28 116 t
112351330 0 39 115 s
112478384 1 39 115 s
112596712 0 65 32 space
112707183 1 65 32 space
112713710 0 40 100 d
112821529 0 26 101 e
112890929 1 40 100 d
112968884 1 26 101 e
113041142 0 46 108 l
113179543 1 46 108 l
113324137 0 31 105 i
113452396 1 31 105 i
113503506 0 42 103 g
113639721 1 42 103 g
114198337 0 43 104 h
114244129 1 43 104 h
114549115 0 28 116 t
114667352 1 28 116 t
114774314 0 26 101 e
114912565 1 26 101 e
115070384 0 40 100 d
115222764 1 40 100 d
115235739 0 65 32 space
115361820 1 65 32 space
115464903 0 39 115 s
115612629 1 39 115 s
115797577 0 43 104 h
115951918 1 43 104 h
115992623 0 26 101 e
116092842 1 26 101 e
116171056 0 65 32 space
116289144 1 65 32 space
116459883 0 46 108 l
116554868 1 46 108 l
116816294 0 31 105 i
116953691 1 31 105 i
117099373 0 39 115 s
117198368 1 39 115 s
117334047 0 28 116 t
117439690 0 26 101 e
117469144 1 28 116 t
117561901 1 26 101 e
117677431 0 57 110 n
117784516 1 57 110 n
118013917 0 32 111 o
118243906 1 32 111 o
118268459 0 57 110 n
118277619 0 58 109 m
118330075 1 58 109 m
118439167 1 57 110 n
119068639 0 22 0 BackSpace
119130766 1 22 0 BackSpace
119213720 0 22 0 BackSpace
119313860 1 22 0 BackSpace
119428479 0 22 0 BackSpace
119498927 1 22 0 BackSpace
120253835 0 31 105 i
120386437 0 57 110 n
120440822 1 31 105 i
120540019 1 57 110 n
120581970 0 42 103 g
120757497 1 42 103 g
121055378 0 65 32 space
121186375 1 65 32 space
121426882 0 58 109 m
121587302 1 58 109 m
121691820 0 27 114 r
121820727 1 27 114 r
122028047 0 39 115 s
122093894 1 39 115 s
122661660 0 65 32 space
122766596 1 65 32 space
122881913 0 26 101 e
123003045 1 26 101 e
123780119 0 53 120 x
123932746 1 53 120 x
124135921 0 28 116 t
124230886 1 28 116 t
124336242 0 26 101 e
124453911 1 26 101 e
124522427 0 57 110 n
124657805 1 57 110 n
124916944 0 31 105 i
124997962 1 31 105 i
125359687 0 22 0 BackSpace
125482074 1 22 0 BackSpace
125626446 0 39 115 s
125746185 1 39 115 s
125801460 0 31 105 i
125920660 1 31 105 i
126061365 0 55 118 v
126179688 1 55 118 v
126275795 0 26 101 e
126429112 1 26 101 e
126436035 0 65 32 space
126604511 1 65 32 space
127415843 0 38 97 a
127547028 1 38 97 a
127553688 0 40 100 d
127681859 1 40 100 d
127728886 0 58 109 m
127845097 1 58 109 m
127953480 0 31 105 i
128038552 1 31 105 i
128485555 0 28 116 t
128573240 1 28 116 t
128921540 0 28 116 t
128992204 1 28 116 t
129243704 0 31 105 i
129395959 0 57 110 n
129440971 1 31 105 i
129555544 1 57 110 n
129579840 0 42 103 g
129701152 1 42 103 g
129731380 0 65 32 space
129835604 1 65 32 space
129846989 0 41 102 f
129947850 1 41 102 f
130091437 0 38 97 a
130191510 1 38 97 a
130274923 0 27 114 r
130392294 1 27 114 r
130526755 0 60 46 period
130647895 1 60 46 period
130883527 0 65 32 space
130994755 0 50 0 Shift_L
131009101 1 65 32 space
131203163 0 41 70 F
131317669 1 41 70 F
131332185 1 50 0 Shift_L
132374728 0 30 117 u
132480888 1 30 117 u
134690340 0 22 0 BackSpace
134705601 1 22 0 BackSpace
134841322 0 22 0 BackSpace
134922188 1 22 0 BackSpace
135235846 0 65 32 space
135335886 1 65 32 space
135552710 0 50 0 Shift_L
135694591 0 41 70 F
135759968 1 50 0 Shift_L
135820164 1 41 102 f
135909390 0 30 117 u
136045002 1 30 117 u
136256834 0 46 108 l
136344763 1 46 108 l
136369542 0 46 108 l
136452418 1 46 108 l
137062481 0 65 32 space
137212736 1 65 32 space
137416106 0 43 104 h
137546122 1 43 104 h
137645376 0 26 101 e
137730826 1 26 101 e
137834303 0 65 32 space
137945462 1 65 32 space
138203138 0 57 110 n
138316843 1 57 110 n
138499755 0 32 111 o
138550522 1 32 111 o
138819287 0 57 110 n
138963344 1 57 110 n
139124203 0 26 101 e
139185010 1 26 101 e
139770900 0 65 32 space
139858904 1 65 32 space
139950880 0 57 110 n
140044002 1 57 110 n
140174315 0 32 111 o
140285401 1 32 111 o
140448160 0 65 32 space
140537320 1 65 32 space
140691014 0 39 115 s
140821282 1 39 115 s
141481485 0 31 105 i
141602752 1 31 105 i
141714026 0 40 100 d
141845084 0 26 101 e
141918319 1 40 100 d
142015495 1 26 101 e
142088963 0 65 32 space
142208968 1 65 32 space
142758916 0 22 0 BackSpace
142876019 1 22 0 BackSpace
143050733 0 60 46 period
143151245 1 60 46 period
143346841 0 65 32 space
143446944 1 65 32 space
143550947 0 50 0 Shift_L
143739389 0 30 85 U
143787597 1 30 85 U
143896437 1 50 0 Shift_L
143978026 0 57 110 n
144089094 1 57 110 n
144270002 0 54 99 c
144386775 0 32 111 o
144398594 1 54 99 c
144472746 1 32 111 o
144587207 0 58 109 m
144653905 1 58 109 m
144723533 0 58 109 m
144807089 1 58 109 m
144916158 0 32 111 o
144984296 1 32 111 o
145135107 0 57 110 n
145203894 1 57 110 n
145413289 0 46 108 l
145544338 1 46 108 l
145925047 0 29 121 y
146024746 1 29 121 y
146189635 0 65 32 space
146361324 1 65 32 space
146616769 0 39 115 s
146729749 1 39 115 s
146924661 0 30 117 u
147072260 1 30 117 u
147147426 0 27 114 r
147214122 1 27 114 r
147305567 0 27 114 r
147428571 1 27 114 r
147444334 0 32 111 o
147560899 1 32 111 o
147647310 0 30 117 u
147765268 1 30 117 u
147926870 0 57 110 n
148028650 1 57 110 n
148060421 0 40 100 d
148174281 0 26 101 e
148216507 1 40 100 d
148334078 0 40 100 d
148360601 1 26 101 e
148504073 1 40 100 d
148533035 0 65 32 space
148635117 1 65 32 space
148747523 0 54 99 c
148892694 1 54 99 c
148921626 0 32 111 o
148986311 1 32 111 o
149113096 0 57 110 n
149211988 1 57 110 n
149270323 0 39 115 s
149388561 1 39 115 s
149400199 0 31 105 i
149493067 1 31 105 i
149586763 0 40 100 d
149803338 0 26 101 e
149823761 1 40 100 d
149972354 0 27 114 r
150024587 1 26 101 e
150135042 0 26 101 e
150187635 1 27 114 r
150285979 1 26 101 e
150400579 0 40 100 d
150555491 1 40 100 d
150614371 0 65 32 space
150738327 1 65 32 space
150965770 0 41 102 f
151114047 1 41 102 f
151143057 0 32 111 o
151165732 1 32 111 o
151236085 0 27 114 r
151330993 1 27 114 r
151469526 0 65 32 space
151571198 1 65 32 space
151762277 0 43 104 h
151838187 1 43 104 h
152000974 0 31 105 i
152091925 1 31 105 i
152234269 0 58 109 m
152327351 1 58 109 m
152467938 0 38 97 a
152665464 1 38 97 a
152691209 0 27 114 r
152797950 0 26 101 e
152868567 1 27 114 r
152936868 1 26 101 e
152953060 0 65 32 space
153027961 1 65 32 space
153304492 0 31 105 i
153426621 1 31 105 i
153457392 0 28 116 t
153555356 1 28 116 t
153744790 0 39 115 s
153826493 1 39 115 s
153939948 0 60 46 period
154059993 1 60 46 period
154269975 0 36 0 Return
154359063 1 36 0 Return
155074955 0 50 0 Shift_L
155243175 0 31 73 I
155329661 1 50 0 Shift_L
155381515 1 31 105 i
155467809 0 28 116 t
155592406 1 28 116 t
155619963 0 26 101 e
155741236 1 26 101 e
156085539 0 65 32 space
156275707 1 65 32 space
156654567 0 22 0 BackSpace
156705167 1 22 0 BackSpace
156815724 0 22 0 BackSpace
156895586 1 22 0 BackSpace
157102211 0 25 119 w
157154165 1 25 119 w
157509168 0 22 0 BackSpace
157588401 1 22 0 BackSpace
157610780 0 65 32 space
157765359 1 65 32 space
157780373 0 25 119 w
157900449 1 25 119 w
158000241 0 26 101 e
158079193 1 26 101 e
158170067 0 65 32 space
158297119 1 65 32 space
158923191 0 31 105 i
159050814 1 31 105 i
159136116 0 39 115 s
159245545 1 39 115 s
159484012 0 65 32 space
159531598 1 65 32 space
159714584 0 27 114 r
159840623 0 26 101 e
159892079 1 27 114 r
159994728 1 26 101 e
160051487 0 38 97 a
160202791 0 40 100 d
160214271 1 38 97 a
160333610 1 40 100 d
160379380 0 65 32 space
160521949 1 65 32 space
160625419 0 42 103 g
160730457 1 42 103 g
160734491 0 32 111 o
160808806 1 32 111 o
160882307 0 32 111 o
160969124 1 32 111 o
161086644 0 40 100 d
161210763 1 40 100 d
161265678 0 65 32 space
161385625 1 65 32 space
161473860 0 39 115 s
161586767 1 39 115 s
161625676 0 32 111 o
161688910 1 32 111 o
161795199 0 32 111 o
161864534 1 32 111 o
162018303 0 57 110 n
162104131 1 57 110 n
162537787 0 59 44 comma
162641270 1 59 44 comma
162978534 0 22 0 BackSpace
163078431 1 22 0 BackSpace
163263178 0 60 46 period
163324155 1 60 46 period
163599601 0 65 32 space
163710612 1 65 32 space
163757272 0 50 0 Shift_L
163867908 0 58 77 M
163941511 1 58 77 M
163950940 1 50 0 Shift_L
164216027 0 29 121 y
164322024 1 29 121 y
164497231 0 65 32 space
164593462 1 65 32 space
164676432 0 28 116 t
164783329 0 32 111 o
164795079 1 28 116 t
164898690 1 32 111 o
165014319 0 65 32 space
165107602 1 65 32 space
165319928 0 54 99 c
165410819 0 32 111 o
165446867 1 54 99 c
165503649 1 32 111 o
165593302 0 57 110 n
165697933 1 57 110 n
165752996 0 39 115 s
165845563 0 31 105 i
165870109 1 39 115 s
165950291 1 31 105 i
166009527 0 40 100 d
166153545 0 26 101 e
166165269 1 40 100 d
166287677 0 27 114 r
166320372 1 26 101 e
166418100 0 26 101 e
166461448 1 27 114 r
166569918 1 26 101 e
166787531 0 40 100 d
166906821 1 40 100 d
166945942 0 65 32 space
167079068 1 65 32 space
167238831 0 40 100 d
167440154 1 40 100 d
167445963 0 26 101 e
167595507 1 26 101 e
167666021 0 46 108 l
167753507 1 46 108 l
167896380 0 31 105 i
168010481 1 31 105 i
168028642 0 42 103 g
168168098 0 43 104 h
168179404 1 42 103 g
168295472 1 43 104 h
168324169 0 28 116 t
168443499 1 28 116 t
168637849 0 41 102 f
168757502 1 41 102 f
168851460 0 30 117 u
168941011 1 30 117 u
169105350 0 46 108 l
169219318 1 46 108 l
169368009 0 65 32 space
169435115 1 65 32 space
169555183 0 31 105 i
169655722 0 57 110 n
169692901 1 31 105 i
169745868 1 57 110 n
169789957 0 55 118 v
169904948 1 55 118 v
169923352 0 31 105 i
170049525 1 31 105 i
170199053 0 28 116 t
170286880 1 28 116 t
170535812 0 38 97 a
170610480 1 38 97 a
170736430 0 28 116 t
170828846 1 28 116 t
170834175 0 31 105 i
170916702 1 31 105 i
171008331 0 32 111 o
171101209 1 32 111 o
171210744 0 57 110 n
171305505 1 57 110 n
171432237 0 65 32 space
171509565 1 65 32 space
171524548 0 38 97 a
171639123 1 38 97 a
171667314 0 57 110 n
171729584 1 57 110 n
171835061 0 57 110 n
171890776 1 57 110 n
172277278 0 32 111 o
172396287 1 32 111 o
172531377 0 30 117 u
172601730 1 30 117 u
172759511 0 57 110 n
172898591 1 57 110 n
173234675 0 54 99 c
173367861 1 54 99 c
173376131 0 31 105 i
173511299 0 57 110 n
173591734 1 31 105 i
173671411 1 57 110 n
173697982 0 42 103 g
173800778 1 42 103 g
174214988 0 65 32 space
174338304 1 65 32 space
174479864 0 32 111 o
174596942 1 32 111 o
174649079 0 41 102 f
174757966 1 41 102 f
174809643 0 65 32 space
174885555 1 65 32 space
175000458 0 57 110 n
175090189 1 57 110 n
175196031 0 32 111 o
175297669 1 32 111 o
175488931 0 65 32 space
175599284 1 65 32 space
175838997 0 40 100 d
175964866 0 26 101 e
176032574 1 40 100 d
176116146 1 26 101 e
176290909 0 54 99 c
176420400 1 54 99 c
176535415 0 31 105 i
176650183 1 31 105 i
176827324 0 39 115 s
176933601 1 39 115 s
177014196 0 31 105 i
177141157 1 31 105 i
177242236 0 55 118 v
177340952 1 55 118 v
177470675 0 26 101 e
177550178 1 26 101 e
177634930 0 46 108 l
177757004 1 46 108 l
177999218 0 29 121 y
178138743 1 29 121 y
178307755 0 65 32 space
178399677 1 65 32 space
179067615 0 56 98 b
179236084 1 56 98 b
180743608 0 32 111 o
180848522 1 32 111 o
180926808 0 31 105 i
181035243 1 31 105 i
181325625 0 39 115 s
181491834 1 39 115 s
181772054 0 28 116 t
181890652 1 28 116 t
182572254 0 26 101 e
182739894 0 27 114 r
182797270 1 26 101 e
182903665 1 27 114 r
184234584 0 32 111 o
184345077 1 32 111 o
184470538 0 30 117 u
184629490 1 30 117 u
184750187 0 39 115 s
184859888 1 39 115 s
185163075 0 60 46 period
185314814 1 60 46 period
186000799 0 36 0 Return
186092892 1 36 0 Return
186845099 0 50 0 Shift_L
186977313 0 40 68 D
187078360 1 50 0 Shift_L
187162014 1 40 100 d
187241335 0 31 105 i
187343049 1 31 105 i
187406107 0 40 100 d
187522168 1 40 100 d
187615153 0 65 32 space
187739180 1 65 32 space
187801976 0 38 97 a
187897761 1 38 97 a
188114763 0 40 100 d
188218282 1 40 100 d
188309051 0 40 100 d
188430630 1 40 100 d
188475333 0 65 32 space
188599939 1 65 32 space
188692342 0 40 100 d
188831027 1 40 100 d
188837156 0 38 97 a
188995738 1 38 97 a
189163932 0 39 115 s
189268532 1 39 115 s
189498360 0 43 104 h
189627191 1 43 104 h
190116815 0 25 119 w
190232998 1 25 119 w
190260626 0 32 111 o
190274057 1 32 111 o
190399396 0 32 111 o
190487095 1 32 111 o
191435178 0 40 100 d
191516348 0 39 115 s
191565811 1 40 100 d
191674099 1 39 115 s
191916961 0 65 32 space
192076677 1 65 32 space
192126819 0 40 100 d
192213521 0 26 101 e
192251003 1 40 100 d
192370188 1 26 101 e
192443969 0 41 102 f
192517461 1 41 102 f
192733654 0 31 105 i
192909240 1 31 105 i
193159537 0 54 99 c
193292791 1 54 99 c
193371264 0 31 105 i
193481829 1 31 105 i
193526204 0 26 101 e
193658462 1 26 101 e
193720273 0 57 110 n
193868604 1 57 110 n
193907607 0 28 116 t
194024151 1 28 116 t
195032064 0 65 32 space
195164254 1 65 32 space
195302632 0 50 0 Shift_L
195661278 1 50 0 Shift_L
195871040 0 58 109 m
195941545 1 58 109 m
195970254 0 38 97 a
196118570 1 38 97 a
196136768 0 57 110 n
196265667 1 57 110 n
196905277 0 65 32 space
197026057 1 65 32 space
197093867 0 54 99 c
197222089 0 32 111 o
197237147 1 54 99 c
197294867 1 32 111 o
197425078 0 57 110 n
197503467 1 57 110 n
197559381 0 54 99 c
197692539 1 54 99 c
197722920 0 46 108 l
197846909 1 46 108 l
198074477 0 30 117 u
198193443 1 30 117 u
198283717 0 40 100 d
198426617 0 26 101 e
198447976 1 40 100 d
198605658 1 26 101 e
198631124 0 40 100 d
198792338 1 40 100 d
198891681 0 65 32 space
199008110 1 65 32 space
199058553 0 38 97 a
199175814 0 40 100 d
199186641 1 38 97 a
199271952 1 40 100 d
199359102 0 40 100 d
199485471 1 40 100 d
199554798 0 31 105 i
199679707 1 31 105 i
199720323 0 28 116 t
199831767 1 28 116 t
199873721 0 31 105 i
199937116 1 31 105 i
200106454 0 32 111 o
200212642 1 32 111 o
200323132 0 57 110 n
200414276 1 57 110 n
200528711 0 39 115 s
200648423 1 39 115 s
200688020 0 65 32 space
200812615 1 65 32 space
200897358 0 27 114 r
201005298 0 26 101 e
201061650 1 27 114 r
201094475 1 26 101 e
201448924 0 39 115 s
201536048 1 39 115 s
202312153 0 32 111 o
202428039 1 32 111 o
202536238 0 30 117 u
202616178 1 30 117 u
202824449 0 27 114 r
202927747 1 27 114 r
203318774 0 54 99 c
203511204 0 26 101 e
203532405 1 54 99 c
203617222 1 26 101 e
203813608 0 39 115 s
203920674 1 39 115 s
204174910 0 60 46 period
204304026 1 60 46 period
204453913 0 65 32 space
204546967 1 65 32 space
204574349 0 50 0 Shift_L
204697383 0 32 79 O
204808958 1 32 79 O
204832758 1 50 0 Shift_L
204971209 0 27 114 r
205056514 1 27 114 r
205125219 0 65 32 space
205198483 1 65 32 space
205570676 0 46 108 l
205690805 1 46 108 l
205774716 0 38 97 a
205887473 1 38 97 a
205901621 0 57 110 n
206008946 1 57 110 n
206093385 0 40 100 d
206205314 1 40 100 d
206562821 0 46 108 l
206694876 1 46 108 l
206796711 0 32 111 o
206914443 1 32 111 o
206962291 0 27 114 r
207037827 1 27 114 r
207245176 0 40 100 d
207349279 1 40 100 d
207385896 0 65 32 space
207486864 1 65 32 space
207777409 0 33 112 p
207898224 1 33 112 p
207952164 0 38 97 a
208103422 1 38 97 a
208126902 0 54 99 c
208244421 1 54 99 c
208255220 0 45 107 k
208374629 1 45 107 k
208380195 0 38 97 a
208540755 1 38 97 a
208728722 0 42 103 g
208818074 1 42 103 g
208850836 0 26 101 e
208958551 1 26 101 e
209111957 0 39 115 s
209225841 1 39 115 s
209605396 0 65 32 space
209704636 1 65 32 space
209849274 0 32 111 o
209949614 1 32 111 o
209979756 0 55 118 v
210144915 1 55 118 v
210267703 0 26 101 e
210395435 0 27 114 r
210469261 1 26 101 e
210528845 1 27 114 r
210719477 0 54 99 c
210843682 1 54 99 c
210871683 0 38 97 a
210982138 1 38 97 a
211153321 0 58 109 m
211263585 1 58 109 m
211318786 0 26 101 e
211392276 1 26 101 e
211441580 0 65 32 space
211553669 1 65 32 space
211618272 0 40 100 d
211706091 1 40 100 d
211753420 0 31 105 i
211828999 1 31 105 i
213895528 0 39 115 s
214007564 1 39 115 s
214131244 0 28 116 t
214226803 1 28 116 t
214344089 0 38 97 a
214460114 1 38 97 a
214744226 0 58 109 m
214853075 1 58 109 m
215005899 0 54 99 c
215130933 1 54 99 c
215380472 0 22 0 BackSpace
215436377 1 22 0 BackSpace
215524171 0 22 0 BackSpace
215600076 1 22 0 BackSpace
215861073 0 57 110 n
216006285 1 57 110 n
216077432 0 54 99 c
216215314 0 26 101 e
216260456 1 54 99 c
216344614 1 26 101 e
216384190 0 65 32 space
216484652 1 65 32 space
216562345 0 39 115 s
216684032 1 39 115 s
216729092 0 58 109 m
216812515 1 58 109 m
216838518 0 38 97 a
216976741 1 38 97 a
216982710 0 46 108 l
217045520 1 46 108 l
217152092 0 46 108 l
217232543 1 46 108 l
217360526 0 26 101 e
217467619 1 26 101 e
217747701 0 39 115 s
217848452 1 39 115 s
217992301 0 28 116 t
218080149 1 28 116 t
218257157 0 65 32 space
218339982 1 65 32 space
218560989 0 31 105 i
218670782 0 57 110 n
218718895 1 31 105 i
218781787 1 57 110 n
218897651 0 65 32 space
219012432 1 65 32 space
219029598 0 27 114 r
219135026 0 26 101 e
219196577 1 27 114 r
219274117 1 26 101 e
219392723 0 54 99 c
219497039 1 54 99 c
219586245 0 54 99 c
219705122 1 54 99 c
219847267 0 30 117 u
219984189 1 30 117 u
220008550 0 27 114 r
220130142 1 27 114 r
221880564 0 27 114 r
222022567 1 27 114 r
222110677 0 26 101 e
222241918 1 26 101 e
223155755 0 22 0 BackSpace
223243630 1 22 0 BackSpace
223324808 0 22 0 BackSpace
223357020 1 22 0 BackSpace
223991114 0 26 101 e
224111912 1 26 101 e
224179734 0 40 100 d
224310522 1 40 100 d
224610546 0 60 46 period
224769967 1 60 46 period
225350156 0 36 0 Return
225423939 1 36 0 Return
226322044 0 50 0 Shift_L
226533898 1 50 0 Shift_L
226621273 0 50 0 Shift_L
226858425 0 25 87 W
226958294 1 50 0 Shift_L
226989909 1 25 119 w
227094117 0 27 114 r
227227025 1 27 114 r
227249201 0 32 111 o
227373183 1 32 111 o
227509958 0 57 110 n
227617141 1 57 110 n
227920290 0 42 103 g
228063948 1 42 103 g
228099658 0 65 32 space
228209821 1 65 32 space
228331349 0 58 109 m
228449166 1 58 109 m
228568629 0 38 97 a
228754488 1 38 97 a
228921040 0 31 105 i
229054832 1 31 105 i
229152229 0 40 100 d
229299085 1 40 100 d
229305586 0 39 115 s
229458997 1 39 115 s
229528481 0 65 32 space
229680480 1 65 32 space
230213847 0 32 111 o
230337648 0 27 114 r
230349647 1 32 111 o
230470835 1 27 114 r
230563915 0 65 32 space
230656003 1 65 32 space
230815764 0 56 98 b
230946731 1 56 98 b
230976324 0 26 101 e
231061717 1 26 101 e
231139653 0 65 32 space
231259626 1 65 32 space
231313474 0 38 97 a
231426819 0 39 115 s
231458267 1 38 97 a
231538514 1 39 115 s
231617831 0 45 107 k
231752709 1 45 107 k
231801039 0 26 101 e
231962747 1 26 101 e
231992823 0 40 100 d
232099462 1 40 100 d
232209110 0 65 32 space
232342306 1 65 32 space
232700146 0 57 110 n
232829516 1 57 110 n
233100229 0 32 111 o
233271600 1 32 111 o
234389067 0 65 32 space
234525481 1 65 32 space
234595903 0 32 111 o
234723554 1 32 111 o
234895987 0 57 110 n
235005637 1 57 110 n
235121629 0 65 32 space
235207971 1 65 32 space
235235005 0 26 101 e
235346963 1 26 101 e
235364152 0 57 110 n
235487040 1 57 110 n
236167439 0 44 106 j
236233298 1 44 106 j
236604389 0 32 111 o
236725094 1 32 111 o
237067015 0 29 121 y
237167799 1 29 121 y
238140318 0 60 46 period
238216191 1 60 46 period
238376485 0 65 32 space
238503088 1 65 32 space
238551218 0 50 0 Shift_L
238853120 0 43 72 H
238939143 1 43 72 H
239009636 1 50 0 Shift_L
239183504 0 32 111 o
239305682 1 32 111 o
239465833 0 30 117 u
239609876 1 30 117 u
239795961 0 39 115 s
239957327 1 39 115 s
240035559 0 26 101 e
240136530 1 26 101 e
240332742 0 43 104 h
240444741 1 43 104 h
240619757 0 32 111 o
240714733 1 32 111 o
240859452 0 46 108 l
240968442 1 46 108 l
241089809 0 40 100 d
241236716 1 40 100 d
241277103 0 65 32 space
241374248 1 65 32 space
241423464 0 41 102 f
241569200 1 41 102 f
241627793 0 26 101 e
241737454 1 26 101 e
241797221 0 65 32 space
241926973 1 65 32 space
242054592 0 39 115 s
242185089 1 39 115 s
242379747 0 32 111 o
242565775 1 32 111 o
242571839 0 58 109 m
242711306 1 58 109 m
242805349 0 26 101 e
242926155 1 26 101 e
243051999 0 28 116 t
243171343 1 28 116 t
243218345 0 31 105 i
243341104 1 31 105 i
243413343 0 58 109 m
243511356 1 58 109 m
243992293 0 26 101 e
244083277 1 26 101 e
244225244 0 39 115 s
244350270 1 39 115 s
244434950 0 65 32 space
244542267 1 65 32 space
245026222 0 32 111 o
245122955 1 32 111 o
245228558 0 30 117 u
245363598 1 30 117 u
245409822 0 28 116 t
245530267 1 28 116 t
245612167 0 65 32 space
245754299 1 65 32 space
245765615 0 38 97 a
245882040 1 38 97 a
246027964 0 28 116 t
246083513 1 28 116 t
246186120 0 28 116 t
246247400 1 28 116 t
246412260 0 26 101 e
246494136 1 26 101 e
246588622 0 57 110 n
246735984 1 57 110 n
246888609 0 40 100 d
246969519 1 40 100 d
247083031 0 31 105 i
247259222 0 57 110 n
247293796 1 31 105 i
247409742 1 57 110 n
247428937 0 42 103 g
247575950 1 42 103 g
247690610 0 65 32 space
247836491 1 65 32 space
248061865 0 40 100 d
248242024 0 26 101 e
248287294 1 40 100 d
248363534 1 26 101 e
248460315 0 39 115 s
248597085 1 39 115 s
248685377 0 54 99 c
248784049 1 54 99 c
248926211 0 27 114 r
249049577 1 27 114 r
249119166 0 31 105 i
249155487 1 31 105 i
249614788 0 56 98 b
249740902 1 56 98 b
249865465 0 26 101 e
250038131 1 26 101 e
250043928 0 40 100 d
250174061 1 40 100 d
250226371 0 65 32 space
250353602 1 65 32 space
250516033 0 50 0 Shift_L
250641615 0 46 76 L
250744590 1 50 0 Shift_L
250770517 1 46 108 l
251311362 0 22 0 BackSpace
251438990 1 22 0 BackSpace
251836973 0 22 0 BackSpace
251956066 1 22 0 BackSpace
252144823 0 60 46 period
252317909 1 60 46 period
253130828 0 65 32 space
253295841 1 65 32 space
253553413 0 50 0 Shift_L
254478678 0 46 76 L
254583116 1 46 76 L
254615983 1 50 0 Shift_L
254757684 0 38 97 a
254899992 1 38 97 a
255771048 0 31 105 i
255881018 1 31 105 i
256040954 0 57 110 n
256121874 1 57 110 n
256305590 0 65 32 space
256432904 1 65 32 space
257001086 0 44 106 j
257090710 1 44 106 j
257211516 0 30 117 u
257311138 1 30 117 u
257365097 0 39 115 s
257471559 1 39 115 s
257599594 0 28 116 t
257692964 1 28 116 t
257699090 0 65 32 space
257835478 1 65 32 space
257856286 0 41 102 f
257986323 1 41 102 f
258111161 0 38 97 a
258206947 0 54 99 c
258218205 1 38 97 a
258322013 1 54 99 c
258524700 0 28 116 t
258625336 1 28 116 t
258638800 0 65 32 space
258729503 1 65 32 space
258936766 0 32 111 o
259011043 1 32 111 o
259329575 0 22 0 BackSpace
259392551 1 22 0 BackSpace
259788106 0 41 102 f
259906861 1 41 102 f
259933009 0 32 111 o
260049937 1 32 111 o
260133582 0 30 117 u
260229228 1 30 117 u
260256546 0 27 114 r
260375631 1 27 114 r
260460401 0 65 32 space
260595523 1 65 32 space
260806380 0 32 111 o
260903961 1 32 111 o
260990163 0 41 102 f
261122993 1 41 102 f
261173717 0 65 32 space
261274555 1 65 32 space
261534748 0 38 97 a
261661542 1 38 97 a
261965956 0 58 109 m
262072491 1 58 109 m
262225355 0 65 32 space
262312394 1 65 32 space
262409789 0 58 109 m
262505173 1 58 109 m
262542547 0 26 101 e
262611736 1 26 101 e
262699671 0 26 101 e
262803325 1 26 101 e
262926097 0 28 116 t
263038385 1 28 116 t
263056919 0 65 32 space
263160663 1 65 32 space
263293769 0 43 104 h
263361587 1 43 104 h
263518427 0 31 105 i
263616329 1 31 105 i
263661599 0 42 103 g
263803692 1 42 103 g
263821617 0 43 104 h
263953726 1 43 104 h
264238584 0 60 46 period
264331836 1 60 46 period
264591327 0 36 0 Return
264682221 1 36 0 Return
265560764 0 50 0 Shift_L
265748458 0 43 72 H
265881280 1 50 0 Shift_L
265896272 1 43 104 h
265964126 0 26 101 e
266055516 1 26 101 e
266120723 0 65 32 space
266234919 1 65 32 space
266293727 0 40 100 d
266418668 1 40 100 d
266424795 0 32 111 o
266538252 1 32 111 o
266695912 0 65 32 space
266801884 1 65 32 space
266918691 0 39 115 s
266998026 1 39 115 s
267045670 0 30 117 u
267224803 1 30 117 u
267378196 0 56 98 b
267465440 1 56 98 b
267626109 0 44 106 j
267723224 1 44 106 j
267831690 0 26 101 e
267955813 1 26 101 e
268080316 0 54 99 c
268168959 1 54 99 c
268359120 0 28 116 t
268422742 1 28 116 t
268715749 0 39 115 s
268839190 1 39 115 s
268848288 0 65 32 space
268956093 1 65 32 space
269120901 0 33 112 p
269214365 1 33 112 p
269220830 0 27 114 r
269312032 0 26 101 e
269367342 1 27 114 r
269430032 1 26 101 e
269519693 0 33 112 p
269627879 0 38 97 a
269641415 1 33 112 p
269773881 1 38 97 a
269793885 0 27 114 r
269951684 0 26 101 e
269987366 1 27 114 r
270082553 1 26 101 e
270212654 0 40 100 d
270304485 1 40 100 d
270457482 0 65 32 space
270591823 1 65 32 space
270768310 0 56 98 b
270924655 1 56 98 b
270947724 0 38 97 a
271096558 1 38 97 a
271132814 0 54 99 c
271241585 0 43 104 h
271263235 1 54 99 c
271347780 1 43 104 h
271426781 0 26 101 e
271498450 1 26 101 e
271624238 0 46 108 l
271695491 1 46 108 l
271796964 0 32 111 o
271906741 1 32 111 o
271963698 0 27 114 r
272045651 1 27 114 r
272121257 0 65 32 space
272233295 1 65 32 space
272318797 0 44 106 j
272406894 1 44 106 j
272561273 0 30 117 u
272672938 1 30 117 u
272715521 0 55 118 v
272853263 1 55 118 v
273288922 0 26 101 e
273391851 1 26 101 e
273510807 0 57 110 n
273614579 1 57 110 n
273715955 0 31 105 i
273810801 1 31 105 i
273977389 0 46 108 l
274060820 1 46 108 l
274115672 0 26 101 e
274252957 1 26 101 e
274330614 0 65 32 space
274455527 1 65 32 space
274786918 0 29 121 y
274914232 1 29 121 y
274963501 0 26 101 e
275067394 1 26 101 e
275145585 0 65 32 space
275266936 1 65 32 space
275439225 0 32 111 o
275563024 1 32 111 o
275835769 0 43 104 h
275961022 1 43 104 h
278244965 0 60 46 period
278392145 1 60 46 period
278594395 0 65 32 space
278730488 1 65 32 space
278902523 0 50 0 Shift_L
279758253 0 43 72 H
279837475 1 43 72 H
279877171 1 50 0 Shift_L
280033913 0 26 101 e
280111125 1 26 101 e
280314752 0 65 32 space
280442472 1 65 32 space
280782498 0 41 102 f
280924465 1 41 102 f
281006315 0 26 101 e
281072435 1 26 101 e
281177634 0 26 101 e
281257323 1 26 101 e
281362173 0 46 108 l
281456630 1 46 108 l
281593344 0 31 105 i
281688097 0 57 110 n
281731961 1 31 105 i
281820778 0 42 103 g
281839516 1 57 110 n
281932169 1 42 103 g
282074615 0 39 115 s
282200551 1 39 115 s
282218135 0 65 32 space
282335503 1 65 32 space
282533206 0 27 114 r
282670849 0 26 101 e
282727046 1 27 114 r
282836012 0 58 109 m
282852259 1 26 101 e
282902102 1 58 109 m
283013761 0 32 111 o
283102257 1 32 111 o
283158045 0 55 118 v
283282868 1 55 118 v
283343507 0 31 105 i
283445363 0 57 110 n
283504637 1 31 105 i
283546374 0 42 103 g
283586511 1 57 110 n
283670954 1 42 103 g
283740300 0 65 32 space
283828877 1 65 32 space
283949539 0 31 105 i
284054257 0 57 110 n
284083498 1 31 105 i
284172396 1 57 110 n
284232969 0 41 102 f
284385669 0 32 111 o
284396815 1 41 102 f
284487534 1 32 111 o
284537550 0 27 114 r
284635971 1 27 114 r
284684238 0 58 109 m
284784303 1 58 109 m
284889190 0 26 101 e
284980151 1 26 101 e
285203507 0 40 100 d
285348824 1 40 100 d
285401562 0 65 32 space
285498365 1 65 32 space
285662040 0 43 104 h
285732570 1 43 104 h
285841268 0 26 101 e
285957831 1 26 101 e
286059981 0 65 32 space
286177771 1 65 32 space
286205504 0 38 97 a
286310551 0 39 115 s
286341525 1 38 97 a
286446065 1 39 115 s
286514179 0 65 32 space
286615242 1 65 32 space
286817436 0 31 105 i
286937550 1 31 105 i
286963400 0 42 103 g
287076011 1 42 103 g
287110445 0 57 110 n
287181533 1 57 110 n
287287665 0 32 111 o
287400201 1 32 111 o
287490202 0 27 114 r
287585129 1 27 114 r
287704159 0 38 97 a
287808075 1 38 97 a
287866863 0 57 110 n
287998901 1 57 110 n
288066112 0 28 116 t
288167554 1 28 116 t
288981100 0 65 32 space
289056043 0 25 119 w
289098163 1 65 32 space
289156517 1 25 119 w
289287187 0 26 101 e
289371917 1 26 101 e
289494457 0 65 32 space
289595195 1 65 32 space
289777760 0 33 112 p
289884643 0 27 114 r
289896638 1 33 112 p
290012337 0 26 101 e
290051668 1 27 114 r
290128326 1 26 101 e
290217104 0 33 112 p
290363184 1 33 112 p
290375603 0 38 97 a
290509861 1 38 97 a
290582934 0 27 114 r
290686005 0 26 101 e
290740472 1 27 114 r
290800262 1 26 101 e
290915791 0 40 100 d
291000927 1 40 100 d
291136325 0 60 46 period
291207518 1 60 46 period
291931156 0 36 0 Return
292017896 1 36 0 Return
292582957 0 50 0 Shift_L
292762056 0 26 69 E
292855997 1 50 0 Shift_L
292907992 1 26 101 e
292982152 0 55 118 v
293102040 1 55 118 v
293143558 0 26 101 e
293284526 1 26 101 e
293337360 0 57 110 n
293485007 1 57 110 n
293712144 0 31 105 i
293741946 0 32 111 o
293769677 1 32 111 o
293790065 0 57 110 n
293852470 1 31 105 i
293967035 0 42 103 g
293979460 1 57 110 n
294109660 1 42 103 g
294406811 0 22 0 BackSpace
294468003 1 22 0 BackSpace
294556799 0 22 0 BackSpace
294623570 1 22 0 BackSpace
294707858 0 22 0 BackSpace
294776852 1 22 0 BackSpace
295406272 0 57 110 n
295513856 1 57 110 n
296459564 0 42 103 g
296592750 1 42 103 g
296723756 0 65 32 space
296870713 1 65 32 space
296971847 0 40 100 d
297106288 0 32 111 o
297117390 1 40 100 d
297184001 1 32 111 o
297343166 0 65 32 space
297437002 1 65 32 space
297457171 0 41 102 f
297591870 1 41 102 f
297597804 0 32 111 o
297686640 1 32 111 o
297746115 0 27 114 r
297832418 0 58 109 m
297848560 1 27 114 r
297932232 1 58 109 m
298040625 0 31 105 i
298178693 0 57 110 n
298213063 1 31 105 i
298282835 1 57 110 n
298317575 0 42 103 g
298384759 1 42 103 g
298449534 0 65 32 space
298536037 1 65 32 space
298762835 0 32 111 o
298885789 1 32 111 o
299085859 0 56 98 b
299203988 1 56 98 b
299315244 0 39 115 s
299424216 1 39 115 s
299512495 0 26 101 e
299653206 0 27 114 r
299688464 1 26 101 e
299788193 1 27 114 r
299959912 0 55 118 v
300072165 1 55 118 v
300147352 0 26 101 e
300369884 1 26 101 e
300457470 0 65 32 space
300589595 1 65 32 space
300668500 0 39 115 s
300790361 1 39 115 s
300891884 0 33 112 p
300938360 1 33 112 p
301224016 0 31 105 i
301293141 1 31 105 i
301415678 0 27 114 r
301511951 1 27 114 r
301598976 0 31 105 i
301719787 1 31 105 i
302352176 0 28 116 t
302421602 1 28 116 t
302619482 0 39 115 s
302734090 1 39 115 s
302850740 0 65 32 space
302997090 1 65 32 space
303283410 0 31 105 i
303398598 1 31 105 i
303472125 0 39 115 s
303564718 1 39 115 s
303666148 0 65 32 space
303762233 1 65 32 space
303907440 0 31 105 i
304008020 0 57 110 n
304070332 1 31 105 i
304135759 1 57 110 n
304347488 0 60 46 period
304445022 1 60 46 period
304598347 0 65 32 space
304696566 0 50 0 Shift_L
304709516 1 65 32 space
304822594 0 54 67 C
304888273 1 50 0 Shift_L
304938341 0 32 111 o
304966214 1 54 99 c
305065124 1 32 111 o
305202215 0 30 117 u
305288025 1 30 117 u
305476141 0 57 110 n
305567267 0 28 116 t
305598699 1 57 110 n
305694768 1 28 116 t
305776605 0 27 114 r
305918518 1 27 114 r
305960289 0 29 121 y
306071335 1 29 121 y
306211325 0 65 32 space
306312977 1 65 32 space
306407414 0 43 104 h
306538668 1 43 104 h
306544460 0 26 101 e
306700724 1 26 101 e
306735521 0 38 97 a
306920227 1 38 97 a
306931044 0 27 114 r
307029273 1 27 114 r
307146891 0 28 116 t
307255796 1 28 116 t
307314162 0 26 101 e
307427761 1 26 101 e
307519406 0 40 100 d
307641562 1 40 100 d
307714118 0 65 32 space
307823848 1 65 32 space
307934838 0 56 98 b
308035431 1 56 98 b
308084558 0 26 101 e
308197856 1 26 101 e
308248691 0 65 32 space
308317219 1 65 32 space
308441587 0 32 111 o
308550062 1 32 111 o
308585306 0 41 102 f
308721775 0 65 32 space
308732496 1 41 102 f
308794037 1 65 32 space
308885230 0 44 106 j
308995980 1 44 106 j
309121960 0 30 117 u
309199099 1 30 117 u
309216382 0 39 115 s
309320512 1 39 115 s
309469407 0 28 116 t
309578577 1 28 116 t
309748044 0 31 105 i
309879194 1 31 105 i
309998088 0 55 118 v
310066485 1 55 118 v
310429201 0 22 0 BackSpace
310520602 0 54 99 c
310536861 1 22 0 BackSpace
310625838 0 26 101 e
310652581 1 54 99 c
310769906 1 26 101 e
310894097 0 65 32 space
311025334 1 65 32 space
311307041 0 39 115 s
311423947 1 39 115 s
311496541 0 26 101 e
311594043 0 57 110 n
311619173 1 26 101 e
311718320 1 57 110 n
311754038 0 40 100 d
311871604 0 31 105 i
311883005 1 40 100 d
311972151 0 57 110 n
312028623 1 31 105 i
312113867 0 42 103 g
312125783 1 57 110 n
312229962 1 42 103 g
312409868 0 60 46 period
312518716 1 60 46 period
312694927 0 65 32 space
312790482 1 65 32 space
312876505 0 50 0 Shift_L
313054763 0 32 79 O
313142097 1 32 79 O
313161866 1 50 0 Shift_L
313284132 0 57 110 n
313391671 1 57 110 n
313519965 0 65 32 space
313607897 1 65 32 space
313684538 0 39 115 s
313766406 1 39 115 s
313785023 0 32 111 o
313891474 1 32 111 o
314047261 0 65 32 space
314137009 1 65 32 space
314269943 0 28 116 t
314373588 1 28 116 t
314437746 0 43 104 h
314559951 1 43 104 h
314565764 0 26 101 e
314739119 1 26 101 e
314760661 0 29 121 y
314916317 1 29 121 y
315062364 0 65 32 space
315171434 1 65 32 space
315378003 0 38 97 a
315522921 0 39 115 s
315569639 1 38 97 a
315658452 1 39 115 s
315726077 0 65 32 space
315863413 1 65 32 space
315926597 0 25 119 w
316058536 1 25 119 w
316062603 0 31 105 i
316165225 1 31 105 i
316243208 0 28 116 t
316324339 0 43 104 h
316354045 1 28 116 t
316453381 1 43 104 h
316604298 0 65 32 space
316738376 1 65 32 space
316771440 0 27 114 r
316921854 1 27 114 r
317121709 0 32 111 o
317192448 1 32 111 o
317284018 0 32 111 o
317408430 1 32 111 o
317455196 0 58 109 m
317569347 1 58 109 m
318130101 0 65 32 space
318245673 1 65 32 space
318341019 0 54 99 c
318432975 0 32 111 o
318491298 1 54 99 c
318514794 1 32 111 o
318657017 0 46 108 l
318787618 1 46 108 l
318935339 0 40 100 d
319047336 1 40 100 d
319106307 0 65 32 space
319249782 1 65 32 space
319609472 0 29 121 y
319658637 1 29 121 y
319695564 0 26 101 e
319793604 1 26 101 e
320019148 0 60 46 period
320111391 1 60 46 period
321111271 0 36 0 Return
321207212 1 36 0 Return
321771069 0 50 0 Shift_L
321927621 0 56 66 B
322043608 1 50 0 Shift_L
322055430 1 56 98 b
322119770 0 26 101 e
322224707 1 26 101 e
322261664 0 65 32 space
322368996 1 65 32 space
322420630 0 54 99 c
322497529 1 54 99 c
322545258 0 38 97 a
322641462 1 38 97 a
322676089 0 46 108 l
322733726 1 46 108 l
322803625 0 46 108 l
322906515 1 46 108 l
323037407 0 65 32 space
323133307 1 65 32 space
323215426 0 41 102 f
323286493 1 41 102 f
323309120 0 32 111 o
323393584 1 32 111 o
323561437 0 30 117 u
323671080 1 30 117 u
323723562 0 27 114 r
323835114 1 27 114 r
323908012 0 65 32 space
324016608 1 65 32 space
324142805 0 58 109 m
324226636 1 58 109 m
324492455 0 29 121 y
324627699 1 29 121 y
324788656 0 65 32 space
324886245 1 65 32 space
324933419 0 25 119 w
325052005 1 25 119 w
325132833 0 26 101 e
325240900 0 57 110 n
325253656 1 26 101 e
325378963 1 57 110 n
325467820 0 28 116 t
325582257 1 28 116 t
325834131 0 65 32 space
325992084 1 65 32 space
326180406 0 58 109 m
326321487 1 58 109 m
326434944 0 26 101 e
326526847 1 26 101 e
326665093 0 38 97 a
326784093 1 38 97 a
326828875 0 57 110 n
326945768 1 57 110 n
327204476 0 60 46 period
327304466 1 60 46 period
327529119 0 65 32 space
327630949 0 50 0 Shift_L
327642760 1 65 32 space
327784791 0 54 67 C
327826496 1 50 0 Shift_L
327943612 1 54 99 c
327951326 0 26 101 e
328052668 1 26 101 e
328093964 0 46 108 l
328244428 0 26 101 e
328256058 1 46 108 l
328332645 1 26 101 e
328488585 0 56 98 b
328603310 1 56 98 b
328662143 0 27 114 r
328792901 1 27 114 r
328851035 0 38 97 a
328960646 1 38 97 a
329077280 0 28 116 t
329186733 1 28 116 t
329221501 0 26 101 e
329347837 1 26 101 e
329399860 0 40 100 d
329497102 0 65 32 space
329534865 1 40 100 d
329594371 1 65 32 space
329738247 0 31 105 i
329835620 1 31 105 i
329847695 0 41 102 f
329948635 1 41 102 f
330067068 0 65 32 space
330150579 1 65 32 space
330393546 0 58 109 m
330465703 1 58 109 m
330698734 0 22 0 BackSpace
330783590 1 22 0 BackSpace
330839018 0 27 114 r
330968265 0 26 101 e
331006006 1 27 114 r
331086690 1 26 101 e
331177819 0 58 109 m
331313212 1 58 109 m
331333019 0 38 97 a
331514272 1 38 97 a
331558400 0 27 114 r
331660060 1 27 114 r
331704274 0 45 107 k
331846174 1 45 107 k
331968517 0 38 97 a
332068305 1 38 97 a
332203075 0 56 98 b
332309992 1 56 98 b
332491426 0 46 108 l
332589010 1 46 108 l
332882884 0 29 121 y
333003371 1 29 121 y
333178609 0 65 32 space
333302453 1 65 32 space
333898659 0 39 115 s
334027447 1 39 115 s
334033549 0 33 112 p
334191789 1 33 112 p
334229646 0 26 101 e
334281586 1 26 101 e
334553868 0 22 0 BackSpace
334612591 1 22 0 BackSpace
334709630 0 22 0 BackSpace
334728277 1 22 0 BackSpace
334833450 0 22 0 BackSpace
334919591 1 22 0 BackSpace
335067054 0 26 101 e
335179438 1 26 101 e
335355654 0 53 120 x
335444652 1 53 120 x
335498889 0 33 112 p
335596701 1 33 112 p
336212205 0 22 0 BackSpace
336284976 1 22 0 BackSpace
336356339 0 22 0 BackSpace
336457061 1 22 0 BackSpace
336495277 0 39 115 s
336620010 1 39 115 s
336759028 0 33 112 p
336835645 1 33 112 p
338858054 0 26 101 e
338979320 1 26 101 e
339134993 0 54 99 c
339258048 1 54 99 c
339424212 0 31 105 i
339538583 1 31 105 i
339585124 0 38 97 a
339718608 1 38 97 a
339732490 0 46 108 l
339792290 1 46 108 l
339878181 0 46 108 l
339980278 1 46 108 l
340256310 0 29 121 y
340373490 1 29 121 y
340492788 0 65 32 space
340603941 1 65 32 space
340644756 0 38 97 a
340752793 0 57 110 n
340766105 1 38 97 a
340849422 1 57 110 n
341111414 0 60 46 period
341203798 1 60 46 period
341433898 0 65 32 space
341502765 0 50 0 Shift_L
341541289 1 65 32 space
341784140 0 42 71 G
341957358 1 50 0 Shift_L
341967607 1 42 103 g
342198757 0 32 111 o
342209084 0 33 112 p
342235202 1 33 112 p
342250612 1 32 111 o
343010854 0 22 0 BackSpace
343079872 1 22 0 BackSpace
343305417 0 31 105 i
343457134 1 31 105 i
343508854 0 57 110 n
343627126 1 57 110 n
343648985 0 42 103 g
343787084 1 42 103 g
343827720 0 65 32 space
343937734 1 65 32 space
343970536 0 26 101 e
344114149 1 26 101 e
344184315 0 38 97 a
344258120 1 38 97 a
344380127 0 28 116 t
344479890 1 28 116 t
344525966 0 65 32 space
344643856 1 65 32 space
344681541 0 39 115 s
344774326 1 39 115 s
344885370 0 26 101 e
344984409 1 26 101 e
345059995 0 28 116 t
345191877 1 28 116 t
345238390 0 65 32 space
345340925 1 65 32 space
345464021 0 39 115 s
345612018 1 39 115 s
345674128 0 43 104 h
345759689 1 43 104 h
345854296 0 26 101 e
345945797 1 26 101 e
346011356 0 65 32 space
346116466 1 65 32 space
346221063 0 56 98 b
346309726 1 56 98 b
346515088 0 32 111 o
346579920 1 32 111 o
346672345 0 32 111 o
346795246 1 32 111 o
346838179 0 45 107 k
346945273 1 45 107 k
347051549 0 39 115 s
347157890 1 39 115 s
347167211 0 65 32 space
347297422 1 65 32 space
347338939 0 41 102 f
347434865 1 41 102 f
347482062 0 32 111 o
347563012 1 32 111 o
347688578 0 30 117 u
347787437 1 30 117 u
347977209 0 57 110 n
348088121 1 57 110 n
348203464 0 40 100 d
348335875 1 40 100 d
348356523 0 65 32 space
348489939 1 65 32 space
348794745 0 58 109 m
348935168 1 58 109 m
348990506 0 26 101 e
349053879 1 26 101 e
349157406 0 26 101 e
349242523 1 26 101 e
349794846 0 22 0 BackSpace
349914014 1 22 0 BackSpace
349999856 0 28 116 t
350115909 1 28 116 t
350316177 0 65 32 space
350501859 1 65 32 space
350574826 0 38 97 a
350832029 1 38 97 a
351097147 0 25 119 w
351181688 1 25 119 w
351285720 0 38 97 a
351441303 1 38 97 a
351483086 0 27 114 r
351605966 1 27 114 r
351858217 0 26 101 e
351953343 1 26 101 e
352096350 0 60 46 period
352176101 1 60 46 period
352385307 0 36 0 Return
10
Throwing consider dwelling bachelor joy her proposal laughter. Raptures returned disposed one entirely her men ham.
By to admire vanity country an mutual as roused. Of an thrown am warmly merely result depart supply.
Required honoured trifling eat pleasure man relation. Assurance yet bed was improving furniture man.
Distrusts delighted she listening mrs extensive admitting far.  Full he none no side. Uncommonly surrounded considered for himare its.
It we is read good soon. My to considered delightful invitation announcing of no decisively boisterous.
Did add dashwoods deficient man concluded additions resources. Or landlord packages overcame distance smallest in reccured.
Wrong maids or be asked no on enjoy. Household fe sometimes out attending described. Lain just fact four of am meet high.
He do subjects prepared bachelor juvenile ye oh. He feelings removing informed he as ignorant we prepared.
Evening do forming observe spirits is in. Country hearted be of justice sending. On so they as with room cold ye.
Be call four my went mean. Celebrated if remarkably especially an. Going eat set she books found met aware.
