magnus
2014-09-20 07:26:32.148761
10
Throwing consider dwelling bachelor joy her proposal laughter. Raptures returned disposed one entirely her men ham.
By to admire vanity county an mutual as roused. Of an thrown am warmly merely result depart supply.
Required honoured trifling eat pleasure man relation. Assurance yet bed was improving furniture man.
Distrusts delighted she listening mrs extensive admitting far.  Full he none no side. Uncommonly surrounded considered for him are its.
It we is read good soon. My to considered delightful invitation announcing of no decisively boisterous.
Did add dashwoods deficient man concluded additions resources. Or landlord packages overcame distance smallest in recurred.
Wrong maids or be asked no on enjoy. Household few sometimes out attending described. Lain just fact four of am meet high.
He do subjects prepared bachelor juvenile ye oh. He feelings removing informed he as ignorant we prepared.
Evening do forming observe spirits is in. Country hearted be of justice sending. On so they as with room cold ye.
Be call four my went mean. Celebrated if remarkably especially an. Going eat set she books found met aware.
922031 0 50 0 Shift_L
1083973 0 28 84 T
1236733 1 50 0 Shift_L
1255937 1 28 116 t
1343911 0 43 104 h
1470213 1 43 104 h
1600828 0 27 114 r
1709961 1 27 114 r
1719143 0 32 111 o
1827398 1 32 111 o
1939178 0 25 119 w
2068206 1 25 119 w
2109299 0 31 105 i
2234562 0 57 110 n
2296626 1 31 105 i
2383207 1 57 110 n
2423465 0 42 103 g
2537685 1 42 103 g
2609963 0 65 32 space
2710802 1 65 32 space
2793057 0 54 99 c
2907236 1 54 99 c
2932248 0 32 111 o
2993042 1 32 111 o
3141513 0 57 110 n
3236437 1 57 110 n
3317956 0 39 115 s
3405637 0 31 105 i
3425155 1 39 115 s
3496352 1 31 105 i
3643058 0 40 100 d
3768211 1 40 100 d
3779772 0 26 101 e
3947622 0 27 114 r
4056862 1 26 101 e
4083629 1 27 114 r
4150838 0 65 32 space
4278336 1 65 32 space
4595686 0 40 100 d
4701724 1 40 100 d
4931180 0 25 119 w
5045423 1 25 119 w
5147377 0 26 101 e
5255512 1 26 101 e
5523359 0 46 108 l
5614068 1 46 108 l
5700525 0 46 108 l
5785382 1 46 108 l
6029563 0 31 105 i
6167845 0 57 110 n
6224922 1 31 105 i
6234757 0 42 103 g
6302439 1 57 110 n
6406406 1 42 103 g
6469582 0 65 32 space
6599723 1 65 32 space
6821314 0 43 104 h
6919442 1 43 104 h
7521013 0 22 0 BackSpace
7593281 1 22 0 BackSpace
7846459 0 56 98 b
7954548 1 56 98 b
8000271 0 38 97 a
8126494 1 38 97 a
8662331 0 54 99 c
8799393 1 54 99 c
8817089 0 43 104 h
8940510 1 43 104 h
9025574 0 26 101 e
9101785 1 26 101 e
9228970 0 46 108 l
9327874 1 46 108 l
9452947 0 32 111 o
9516880 1 32 111 o
9544911 0 27 114 r
9692529 1 27 114 r
9833625 0 65 32 space
9906297 1 65 32 space
10038855 0 44 106 j
10139875 1 44 106 j
10318338 0 32 111 o
10441758 1 32 111 o
10841785 0 29 121 y
10963920 1 29 121 y
11183131 0 65 32 space
11289033 1 65 32 space
11432492 0 43 104 h
11535941 1 43 104 h
11574828 0 26 101 e
11696493 0 27 114 r
11785273 1 26 101 e
11838412 0 65 32 space
11849741 1 27 114 r
11922781 1 65 32 space
12110355 0 33 112 p
12195192 0 27 114 r
12207103 1 33 112 p
12343200 0 32 111 o
12358037 1 27 114 r
12441927 1 32 111 o
12590718 0 33 112 p
12685022 1 33 112 p
12816359 0 32 111 o
12932737 1 32 111 o
13087294 0 39 115 s
13189666 1 39 115 s
13231427 0 38 97 a
13400213 1 38 97 a
13438273 0 46 108 l
13529266 1 46 108 l
13739914 0 65 32 space
13831972 1 65 32 space
13976303 0 46 108 l
14065830 1 46 108 l
14109571 0 38 97 a
14288178 1 38 97 a
14529845 0 30 117 u
14648740 1 30 117 u
14707086 0 42 103 g
14843281 1 42 103 g
14865190 0 43 104 h
15021533 1 43 104 h
15042641 0 28 116 t
15154361 1 28 116 t
15274962 0 26 101 e
15411806 0 27 114 r
15478078 1 26 101 e
15545175 1 27 114 r
15705867 0 60 46 period
15862358 1 60 46 period
16300147 0 65 32 space
16444437 1 65 32 space
16451048 0 50 0 Shift_L
16677673 0 27 82 R
16808672 1 50 0 Shift_L
16818073 1 27 114 r
16935618 0 38 97 a
17062549 1 38 97 a
17085549 0 33 112 p
17199641 1 33 112 p
17228610 0 28 116 t
17344822 1 28 116 t
17711629 0 30 117 u
17800985 1 30 117 u
17885229 0 27 114 r
17988917 0 26 101 e
18058428 1 27 114 r
18158169 1 26 101 e
18268596 0 39 115 s
18366889 1 39 115 s
18498261 0 65 32 space
18557470 1 65 32 space
18797645 0 27 114 r
18867925 0 26 101 e
18950592 1 27 114 r
19015242 1 26 101 e
19074505 0 28 116 t
19194702 1 28 116 t
19226393 0 30 117 u
19383992 1 30 117 u
19390562 0 27 114 r
19506825 1 27 114 r
19579008 0 57 110 n
19690131 1 57 110 n
19698702 0 26 101 e
19842156 1 26 101 e
19910215 0 40 100 d
20046521 1 40 100 d
20097721 0 65 32 space
20182694 1 65 32 space
20194256 0 40 100 d
20308464 1 40 100 d
20467359 0 31 105 i
20601578 1 31 105 i
20704606 0 39 115 s
20817073 1 39 115 s
20902301 0 33 112 p
21043218 1 33 112 p
21169155 0 32 111 o
21294333 1 32 111 o
21454148 0 39 115 s
21604929 1 39 115 s
21712056 0 26 101 e
21829848 0 40 100 d
21868996 1 26 101 e
21983111 1 40 100 d
22128152 0 65 32 space
22281431 1 65 32 space
22376798 0 26 101 e
22507257 1 26 101 e
22596845 0 57 110 n
22698153 1 57 110 n
22760549 0 28 116 t
22896051 1 28 116 t
22990404 0 31 105 i
23110320 1 31 105 i
23655427 0 22 0 BackSpace
23737962 1 22 0 BackSpace
23769830 0 22 0 BackSpace
23836523 1 22 0 BackSpace
24064811 0 22 0 BackSpace
24165145 1 22 0 BackSpace
24700456 0 22 0 BackSpace
24844667 1 22 0 BackSpace
25074999 0 32 111 o
25201272 1 32 111 o
25409403 0 57 110 n
25528988 1 57 110 n
25613355 0 26 101 e
25750601 1 26 101 e
25840119 0 65 32 space
25926031 1 65 32 space
26122951 0 26 101 e
26273179 0 57 110 n
26285262 1 26 101 e
26353663 1 57 110 n
26470708 0 31 105 i
26593478 1 31 105 i
26639472 0 28 116 t
26755376 1 28 116 t
26906573 0 26 101 e
27073364 1 26 101 e
27610754 0 22 0 BackSpace
27687497 1 22 0 BackSpace
27759080 0 22 0 BackSpace
27817436 1 22 0 BackSpace
27897938 0 22 0 BackSpace
27970672 1 22 0 BackSpace
28197961 0 28 116 t
28321885 1 28 116 t
28621183 0 31 105 i
28771423 0 27 114 r
28785118 1 31 105 i
28880973 0 26 101 e
28927991 1 27 114 r
29030170 1 26 101 e
29192183 0 46 108 l
29304537 1 46 108 l
29670515 0 29 121 y
29821898 1 29 121 y
30024800 0 65 32 space
30141193 1 65 32 space
30418551 0 43 104 h
30536453 1 43 104 h
30546582 0 26 101 e
30668008 0 27 114 r
30715884 1 26 101 e
30786632 0 65 32 space
30806311 1 27 114 r
30864277 1 65 32 space
30992338 0 58 109 m
31098315 1 58 109 m
31112093 0 26 101 e
31239111 0 57 110 n
31270796 1 26 101 e
31310319 1 57 110 n
31462378 0 65 32 space
31506206 1 65 32 space
31823071 0 43 104 h
31925338 1 43 104 h
32081977 0 38 97 a
32215915 1 38 97 a
32278238 0 59 44 comma
32398411 1 59 44 comma
32564073 0 60 46 period
32702378 1 60 46 period
33087082 0 22 0 BackSpace
33194230 1 22 0 BackSpace
33300667 0 22 0 BackSpace
33385521 1 22 0 BackSpace
33890282 0 58 109 m
33961248 1 58 109 m
34161413 0 60 46 period
34283457 1 60 46 period
35160063 0 36 0 Return
35275202 1 36 0 Return
35935453 0 50 0 Shift_L
36373409 0 56 66 B
36502518 1 56 66 B
36511762 1 50 0 Shift_L
36665913 0 29 121 y
36777007 1 29 121 y
36909625 0 65 32 space
36974259 0 28 116 t
36984181 1 65 32 space
37087218 1 28 116 t
37132105 0 32 111 o
37205928 1 32 111 o
37334749 0 65 32 space
37434327 1 65 32 space
37593976 0 38 97 a
37723197 1 38 97 a
37750965 0 40 100 d
37869548 1 40 100 d
37884820 0 58 109 m
37987325 1 58 109 m
38154478 0 31 105 i
38218984 1 31 105 i
38437338 0 27 114 r
38568949 0 26 101 e
38608114 1 27 114 r
38709014 1 26 101 e
38758005 0 65 32 space
38860461 1 65 32 space
39147256 0 55 118 v
39255368 1 55 118 v
39367207 0 38 97 a
39483362 1 38 97 a
39490044 0 57 110 n
39577282 1 57 110 n
39696629 0 31 105 i
39815106 1 31 105 i
39852742 0 28 116 t
39961309 1 28 116 t
40183696 0 29 121 y
40329855 1 29 121 y
40522828 0 65 32 space
40606488 1 65 32 space
40646147 0 54 99 c
40774400 1 54 99 c
40781103 0 32 111 o
40837976 1 32 111 o
41070671 0 30 117 u
41243245 1 30 117 u
41268521 0 57 110 n
41365652 0 28 116 t
41395477 1 57 110 n
41487805 1 28 116 t
41652496 0 29 121 y
41791142 1 29 121 y
41972114 0 65 32 space
42098100 1 65 32 space
42228523 0 38 97 a
42333577 0 57 110 n
42354942 1 38 97 a
42416023 1 57 110 n
42528641 0 65 32 space
42626500 1 65 32 space
42725774 0 58 109 m
42842966 1 58 109 m
42992898 0 30 117 u
43134267 1 30 117 u
43140800 0 28 116 t
43242281 1 28 116 t
43296865 0 30 117 u
43409411 1 30 117 u
43544475 0 38 97 a
43648581 1 38 97 a
43655043 0 46 108 l
43762699 1 46 108 l
43926809 0 65 32 space
44014439 1 65 32 space
44104442 0 38 97 a
44223885 0 39 115 s
44264463 1 38 97 a
44347494 1 39 115 s
44378311 0 65 32 space
44491033 1 65 32 space
44710262 0 27 114 r
44788438 0 32 111 o
44825617 1 27 114 r
44863121 1 32 111 o
44967822 0 30 117 u
45081955 1 30 117 u
45134251 0 39 115 s
45247321 1 39 115 s
45341037 0 26 101 e
45488632 1 26 101 e
45582704 0 40 100 d
45700051 1 40 100 d
46931792 0 60 46 period
47059687 1 60 46 period
47295403 0 65 32 space
47401973 1 65 32 space
47494175 0 50 0 Shift_L
47637250 0 32 79 O
47745733 1 32 79 O
47786379 1 50 0 Shift_L
47873894 0 41 102 f
48025501 1 41 102 f
48046073 0 65 32 space
48134449 1 65 32 space
48208556 0 38 97 a
48292262 0 57 110 n
48311776 1 38 97 a
48397378 1 57 110 n
48508635 0 65 32 space
48617487 1 65 32 space
48708687 0 28 116 t
48796448 0 43 104 h
48838785 1 28 116 t
48913537 1 43 104 h
48991045 0 27 114 r
49091288 1 27 114 r
49097643 0 32 111 o
49183869 1 32 111 o
49324274 0 25 119 w
49444270 0 57 110 n
49456543 1 25 119 w
49517735 1 57 110 n
49659689 0 65 32 space
49712215 1 65 32 space
49779065 0 38 97 a
49908806 1 38 97 a
49918214 0 58 109 m
50008268 1 58 109 m
50143288 0 65 32 space
50234121 1 65 32 space
50405795 0 25 119 w
50493165 1 25 119 w
50574698 0 38 97 a
50712177 1 38 97 a
50771283 0 27 114 r
50900001 1 27 114 r
50925460 0 58 109 m
51001194 1 58 109 m
51166427 0 46 108 l
51287630 1 46 108 l
51640877 0 29 121 y
51754672 1 29 121 y
51913466 0 65 32 space
51990582 1 65 32 space
52109909 0 58 109 m
52217226 1 58 109 m
52242590 0 26 101 e
52349430 0 27 114 r
52387950 1 26 101 e
52502271 0 26 101 e
52514443 1 27 114 r
52650607 1 26 101 e
52905213 0 46 108 l
53056001 1 46 108 l
53469748 0 29 121 y
53617706 1 29 121 y
53799749 0 65 32 space
53929868 0 27 114 r
53943391 1 65 32 space
54054347 0 26 101 e
54102108 1 27 114 r
54168760 1 26 101 e
54353517 0 39 115 s
54489865 1 39 115 s
54688896 0 30 117 u
54791078 1 30 117 u
55007137 0 46 108 l
55138543 1 46 108 l
55202707 0 28 116 t
55343785 1 28 116 t
55447389 0 65 32 space
55563216 1 65 32 space
55630220 0 40 100 d
55759153 0 26 101 e
55791342 1 40 100 d
55901628 0 33 112 p
55913220 1 26 101 e
56017591 1 33 112 p
56064109 0 38 97 a
56180821 1 38 97 a
56276953 0 27 114 r
56310486 1 27 114 r
56441547 0 28 116 t
56521918 1 28 116 t
56923905 0 60 46 period
57106151 1 60 46 period
57792305 0 22 0 BackSpace
57897414 1 22 0 BackSpace
57927607 0 65 32 space
58049876 1 65 32 space
58196854 0 39 115 s
58284623 1 39 115 s
58398255 0 30 117 u
58493807 1 30 117 u
58663666 0 33 112 p
58732457 1 33 112 p
58744102 0 33 112 p
58866351 1 33 112 p
59220128 0 46 108 l
59332046 1 46 108 l
59745739 0 29 121 y
59851878 1 29 121 y
60075915 0 60 46 period
60185012 1 60 46 period
60521080 0 36 0 Return
60676256 1 36 0 Return
61401360 0 50 0 Shift_L
61683253 0 27 82 R
61777269 1 50 0 Shift_L
61809994 1 27 114 r
61916372 0 26 101 e
62007542 1 26 101 e
62329779 0 24 113 q
62502140 1 24 113 q
62811851 0 30 117 u
62898783 1 30 117 u
63042341 0 31 105 i
63130643 1 31 105 i
63438529 0 27 114 r
63541757 0 26 101 e
63594052 1 27 114 r
63675453 1 26 101 e
63757225 0 40 100 d
63877513 1 40 100 d
63943639 0 65 32 space
64070981 1 65 32 space
64363999 0 43 104 h
64477140 1 43 104 h
64685843 0 32 111 o
64770791 1 32 111 o
65171728 0 57 110 n
65273479 1 57 110 n
65322370 0 25 119 w
65508542 1 25 119 w
65924456 0 22 0 BackSpace
66017313 1 22 0 BackSpace
66170704 0 32 111 o
66299900 1 32 111 o
66440372 0 30 117 u
66575586 1 30 117 u
66646621 0 27 114 r
66752342 0 26 101 e
66807686 1 27 114 r
66920860 1 26 101 e
66977780 0 40 100 d
67120482 1 40 100 d
67416307 0 65 32 space
67557570 1 65 32 space
68651153 0 28 116 t
68754237 1 28 116 t
68835889 0 27 114 r
68931111 1 27 114 r
69001163 0 31 105 i
69088430 1 31 105 i
69157526 0 41 102 f
69266720 1 41 102 f
69372643 0 46 108 l
69465150 1 46 108 l
69729215 0 31 105 i
69912970 0 57 110 n
69939652 1 31 105 i
70021583 1 57 110 n
70044245 0 42 103 g
70160926 1 42 103 g
70235402 0 65 32 space
70353158 1 65 32 space
70612722 0 26 101 e
70744148 1 26 101 e
70837516 0 38 97 a
70964734 1 38 97 a
71052279 0 28 116 t
71167057 1 28 116 t
71189001 0 65 32 space
71256941 1 65 32 space
71469883 0 33 112 p
71528681 1 33 112 p
71678596 0 46 108 l
71746223 1 46 108 l
71796250 0 26 101 e
71871966 1 26 101 e
71964293 0 38 97 a
72089417 0 39 115 s
72154599 1 38 97 a
72251835 1 39 115 s
72382725 0 30 117 u
72494758 1 30 117 u
72564161 0 27 114 r
72699335 0 26 101 e
72743830 1 27 114 r
72868137 1 26 101 e
72974698 0 65 32 space
73067572 1 65 32 space
73182951 0 58 109 m
73275395 1 58 109 m
73332833 0 38 97 a
73461265 1 38 97 a
73468740 0 57 110 n
73571477 1 57 110 n
73696414 0 65 32 space
73844623 1 65 32 space
73881204 0 27 114 r
73965631 0 26 101 e
74045108 1 27 114 r
74142162 1 26 101 e
74208743 0 46 108 l
74345461 1 46 108 l
74352220 0 38 97 a
74454190 1 38 97 a
74592067 0 28 116 t
74713271 1 28 116 t
74845765 0 31 105 i
74967745 1 31 105 i
75078238 0 32 111 o
75154714 1 32 111 o
75559939 0 57 110 n
75659741 1 57 110 n
76123709 0 60 46 period
76253040 1 60 46 period
76535233 0 65 32 space
76683977 1 65 32 space
76702824 0 50 0 Shift_L
76838074 0 38 65 A
76907979 1 50 0 Shift_L
76957790 1 38 97 a
77022292 0 39 115 s
77128782 1 39 115 s
77219534 0 39 115 s
77355418 1 39 115 s
77377671 0 31 105 i
77524015 1 31 105 i
77531486 0 27 114 r
77603678 1 27 114 r
77732222 0 38 97 a
77842908 1 38 97 a
78172448 0 22 0 BackSpace
78229968 1 22 0 BackSpace
78336859 0 22 0 BackSpace
78394419 1 22 0 BackSpace
78488667 0 22 0 BackSpace
78571662 1 22 0 BackSpace
79038513 0 30 117 u
79149620 1 30 117 u
79236637 0 27 114 r
79373949 1 27 114 r
79469600 0 38 97 a
79632480 1 38 97 a
79719411 0 57 110 n
79847053 1 57 110 n
79992222 0 54 99 c
80155141 1 54 99 c
80171612 0 26 101 e
80306512 1 26 101 e
80335394 0 65 32 space
80450316 1 65 32 space
80911752 0 29 121 y
81031696 1 29 121 y
81070378 0 26 101 e
81265057 1 26 101 e
81358450 0 28 116 t
81471474 1 28 116 t
81544850 0 65 32 space
81631727 1 65 32 space
81755127 0 56 98 b
81851990 0 26 101 e
81863590 1 56 98 b
82028249 1 26 101 e
82064950 0 40 100 d
82178931 1 40 100 d
82190684 0 65 32 space
82305368 1 65 32 space
82349697 0 25 119 w
82434882 1 25 119 w
82502145 0 38 97 a
82632407 0 39 115 s
82695425 1 38 97 a
82780399 0 65 32 space
82803363 1 39 115 s
82873528 1 65 32 space
83062328 0 31 105 i
83186728 1 31 105 i
83300189 0 58 109 m
83357969 1 58 109 m
83534058 0 33 112 p
83628602 1 33 112 p
83733313 0 27 114 r
83841314 0 32 111 o
83868436 1 27 114 r
84002387 1 32 111 o
84813657 0 55 118 v
84913189 1 55 118 v
84920215 0 31 105 i
85058163 0 57 110 n
85134105 1 31 105 i
85216412 1 57 110 n
85231126 0 42 103 g
85341896 1 42 103 g
85469073 0 65 32 space
85615206 1 65 32 space
85803129 0 41 102 f
85943530 1 41 102 f
86009720 0 30 117 u
86139481 1 30 117 u
86176965 0 27 114 r
86302750 1 27 114 r
86361706 0 57 110 n
86471515 1 57 110 n
86602251 0 31 105 i
86733420 1 31 105 i
86865579 0 28 116 t
86979961 1 28 116 t
86996679 0 30 117 u
87129678 1 30 117 u
87135143 0 27 114 r
87219371 0 26 101 e
87278031 1 27 114 r
87358614 1 26 101 e
87540969 0 65 32 space
87655885 1 65 32 space
87777420 0 58 109 m
87858410 1 58 109 m
87935999 0 38 97 a
87999109 0 57 110 n
88056268 1 38 97 a
88127177 1 57 110 n
88434232 0 60 46 period
88582440 1 60 46 period
89199168 0 36 0 Return
89375814 1 36 0 Return
89955235 0 50 0 Shift_L
90104887 0 40 68 D
90217419 1 50 0 Shift_L
90254235 1 40 100 d
90374803 0 30 117 u
90382837 0 31 105 i
90407365 1 31 105 i
90416581 1 30 117 u
91265236 0 22 0 BackSpace
91334060 1 22 0 BackSpace
91414164 0 22 0 BackSpace
91497202 1 22 0 BackSpace
91977141 0 31 105 i
92083916 1 31 105 i
92117996 0 39 115 s
92261419 1 39 115 s
92382867 0 28 116 t
92458741 1 28 116 t
92621793 0 27 114 r
92726639 1 27 114 r
92771603 0 30 117 u
92950317 1 30 117 u
93242883 0 39 115 s
93401219 1 39 115 s
94630818 0 28 116 t
94780893 1 28 116 t
94983946 0 39 115 s
95135188 1 39 115 s
95328784 0 65 32 space
95426419 1 65 32 space
95612424 0 40 100 d
95718995 0 26 101 e
95776446 1 40 100 d
95893762 1 26 101 e
95902591 0 46 108 l
96019974 1 46 108 l
96226735 0 31 105 i
96357900 1 31 105 i
96371573 0 42 103 g
96504885 1 42 103 g
96576100 0 43 104 h
96789917 1 43 104 h
97008086 0 28 116 t
97184799 1 28 116 t
97278458 0 26 101 e
97462915 1 26 101 e
97591711 0 40 100 d
97731045 1 40 100 d
97860444 0 65 32 space
97967263 1 65 32 space
98128593 0 39 115 s
98291518 1 39 115 s
98315247 0 43 104 h
98446294 1 43 104 h
98479588 0 26 101 e
98630965 1 26 101 e
98691289 0 65 32 space
98774165 1 65 32 space
98982876 0 46 108 l
99127341 1 46 108 l
99288035 0 31 105 i
99402173 1 31 105 i
99487500 0 39 115 s
99615449 1 39 115 s
99767973 0 28 116 t
99872931 0 26 101 e
99914372 1 28 116 t
100026350 1 26 101 e
100100516 0 57 110 n
100191661 1 57 110 n
100328530 0 31 105 i
100471317 0 57 110 n
100567124 1 31 105 i
100627743 1 57 110 n
100642688 0 42 103 g
100792864 1 42 103 g
100819218 0 65 32 space
100935081 1 65 32 space
101077661 0 58 109 m
101219019 1 58 109 m
101257961 0 27 114 r
101374501 1 27 114 r
101600522 0 39 115 s
101758450 1 39 115 s
102053490 0 65 32 space
102202355 1 65 32 space
102360438 0 26 101 e
102477601 1 26 101 e
102654662 0 53 120 x
102742389 1 53 120 x
102909027 0 28 116 t
103006088 1 28 116 t
103061507 0 26 101 e
103172516 1 26 101 e
103207474 0 57 110 n
103327802 1 57 110 n
103383111 0 39 115 s
103490047 1 39 115 s
103504667 0 31 105 i
103582484 1 31 105 i
103700132 0 55 118 v
103808207 1 55 118 v
103873292 0 26 101 e
104037310 0 65 32 space
104049369 1 26 101 e
104149566 1 65 32 space
104291330 0 38 97 a
104483732 1 38 97 a
104490561 0 40 100 d
104598595 1 40 100 d
104648745 0 58 109 m
104760909 1 58 109 m
104840128 0 31 105 i
104943882 1 31 105 i
105285520 0 28 116 t
105387124 1 28 116 t
105499891 0 28 116 t
105602645 1 28 116 t
105651721 0 31 105 i
105708027 0 57 110 n
105782707 1 31 105 i
105837242 0 42 103 g
105878309 1 57 110 n
105946428 1 42 103 g
106047820 0 65 32 space
106122414 1 65 32 space
106341707 0 41 102 f
106436677 1 41 102 f
106570648 0 38 97 a
106735795 1 38 97 a
106742583 0 27 114 r
106884590 1 27 114 r
107429194 0 61 45 minus
107484797 0 60 46 period
107509710 1 61 45 minus
107527218 1 60 46 period
107544254 0 60 46 period
107590769 1 60 46 period
107941229 0 22 0 BackSpace
108158938 1 22 0 BackSpace
108242320 0 22 0 BackSpace
108309083 1 22 0 BackSpace
108414476 0 22 0 BackSpace
108467255 1 22 0 BackSpace
109040643 0 60 46 period
109125592 1 60 46 period
109346615 0 65 32 space
109516297 1 65 32 space
110001140 0 50 0 Shift_L
110159027 0 41 70 F
110295888 1 41 70 F
110322689 1 50 0 Shift_L
110474009 0 30 117 u
110531516 1 30 117 u
110926215 0 22 0 BackSpace
111038291 1 22 0 BackSpace
111307869 0 22 0 BackSpace
111431979 1 22 0 BackSpace
111671948 0 65 32 space
111802250 1 65 32 space
112004170 0 50 0 Shift_L
112110112 0 41 70 F
112227694 1 50 0 Shift_L
112245392 1 41 102 f
112336400 0 30 117 u
112438801 1 30 117 u
112891907 0 46 108 l
113012679 1 46 108 l
113113445 0 46 108 l
113211099 1 46 108 l
113480859 0 65 32 space
113609976 1 65 32 space
113917745 0 43 104 h
114035819 1 43 104 h
114082035 0 26 101 e
114207904 0 65 32 space
114237455 1 26 101 e
114307915 1 65 32 space
114414523 0 57 110 n
114519393 1 57 110 n
114659316 0 32 111 o
114754981 1 32 111 o
114854792 0 57 110 n
114956387 1 57 110 n
115033835 0 26 101 e
115127602 1 26 101 e
115302781 0 65 32 space
115412686 1 65 32 space
115502319 0 57 110 n
115604936 1 57 110 n
115735422 0 32 111 o
115851230 1 32 111 o
116082913 0 65 32 space
116193977 1 65 32 space
116320997 0 39 115 s
116406549 0 31 105 i
116418218 1 39 115 s
116523102 1 31 105 i
116570225 0 40 100 d
116677315 0 26 101 e
116727059 1 40 100 d
116864288 1 26 101 e
117278998 0 61 45 minus
117312301 0 60 46 period
117323584 1 61 45 minus
117332601 1 60 46 period
118025759 0 22 0 BackSpace
118085543 1 22 0 BackSpace
118161638 0 22 0 BackSpace
118247516 1 22 0 BackSpace
118368472 0 60 46 period
118468629 1 60 46 period
118664862 0 65 32 space
118753746 1 65 32 space
118914235 0 50 0 Shift_L
119004299 0 30 85 U
119135857 1 30 85 U
119148249 1 50 0 Shift_L
119341567 0 57 110 n
119433470 1 57 110 n
120041253 0 54 99 c
120137069 0 32 111 o
120184668 1 54 99 c
120195941 1 32 111 o
120362065 0 58 109 m
120525492 1 58 109 m
120617883 0 58 109 m
120680402 1 58 109 m
120794144 0 32 111 o
120874019 0 25 119 w
120885419 1 32 111 o
121005506 0 57 110 n
121017745 1 25 119 w
121085584 1 57 110 n
121464186 0 22 0 BackSpace
121519748 1 22 0 BackSpace
121567701 0 22 0 BackSpace
121635882 1 22 0 BackSpace
122038680 0 57 110 n
122113542 1 57 110 n
122237170 0 46 108 l
122313033 1 46 108 l
122789108 0 29 121 y
122896109 1 29 121 y
123081702 0 65 32 space
123199177 1 65 32 space
123290907 0 39 115 s
123383553 1 39 115 s
123390230 0 30 117 u
123480205 1 30 117 u
123592764 0 27 114 r
123678628 1 27 114 r
123784045 0 27 114 r
123885977 1 27 114 r
123898792 0 32 111 o
123987722 1 32 111 o
124265599 0 30 117 u
124457691 0 57 110 n
124479797 1 30 117 u
124583068 1 57 110 n
124932063 0 40 100 d
125026500 0 26 101 e
125071822 1 40 100 d
125197731 0 40 100 d
125235965 1 26 101 e
125338541 1 40 100 d
125355210 0 65 32 space
125459117 1 65 32 space
125623821 0 54 99 c
125717661 0 32 111 o
125754500 1 54 99 c
125790416 1 32 111 o
125927105 0 57 110 n
125983425 1 57 110 n
126019589 0 39 115 s
126136940 1 39 115 s
126222817 0 31 105 i
126373034 0 40 100 d
126385181 1 31 105 i
126473397 0 26 101 e
126515098 1 40 100 d
126641398 1 26 101 e
126648765 0 27 114 r
126770553 0 26 101 e
126833424 1 27 114 r
126938486 1 26 101 e
127081058 0 40 100 d
127206309 1 40 100 d
127332837 0 65 32 space
127446025 1 65 32 space
127566342 0 41 102 f
127680331 1 41 102 f
127738223 0 32 111 o
127844554 1 32 111 o
127892590 0 27 114 r
127991595 1 27 114 r
128023415 0 65 32 space
128087239 1 65 32 space
128200800 0 43 104 h
128279445 1 43 104 h
128418155 0 31 105 i
128537277 1 31 105 i
128649819 0 58 109 m
128732715 1 58 109 m
128843353 0 65 32 space
128944485 1 65 32 space
128999431 0 38 97 a
129132570 1 38 97 a
129139661 0 27 114 r
129308193 1 27 114 r
129378221 0 26 101 e
129522625 1 26 101 e
129632774 0 65 32 space
129740215 1 65 32 space
130029048 0 31 105 i
130094519 1 31 105 i
130257456 0 28 116 t
130361597 1 28 116 t
130549341 0 39 115 s
130685963 1 39 115 s
130731884 0 60 46 period
130829835 1 60 46 period
131133297 0 36 0 Return
131239049 1 36 0 Return
132005214 0 50 0 Shift_L
132428032 0 31 73 I
132524598 1 31 73 I
132532987 1 50 0 Shift_L
132620035 0 28 116 t
132736579 1 28 116 t
132749120 0 65 32 space
132869118 1 65 32 space
133041401 0 25 119 w
133144297 1 25 119 w
133234302 0 26 101 e
133368412 1 26 101 e
133377641 0 65 32 space
133455212 1 65 32 space
133609297 0 39 115 s
133665664 1 39 115 s
133952757 0 22 0 BackSpace
134040646 1 22 0 BackSpace
134233254 0 31 105 i
134341481 1 31 105 i
134385598 0 39 115 s
134475432 1 39 115 s
134571653 0 65 32 space
134698559 0 27 114 r
134710646 1 65 32 space
134787306 0 26 101 e
134859870 1 27 114 r
134948653 1 26 101 e
135029156 0 38 97 a
135167841 0 40 100 d
135184720 1 38 97 a
135311157 1 40 100 d
135329093 0 65 32 space
135463550 1 65 32 space
135620826 0 42 103 g
135723748 1 42 103 g
135753720 0 32 111 o
135923136 1 32 111 o
136024604 0 32 111 o
136163717 1 32 111 o
136338689 0 40 100 d
136459633 1 40 100 d
136621170 0 65 32 space
136745948 1 65 32 space
136876526 0 39 115 s
137001901 1 39 115 s
137018723 0 32 111 o
137134856 1 32 111 o
137377028 0 32 111 o
137520442 1 32 111 o
137650821 0 57 110 n
137755399 1 57 110 n
137946231 0 60 46 period
138075107 1 60 46 period
138218761 0 65 32 space
138325848 1 65 32 space
138449633 0 50 0 Shift_L
138555332 0 58 77 M
138666806 1 58 77 M
138702413 1 50 0 Shift_L
138957488 0 29 121 y
139073851 1 29 121 y
139199267 0 65 32 space
139312511 1 65 32 space
139353358 0 28 116 t
139477578 1 28 116 t
139517534 0 32 111 o
139603424 1 32 111 o
140325473 0 22 0 BackSpace
140424383 1 22 0 BackSpace
141143634 0 32 111 o
141260839 1 32 111 o
141446744 0 65 32 space
141557956 1 65 32 space
141663238 0 54 99 c
141789106 0 32 111 o
141801097 1 54 99 c
141851072 1 32 111 o
141986489 0 57 110 n
142048537 1 57 110 n
142188070 0 39 115 s
142329989 1 39 115 s
142339111 0 31 105 i
142484805 0 40 100 d
142508191 1 31 105 i
142647338 1 40 100 d
142719768 0 26 101 e
142841144 0 27 114 r
142908197 1 26 101 e
143005433 1 27 114 r
143011702 0 26 101 e
143153310 1 26 101 e
143166035 0 27 114 r
143243826 1 27 114 r
143498827 0 40 100 d
143600301 1 40 100 d
144772618 0 22 0 BackSpace
144832228 1 22 0 BackSpace
144932630 0 22 0 BackSpace
145013533 1 22 0 BackSpace
145134880 0 22 0 BackSpace
145164543 1 22 0 BackSpace
146557582 0 26 101 e
146670559 1 26 101 e
146807137 0 40 100 d
146917326 1 40 100 d
147125698 0 65 32 space
147250819 1 65 32 space
147701423 0 40 100 d
147817349 0 26 101 e
147880609 1 40 100 d
147958644 1 26 101 e
148074745 0 46 108 l
148166106 1 46 108 l
148308714 0 31 105 i
148415810 1 31 105 i
148445672 0 42 103 g
148581969 1 42 103 g
148590794 0 43 104 h
148714131 1 43 104 h
148745529 0 28 116 t
148858468 1 28 116 t
149079401 0 41 102 f
149215003 1 41 102 f
149236817 0 31 105 i
149312196 1 31 105 i
149451204 0 46 108 l
149554098 1 46 108 l
149701186 0 65 32 space
149802026 1 65 32 space
149922282 0 31 105 i
150007708 0 57 110 n
150101610 1 31 105 i
150130944 1 57 110 n
150174078 0 55 118 v
150298360 1 55 118 v
150359249 0 31 105 i
150481444 1 31 105 i
150493304 0 28 116 t
150583401 1 28 116 t
150797457 0 38 97 a
150927414 1 38 97 a
151059074 0 28 116 t
151163914 1 28 116 t
151309798 0 31 105 i
151423862 1 31 105 i
151520259 0 32 111 o
151636125 1 32 111 o
151750861 0 57 110 n
151827779 1 57 110 n
151956429 0 65 32 space
152024269 1 65 32 space
152191807 0 38 97 a
152290906 1 38 97 a
152297927 0 57 110 n
152378715 1 57 110 n
152460951 0 57 110 n
152551896 1 57 110 n
152712810 0 32 111 o
152820559 1 32 111 o
153041110 0 30 117 u
153192522 1 30 117 u
153275321 0 57 110 n
153410042 1 57 110 n
153660261 0 54 99 c
153784026 1 54 99 c
153835456 0 31 105 i
153939260 0 57 110 n
154031141 1 31 105 i
154086058 0 42 103 g
154098521 1 57 110 n
154204414 1 42 103 g
154238272 0 65 32 space
154319459 1 65 32 space
154505127 0 32 111 o
154601276 1 32 111 o
154662256 0 41 102 f
154743957 1 41 102 f
154768878 0 65 32 space
154870433 1 65 32 space
154966839 0 57 110 n
155060841 1 57 110 n
155209052 0 32 111 o
155328684 1 32 111 o
155451217 0 65 32 space
155553621 1 65 32 space
155610262 0 40 100 d
155756143 0 26 101 e
155799479 1 40 100 d
155914456 1 26 101 e
156056333 0 54 99 c
156162265 1 54 99 c
156211478 0 31 105 i
156357585 1 31 105 i
156431987 0 39 115 s
156562185 1 39 115 s
156644426 0 31 105 i
156780673 1 31 105 i
156933598 0 55 118 v
156981178 1 55 118 v
157250726 0 26 101 e
157365864 1 26 101 e
157434015 0 46 108 l
157543034 1 46 108 l
158009277 0 29 121 y
158147903 1 29 121 y
158332380 0 65 32 space
158435458 1 65 32 space
158773309 0 56 98 b
158869132 1 56 98 b
159063679 0 32 111 o
159171508 1 32 111 o
159300141 0 31 105 i
159380239 1 31 105 i
159900299 0 39 115 s
159977109 1 39 115 s
160393559 0 28 116 t
160514796 1 28 116 t
160626019 0 26 101 e
160751329 0 27 114 r
160797100 1 26 101 e
160872981 1 27 114 r
162031094 0 32 111 o
162110907 1 32 111 o
162280718 0 30 117 u
162397914 1 30 117 u
162477344 0 39 115 s
162599185 1 39 115 s
162736017 0 60 46 period
162848429 1 60 46 period
163175208 0 36 0 Return
163339389 1 36 0 Return
163927313 0 50 0 Shift_L
164456952 0 40 68 D
164551433 1 50 0 Shift_L
164586148 1 40 100 d
164636471 0 31 105 i
164759521 1 31 105 i
164824470 0 40 100 d
164952866 1 40 100 d
165053735 0 65 32 space
165192456 1 65 32 space
165207221 0 38 97 a
165355025 1 38 97 a
165364410 0 40 100 d
165474323 1 40 100 d
165579882 0 40 100 d
165685847 1 40 100 d
165728983 0 65 32 space
165865358 1 65 32 space
165894159 0 40 100 d
165951280 0 38 97 a
165963519 1 40 100 d
166112761 0 39 115 s
166161796 1 38 97 a
166264148 1 39 115 s
166453097 0 43 104 h
166475450 1 43 104 h
166832457 0 25 119 w
166957073 1 25 119 w
167058234 0 32 111 o
167204658 1 32 111 o
167399822 0 32 111 o
167574960 1 32 111 o
167641380 0 40 100 d
167767511 1 40 100 d
167803033 0 39 115 s
167982119 1 39 115 s
168056850 0 65 32 space
168214813 1 65 32 space
168266622 0 40 100 d
168377553 0 26 101 e
168424736 1 40 100 d
168517572 0 41 102 f
168540513 1 26 101 e
168648776 1 41 102 f
168683640 0 31 105 i
168827285 1 31 105 i
168851822 0 54 99 c
168948534 0 31 105 i
168966669 1 54 99 c
169106971 1 31 105 i
169131873 0 26 101 e
169260011 1 26 101 e
169352471 0 57 110 n
169459464 1 57 110 n
169498356 0 28 116 t
169634583 1 28 116 t
169675576 0 65 32 space
169739906 1 65 32 space
169921725 0 58 109 m
170033720 1 58 109 m
170108947 0 38 97 a
170189764 1 38 97 a
170357003 0 57 110 n
170450618 1 57 110 n
170594674 0 65 32 space
170662209 1 65 32 space
170804749 0 54 99 c
170914745 1 54 99 c
171169380 0 32 111 o
171293879 1 32 111 o
171400046 0 57 110 n
171480914 1 57 110 n
171592221 0 54 99 c
171702160 0 46 108 l
171715955 1 54 99 c
171827296 1 46 108 l
172022581 0 30 117 u
172188845 1 30 117 u
172273079 0 40 100 d
172391864 0 26 101 e
172413122 1 40 100 d
172564872 0 40 100 d
172612161 1 26 101 e
172658901 1 40 100 d
172856022 0 65 32 space
172969994 1 65 32 space
173078324 0 38 97 a
173226465 1 38 97 a
173238359 0 40 100 d
173291201 1 40 100 d
173420283 0 40 100 d
173512796 1 40 100 d
173572877 0 31 105 i
173685968 1 31 105 i
173703019 0 28 116 t
173809008 1 28 116 t
173839724 0 31 105 i
173965968 1 31 105 i
174084500 0 32 111 o
174180613 1 32 111 o
174297194 0 57 110 n
174413111 1 57 110 n
174587251 0 39 115 s
174709419 1 39 115 s
174828058 0 65 32 space
174942939 1 65 32 space
175116413 0 27 114 r
175194126 0 26 101 e
175296052 1 27 114 r
175368766 1 26 101 e
175454145 0 39 115 s
175565465 0 32 111 o
175582958 1 39 115 s
175650794 1 32 111 o
175745234 0 30 117 u
175825062 1 30 117 u
175851075 0 27 114 r
175951021 1 27 114 r
176144048 0 54 99 c
176271471 0 26 101 e
176297991 1 54 99 c
176397022 1 26 101 e
176558421 0 39 115 s
176658866 1 39 115 s
176809696 0 60 46 period
176932898 1 60 46 period
177084244 0 65 32 space
177139354 1 65 32 space
177213283 0 50 0 Shift_L
177413057 1 50 0 Shift_L
177827557 0 50 0 Shift_L
178004632 0 32 79 O
178119858 1 32 79 O
178128350 1 50 0 Shift_L
178279661 0 27 114 r
178405655 1 27 114 r
178582540 0 65 32 space
178708784 1 65 32 space
178928705 0 46 108 l
179046892 1 46 108 l
179119934 0 38 97 a
179262141 1 38 97 a
179320598 0 57 110 n
179435041 1 57 110 n
179532017 0 40 100 d
179649071 1 40 100 d
179797081 0 46 108 l
179889918 1 46 108 l
180006279 0 32 111 o
180143848 1 32 111 o
180190990 0 27 114 r
180251435 1 27 114 r
180468473 0 40 100 d
180546365 1 40 100 d
180653999 0 65 32 space
180782170 1 65 32 space
180950014 0 33 112 p
181044551 1 33 112 p
181144481 0 38 97 a
181243179 1 38 97 a
181423925 0 45 107 k
181527913 0 54 99 c
181574980 1 45 107 k
181655184 1 54 99 c
182167252 0 22 0 BackSpace
182219529 1 22 0 BackSpace
182300278 0 22 0 BackSpace
182392660 1 22 0 BackSpace
182497350 0 54 99 c
182600560 0 45 107 k
182628448 1 54 99 c
182738042 1 45 107 k
182941599 0 38 97 a
183078567 1 38 97 a
183337748 0 42 103 g
183402598 1 42 103 g
183604950 0 26 101 e
183704990 1 26 101 e
183871825 0 39 115 s
184004938 1 39 115 s
184080165 0 65 32 space
184234508 1 65 32 space
184949217 0 32 111 o
185097382 1 32 111 o
185189954 0 55 118 v
185288205 1 55 118 v
185428628 0 26 101 e
185525218 0 27 114 r
185619150 1 26 101 e
185631367 1 27 114 r
185852139 0 54 99 c
185982543 1 54 99 c
186035824 0 38 97 a
186166756 1 38 97 a
186274505 0 58 109 m
186377436 1 58 109 m
186414565 0 26 101 e
186582991 1 26 101 e
186839557 0 65 32 space
186916283 1 65 32 space
187047628 0 40 100 d
187193115 1 40 100 d
187283379 0 31 105 i
187483651 1 31 105 i
187521492 0 39 115 s
187634670 1 39 115 s
187833739 0 28 116 t
187937816 1 28 116 t
188070302 0 38 97 a
188201259 1 38 97 a
188209544 0 57 110 n
188356599 1 57 110 n
188376415 0 54 99 c
188508404 0 26 101 e
188536208 1 54 99 c
188656467 1 26 101 e
188837115 0 39 115 s
188886539 1 39 115 s
189218995 0 22 0 BackSpace
189333568 1 22 0 BackSpace
189677610 0 65 32 space
189797126 1 65 32 space
189980004 0 39 115 s
190083765 1 39 115 s
190187775 0 58 109 m
190264128 0 38 97 a
190276376 1 58 109 m
190386170 0 46 108 l
190398112 1 38 97 a
190464173 1 46 108 l
190546571 0 46 108 l
190671671 1 46 108 l
190700617 0 26 101 e
190832597 1 26 101 e
191002682 0 39 115 s
191099824 1 39 115 s
191251695 0 28 116 t
191371397 0 65 32 space
191383489 1 28 116 t
191466471 1 65 32 space
191633371 0 31 105 i
191730258 0 57 110 n
191796545 1 31 105 i
191846228 1 57 110 n
191999369 0 65 32 space
192115016 1 65 32 space
192314944 0 27 114 r
192472854 1 27 114 r
192498226 0 26 101 e
192634576 1 26 101 e
192753045 0 54 99 c
192835190 1 54 99 c
192924357 0 54 99 c
193008427 1 54 99 c
193442679 0 22 0 BackSpace
193538754 1 22 0 BackSpace
193682079 0 25 119 w
193775129 1 25 119 w
194215110 0 22 0 BackSpace
194317370 1 22 0 BackSpace
194539067 0 30 117 u
194647319 1 30 117 u
194944076 0 27 114 r
195012993 1 27 114 r
195116038 0 27 114 r
195209188 1 27 114 r
195216086 0 26 101 e
195349129 1 26 101 e
195406172 0 40 100 d
195528472 1 40 100 d
195601681 0 60 46 period
195725879 1 60 46 period
196249990 0 36 0 Return
196392252 1 36 0 Return
196913754 0 50 0 Shift_L
197188713 0 25 87 W
197293590 1 50 0 Shift_L
197305883 1 25 119 w
197453608 0 27 114 r
197556166 0 32 111 o
197568239 1 27 114 r
197672221 1 32 111 o
197830434 0 57 110 n
197928363 1 57 110 n
198025733 0 42 103 g
198130080 1 42 103 g
198144465 0 65 32 space
198233589 1 65 32 space
198358959 0 58 109 m
198441839 1 58 109 m
198508035 0 38 97 a
198609831 0 31 105 i
198621599 1 38 97 a
198734972 1 31 105 i
198808854 0 40 100 d
198951258 1 40 100 d
199028721 0 39 115 s
199185093 1 39 115 s
199291518 0 65 32 space
199405724 1 65 32 space
199624793 0 32 111 o
199731898 1 32 111 o
199806216 0 27 114 r
199904218 1 27 114 r
200036868 0 65 32 space
200178146 1 65 32 space
200578246 0 56 98 b
200700459 1 56 98 b
200715462 0 26 101 e
200820486 1 26 101 e
200895312 0 65 32 space
201000406 0 38 97 a
201012741 1 65 32 space
201113491 0 39 115 s
201179609 1 38 97 a
201207310 0 45 107 k
201240018 1 39 115 s
201335992 1 45 107 k
201344750 0 26 101 e
201517260 1 26 101 e
201573242 0 40 100 d
201582652 0 65 32 space
201689940 1 65 32 space
201698598 1 40 100 d
201863394 0 32 111 o
201909240 1 32 111 o
202282714 0 22 0 BackSpace
202375707 1 22 0 BackSpace
202543242 0 57 110 n
202621105 1 57 110 n
202751765 0 32 111 o
202832401 1 32 111 o
202950000 0 65 32 space
203056990 1 65 32 space
203210044 0 32 111 o
203276966 1 32 111 o
203380138 0 57 110 n
203481160 1 57 110 n
203602680 0 65 32 space
203671242 1 65 32 space
203758576 0 26 101 e
203836087 0 57 110 n
203866716 1 26 101 e
203944707 1 57 110 n
204037814 0 44 106 j
204129914 1 44 106 j
204277497 0 32 111 o
204362400 1 32 111 o
204588700 0 30 117 u
204766009 1 30 117 u
205267681 0 22 0 BackSpace
205352501 1 22 0 BackSpace
205729439 0 29 121 y
205859945 1 29 121 y
206287575 0 60 46 period
206428933 1 60 46 period
206580775 0 65 32 space
206691043 0 50 0 Shift_L
206703492 1 65 32 space
206847301 0 43 72 H
206932684 1 43 72 H
206977415 1 50 0 Shift_L
207125536 0 32 111 o
207213540 1 32 111 o
207356010 0 31 105 i
207409636 1 31 105 i
207877975 0 22 0 BackSpace
207956959 1 22 0 BackSpace
208133902 0 30 117 u
208244710 1 30 117 u
208327004 0 39 115 s
208430952 1 39 115 s
208531174 0 26 101 e
208665755 1 26 101 e
208736695 0 43 104 h
208793572 1 43 104 h
208955399 0 32 111 o
209041203 1 32 111 o
209157706 0 46 108 l
209250623 1 46 108 l
209302617 0 40 100 d
209405811 1 40 100 d
209458964 0 65 32 space
209600738 0 41 102 f
209612794 1 65 32 space
209703056 1 41 102 f
209756747 0 26 101 e
209839798 1 26 101 e
210300838 0 25 119 w
210401907 1 25 119 w
210637129 0 65 32 space
210751345 1 65 32 space
210801336 0 39 115 s
210920082 0 32 111 o
210937212 1 39 115 s
211047857 0 58 109 m
211059659 1 32 111 o
211156929 1 58 109 m
211168687 0 26 101 e
211290949 1 26 101 e
211388452 0 28 116 t
211464191 1 28 116 t
211496078 0 31 105 i
211708949 1 31 105 i
212080261 0 58 109 m
212164073 1 58 109 m
212262328 0 26 101 e
212353403 1 26 101 e
212503304 0 39 115 s
212617411 1 39 115 s
212624088 0 65 32 space
212740053 1 65 32 space
212892714 0 32 111 o
212966247 1 32 111 o
213089394 0 30 117 u
213186431 1 30 117 u
213228339 0 28 116 t
213365666 1 28 116 t
213406592 0 65 32 space
213500612 1 65 32 space
213528353 0 38 97 a
213647423 1 38 97 a
213766075 0 28 116 t
213990938 1 28 116 t
214117550 0 28 116 t
214197307 1 28 116 t
214341936 0 26 101 e
214436976 1 26 101 e
214507099 0 57 110 n
214623371 1 57 110 n
214654577 0 40 100 d
214780138 1 40 100 d
214809374 0 31 105 i
214960445 0 57 110 n
215013663 1 31 105 i
215087666 1 57 110 n
215125506 0 42 103 g
215225721 1 42 103 g
215284907 0 65 32 space
215421006 1 65 32 space
215475659 0 40 100 d
215579783 0 26 101 e
215627832 1 40 100 d
215706711 1 26 101 e
215810420 0 39 115 s
215900799 1 39 115 s
215966246 0 54 99 c
216066421 1 54 99 c
216218347 0 27 114 r
216312758 0 31 105 i
216339053 1 27 114 r
216407920 1 31 105 i
216518175 0 56 98 b
216601138 1 56 98 b
216639211 0 26 101 e
216814428 0 40 100 d
216826404 1 26 101 e
216945548 1 40 100 d
217058194 0 60 46 period
217161250 1 60 46 period
217313057 0 65 32 space
217383788 1 65 32 space
217397730 0 50 0 Shift_L
217536254 0 46 76 L
217576263 1 50 0 Shift_L
217609356 1 46 108 l
217671301 0 38 97 a
217774320 1 38 97 a
217811510 0 31 105 i
217899040 0 57 110 n
217946122 1 31 105 i
218004994 1 57 110 n
218112120 0 65 32 space
218230618 1 65 32 space
218294726 0 44 106 j
218432114 1 44 106 j
218526880 0 30 117 u
218663642 1 30 117 u
218700602 0 39 115 s
218821796 1 39 115 s
218915004 0 28 116 t
219014716 0 65 32 space
219026816 1 28 116 t
219137083 1 65 32 space
219167806 0 41 102 f
219251705 1 41 102 f
219305379 0 38 97 a
219445119 1 38 97 a
219535353 0 54 99 c
219674613 1 54 99 c
219820730 0 28 116 t
219905321 1 28 116 t
220394664 0 65 32 space
220526660 1 65 32 space
220558553 0 41 102 f
220668780 0 32 111 o
220686327 1 41 102 f
220772506 1 32 111 o
220908036 0 31 105 i
221021268 1 31 105 i
221543527 0 22 0 BackSpace
221635895 1 22 0 BackSpace
221842794 0 30 117 u
221941535 0 27 114 r
221956516 1 30 117 u
222086956 1 27 114 r
222146908 0 65 32 space
222238887 1 65 32 space
222783339 0 32 111 o
222885232 1 32 111 o
222919304 0 41 102 f
223045507 1 41 102 f
223061525 0 65 32 space
223148106 1 65 32 space
223268469 0 38 97 a
223344124 0 58 109 m
223367037 1 38 97 a
223408976 1 58 109 m
223546552 0 65 32 space
223606311 1 65 32 space
223731844 0 58 109 m
223823827 1 58 109 m
223888044 0 26 101 e
223958654 1 26 101 e
224063298 0 26 101 e
224124843 1 26 101 e
224198729 0 28 116 t
224295979 0 65 32 space
224339075 1 28 116 t
224367643 1 65 32 space
224475965 0 43 104 h
224549910 1 43 104 h
224684070 0 31 105 i
224767640 0 42 103 g
224779056 1 31 105 i
224884517 0 43 104 h
224895637 1 42 103 g
225001656 1 43 104 h
225415922 0 60 46 period
225569291 1 60 46 period
225689124 0 36 0 Return
225792113 1 36 0 Return
226704047 0 50 0 Shift_L
226798399 0 43 72 H
226873261 1 50 0 Shift_L
226912181 1 43 104 h
226945431 0 26 101 e
227049047 1 26 101 e
227078587 0 65 32 space
227165083 1 65 32 space
227204116 0 40 100 d
227316880 1 40 100 d
227350189 0 32 111 o
227426859 1 32 111 o
227551703 0 65 32 space
227651314 1 65 32 space
227898044 0 39 115 s
228033949 1 39 115 s
228104048 0 30 117 u
228196290 1 30 117 u
228333702 0 56 98 b
228430902 1 56 98 b
228597690 0 44 106 j
228712147 0 26 101 e
228723705 1 44 106 j
228833335 1 26 101 e
228859349 0 54 99 c
228945633 1 54 99 c
229075275 0 28 116 t
229152063 1 28 116 t
229273612 0 39 115 s
229367039 0 65 32 space
229389973 1 39 115 s
229477268 1 65 32 space
229653200 0 33 112 p
229754195 1 33 112 p
229767184 0 27 114 r
229841277 0 26 101 e
229922950 1 27 114 r
229981914 1 26 101 e
230009422 0 38 97 a
230084121 0 33 112 p
230095672 1 38 97 a
230221507 1 33 112 p
230553596 0 27 114 r
230714298 0 26 101 e
230725604 1 27 114 r
230845659 1 26 101 e
230892771 0 40 100 d
230974894 0 65 32 space
230997474 1 40 100 d
231058065 1 65 32 space
231176514 0 56 98 b
231215806 0 38 97 a
231243702 1 56 98 b
231293885 1 38 97 a
231328766 0 54 99 c
231453893 1 54 99 c
231460768 0 43 104 h
231544047 1 43 104 h
231601620 0 26 101 e
231698656 1 26 101 e
231738931 0 46 108 l
231813416 1 46 108 l
231867535 0 32 111 o
231989781 1 32 111 o
232108529 0 27 114 r
232168293 1 27 114 r
232205141 0 65 32 space
232290058 1 65 32 space
232372097 0 44 106 j
232499628 1 44 106 j
232569078 0 30 117 u
232663147 1 30 117 u
232683423 0 55 118 v
232773248 1 55 118 v
232867943 0 26 101 e
232967286 1 26 101 e
233018713 0 46 108 l
233094855 1 46 108 l
233282347 0 31 105 i
233353281 1 31 105 i
233734311 0 22 0 BackSpace
233788939 1 22 0 BackSpace
234083709 0 22 0 BackSpace
234189497 1 22 0 BackSpace
234389531 0 57 110 n
234468347 1 57 110 n
234587747 0 31 105 i
234673944 1 31 105 i
234854615 0 46 108 l
234927721 1 46 108 l
235087137 0 26 101 e
235188733 1 26 101 e
235220150 0 65 32 space
235348170 1 65 32 space
235674211 0 29 121 y
235798460 1 29 121 y
235830496 0 26 101 e
235969552 1 26 101 e
236084281 0 65 32 space
236184234 1 65 32 space
236300545 0 32 111 o
236397699 1 32 111 o
236526171 0 43 104 h
236629211 1 43 104 h
236910947 0 60 46 period
237050286 1 60 46 period
237577942 0 65 32 space
237668466 1 65 32 space
237696236 0 50 0 Shift_L
237822745 0 43 72 H
237867370 1 50 0 Shift_L
237918610 1 43 104 h
237993624 0 26 101 e
238153233 1 26 101 e
238159572 0 65 32 space
238281820 1 65 32 space
238287827 0 41 102 f
238367342 1 41 102 f
238512721 0 26 101 e
238595894 1 26 101 e
238696493 0 26 101 e
238747705 1 26 101 e
238783460 0 46 108 l
238854855 1 46 108 l
238999525 0 31 105 i
239071186 0 57 110 n
239115502 1 31 105 i
239121575 0 42 103 g
239188811 1 57 110 n
239269677 1 42 103 g
239370528 0 65 32 space
239463458 1 65 32 space
239472377 0 39 115 s
239574308 1 39 115 s
239915732 0 22 0 BackSpace
239977629 1 22 0 BackSpace
240022832 0 27 114 r
240130251 0 26 101 e
240181962 1 27 114 r
240309158 1 26 101 e
240778964 0 22 0 BackSpace
240848730 1 22 0 BackSpace
240930934 0 22 0 BackSpace
240994657 1 22 0 BackSpace
241053928 0 22 0 BackSpace
241144746 1 22 0 BackSpace
241201147 0 39 115 s
241308349 1 39 115 s
241379963 0 65 32 space
241451269 0 27 114 r
241475105 1 65 32 space
241522532 0 26 101 e
241597992 1 27 114 r
241629162 0 58 109 m
241677806 1 26 101 e
241720955 1 58 109 m
241891200 0 55 118 v
242002005 1 55 118 v
242314435 0 22 0 BackSpace
242389306 1 22 0 BackSpace
242781196 0 32 111 o
242833215 1 32 111 o
243382710 0 55 118 v
243512518 1 55 118 v
243517739 0 31 105 i
243574839 0 57 110 n
243662212 1 31 105 i
243702614 0 42 103 g
243723358 1 57 110 n
243843835 1 42 103 g
243901435 0 65 32 space
244008388 1 65 32 space
244253340 0 31 105 i
244383312 0 57 110 n
244394640 1 31 105 i
244511543 1 57 110 n
244526104 0 41 102 f
244644913 1 41 102 f
244650607 0 32 111 o
244754292 1 32 111 o
244768065 0 27 114 r
244905585 1 27 114 r
244950323 0 26 101 e
245059206 1 26 101 e
245588890 0 21 92 backslash
245657326 1 21 92 backslash
246064939 0 22 0 BackSpace
246120830 1 22 0 BackSpace
246183918 0 22 0 BackSpace
246254202 1 22 0 BackSpace
246436791 0 58 109 m
246519478 1 58 109 m
246691439 0 26 101 e
246809579 1 26 101 e
246822568 0 40 100 d
246955413 0 65 32 space
246966262 1 40 100 d
247050818 1 65 32 space
247204976 0 43 104 h
247325361 1 43 104 h
247380446 0 26 101 e
247472697 1 26 101 e
247491777 0 65 32 space
247596512 1 65 32 space
247684578 0 38 97 a
247836607 1 38 97 a
247912372 0 39 115 s
247925963 0 65 32 space
247976634 1 65 32 space
248036860 1 39 115 s
248654376 0 31 105 i
248754664 1 31 105 i
248855798 0 42 103 g
248967694 1 42 103 g
248980772 0 57 110 n
249063469 1 57 110 n
249178964 0 32 111 o
249251900 1 32 111 o
249283140 0 27 114 r
249371797 1 27 114 r
249412572 0 38 97 a
249551606 1 38 97 a
249710767 0 57 110 n
249814791 1 57 110 n
249976881 0 28 116 t
250085947 1 28 116 t
250104901 0 65 32 space
250199488 1 65 32 space
250357144 0 25 119 w
250452451 1 25 119 w
250544211 0 26 101 e
250645586 1 26 101 e
250656908 0 65 32 space
250733163 1 65 32 space
250903117 0 33 112 p
250981819 0 27 114 r
250993090 1 33 112 p
251045121 0 26 101 e
251125690 1 27 114 r
251171922 0 33 112 p
251183213 1 26 101 e
251291637 1 33 112 p
251310015 0 38 97 a
251423774 1 38 97 a
251432794 0 27 114 r
251547842 0 26 101 e
251588767 1 27 114 r
251673211 1 26 101 e
251737918 0 40 100 d
251858060 1 40 100 d
251927955 0 60 46 period
252009722 1 60 46 period
252064928 0 36 0 Return
252208344 1 36 0 Return
252735530 0 50 0 Shift_L
253142404 0 26 69 E
253239366 1 50 0 Shift_L
253247508 1 26 101 e
253325238 0 55 118 v
253422332 1 55 118 v
253490390 0 26 101 e
253596588 1 26 101 e
253627874 0 57 110 n
253735282 1 57 110 n
253911657 0 31 105 i
254052281 0 57 110 n
254110105 1 31 105 i
254169890 0 42 103 g
254200795 1 57 110 n
254274050 1 42 103 g
254430058 0 65 32 space
254559396 1 65 32 space
254586880 0 40 100 d
254718584 1 40 100 d
254725047 0 32 111 o
254811336 1 32 111 o
254917720 0 65 32 space
254995865 0 41 102 f
255009417 1 65 32 space
255114316 1 41 102 f
255158217 0 32 111 o
255224723 1 32 111 o
255266077 0 27 114 r
255378814 1 27 114 r
255415264 0 58 109 m
255472966 1 58 109 m
255575249 0 31 105 i
255700935 0 57 110 n
255740893 1 31 105 i
255829343 1 57 110 n
255873186 0 42 103 g
255976483 0 65 32 space
255988627 1 42 103 g
256081861 1 65 32 space
256336282 0 32 111 o
256419127 1 32 111 o
256539300 0 56 98 b
256616137 1 56 98 b
256850187 0 39 115 s
256982025 1 39 115 s
257064433 0 26 101 e
257204884 1 26 101 e
257215885 0 27 114 r
257297274 1 27 114 r
257457544 0 55 118 v
257540393 1 55 118 v
257624382 0 26 101 e
257754962 1 26 101 e
257838954 0 65 32 space
257934322 1 65 32 space
258083587 0 33 112 p
258176650 1 33 112 p
258350790 0 39 115 s
258424592 1 39 115 s
258613447 0 22 0 BackSpace
258662394 1 22 0 BackSpace
258724624 0 22 0 BackSpace
258777308 1 22 0 BackSpace
258886380 0 39 115 s
258973934 0 33 112 p
258999432 1 39 115 s
259057996 1 33 112 p
259224423 0 31 105 i
259233528 0 32 111 o
259261682 1 32 111 o
259276456 1 31 105 i
259340375 0 27 114 r
259457772 1 27 114 r
259649331 0 22 0 BackSpace
259699352 1 22 0 BackSpace
259999646 0 22 0 BackSpace
260083438 1 22 0 BackSpace
260191370 0 27 114 r
260319554 1 27 114 r
260340254 0 31 105 i
260461697 1 31 105 i
260499804 0 28 116 t
260601809 1 28 116 t
261058636 0 39 115 s
261195912 1 39 115 s
261201769 0 65 32 space
261288769 1 65 32 space
261441797 0 38 97 a
261536767 1 38 97 a
261649641 0 31 105 i
261723271 1 31 105 i
261950358 0 22 0 BackSpace
261995189 1 22 0 BackSpace
262078149 0 22 0 BackSpace
262138865 1 22 0 BackSpace
262284759 0 31 105 i
262386979 1 31 105 i
262444185 0 39 115 s
262549192 1 39 115 s
262555893 0 65 32 space
262630838 1 65 32 space
262727940 0 31 105 i
262826886 0 57 110 n
262857902 1 31 105 i
262924233 1 57 110 n
263064907 0 65 32 space
263113733 1 65 32 space
263284212 0 60 46 period
263381970 1 60 46 period
263676295 0 22 0 BackSpace
263705024 1 22 0 BackSpace
263785172 0 22 0 BackSpace
263882155 1 22 0 BackSpace
264066345 0 59 44 comma
264131984 1 59 44 comma
264500238 0 22 0 BackSpace
264567147 1 22 0 BackSpace
264664085 0 60 46 period
264752381 1 60 46 period
264887661 0 65 32 space
264988479 0 50 0 Shift_L
264999867 1 65 32 space
265087883 0 54 67 C
265161579 1 50 0 Shift_L
265187314 0 32 111 o
265227210 1 54 99 c
265257982 1 32 111 o
265404275 0 30 117 u
265523823 0 57 110 n
265560422 1 30 117 u
265652499 1 57 110 n
265760519 0 27 114 r
265819199 1 27 114 r
266415407 0 22 0 BackSpace
266485229 1 22 0 BackSpace
266535374 0 28 116 t
266631989 1 28 116 t
266674301 0 27 114 r
266786791 1 27 114 r
266803977 0 29 121 y
266920782 1 29 121 y
267104390 0 65 32 space
267206518 1 65 32 space
267455349 0 43 104 h
267510168 1 43 104 h
267644566 0 38 97 a
267769621 1 38 97 a
268057081 0 22 0 BackSpace
268155049 1 22 0 BackSpace
268190597 0 26 101 e
268317111 0 38 97 a
268388705 1 26 101 e
268410529 0 27 114 r
268494005 1 38 97 a
268508033 1 27 114 r
268658666 0 54 99 c
268777079 1 54 99 c
269142601 0 22 0 BackSpace
269226534 0 28 116 t
269244659 1 22 0 BackSpace
269333734 1 28 116 t
269373734 0 26 101 e
269526024 1 26 101 e
269542018 0 40 100 d
269643377 0 65 32 space
269663732 1 40 100 d
269731730 1 65 32 space
269852862 0 56 98 b
269935974 1 56 98 b
270358079 0 26 101 e
270466618 1 26 101 e
270541800 0 65 32 space
270621996 1 65 32 space
270755581 0 32 111 o
270838799 1 32 111 o
270868130 0 41 102 f
270974221 1 41 102 f
270980671 0 65 32 space
271045627 1 65 32 space
271151141 0 44 106 j
271320517 1 44 106 j
271431528 0 30 117 u
271522748 1 30 117 u
271539280 0 39 115 s
271628762 1 39 115 s
271749989 0 28 116 t
271835289 1 28 116 t
272391903 0 31 105 i
272527109 1 31 105 i
272559169 0 54 99 c
272688000 0 26 101 e
272710931 1 54 99 c
272830379 1 26 101 e
273038181 0 65 32 space
273149787 1 65 32 space
273485066 0 39 115 s
273600793 1 39 115 s
273675111 0 26 101 e
273762896 0 57 110 n
273779585 1 26 101 e
273886708 1 57 110 n
273931817 0 40 100 d
274005112 0 26 101 e
274065347 1 40 100 d
274090003 1 26 101 e
274211618 0 31 105 i
274254065 1 31 105 i
274442904 0 22 0 BackSpace
274526666 1 22 0 BackSpace
274619168 0 22 0 BackSpace
274686511 1 22 0 BackSpace
274842076 0 31 105 i
274952863 0 57 110 n
274989404 0 42 103 g
275002592 1 31 105 i
275078619 1 57 110 n
275125349 1 42 103 g
275223089 0 65 32 space
275287081 1 65 32 space
275514416 0 22 0 BackSpace
275564123 1 22 0 BackSpace
275713558 0 60 46 period
275788500 1 60 46 period
275930046 0 65 32 space
276032954 1 65 32 space
276101633 0 50 0 Shift_L
276159312 0 32 79 O
276235614 1 32 79 O
276296546 1 50 0 Shift_L
276348715 0 57 110 n
276435442 1 57 110 n
276534761 0 65 32 space
276642301 1 65 32 space
276735156 0 39 115 s
276869747 1 39 115 s
276881482 0 32 111 o
276960998 1 32 111 o
277099913 0 65 32 space
277249606 1 65 32 space
277497925 0 28 116 t
277594922 0 43 104 h
277615991 1 28 116 t
277721058 0 26 101 e
277733509 1 43 104 h
277843340 1 26 101 e
277972508 0 29 121 y
278081324 1 29 121 y
278250327 0 65 32 space
278365206 1 65 32 space
278409167 0 38 97 a
278467922 0 39 115 s
278525832 1 38 97 a
278597951 1 39 115 s
278651159 0 65 32 space
278765669 1 65 32 space
278828795 0 25 119 w
278951339 1 25 119 w
278956805 0 31 105 i
279027530 1 31 105 i
279135662 0 28 116 t
279219465 1 28 116 t
279224542 0 43 104 h
279312290 1 43 104 h
279463863 0 65 32 space
279582122 1 65 32 space
279632187 0 27 114 r
279740829 0 32 111 o
279753063 1 27 114 r
279794345 1 32 111 o
279873764 0 32 111 o
280002714 1 32 111 o
280047968 0 58 109 m
280151378 1 58 109 m
280239219 0 65 32 space
280340610 1 65 32 space
280433014 0 54 99 c
280548465 1 54 99 c
280565429 0 32 111 o
280653199 1 32 111 o
280767652 0 46 108 l
280855611 1 46 108 l
280914657 0 40 100 d
280969637 1 40 100 d
281079204 0 65 32 space
281198782 1 65 32 space
281679470 0 29 121 y
281828389 1 29 121 y
281856357 0 26 101 e
281994549 1 26 101 e
282153701 0 60 46 period
282283640 1 60 46 period
282360784 0 36 0 Return
282497882 1 36 0 Return
283192396 0 50 0 Shift_L
283500267 0 56 66 B
283576485 1 50 0 Shift_L
283584899 1 56 98 b
283649861 0 26 101 e
283733757 1 26 101 e
283750161 0 65 32 space
283866746 1 65 32 space
283912814 0 54 99 c
283995342 1 54 99 c
284031680 0 38 97 a
284141363 1 38 97 a
284151326 0 46 108 l
284195927 1 46 108 l
284271181 0 46 108 l
284363281 1 46 108 l
284464135 0 65 32 space
284580180 1 65 32 space
284614708 0 41 102 f
284710737 1 41 102 f
284823082 0 32 111 o
284901190 1 32 111 o
285007837 0 30 117 u
285115392 1 30 117 u
285162010 0 27 114 r
285288226 1 27 114 r
285317409 0 65 32 space
285424859 1 65 32 space
285582710 0 58 109 m
285660148 1 58 109 m
285940622 0 29 121 y
286012929 1 29 121 y
286194278 0 65 32 space
286312113 1 65 32 space
286337193 0 25 119 w
286414397 1 25 119 w
286499309 0 26 101 e
286574957 0 57 110 n
286608756 1 26 101 e
286694417 1 57 110 n
286757543 0 28 116 t
286855369 1 28 116 t
286876243 0 65 32 space
286968670 1 65 32 space
287099994 0 58 109 m
287184208 1 58 109 m
287202699 0 26 101 e
287321310 1 26 101 e
287432957 0 38 97 a
287553315 1 38 97 a
287579850 0 57 110 n
287697715 1 57 110 n
287873656 0 60 46 period
287939192 1 60 46 period
288083445 0 65 32 space
288197021 1 65 32 space
288202541 0 50 0 Shift_L
288317988 0 54 67 C
288387717 1 50 0 Shift_L
288481038 1 54 99 c
288495796 0 26 101 e
288595752 1 26 101 e
288661483 0 46 108 l
288764463 1 46 108 l
288865271 0 26 101 e
288970599 1 26 101 e
289182836 0 56 98 b
289268446 1 56 98 b
289287358 0 38 97 a
289323916 1 38 97 a
289826241 0 22 0 BackSpace
289900571 1 22 0 BackSpace
289936823 0 27 114 r
290055526 1 27 114 r
290063861 0 38 97 a
290182636 1 38 97 a
290238514 0 28 116 t
290335782 0 26 101 e
290348158 1 28 116 t
290442797 1 26 101 e
290498383 0 40 100 d
290638013 0 65 32 space
290649180 1 40 100 d
290710223 1 65 32 space
290812552 0 31 105 i
290898100 1 31 105 i
290959458 0 41 102 f
291060185 1 41 102 f
291099957 0 65 32 space
291185451 1 65 32 space
291329887 0 27 114 r
291436380 0 26 101 e
291493159 1 27 114 r
291558129 1 26 101 e
291574562 0 58 109 m
291664932 1 58 109 m
291700238 0 38 97 a
291829189 1 38 97 a
291988777 0 27 114 r
292006681 1 27 114 r
292362281 0 45 107 k
292458156 1 45 107 k
292680100 0 38 97 a
292814695 1 38 97 a
292932905 0 56 98 b
293039691 1 56 98 b
293197596 0 46 108 l
293271396 1 46 108 l
293549240 0 29 121 y
293663887 1 29 121 y
293792674 0 65 32 space
293883063 0 26 101 e
293916011 1 65 32 space
293987501 1 26 101 e
294081045 0 39 115 s
294201186 1 39 115 s
294265636 0 33 112 p
294358634 1 33 112 p
294367308 0 26 101 e
294469453 1 26 101 e
294952180 0 54 99 c
295093381 1 54 99 c
295138988 0 31 105 i
295231285 1 31 105 i
295293472 0 38 97 a
295398518 1 38 97 a
295419792 0 46 108 l
295482181 1 46 108 l
295567589 0 46 108 l
295674554 1 46 108 l
296027136 0 29 121 y
296131839 1 29 121 y
296277939 0 65 32 space
296386120 1 65 32 space
296418355 0 38 97 a
296504966 0 57 110 n
296516078 1 38 97 a
296601705 1 57 110 n
296806521 0 60 46 period
296914768 1 60 46 period
297081936 0 65 32 space
297143378 0 50 0 Shift_L
297184268 1 65 32 space
297281605 0 42 71 G
297342881 1 50 0 Shift_L
297428980 1 42 103 g
297434668 0 32 111 o
297507885 1 32 111 o
297636264 0 31 105 i
297762110 0 57 110 n
297809361 1 31 105 i
297858233 0 42 103 g
297894114 1 57 110 n
297982113 1 42 103 g
298028169 0 65 32 space
298132980 1 65 32 space
298228076 0 26 101 e
298339204 1 26 101 e
298417145 0 38 97 a
298514996 1 38 97 a
298582335 0 28 116 t
298696679 1 28 116 t
298702922 0 65 32 space
298816729 1 65 32 space
298863973 0 39 115 s
298980968 1 39 115 s
299062031 0 26 101 e
299137827 1 26 101 e
299164334 0 28 116 t
299288294 1 28 116 t
299307298 0 65 32 space
299408060 1 65 32 space
299575108 0 39 115 s
299675974 1 39 115 s
299695693 0 43 104 h
299816202 0 26 101 e
299827630 1 43 104 h
299894216 1 26 101 e
299976852 0 26 101 e
300050446 1 26 101 e
300436269 0 22 0 BackSpace
300533306 1 22 0 BackSpace
300741117 0 65 32 space
300819605 1 65 32 space
300937031 0 56 98 b
301022583 1 56 98 b
301175815 0 32 111 o
301235944 1 32 111 o
301263407 0 32 111 o
301383470 1 32 111 o
301891931 0 45 107 k
302002950 1 45 107 k
302063459 0 39 115 s
302132845 1 39 115 s
302286960 0 65 32 space
302374593 1 65 32 space
302426208 0 41 102 f
302539215 1 41 102 f
302866640 0 32 111 o
302925507 1 32 111 o
303125192 0 30 117 u
303260861 1 30 117 u
303335520 0 57 110 n
303436130 1 57 110 n
303473984 0 40 100 d
303592465 0 65 32 space
303603936 1 40 100 d
303678933 1 65 32 space
303792835 0 58 109 m
303876466 1 58 109 m
303883573 0 26 101 e
303962407 1 26 101 e
304101533 0 28 116 t
304202614 1 28 116 t
304267611 0 65 32 space
304380808 1 65 32 space
304440023 0 38 97 a
304543936 1 38 97 a
304676900 0 25 119 w
304779900 1 25 119 w
304867155 0 38 97 a
304972683 1 38 97 a
305049803 0 27 114 r
305173578 0 26 101 e
305232939 1 27 114 r
305302622 1 26 101 e
305447399 0 60 46 period
305529403 1 60 46 period
306074564 0 36 0 Return
10
Throwing consider dwelling bachelor joy her proposal laughter. Raptures returned disposed one entirely her men ham.
By to admire vanity county an mutual as roused. Of an thrown am warmly merely result depart supply.
Required honoured trifling eat pleasure man relation. Assurance yet bed was improving furniture man.
Distrusts delighted she listening mrs extensive admitting far.  Full he none no side. Uncommonly surrounded considered for him are its.
It we is read good soon. My to considered delightfil invitation announcing of no decisively boisterous.
Did add dashwoods deficient man concluded additions resources. Or landlord packages overcame distance smallest in recurred.
Wrong maids or be asked no on enjoy. Household few sometimes out attending described. Lain just fact four of am meet high.
He do subjects preapred bachelor juvenile ye oh. He feelings removing informed he as ignorant we prepared.
Evening do forming observe spirits is in. Country hearted be of justice sending. On so they as with room cold ye.
Be call four my went mean. Celebrated if remarkably especially an. Going eat set she books found met aware.
