magnus
2014-09-19 14:36:46.635257
10
Throwing consider dwelling bachelor joy her proposal laughter. Raptures returned disposed one entirely her men ham.
By to admire vanity county an mutual as roused. Of an thrown am warmly merely result depart supply.
Required honoured trifling eat pleasure man relation. Assurance yet bed was improving furniture man.
Distrusts delighted she listening mrs extensive admitting far.  Full he none no side. Uncommonly surrounded considered for him are its.
It we is read good soon. My to considered delightful invitation announcing of no decisively boisterous.
Did add dashwoods deficient man concluded additions resources. Or landlord packages overcame distance smallest in recurred.
Wrong maids or be asked no on enjoy. Household few sometimes out attending described. Lain just fact four of am meet high.
He do subjects prepared bachelor juvenile ye oh. He feelings removing informed he as ignorant we prepared.
Evening do forming observe spirits is in. Country hearted be of justice sending. On so they as with room cold ye.
Be call four my went mean. Celebrated if remarkably especially an. Going eat set she books found met aware.
1297836 0 50 0 Shift_L
1460446 0 28 84 T
1531066 1 50 0 Shift_L
1564427 0 43 104 h
1582092 1 28 116 t
1652501 1 43 104 h
1697443 0 27 114 r
1810772 1 27 114 r
1816298 0 32 111 o
1899242 1 32 111 o
1985158 0 25 119 w
2078310 1 25 119 w
2088924 0 31 105 i
2206445 0 57 110 n
2260999 1 31 105 i
2300049 0 42 103 g
2331298 1 57 110 n
2413947 1 42 103 g
2448873 0 65 32 space
2548535 1 65 32 space
2620901 0 54 99 c
2700978 0 32 111 o
2720231 1 54 99 c
2779051 1 32 111 o
2891691 0 57 110 n
2988130 1 57 110 n
3029469 0 39 115 s
3126892 1 39 115 s
3153047 0 31 105 i
3246302 1 31 105 i
3618699 0 40 100 d
3709082 0 26 101 e
3730352 1 40 100 d
3831119 0 27 114 r
3875141 1 26 101 e
3959736 1 27 114 r
4003979 0 65 32 space
4121275 1 65 32 space
4192526 0 40 100 d
4314684 1 40 100 d
4444630 0 25 119 w
4513303 1 25 119 w
4602275 0 26 101 e
4688192 1 26 101 e
4750266 0 46 108 l
4811024 1 46 108 l
4908322 0 46 108 l
4974005 1 46 108 l
5094432 0 31 105 i
5179051 0 57 110 n
5216220 1 31 105 i
5235754 0 42 103 g
5270216 1 57 110 n
5342185 1 42 103 g
5383807 0 65 32 space
5455501 1 65 32 space
5546282 0 56 98 b
5629076 0 38 97 a
5642283 1 56 98 b
5724042 1 38 97 a
5757501 0 54 99 c
5857256 0 43 104 h
5880750 1 54 99 c
5942700 1 43 104 h
5992540 0 26 101 e
6087323 1 26 101 e
6119753 0 46 108 l
6178274 1 46 108 l
6287559 0 32 111 o
6359578 1 32 111 o
6383564 0 27 114 r
6484982 1 27 114 r
6522352 0 65 32 space
6588557 1 65 32 space
6732636 0 43 104 h
6777006 1 43 104 h
7060396 0 32 111 o
7202826 1 32 111 o
7493126 0 22 0 BackSpace
7560373 1 22 0 BackSpace
7632009 0 22 0 BackSpace
7707513 1 22 0 BackSpace
7851292 0 44 106 j
7926104 1 44 106 j
8026959 0 32 111 o
8088503 1 32 111 o
8292870 0 29 121 y
8343121 1 29 121 y
8426820 0 29 121 y
8439081 1 29 121 y
8821096 0 22 0 BackSpace
8897854 1 22 0 BackSpace
9108965 0 65 32 space
9178869 1 65 32 space
9264194 0 43 104 h
9345379 1 43 104 h
9351016 0 26 101 e
9419673 0 27 114 r
9460655 1 26 101 e
9524319 1 27 114 r
9530665 0 65 32 space
9607142 1 65 32 space
9743191 0 33 112 p
9790694 1 33 112 p
9863295 0 27 114 r
9973700 1 27 114 r
10035510 0 32 111 o
10141799 1 32 111 o
10511026 0 33 112 p
10567697 1 33 112 p
11037284 0 31 105 i
11191509 1 31 105 i
11438623 0 22 0 BackSpace
11517374 1 22 0 BackSpace
11669431 0 32 111 o
11749716 1 32 111 o
11861988 0 39 115 s
11949748 1 39 115 s
11997859 0 38 97 a
12088494 1 38 97 a
12234151 0 46 108 l
12324839 1 46 108 l
12478054 0 65 32 space
12542259 1 65 32 space
12634099 0 46 108 l
12709624 1 46 108 l
12761274 0 38 97 a
12874427 1 38 97 a
12941641 0 30 117 u
13039977 1 30 117 u
13104446 0 42 103 g
13199866 1 42 103 g
13212100 0 43 104 h
13322783 1 43 104 h
13328869 0 28 116 t
13415277 1 28 116 t
13497489 0 26 101 e
13562259 0 27 114 r
13636353 1 26 101 e
13720530 1 27 114 r
14000965 0 60 46 period
14050552 1 60 46 period
14202361 0 65 32 space
14226060 0 50 0 Shift_L
14293644 1 65 32 space
14308870 0 27 82 R
14376967 1 50 0 Shift_L
14420778 1 27 114 r
14493806 0 38 97 a
14598569 1 38 97 a
14636505 0 33 112 p
14706161 1 33 112 p
14766002 0 28 116 t
14863611 1 28 116 t
14933889 0 30 117 u
15035924 1 30 117 u
15041831 0 27 114 r
15128143 0 26 101 e
15173357 1 27 114 r
15223415 1 26 101 e
15337246 0 39 115 s
15417061 1 39 115 s
15472691 0 65 32 space
15561443 1 65 32 space
15622653 0 27 114 r
15722063 0 26 101 e
15782668 1 27 114 r
15836505 1 26 101 e
15903562 0 28 116 t
15970007 1 28 116 t
16004626 0 30 117 u
16095566 0 27 114 r
16107405 1 30 117 u
16202637 1 27 114 r
16242801 0 57 110 n
16331516 1 57 110 n
16338299 0 26 101 e
16459693 1 26 101 e
16518454 0 40 100 d
16616622 1 40 100 d
16623047 0 65 32 space
16724882 1 65 32 space
16819810 0 40 100 d
16913565 1 40 100 d
16927967 0 31 105 i
17034016 1 31 105 i
17069058 0 39 115 s
17172516 1 39 115 s
17210495 0 33 112 p
17274840 1 33 112 p
17397620 0 32 111 o
17479117 1 32 111 o
17558791 0 39 115 s
17667671 1 39 115 s
17737166 0 26 101 e
17855254 1 26 101 e
17893018 0 40 100 d
18006758 1 40 100 d
18033150 0 65 32 space
18108627 1 65 32 space
18214221 0 32 111 o
18268645 1 32 111 o
18396506 0 57 110 n
18469666 1 57 110 n
18514683 0 26 101 e
18598291 1 26 101 e
18627963 0 65 32 space
18715281 1 65 32 space
18817193 0 26 101 e
18931809 1 26 101 e
18965995 0 57 110 n
19058721 1 57 110 n
19114016 0 28 116 t
19215058 1 28 116 t
19849624 0 31 105 i
19973744 1 31 105 i
20117446 0 27 114 r
20217861 0 26 101 e
20267393 1 27 114 r
20335933 1 26 101 e
20449543 0 46 108 l
20524549 1 46 108 l
20897751 0 29 121 y
21019776 1 29 121 y
21386712 0 65 32 space
21490846 1 65 32 space
21642280 0 43 104 h
21751167 1 43 104 h
21780773 0 26 101 e
21890296 0 27 114 r
21973075 1 26 101 e
22033401 1 27 114 r
22052978 0 65 32 space
22128978 1 65 32 space
22297375 0 58 109 m
22397477 1 58 109 m
22474514 0 26 101 e
22574577 1 26 101 e
22581061 0 57 110 n
22650313 1 57 110 n
22765128 0 65 32 space
22822563 1 65 32 space
22911441 0 43 104 h
22998477 1 43 104 h
23008655 0 38 97 a
23123182 1 38 97 a
23190049 0 58 109 m
23292830 1 58 109 m
23534071 0 60 46 period
23629851 1 60 46 period
24485738 0 36 0 Return
24575388 1 36 0 Return
25173195 0 50 0 Shift_L
25378461 0 56 66 B
25453187 1 50 0 Shift_L
25477501 1 56 98 b
25599589 0 29 121 y
25670730 1 29 121 y
25794998 0 65 32 space
25866051 1 65 32 space
25889012 0 28 116 t
25965826 1 28 116 t
25982462 0 32 111 o
26044122 1 32 111 o
26158515 0 65 32 space
26248816 1 65 32 space
26253796 0 38 97 a
26357743 1 38 97 a
26364478 0 40 100 d
26414710 0 58 109 m
26458138 1 40 100 d
26469493 1 58 109 m
26546802 0 31 105 i
26689563 0 57 110 n
26700891 1 31 105 i
26811521 1 57 110 n
27114346 0 22 0 BackSpace
27182027 1 22 0 BackSpace
27209797 0 27 114 r
27306577 0 26 101 e
27359870 1 27 114 r
27442934 1 26 101 e
27482651 0 65 32 space
27582403 1 65 32 space
27910177 0 55 118 v
28016805 1 55 118 v
28106765 0 38 97 a
28180579 1 38 97 a
28240024 0 57 110 n
28293538 1 57 110 n
28393786 0 31 105 i
28486756 1 31 105 i
28542563 0 28 116 t
28625900 1 28 116 t
28720610 0 29 121 y
28818087 1 29 121 y
28954896 0 65 32 space
29026281 1 65 32 space
29057169 0 54 99 c
29150770 0 32 111 o
29162031 1 54 99 c
29226687 1 32 111 o
29311191 0 30 117 u
29390999 1 30 117 u
29520384 0 57 110 n
29571388 0 28 116 t
29601927 1 57 110 n
29656578 1 28 116 t
29725423 0 26 101 e
29847469 1 26 101 e
29894055 0 65 32 space
30030107 1 65 32 space
30190295 0 22 0 BackSpace
30252884 1 22 0 BackSpace
30334131 0 22 0 BackSpace
30423120 1 22 0 BackSpace
30692808 0 29 121 y
30766205 1 29 121 y
30863292 0 65 32 space
30942028 1 65 32 space
30955782 0 38 97 a
31040454 0 57 110 n
31051433 1 38 97 a
31105243 1 57 110 n
31212401 0 65 32 space
31272623 1 65 32 space
31382486 0 58 109 m
31448025 1 58 109 m
31560991 0 30 117 u
31637432 0 28 116 t
31648750 1 30 117 u
31730351 1 28 116 t
31768427 0 30 117 u
31877247 1 30 117 u
31971432 0 38 97 a
32061625 1 38 97 a
32086565 0 46 108 l
32149975 1 46 108 l
32270450 0 65 32 space
32382428 1 65 32 space
32513678 0 38 97 a
32584415 1 38 97 a
32636038 0 39 115 s
32723625 1 39 115 s
32883309 0 65 32 space
32998059 1 65 32 space
33115021 0 27 114 r
33197038 1 27 114 r
33202462 0 32 111 o
33282264 1 32 111 o
33362440 0 30 117 u
33437251 1 30 117 u
33457333 0 39 115 s
33544218 1 39 115 s
33615157 0 26 101 e
33717580 1 26 101 e
33761900 0 40 100 d
33862706 1 40 100 d
33905608 0 65 32 space
33989011 1 65 32 space
34334792 0 22 0 BackSpace
34392679 1 22 0 BackSpace
34517183 0 60 46 period
34525072 0 59 44 comma
34565439 1 59 44 comma
34574771 1 60 46 period
34699962 0 65 32 space
34765511 1 65 32 space
35034009 0 22 0 BackSpace
35097047 1 22 0 BackSpace
35180919 0 22 0 BackSpace
35251499 1 22 0 BackSpace
35398028 0 65 32 space
35498628 1 65 32 space
35706226 0 50 0 Shift_L
35771446 0 32 79 O
35843947 1 32 79 O
35860230 1 50 0 Shift_L
36232232 0 41 102 f
36349138 1 41 102 f
36371547 0 65 32 space
36471158 1 65 32 space
36495672 0 38 97 a
36592456 1 38 97 a
36599679 0 57 110 n
36670367 1 57 110 n
36777971 0 65 32 space
36857583 1 65 32 space
37046340 0 28 116 t
37137280 1 28 116 t
37150126 0 43 104 h
37273989 1 43 104 h
37306269 0 27 114 r
37394649 1 27 114 r
37430593 0 32 111 o
37498029 1 32 111 o
37658972 0 25 119 w
37762128 1 25 119 w
37827674 0 57 110 n
37898428 1 57 110 n
38022185 0 65 32 space
38082032 1 65 32 space
38102686 0 38 97 a
38206185 1 38 97 a
38212437 0 58 109 m
38269905 1 58 109 m
38387785 0 65 32 space
38535533 1 65 32 space
38543943 0 25 119 w
38610673 1 25 119 w
38726070 0 38 97 a
38819977 1 38 97 a
38848362 0 27 114 r
38961509 1 27 114 r
38997303 0 46 108 l
39076583 1 46 108 l
39373910 0 22 0 BackSpace
39429875 1 22 0 BackSpace
39636816 0 58 109 m
39691645 1 58 109 m
39808096 0 46 108 l
39871876 1 46 108 l
40082423 0 29 121 y
40189083 1 29 121 y
40343748 0 65 32 space
40429076 1 65 32 space
40710891 0 58 109 m
40795269 1 58 109 m
40818501 0 26 101 e
40909004 0 27 114 r
40942231 1 26 101 e
41042062 0 26 101 e
41065780 1 27 114 r
41146829 1 26 101 e
41183496 0 46 108 l
41277351 1 46 108 l
41546046 0 29 121 y
41662523 1 29 121 y
41822819 0 65 32 space
41935703 1 65 32 space
42118757 0 27 114 r
42208102 0 26 101 e
42267430 1 27 114 r
42304345 1 26 101 e
42427728 0 39 115 s
42516488 1 39 115 s
42522390 0 30 117 u
42588748 1 30 117 u
42752888 0 46 108 l
42817843 1 46 108 l
42824663 0 28 116 t
42904333 1 28 116 t
42972849 0 65 32 space
43096587 1 65 32 space
43104197 0 40 100 d
43187516 0 26 101 e
43245697 1 40 100 d
43296188 0 33 112 p
43315844 1 26 101 e
43400876 1 33 112 p
43475914 0 38 97 a
43573252 0 27 114 r
43596218 1 38 97 a
43656919 1 27 114 r
43741513 0 28 116 t
43830067 1 28 116 t
43915758 0 65 32 space
44019326 1 65 32 space
44270035 0 39 115 s
44380715 1 39 115 s
44391124 0 30 117 u
44460565 1 30 117 u
44649026 0 33 112 p
44676762 1 33 112 p
44748899 0 33 112 p
44839321 1 33 112 p
45446326 0 46 108 l
45536461 1 46 108 l
45723041 0 29 121 y
45833763 1 29 121 y
46060537 0 60 46 period
46141245 1 60 46 period
46314162 0 36 0 Return
46397036 1 36 0 Return
46986172 0 50 0 Shift_L
47196848 0 27 82 R
47260812 1 50 0 Shift_L
47322731 0 26 101 e
47349956 1 27 114 r
47415949 1 26 101 e
47561453 0 24 113 q
47660400 1 24 113 q
47976932 0 31 105 i
48022568 1 31 105 i
48347926 0 22 0 BackSpace
48422702 1 22 0 BackSpace
48578231 0 30 117 u
48658478 1 30 117 u
48700727 0 31 105 i
48781664 0 27 114 r
48824604 1 31 105 i
48864151 0 26 101 e
48910874 1 27 114 r
49005263 1 26 101 e
49072063 0 40 100 d
49174201 0 65 32 space
49196702 1 40 100 d
49245962 1 65 32 space
49356423 0 43 104 h
49425051 1 43 104 h
50313015 0 32 111 o
50425626 1 32 111 o
50608646 0 57 110 n
50690789 1 57 110 n
50852739 0 32 111 o
50946383 1 32 111 o
51103797 0 30 117 u
51180250 1 30 117 u
51254030 0 27 114 r
51352027 0 26 101 e
51385027 1 27 114 r
51472988 1 26 101 e
51544307 0 40 100 d
51658226 1 40 100 d
51698500 0 65 32 space
51816364 1 65 32 space
51971303 0 28 116 t
52070089 1 28 116 t
52149972 0 27 114 r
52247110 1 27 114 r
52252816 0 31 105 i
52358705 1 31 105 i
52428137 0 41 102 f
52535870 1 41 102 f
52572824 0 46 108 l
52633933 1 46 108 l
52764310 0 31 105 i
52916280 0 57 110 n
52928320 1 31 105 i
53006485 0 42 103 g
53031322 1 57 110 n
53119951 1 42 103 g
53186775 0 65 32 space
53294564 0 26 101 e
53306332 1 65 32 space
53384742 1 26 101 e
53485156 0 38 97 a
53570579 1 38 97 a
53651895 0 28 116 t
53730051 1 28 116 t
53756452 0 65 32 space
53845548 1 65 32 space
53993489 0 33 112 p
54046830 1 33 112 p
54157496 0 46 108 l
54254796 0 26 101 e
54266462 1 46 108 l
54302792 1 26 101 e
54410842 0 38 97 a
54491251 0 39 115 s
54534641 1 38 97 a
54605934 1 39 115 s
54825993 0 27 114 r
54922819 1 27 114 r
55436315 0 22 0 BackSpace
55494445 1 22 0 BackSpace
55693236 0 30 117 u
55789320 1 30 117 u
55825784 0 27 114 r
55897056 0 26 101 e
55957945 1 27 114 r
56025676 0 65 32 space
56037444 1 26 101 e
56106338 1 65 32 space
56200778 0 58 109 m
56272529 1 58 109 m
56310237 0 38 97 a
56414117 0 57 110 n
56451282 1 38 97 a
56476073 1 57 110 n
56565252 0 65 32 space
56603671 0 27 114 r
56688204 1 65 32 space
56694684 0 26 101 e
56772665 1 27 114 r
56832334 1 26 101 e
56836558 0 46 108 l
56953557 1 46 108 l
56960318 0 38 97 a
57043543 1 38 97 a
57099763 0 28 116 t
57212205 1 28 116 t
57217526 0 31 105 i
57293843 1 31 105 i
57398523 0 32 111 o
57462324 1 32 111 o
57549812 0 57 110 n
57665427 1 57 110 n
57968241 0 60 46 period
58045555 1 60 46 period
58202884 0 65 32 space
58293856 0 50 0 Shift_L
58310930 1 65 32 space
58356680 0 38 65 A
58440039 1 50 0 Shift_L
58490705 1 38 97 a
58498952 0 39 115 s
58614440 1 39 115 s
58708136 0 39 115 s
58797192 1 39 115 s
58850857 0 30 117 u
58959492 1 30 117 u
58982958 0 27 114 r
59096005 1 27 114 r
59205987 0 38 97 a
59301284 1 38 97 a
59310440 0 57 110 n
59414818 1 57 110 n
59569275 0 54 99 c
59687209 0 26 101 e
59736677 1 54 99 c
59816827 1 26 101 e
59875817 0 65 32 space
59970580 1 65 32 space
60382567 0 29 121 y
60502308 1 29 121 y
60536527 0 26 101 e
60614877 1 26 101 e
60661400 0 28 116 t
60767782 1 28 116 t
60844801 0 65 32 space
60907031 1 65 32 space
61000316 0 56 98 b
61090681 1 56 98 b
61096763 0 26 101 e
61199062 1 26 101 e
61328196 0 40 100 d
61423935 1 40 100 d
61436522 0 65 32 space
61530221 1 65 32 space
61726297 0 25 119 w
61783709 1 25 119 w
61876381 0 38 97 a
61971526 0 39 115 s
62004371 1 38 97 a
62082918 1 39 115 s
62111159 0 65 32 space
62200513 1 65 32 space
62553366 0 31 105 i
62641044 1 31 105 i
62770766 0 58 109 m
62816323 1 58 109 m
62917997 0 33 112 p
62978487 1 33 112 p
63070108 0 27 114 r
63151750 1 27 114 r
63157556 0 32 111 o
63263497 1 32 111 o
63422454 0 55 118 v
63527329 1 55 118 v
63559230 0 31 105 i
63668051 0 57 110 n
63698008 1 31 105 i
63758912 0 42 103 g
63793214 1 57 110 n
63857563 1 42 103 g
63952843 0 65 32 space
64098653 1 65 32 space
64978194 0 41 102 f
65088942 1 41 102 f
65148929 0 30 117 u
65227497 1 30 117 u
65349626 0 57 110 n
65452527 1 57 110 n
65934499 0 22 0 BackSpace
65994644 1 22 0 BackSpace
66030881 0 27 114 r
66145444 1 27 114 r
66189436 0 57 110 n
66274952 1 57 110 n
66369682 0 30 117 u
66454104 1 30 117 u
66506736 0 28 116 t
66591395 1 28 116 t
66694036 0 31 105 i
66793405 1 31 105 i
67200430 0 22 0 BackSpace
67266448 1 22 0 BackSpace
68320175 0 22 0 BackSpace
68369670 1 22 0 BackSpace
68455871 0 22 0 BackSpace
68530791 1 22 0 BackSpace
68945652 0 31 105 i
69047213 1 31 105 i
69054414 0 28 116 t
69140249 1 28 116 t
69177935 0 30 117 u
69267232 1 30 117 u
69273727 0 27 114 r
69355287 0 26 101 e
69422783 1 27 114 r
69493321 1 26 101 e
69515813 0 65 32 space
69567875 1 65 32 space
69692954 0 58 109 m
69755222 1 58 109 m
69798789 0 38 97 a
69894473 0 57 110 n
69907252 1 38 97 a
69986470 1 57 110 n
72293632 0 60 46 period
72382575 1 60 46 period
72545123 0 36 0 Return
72636735 1 36 0 Return
73330858 0 50 0 Shift_L
73525021 0 40 68 D
73589434 1 50 0 Shift_L
73627321 1 40 100 d
73946206 0 31 105 i
74046628 1 31 105 i
74095257 0 39 115 s
74170328 1 39 115 s
74259666 0 28 116 t
74362623 1 28 116 t
74446711 0 27 114 r
74555685 1 27 114 r
74580479 0 30 117 u
74713118 1 30 117 u
75458849 0 39 115 s
75576383 1 39 115 s
75718762 0 28 116 t
75803519 1 28 116 t
75953909 0 39 115 s
76062675 1 39 115 s
76177172 0 65 32 space
76302327 1 65 32 space
76368899 0 40 100 d
76469698 0 26 101 e
76517811 1 40 100 d
76591942 1 26 101 e
76598235 0 46 108 l
76652178 1 46 108 l
76765301 0 31 105 i
76845050 1 31 105 i
76879791 0 42 103 g
76969175 0 43 104 h
76983856 1 42 103 g
77074903 1 43 104 h
77174683 0 28 116 t
77281162 1 28 116 t
77334824 0 26 101 e
77473786 1 26 101 e
77577032 0 40 100 d
77678564 1 40 100 d
77741987 0 65 32 space
77851372 1 65 32 space
77912541 0 39 115 s
77998314 1 39 115 s
78055194 0 43 104 h
78115738 1 43 104 h
78160873 0 26 101 e
78269784 1 26 101 e
78313346 0 65 32 space
78414488 1 65 32 space
78558717 0 46 108 l
78604967 1 46 108 l
78725775 0 31 105 i
78817202 1 31 105 i
78890982 0 39 115 s
78968668 1 39 115 s
79068856 0 28 116 t
79170839 0 26 101 e
79182172 1 28 116 t
79294860 1 26 101 e
79319524 0 57 110 n
79389210 1 57 110 n
79476030 0 31 105 i
79585760 0 57 110 n
79608138 1 31 105 i
79651671 0 42 103 g
79693425 1 57 110 n
79762659 1 42 103 g
79829548 0 65 32 space
79901728 1 65 32 space
80004907 0 58 109 m
80094792 0 27 114 r
80106358 1 58 109 m
80203739 1 27 114 r
80315645 0 39 115 s
80423546 1 39 115 s
80474066 0 65 32 space
80577275 1 65 32 space
80682511 0 26 101 e
80770621 1 26 101 e
80921660 0 53 120 x
80994241 1 53 120 x
81101837 0 28 116 t
81198654 1 28 116 t
81227167 0 26 101 e
81341194 1 26 101 e
81375654 0 57 110 n
81468335 1 57 110 n
81478055 0 39 115 s
81565166 1 39 115 s
81600284 0 31 105 i
81704740 1 31 105 i
81738236 0 55 118 v
81846805 1 55 118 v
81890669 0 26 101 e
81970496 0 65 32 space
82012327 1 26 101 e
82041291 1 65 32 space
82219691 0 38 97 a
82347243 1 38 97 a
82353755 0 40 100 d
82442455 0 58 109 m
82452920 1 40 100 d
82531551 1 58 109 m
82623350 0 31 105 i
82716444 1 31 105 i
82993524 0 28 116 t
83071980 1 28 116 t
83161184 0 28 116 t
83252250 1 28 116 t
83284166 0 31 105 i
83364139 0 57 110 n
83394922 1 31 105 i
83461918 0 42 103 g
83478513 1 57 110 n
83562523 1 42 103 g
83589114 0 65 32 space
83690128 1 65 32 space
83698707 0 41 102 f
83772255 1 41 102 f
83913858 0 38 97 a
84027861 0 27 114 r
84038984 1 38 97 a
84122682 1 27 114 r
84211382 0 60 46 period
84303995 1 60 46 period
84748366 0 65 32 space
84815251 1 65 32 space
84906720 0 65 32 space
85015403 1 65 32 space
85471787 0 50 0 Shift_L
85680995 0 41 70 F
85749981 1 50 0 Shift_L
85804764 1 41 102 f
85860519 0 30 117 u
85924704 1 30 117 u
86072040 0 46 108 l
86130999 1 46 108 l
86213095 0 46 108 l
86268333 1 46 108 l
86358902 0 65 32 space
86445245 1 65 32 space
86534806 0 43 104 h
86623959 1 43 104 h
86656727 0 26 101 e
86744442 1 26 101 e
86750638 0 65 32 space
86813550 1 65 32 space
86914373 0 57 110 n
86974103 1 57 110 n
87254707 0 32 111 o
87344844 1 32 111 o
87446734 0 26 101 e
87505529 1 26 101 e
87532309 0 57 110 n
87632470 1 57 110 n
87876583 0 22 0 BackSpace
87925875 1 22 0 BackSpace
88202611 0 22 0 BackSpace
88273209 1 22 0 BackSpace
88437427 0 57 110 n
88515350 1 57 110 n
88567566 0 26 101 e
88656311 1 26 101 e
88737738 0 65 32 space
88861788 1 65 32 space
89223598 0 57 110 n
89317701 1 57 110 n
89428802 0 32 111 o
89489356 1 32 111 o
89633326 0 26 101 e
89743272 1 26 101 e
90159348 0 22 0 BackSpace
90232186 1 22 0 BackSpace
90291576 0 65 32 space
90404606 1 65 32 space
90490619 0 39 115 s
90593062 1 39 115 s
90637198 0 31 105 i
90719136 1 31 105 i
90744435 0 40 100 d
90822124 0 26 101 e
90873712 1 40 100 d
90946519 1 26 101 e
91027043 0 60 46 period
91074949 1 60 46 period
91225991 0 65 32 space
91334954 1 65 32 space
91360778 0 50 0 Shift_L
91773093 0 30 85 U
91842501 1 30 85 U
91850868 1 50 0 Shift_L
91991012 0 57 110 n
92081621 1 57 110 n
92239409 0 54 99 c
92343054 0 32 111 o
92353692 1 54 99 c
92413376 1 32 111 o
92521417 0 58 109 m
92562682 1 58 109 m
92637190 0 58 109 m
92698666 1 58 109 m
92757737 0 32 111 o
92830498 1 32 111 o
92935229 0 57 110 n
92986254 1 57 110 n
93097513 0 46 108 l
93154880 1 46 108 l
93416419 0 29 121 y
93530428 1 29 121 y
93666046 0 65 32 space
93749505 1 65 32 space
93796775 0 39 115 s
93902493 1 39 115 s
93943135 0 30 117 u
94038805 1 30 117 u
94109894 0 27 114 r
94160222 1 27 114 r
94250808 0 27 114 r
94331315 1 27 114 r
94386485 0 32 111 o
94442098 1 32 111 o
94575122 0 30 117 u
94682047 1 30 117 u
94719359 0 57 110 n
94801365 1 57 110 n
94864400 0 40 100 d
94977193 0 26 101 e
95020161 1 40 100 d
95176799 1 26 101 e
95189921 0 40 100 d
95330830 1 40 100 d
95358350 0 65 32 space
95480872 1 65 32 space
95850841 0 54 99 c
95937640 0 32 111 o
95958603 1 54 99 c
96003547 1 32 111 o
96124341 0 57 110 n
96189920 1 57 110 n
96236939 0 39 115 s
96326532 1 39 115 s
96332609 0 31 105 i
96401885 1 31 105 i
96479677 0 40 100 d
96607261 1 40 100 d
96613119 0 26 101 e
96726921 0 27 114 r
96739009 1 26 101 e
96858506 0 26 101 e
96895840 1 27 114 r
96976604 0 27 114 r
97008893 1 26 101 e
97078371 1 27 114 r
97261985 0 40 100 d
97349483 1 40 100 d
97550813 0 65 32 space
97692604 1 65 32 space
97940234 0 41 102 f
98054766 0 32 111 o
98068483 1 41 102 f
98134522 1 32 111 o
98207492 0 27 114 r
98299227 1 27 114 r
98305036 0 65 32 space
98369793 1 65 32 space
98451457 0 43 104 h
98541895 1 43 104 h
99047564 0 31 105 i
99143767 1 31 105 i
99246260 0 58 109 m
99303903 1 58 109 m
99433696 0 65 32 space
99507393 0 38 97 a
99519104 1 65 32 space
99617071 1 38 97 a
99632758 0 27 114 r
99773917 1 27 114 r
99999025 0 26 101 e
100086960 1 26 101 e
100221850 0 65 32 space
100328530 1 65 32 space
100465519 0 30 117 u
100509933 1 30 117 u
100531321 0 28 116 t
100645179 1 28 116 t
101033469 0 22 0 BackSpace
101087076 1 22 0 BackSpace
101155276 0 22 0 BackSpace
101214905 1 22 0 BackSpace
101358123 0 31 105 i
101437971 1 31 105 i
101444004 0 28 116 t
101503847 1 28 116 t
101619772 0 39 115 s
101710597 1 39 115 s
101830793 0 36 0 Return
101902437 1 36 0 Return
102924903 0 50 0 Shift_L
103066684 0 31 73 I
103159728 1 31 73 I
103199048 1 50 0 Shift_L
103310920 0 28 116 t
103387542 1 28 116 t
103450969 0 65 32 space
103534679 1 65 32 space
103690697 0 25 119 w
103765078 1 25 119 w
103847676 0 26 101 e
103925033 1 26 101 e
103965435 0 65 32 space
104074029 1 65 32 space
104278081 0 31 105 i
104352882 1 31 105 i
104388324 0 39 115 s
104471614 1 39 115 s
104555668 0 65 32 space
104661829 1 65 32 space
104669150 0 27 114 r
104778342 0 26 101 e
104835121 1 27 114 r
104939659 1 26 101 e
105012195 0 38 97 a
105121380 0 40 100 d
105132541 1 38 97 a
105227449 1 40 100 d
105285901 0 65 32 space
105378576 1 65 32 space
105507241 0 42 103 g
105573446 0 32 111 o
105584672 1 42 103 g
105645108 1 32 111 o
105738333 0 32 111 o
105808349 1 32 111 o
105880937 0 40 100 d
105990450 1 40 100 d
106016988 0 65 32 space
106126738 1 65 32 space
106151031 0 39 115 s
106249228 1 39 115 s
106271461 0 32 111 o
106348383 1 32 111 o
106656695 0 32 111 o
106737808 1 32 111 o
106858940 0 57 110 n
106933817 1 57 110 n
107152104 0 60 46 period
107249990 1 60 46 period
107376612 0 65 32 space
107462519 1 65 32 space
107530161 0 50 0 Shift_L
107589413 0 58 77 M
107682673 1 58 77 M
107713769 1 50 0 Shift_L
107853907 0 29 121 y
107939614 1 29 121 y
108053517 0 65 32 space
108124405 1 65 32 space
108154649 0 28 116 t
108217212 1 28 116 t
108248768 0 32 111 o
108312236 1 32 111 o
108419639 0 65 32 space
108497361 1 65 32 space
108650481 0 54 99 c
108693706 0 32 111 o
108729659 1 54 99 c
108747940 1 32 111 o
108853259 0 57 110 n
108930918 1 57 110 n
108970199 0 39 115 s
109041947 0 31 105 i
109061519 1 39 115 s
109132895 1 31 105 i
109174075 0 40 100 d
109280949 0 26 101 e
109299835 1 40 100 d
109385732 0 27 114 r
109405363 1 26 101 e
109506803 0 26 101 e
109549302 1 27 114 r
109644482 1 26 101 e
109792115 0 40 100 d
109900076 1 40 100 d
109997866 0 65 32 space
110101705 1 65 32 space
110310487 0 40 100 d
110426237 0 26 101 e
110477412 1 40 100 d
110532053 1 26 101 e
110618194 0 46 108 l
110672169 1 46 108 l
110792553 0 31 105 i
110865930 0 42 103 g
110877333 1 31 105 i
110964527 1 42 103 g
110997469 0 43 104 h
111060776 1 43 104 h
111072048 0 28 116 t
111154414 1 28 116 t
111400636 0 41 102 f
111542835 1 41 102 f
111552113 0 30 117 u
111611930 1 30 117 u
111764961 0 46 108 l
111824489 1 46 108 l
111927935 0 65 32 space
112005117 1 65 32 space
112110308 0 31 105 i
112168671 0 57 110 n
112206215 1 31 105 i
112262102 1 57 110 n
112268881 0 55 118 v
112374350 1 55 118 v
112450796 0 31 105 i
112547412 1 31 105 i
112628952 0 28 116 t
112725484 1 28 116 t
112827494 0 38 97 a
112907349 1 38 97 a
112980059 0 28 116 t
113093547 1 28 116 t
113112192 0 31 105 i
113201769 1 31 105 i
113310261 0 32 111 o
113370470 1 32 111 o
113457080 0 57 110 n
113526812 1 57 110 n
113629726 0 65 32 space
113710386 1 65 32 space
113721810 0 38 97 a
113803384 1 38 97 a
113809695 0 57 110 n
113875264 1 57 110 n
113978565 0 57 110 n
114047312 1 57 110 n
114147486 0 32 111 o
114229291 1 32 111 o
114365126 0 30 117 u
114373533 0 29 121 y
114407180 1 29 121 y
114417299 1 30 117 u
114789424 0 22 0 BackSpace
114872215 1 22 0 BackSpace
115133198 0 57 110 n
115244144 1 57 110 n
115673157 0 54 99 c
115768841 0 31 105 i
115785381 1 54 99 c
115886313 1 31 105 i
115892237 0 57 110 n
116006704 1 57 110 n
116033910 0 42 103 g
116133959 1 42 103 g
116167429 0 65 32 space
116245559 1 65 32 space
116357529 0 32 111 o
116429961 1 32 111 o
116461862 0 41 102 f
116541547 1 41 102 f
116571827 0 65 32 space
116618707 1 65 32 space
116741413 0 57 110 n
116785525 1 57 110 n
116877139 0 32 111 o
116943451 1 32 111 o
117078103 0 65 32 space
117149837 1 65 32 space
117243711 0 40 100 d
117362591 0 26 101 e
117427788 1 40 100 d
117477046 1 26 101 e
117613797 0 54 99 c
117716676 1 54 99 c
117723179 0 31 105 i
117840391 1 31 105 i
118176001 0 39 115 s
118259879 1 39 115 s
118315615 0 31 105 i
118430033 1 31 105 i
118495004 0 55 118 v
118565162 1 55 118 v
118638200 0 26 101 e
118734779 1 26 101 e
118750772 0 46 108 l
118827773 1 46 108 l
119473783 0 29 121 y
119547626 1 29 121 y
119686950 0 65 32 space
119760695 1 65 32 space
119864999 0 56 98 b
119965242 1 56 98 b
120123988 0 32 111 o
120196043 1 32 111 o
120324282 0 31 105 i
120428906 1 31 105 i
120467528 0 39 115 s
120559790 1 39 115 s
120660912 0 28 116 t
120743966 1 28 116 t
121115181 0 26 101 e
121233300 0 27 114 r
121260046 1 26 101 e
121344126 1 27 114 r
121823644 0 32 111 o
121930361 1 32 111 o
122009812 0 30 117 u
122079110 1 30 117 u
122129127 0 39 115 s
122238752 1 39 115 s
122341210 0 60 46 period
122432260 1 60 46 period
122660892 0 36 0 Return
122736580 1 36 0 Return
123511375 0 50 0 Shift_L
123699537 0 40 68 D
123761068 1 50 0 Shift_L
123820948 1 40 100 d
123883579 0 31 105 i
123990727 1 31 105 i
124087640 0 40 100 d
124198574 1 40 100 d
124231275 0 65 32 space
124323846 0 38 97 a
124343743 1 65 32 space
124427486 1 38 97 a
124435314 0 40 100 d
124500949 1 40 100 d
124585371 0 40 100 d
124679224 0 65 32 space
124692305 1 40 100 d
124843985 1 65 32 space
124855817 0 40 100 d
124933272 1 40 100 d
125004348 0 38 97 a
125102303 0 39 115 s
125152786 1 38 97 a
125212561 1 39 115 s
125218138 0 43 104 h
125320566 1 43 104 h
125517217 0 25 119 w
125609264 0 32 111 o
125620869 1 25 119 w
125676315 1 32 111 o
125760621 0 32 111 o
125848682 1 32 111 o
125879686 0 40 100 d
126021338 1 40 100 d
126027924 0 39 115 s
126151600 1 39 115 s
126213146 0 65 32 space
126339120 0 40 100 d
126351007 1 65 32 space
126438786 0 26 101 e
126480097 1 40 100 d
126576226 1 26 101 e
126619705 0 41 102 f
126720699 1 41 102 f
126755660 0 31 105 i
126867232 1 31 105 i
126920404 0 54 99 c
127036104 1 54 99 c
127092276 0 31 105 i
127217360 1 31 105 i
127495362 0 26 101 e
127587779 1 26 101 e
127653039 0 57 110 n
127749608 0 28 116 t
127760705 1 57 110 n
127834722 1 28 116 t
127925141 0 65 32 space
128013904 1 65 32 space
128180469 0 58 109 m
128260258 1 58 109 m
128293711 0 38 97 a
128406115 1 38 97 a
128412381 0 57 110 n
128497176 1 57 110 n
128590092 0 65 32 space
128699810 1 65 32 space
128831209 0 54 99 c
128888358 0 32 111 o
128929896 1 54 99 c
128960103 1 32 111 o
129092445 0 57 110 n
129137555 1 57 110 n
129217693 0 54 99 c
129326213 0 46 108 l
129337006 1 54 99 c
129407978 1 46 108 l
129619066 0 30 117 u
129736023 1 30 117 u
129778963 0 40 100 d
129875521 0 26 101 e
129898818 1 40 100 d
130021317 0 40 100 d
130049582 1 26 101 e
130126057 1 40 100 d
130187611 0 65 32 space
130314710 1 65 32 space
130451141 0 38 97 a
130550697 1 38 97 a
130565037 0 40 100 d
130645241 1 40 100 d
130732952 0 40 100 d
130849008 1 40 100 d
130885238 0 31 105 i
130911830 1 31 105 i
130999579 0 28 116 t
131081791 1 28 116 t
131092647 0 31 105 i
131162200 1 31 105 i
131263564 0 32 111 o
131317672 1 32 111 o
131633970 0 57 110 n
131723856 1 57 110 n
131782645 0 39 115 s
131876803 1 39 115 s
131950896 0 65 32 space
132081406 1 65 32 space
132171408 0 27 114 r
132272595 0 26 101 e
132372784 1 27 114 r
132408529 1 26 101 e
132523249 0 39 115 s
132616041 0 32 111 o
132634579 1 39 115 s
132685964 1 32 111 o
132793078 0 30 117 u
132840734 0 27 114 r
132889441 1 30 117 u
132959353 1 27 114 r
133088458 0 54 99 c
133184857 0 26 101 e
133225194 1 54 99 c
133303239 1 26 101 e
133418879 0 39 115 s
133527858 1 39 115 s
133605944 0 60 46 period
133702923 1 60 46 period
133844742 0 65 32 space
133943012 1 65 32 space
133971294 0 50 0 Shift_L
134073249 0 32 79 O
134116031 1 50 0 Shift_L
134167670 1 32 111 o
134195677 0 27 114 r
134282633 1 27 114 r
134368560 0 65 32 space
134496027 1 65 32 space
134918169 0 46 108 l
134974837 1 46 108 l
135010828 0 38 97 a
135126707 1 38 97 a
135178606 0 57 110 n
135276317 1 57 110 n
135294348 0 40 100 d
135415896 1 40 100 d
135720689 0 46 108 l
135775904 1 46 108 l
135877636 0 32 111 o
136014003 1 32 111 o
136053781 0 27 114 r
136080816 1 27 114 r
136234050 0 40 100 d
136318998 1 40 100 d
136537184 0 65 32 space
136657923 1 65 32 space
136916680 0 33 112 p
136983407 1 33 112 p
137026200 0 38 97 a
137121860 1 38 97 a
137197287 0 54 99 c
137276111 1 54 99 c
137300448 0 45 107 k
137393227 0 38 97 a
137405134 1 45 107 k
137493358 1 38 97 a
137583783 0 42 103 g
137685347 1 42 103 g
137745890 0 26 101 e
137830805 1 26 101 e
137939656 0 39 115 s
138028636 1 39 115 s
138066552 0 65 32 space
138156840 1 65 32 space
138255379 0 32 111 o
138360291 1 32 111 o
138404585 0 55 118 v
138481107 1 55 118 v
138547447 0 26 101 e
138636645 0 27 114 r
138684684 1 26 101 e
138751054 1 27 114 r
138903262 0 54 99 c
139017365 1 54 99 c
139035415 0 38 97 a
139159305 1 38 97 a
139237735 0 58 109 m
139321108 1 58 109 m
139334555 0 26 101 e
139429868 1 26 101 e
139471000 0 65 32 space
139588628 1 65 32 space
139660195 0 40 100 d
139749301 1 40 100 d
139764432 0 31 105 i
139845992 1 31 105 i
139890480 0 39 115 s
139960433 1 39 115 s
140037201 0 28 116 t
140118191 1 28 116 t
140197390 0 38 97 a
140307377 1 38 97 a
140313747 0 57 110 n
140379868 1 57 110 n
140394409 0 54 99 c
140455763 0 26 101 e
140515482 1 54 99 c
140569345 0 65 32 space
140580732 1 26 101 e
140654589 1 65 32 space
140733836 0 39 115 s
140815778 1 39 115 s
140845201 0 58 109 m
140925221 1 58 109 m
140933753 0 38 97 a
141050033 0 46 108 l
141061528 1 38 97 a
141110776 1 46 108 l
141207647 0 46 108 l
141273288 1 46 108 l
141303499 0 26 101 e
141386432 1 26 101 e
141655101 0 39 115 s
141741605 1 39 115 s
141825101 0 28 116 t
141909090 1 28 116 t
141919754 0 65 32 space
141978926 1 65 32 space
142078327 0 31 105 i
142163638 0 57 110 n
142185914 1 31 105 i
142253962 1 57 110 n
142373563 0 65 32 space
142410133 0 27 114 r
142479938 1 65 32 space
142510112 0 26 101 e
142564473 1 27 114 r
142617920 1 26 101 e
142726431 0 54 99 c
142799464 1 54 99 c
142892032 0 54 99 c
142974822 1 54 99 c
142986742 0 30 117 u
143098882 1 30 117 u
143125326 0 27 114 r
143272253 1 27 114 r
143519415 0 22 0 BackSpace
143564868 1 22 0 BackSpace
143656319 0 22 0 BackSpace
143707259 1 22 0 BackSpace
143795289 0 22 0 BackSpace
143864851 1 22 0 BackSpace
144183165 0 30 117 u
144287120 1 30 117 u
144361565 0 27 114 r
144471063 1 27 114 r
144552234 0 27 114 r
144678778 1 27 114 r
144687421 0 26 101 e
144811002 1 26 101 e
144838535 0 40 100 d
144917035 1 40 100 d
144993691 0 60 46 period
145069544 1 60 46 period
145329269 0 36 0 Return
145400952 1 36 0 Return
146010591 0 50 0 Shift_L
146128791 0 25 87 W
146189783 1 50 0 Shift_L
146218901 1 25 119 w
146306046 0 27 114 r
146402460 1 27 114 r
146409794 0 32 111 o
146513729 1 32 111 o
146703175 0 57 110 n
146787116 1 57 110 n
146887028 0 42 103 g
146987148 1 42 103 g
147010246 0 65 32 space
147095580 1 65 32 space
147176803 0 58 109 m
147256514 1 58 109 m
147273908 0 38 97 a
147354063 1 38 97 a
147368060 0 31 105 i
147452636 1 31 105 i
147496962 0 40 100 d
147636900 1 40 100 d
147712594 0 39 115 s
147825309 1 39 115 s
147873103 0 65 32 space
147956365 1 65 32 space
148072762 0 32 111 o
148171377 1 32 111 o
148203655 0 27 114 r
148303053 0 65 32 space
148314286 1 27 114 r
148392610 1 65 32 space
148646051 0 56 98 b
148724643 1 56 98 b
148791958 0 26 101 e
148880965 1 26 101 e
148913497 0 65 32 space
149006924 1 65 32 space
149060129 0 38 97 a
149164632 0 39 115 s
149200443 1 38 97 a
149256665 1 39 115 s
149369650 0 45 107 k
149468087 1 45 107 k
149482847 0 26 101 e
149587678 1 26 101 e
149625845 0 40 100 d
149741514 1 40 100 d
149747994 0 65 32 space
149807120 1 65 32 space
149927659 0 57 110 n
149996357 1 57 110 n
150088743 0 32 111 o
150162157 1 32 111 o
150332848 0 65 32 space
150405744 1 65 32 space
150524245 0 32 111 o
150602371 1 32 111 o
150705503 0 57 110 n
150765657 1 57 110 n
150880842 0 65 32 space
150936246 1 65 32 space
151023709 0 26 101 e
151103450 1 26 101 e
151115611 0 57 110 n
151208525 1 57 110 n
151364936 0 43 104 h
151431772 1 43 104 h
151609053 0 32 111 o
151680497 1 32 111 o
151904145 0 22 0 BackSpace
151954745 1 22 0 BackSpace
152023892 0 22 0 BackSpace
152085449 1 22 0 BackSpace
152227621 0 44 106 j
152286385 1 44 106 j
152405857 0 32 111 o
152449363 1 32 111 o
152609583 0 29 121 y
152690955 1 29 121 y
153015589 0 60 46 period
153096723 1 60 46 period
153234132 0 65 32 space
153327224 1 65 32 space
153357838 0 50 0 Shift_L
153452196 0 43 72 H
153498468 1 50 0 Shift_L
153511803 1 43 104 h
153659103 0 32 111 o
153726775 1 32 111 o
153810132 0 30 117 u
153884790 1 30 117 u
153925411 0 39 115 s
154030744 1 39 115 s
154091604 0 26 101 e
154204964 1 26 101 e
154409712 0 43 104 h
154479067 1 43 104 h
154614125 0 32 111 o
154672770 1 32 111 o
154788353 0 46 108 l
154855319 1 46 108 l
154898281 0 40 100 d
155016186 1 40 100 d
155055967 0 65 32 space
155161061 1 65 32 space
155166651 0 41 102 f
155257457 1 41 102 f
155306297 0 26 101 e
155420565 1 26 101 e
155550026 0 25 119 w
155633265 1 25 119 w
155686375 0 65 32 space
155783209 1 65 32 space
155917124 0 39 115 s
156016767 1 39 115 s
156088013 0 32 111 o
156200663 0 58 109 m
156212697 1 32 111 o
156294617 1 58 109 m
156324713 0 26 101 e
156390295 1 26 101 e
156496260 0 28 116 t
156560295 1 28 116 t
156592214 0 31 105 i
156679245 1 31 105 i
156737409 0 58 109 m
156848931 1 58 109 m
156897709 0 26 101 e
156959852 1 26 101 e
157087846 0 39 115 s
157173638 1 39 115 s
157178802 0 65 32 space
157247903 1 65 32 space
157388595 0 32 111 o
157440617 1 32 111 o
157533000 0 30 117 u
157600597 1 30 117 u
157653992 0 28 116 t
157751421 1 28 116 t
157783566 0 65 32 space
157887047 0 38 97 a
157899113 1 65 32 space
157980298 1 38 97 a
158086178 0 28 116 t
158131262 1 28 116 t
158212982 0 28 116 t
158306706 1 28 116 t
158349756 0 26 101 e
158445918 0 57 110 n
158457376 1 26 101 e
158547571 1 57 110 n
158567164 0 40 100 d
158658943 1 40 100 d
158687097 0 31 105 i
158791391 0 57 110 n
158818613 1 31 105 i
158893967 0 42 103 g
158905632 1 57 110 n
158998167 1 42 103 g
159049806 0 65 32 space
159152763 1 65 32 space
159299878 0 40 100 d
159441752 0 26 101 e
159457114 1 40 100 d
159561573 1 26 101 e
159656455 0 39 115 s
159747323 1 39 115 s
159808433 0 54 99 c
159885928 1 54 99 c
159990219 0 27 114 r
160038908 0 31 105 i
160101417 1 27 114 r
160137133 1 31 105 i
160231992 0 56 98 b
160318844 1 56 98 b
160352623 0 26 101 e
160507983 0 40 100 d
160536159 1 26 101 e
160622176 1 40 100 d
160768251 0 60 46 period
160840084 1 60 46 period
160994874 0 65 32 space
161062879 1 65 32 space
161096772 0 50 0 Shift_L
161188637 0 46 76 L
161236233 1 50 0 Shift_L
161245497 1 46 108 l
161338943 0 38 97 a
161415613 1 38 97 a
161430845 0 31 105 i
161509994 0 57 110 n
161521719 1 31 105 i
161644887 1 57 110 n
161770327 0 65 32 space
161824610 1 65 32 space
161923873 0 44 106 j
162004997 1 44 106 j
162109451 0 30 117 u
162240828 1 30 117 u
162260141 0 39 115 s
162347311 1 39 115 s
162412290 0 28 116 t
162505345 1 28 116 t
162530520 0 65 32 space
162636228 1 65 32 space
162700727 0 41 102 f
162776848 1 41 102 f
162816996 0 38 97 a
162919575 1 38 97 a
162977879 0 54 99 c
163078970 1 54 99 c
163345260 0 28 116 t
163439968 1 28 116 t
163484450 0 65 32 space
163567429 1 65 32 space
163732396 0 41 102 f
163806150 1 41 102 f
163851520 0 32 111 o
163919312 1 32 111 o
164006261 0 30 117 u
164082142 0 27 114 r
164093696 1 30 117 u
164175078 1 27 114 r
164252712 0 65 32 space
164329659 1 65 32 space
164427131 0 32 111 o
164493883 1 32 111 o
164510353 0 41 102 f
164598989 1 41 102 f
164648026 0 65 32 space
164743032 1 65 32 space
164832818 0 38 97 a
164943234 0 58 109 m
164954404 1 38 97 a
164998328 1 58 109 m
165132662 0 65 32 space
165196138 1 65 32 space
165300357 0 58 109 m
165368984 1 58 109 m
165381020 0 26 101 e
165465355 1 26 101 e
165548760 0 26 101 e
165626433 1 26 101 e
165671282 0 28 116 t
165783148 1 28 116 t
165926688 0 59 44 comma
165995890 1 59 44 comma
166310383 0 22 0 BackSpace
166385064 1 22 0 BackSpace
166503112 0 60 46 period
166588103 1 60 46 period
166719112 0 65 32 space
166811345 1 65 32 space
167117586 0 22 0 BackSpace
167176271 1 22 0 BackSpace
167257685 0 22 0 BackSpace
167335258 1 22 0 BackSpace
167454592 0 65 32 space
167544074 1 65 32 space
167799182 0 31 105 i
167815415 1 31 105 i
168211794 0 22 0 BackSpace
168274532 1 22 0 BackSpace
168450236 0 43 104 h
168507665 1 43 104 h
168588589 0 31 105 i
168661277 1 31 105 i
168691107 0 42 103 g
168767113 0 43 104 h
168788319 1 42 103 g
168859760 1 43 104 h
169033765 0 60 46 period
169087694 1 60 46 period
169297838 0 36 0 Return
169364341 1 36 0 Return
169927192 0 50 0 Shift_L
170064909 0 43 72 H
170119463 1 50 0 Shift_L
170150535 1 43 104 h
170199233 0 26 101 e
170276374 1 26 101 e
170324783 0 65 32 space
170423138 1 65 32 space
170439873 0 40 100 d
170536852 1 40 100 d
170542911 0 32 111 o
170613246 1 32 111 o
170745844 0 65 32 space
170838970 1 65 32 space
171025772 0 39 115 s
171148360 1 39 115 s
171178145 0 30 117 u
171267480 1 30 117 u
171413266 0 57 110 n
171456689 1 57 110 n
171857626 0 22 0 BackSpace
171922320 1 22 0 BackSpace
172095368 0 56 98 b
172170160 1 56 98 b
172291756 0 44 106 j
172300337 0 43 104 h
172317323 1 43 104 h
172332586 1 44 106 j
172356418 0 26 101 e
172487200 1 26 101 e
172749444 0 22 0 BackSpace
172802077 1 22 0 BackSpace
172873549 0 22 0 BackSpace
172953354 1 22 0 BackSpace
173152150 0 26 101 e
173279515 1 26 101 e
173413832 0 54 99 c
173485441 1 54 99 c
173587117 0 28 116 t
173699301 1 28 116 t
173786989 0 39 115 s
173891069 0 65 32 space
173905567 1 39 115 s
173978163 1 65 32 space
174090115 0 33 112 p
174151313 0 27 114 r
174164591 1 33 112 p
174239032 0 26 101 e
174296326 1 27 114 r
174352916 1 26 101 e
174392896 0 33 112 p
174469719 1 33 112 p
174600745 0 38 97 a
174712165 0 27 114 r
174724033 1 38 97 a
174820812 0 26 101 e
174865157 1 27 114 r
174962092 1 26 101 e
175018417 0 40 100 d
175114176 1 40 100 d
175218842 0 65 32 space
175334291 1 65 32 space
175458864 0 56 98 b
175549703 1 56 98 b
175615210 0 38 97 a
175722305 1 38 97 a
175780672 0 54 99 c
175809981 0 43 104 h
175877053 1 54 99 c
175910819 1 43 104 h
176115411 0 26 101 e
176212217 1 26 101 e
176278987 0 46 108 l
176348865 1 46 108 l
176690854 0 32 111 o
176785494 1 32 111 o
176826966 0 27 114 r
176931788 1 27 114 r
176988967 0 65 32 space
177064142 1 65 32 space
177218110 0 44 106 j
177332169 1 44 106 j
177457898 0 30 117 u
177561654 1 30 117 u
177602468 0 55 118 v
177684849 1 55 118 v
177800280 0 26 101 e
177897451 1 26 101 e
177986836 0 46 108 l
178028277 1 46 108 l
178461934 0 22 0 BackSpace
178566381 1 22 0 BackSpace
179197078 0 57 110 n
179289508 1 57 110 n
179379251 0 31 105 i
179459947 1 31 105 i
179609746 0 46 108 l
179679881 1 46 108 l
179712430 0 26 101 e
179820908 1 26 101 e
180130337 0 65 32 space
180223952 1 65 32 space
180422449 0 29 121 y
180489786 1 29 121 y
180523826 0 26 101 e
180629637 1 26 101 e
180783323 0 65 32 space
180870216 1 65 32 space
180976739 0 32 111 o
181062670 1 32 111 o
181270453 0 43 104 h
181349388 1 43 104 h
181657150 0 60 46 period
181727966 1 60 46 period
181894798 0 65 32 space
181974409 1 65 32 space
181988288 0 50 0 Shift_L
182119833 0 43 72 H
182170337 1 50 0 Shift_L
182199436 1 43 104 h
182272945 0 26 101 e
182387937 1 26 101 e
182560445 0 65 32 space
182675953 1 65 32 space
182848783 0 41 102 f
182952906 1 41 102 f
183043136 0 26 101 e
183126988 1 26 101 e
183207418 0 46 108 l
183260611 1 46 108 l
183372060 0 31 105 i
183487882 1 31 105 i
183496750 0 57 110 n
183646004 1 57 110 n
183980505 0 22 0 BackSpace
184030722 1 22 0 BackSpace
184116058 0 22 0 BackSpace
184190562 1 22 0 BackSpace
184265999 0 22 0 BackSpace
184338566 1 22 0 BackSpace
184390412 0 26 101 e
184486736 1 26 101 e
184543741 0 46 108 l
184585142 1 46 108 l
184712067 0 31 105 i
184789177 0 57 110 n
184821652 1 31 105 i
184860514 0 42 103 g
184917416 1 57 110 n
184951471 1 42 103 g
185081464 0 39 115 s
185122156 0 65 32 space
185181301 1 39 115 s
185226909 1 65 32 space
185325229 0 27 114 r
185421727 0 26 101 e
185497359 1 27 114 r
185534348 0 58 109 m
185560764 1 26 101 e
185587990 1 58 109 m
185666542 0 32 111 o
185748192 1 32 111 o
185754138 0 55 118 v
185837853 1 55 118 v
185877952 0 31 105 i
185988745 1 31 105 i
185994385 0 57 110 n
186084239 0 42 103 g
186117067 1 57 110 n
186187058 1 42 103 g
186231532 0 65 32 space
186328955 1 65 32 space
186398682 0 41 102 f
186454237 1 41 102 f
186691526 0 22 0 BackSpace
186762306 1 22 0 BackSpace
186914534 0 31 105 i
187012805 0 57 110 n
187030553 1 31 105 i
187092862 0 41 102 f
187105456 1 57 110 n
187209811 1 41 102 f
187218814 0 32 111 o
187294498 0 27 114 r
187305635 1 32 111 o
187413224 1 27 114 r
187432327 0 58 109 m
187526813 1 58 109 m
187547837 0 26 101 e
187666538 1 26 101 e
187700653 0 40 100 d
187808609 0 65 32 space
187819454 1 40 100 d
187902386 1 65 32 space
188162661 0 43 104 h
188254545 1 43 104 h
188311625 0 26 101 e
188381744 1 26 101 e
188426537 0 65 32 space
188521208 1 65 32 space
188598229 0 38 97 a
188683261 0 39 115 s
188739509 1 38 97 a
188777619 1 39 115 s
188808546 0 65 32 space
188922736 1 65 32 space
189034346 0 31 105 i
189144214 1 31 105 i
189201349 0 42 103 g
189295388 1 42 103 g
189303483 0 57 110 n
189394095 1 57 110 n
189496565 0 32 111 o
189582318 1 32 111 o
189632616 0 27 114 r
189735428 1 27 114 r
189804754 0 38 97 a
189924852 1 38 97 a
189975721 0 57 110 n
190081184 1 57 110 n
190207158 0 28 116 t
190302186 1 28 116 t
190358577 0 65 32 space
190481868 1 65 32 space
190612288 0 55 118 v
190702509 1 55 118 v
190985471 0 22 0 BackSpace
191037751 1 22 0 BackSpace
191046440 0 25 119 w
191112024 1 25 119 w
191199922 0 26 101 e
191277326 1 26 101 e
191321161 0 65 32 space
191398199 1 65 32 space
191524857 0 33 112 p
191594250 1 33 112 p
191640617 0 27 114 r
191739988 0 26 101 e
191790069 1 27 114 r
191838719 1 26 101 e
191851207 0 33 112 p
191928559 1 33 112 p
191972354 0 38 97 a
192072881 0 27 114 r
192084395 1 38 97 a
192163526 0 26 101 e
192205019 1 27 114 r
192294305 1 26 101 e
192352158 0 40 100 d
192456817 1 40 100 d
192486367 0 60 46 period
192561287 1 60 46 period
192750202 0 36 0 Return
192812719 1 36 0 Return
193406439 0 50 0 Shift_L
193564663 0 26 69 E
193573336 0 25 87 W
193608095 1 50 0 Shift_L
193627606 1 26 101 e
193636027 1 25 119 w
193944140 0 22 0 BackSpace
194004605 1 22 0 BackSpace
194320337 0 55 118 v
194419234 1 55 118 v
194494203 0 26 101 e
194604686 1 26 101 e
194616649 0 57 110 n
194678050 1 57 110 n
194753683 0 31 105 i
194846552 0 57 110 n
194884485 1 31 105 i
194905932 0 42 103 g
194940818 1 57 110 n
194992558 1 42 103 g
195064078 0 65 32 space
195138797 1 65 32 space
195153455 0 40 100 d
195247188 1 40 100 d
195253179 0 32 111 o
195308740 1 32 111 o
195424305 0 65 32 space
195501888 1 65 32 space
195556014 0 41 102 f
195644840 1 41 102 f
195650558 0 32 111 o
195726539 1 32 111 o
195748684 0 27 114 r
195846378 1 27 114 r
195876212 0 58 109 m
195965001 1 58 109 m
196066703 0 31 105 i
196186388 0 57 110 n
196208514 1 31 105 i
196297342 1 57 110 n
196337355 0 42 103 g
196435176 1 42 103 g
196441381 0 65 32 space
196562846 1 65 32 space
196880809 0 32 111 o
196962962 1 32 111 o
197112803 0 56 98 b
197195720 1 56 98 b
197323796 0 39 115 s
197415654 1 39 115 s
197487071 0 44 106 j
197505643 1 44 106 j
197542841 0 26 101 e
197658096 0 27 114 r
197696809 1 26 101 e
197776770 1 27 114 r
198050454 0 22 0 BackSpace
198100441 1 22 0 BackSpace
198167602 0 22 0 BackSpace
198231466 1 22 0 BackSpace
198294770 0 22 0 BackSpace
198371199 0 26 101 e
198381159 1 22 0 BackSpace
198442936 0 27 114 r
198510235 1 26 101 e
198525874 1 27 114 r
198643149 0 55 118 v
198724776 1 55 118 v
198792603 0 26 101 e
198935062 1 26 101 e
199080340 0 65 32 space
199213155 1 65 32 space
199492091 0 39 115 s
199579881 1 39 115 s
199669713 0 33 112 p
199736335 1 33 112 p
199876023 0 31 105 i
199976641 1 31 105 i
200050396 0 27 114 r
200133534 1 27 114 r
200244616 0 31 105 i
200347346 1 31 105 i
200382910 0 28 116 t
200466044 1 28 116 t
200650370 0 39 115 s
200763997 1 39 115 s
200829318 0 65 32 space
200901319 1 65 32 space
201011522 0 31 105 i
201103591 1 31 105 i
201149322 0 39 115 s
201264966 1 39 115 s
201335667 0 65 32 space
201415699 1 65 32 space
201534184 0 31 105 i
201625807 1 31 105 i
201693799 0 57 110 n
201776101 1 57 110 n
201945776 0 60 46 period
201998716 1 60 46 period
202125557 0 65 32 space
202151862 0 50 0 Shift_L
202214135 1 65 32 space
202295412 0 54 67 C
202332896 1 50 0 Shift_L
202381641 0 32 111 o
202412971 1 54 99 c
202458496 1 32 111 o
202581679 0 30 117 u
202603430 1 30 117 u
202770870 0 57 110 n
202876121 1 57 110 n
202922467 0 28 116 t
203008133 1 28 116 t
203087582 0 27 114 r
203197169 1 27 114 r
203268205 0 29 121 y
203369412 1 29 121 y
203501293 0 65 32 space
203598575 1 65 32 space
203698172 0 43 104 h
203771977 1 43 104 h
203908548 0 26 101 e
204044731 1 26 101 e
204050313 0 38 97 a
204154485 0 27 114 r
204189905 1 38 97 a
204263098 1 27 114 r
204364718 0 28 116 t
204476656 1 28 116 t
204619164 0 26 101 e
204747338 1 26 101 e
204808671 0 40 100 d
204886265 1 40 100 d
204904662 0 65 32 space
204992756 1 65 32 space
205098294 0 56 98 b
205174858 1 56 98 b
205202291 0 26 101 e
205277774 1 26 101 e
205308400 0 65 32 space
205385635 1 65 32 space
205524343 0 32 111 o
205537557 0 41 102 f
205570986 1 32 111 o
205619406 1 41 102 f
205778011 0 65 32 space
205871969 1 65 32 space
206001374 0 44 106 j
206092728 1 44 106 j
206209510 0 30 117 u
206306336 1 30 117 u
206329940 0 39 115 s
206416949 1 39 115 s
206492064 0 28 116 t
206570940 0 31 105 i
206581940 1 28 116 t
206689500 1 31 105 i
206963218 0 54 99 c
207114772 0 26 101 e
207147463 1 54 99 c
207212983 0 65 32 space
207232453 1 26 101 e
207325247 1 65 32 space
207372550 0 39 115 s
207456066 1 39 115 s
207536493 0 26 101 e
207600722 0 57 110 n
207639924 1 26 101 e
207703361 1 57 110 n
207743198 0 40 100 d
207844587 1 40 100 d
207850537 0 31 105 i
207943591 0 57 110 n
207983862 1 31 105 i
208032152 0 42 103 g
208059081 1 57 110 n
208130926 1 42 103 g
208257452 0 60 46 period
208338943 1 60 46 period
208486893 0 65 32 space
208567723 1 65 32 space
208599357 0 50 0 Shift_L
208746882 1 50 0 Shift_L
208971348 0 50 0 Shift_L
209079273 0 32 79 O
209171246 1 32 79 O
209209277 1 50 0 Shift_L
209267960 0 57 110 n
209350813 1 57 110 n
209456407 0 65 32 space
209519959 1 65 32 space
209547732 0 39 115 s
209648898 1 39 115 s
209654498 0 32 111 o
209732610 1 32 111 o
209851148 0 65 32 space
209947172 1 65 32 space
210037736 0 28 116 t
210150915 1 28 116 t
210182112 0 43 104 h
210242002 0 26 101 e
210253786 1 43 104 h
210382416 1 26 101 e
210395374 0 29 121 y
210526518 1 29 121 y
210634861 0 65 32 space
210695737 0 38 97 a
210736942 1 65 32 space
210799805 0 39 115 s
210845857 1 38 97 a
210890253 1 39 115 s
210924167 0 65 32 space
211022174 1 65 32 space
211028760 0 25 119 w
211136899 1 25 119 w
211154569 0 31 105 i
211281028 1 31 105 i
211378384 0 43 104 h
211488298 1 43 104 h
211825279 0 42 103 g
211931897 1 42 103 g
212199246 0 22 0 BackSpace
212248907 1 22 0 BackSpace
212314872 0 22 0 BackSpace
212394475 1 22 0 BackSpace
212415811 0 28 116 t
212524854 1 28 116 t
212933728 0 65 32 space
213048946 1 65 32 space
213205669 0 27 114 r
213263854 1 27 114 r
213442711 0 22 0 BackSpace
213488154 1 22 0 BackSpace
213571418 0 22 0 BackSpace
213628000 1 22 0 BackSpace
213689316 0 22 0 BackSpace
213769953 1 22 0 BackSpace
214171046 0 28 116 t
214274669 1 28 116 t
214345766 0 43 104 h
214413368 1 43 104 h
214523687 0 65 32 space
214624055 1 65 32 space
214656741 0 27 114 r
214732063 0 32 111 o
214744286 1 27 114 r
214792299 1 32 111 o
214872527 0 32 111 o
214957490 1 32 111 o
215009245 0 58 109 m
215099260 1 58 109 m
215209728 0 65 32 space
215310887 1 65 32 space
215419756 0 54 99 c
215484143 0 32 111 o
215513222 1 54 99 c
215565043 1 32 111 o
215683520 0 46 108 l
215740450 1 46 108 l
215799423 0 40 100 d
215897179 1 40 100 d
215950186 0 65 32 space
216073136 1 65 32 space
216527442 0 29 121 y
216617168 1 29 121 y
216635767 0 26 101 e
216736949 1 26 101 e
216873981 0 60 46 period
216953613 1 60 46 period
217136874 0 36 0 Return
217210463 1 36 0 Return
217797498 0 50 0 Shift_L
218124864 1 50 0 Shift_L
218206156 0 26 101 e
218283960 1 26 101 e
218656720 0 22 0 BackSpace
218716362 1 22 0 BackSpace
218751476 0 50 0 Shift_L
218922005 0 56 66 B
218933944 1 50 0 Shift_L
219004481 1 56 98 b
219054038 0 26 101 e
219144569 1 26 101 e
219176123 0 65 32 space
219270538 1 65 32 space
219324539 0 54 99 c
219423007 1 54 99 c
219457076 0 46 108 l
219510781 1 46 108 l
219516620 0 38 97 a
219573799 1 38 97 a
219619770 0 46 108 l
219691060 1 46 108 l
220020177 0 22 0 BackSpace
220064177 1 22 0 BackSpace
220159820 0 22 0 BackSpace
220212883 1 22 0 BackSpace
220287327 0 22 0 BackSpace
220354967 1 22 0 BackSpace
220419716 0 38 97 a
220499419 1 38 97 a
220630186 0 46 108 l
220720497 1 46 108 l
220837294 0 46 108 l
220896317 1 46 108 l
221257435 0 65 32 space
221353946 1 65 32 space
221398027 0 41 102 f
221508673 1 41 102 f
221519069 0 32 111 o
221601313 1 32 111 o
221679871 0 30 117 u
221727961 0 27 114 r
221756185 1 30 117 u
221800408 1 27 114 r
221906538 0 65 32 space
221990676 1 65 32 space
222061489 0 58 109 m
222135231 1 58 109 m
222306146 0 29 121 y
222314905 0 30 117 u
222360369 1 30 117 u
222368946 1 29 121 y
222524285 0 65 32 space
222599305 1 65 32 space
222909062 0 22 0 BackSpace
222970188 1 22 0 BackSpace
223036347 0 22 0 BackSpace
223129315 1 22 0 BackSpace
223188473 0 65 32 space
223299808 1 65 32 space
223450539 0 25 119 w
223529282 1 25 119 w
223622040 0 26 101 e
223708545 1 26 101 e
223716638 0 57 110 n
223799984 1 57 110 n
223898739 0 65 32 space
224002345 1 65 32 space
224011638 0 28 116 t
224144524 1 28 116 t
224624744 0 22 0 BackSpace
224672752 1 22 0 BackSpace
224734242 0 22 0 BackSpace
224791354 1 22 0 BackSpace
224837458 0 28 116 t
224940793 1 28 116 t
225083373 0 26 101 e
225106023 1 26 101 e
225242793 0 65 32 space
225342831 1 65 32 space
225548425 0 22 0 BackSpace
225601162 1 22 0 BackSpace
225676734 0 22 0 BackSpace
225721090 0 65 32 space
225747250 1 22 0 BackSpace
225826985 1 65 32 space
226033342 0 58 109 m
226123698 0 26 101 e
226135071 1 58 109 m
226198511 1 26 101 e
226265479 0 38 97 a
226388652 1 38 97 a
226394562 0 57 110 n
226469010 1 57 110 n
226669380 0 60 46 period
226733424 1 60 46 period
226874218 0 65 32 space
226913777 0 50 0 Shift_L
226977390 1 65 32 space
227021421 0 54 67 C
227050525 1 50 0 Shift_L
227157520 1 54 99 c
227163393 0 26 101 e
227250646 1 26 101 e
227278404 0 46 108 l
227341840 1 46 108 l
227378048 0 26 101 e
227473896 1 26 101 e
227600359 0 56 98 b
227693373 1 56 98 b
227726541 0 27 114 r
227838866 0 38 97 a
227853467 1 27 114 r
227974524 1 38 97 a
228041250 0 28 116 t
228158873 1 28 116 t
228166418 0 26 101 e
228306484 1 26 101 e
228366955 0 40 100 d
228475623 1 40 100 d
228481316 0 65 32 space
228543459 1 65 32 space
228636142 0 31 105 i
228705576 0 41 102 f
228718178 1 31 105 i
228781518 1 41 102 f
228858719 0 65 32 space
228936798 1 65 32 space
229262465 0 27 114 r
229365535 0 26 101 e
229419316 1 27 114 r
229481983 1 26 101 e
229500305 0 58 109 m
229575774 1 58 109 m
229607682 0 38 97 a
229733050 1 38 97 a
229845375 0 27 114 r
229939361 1 27 114 r
230431034 0 45 107 k
230503083 1 45 107 k
230552391 0 38 97 a
230685745 1 38 97 a
230800053 0 56 98 b
230895953 1 56 98 b
231036826 0 46 108 l
231098738 1 46 108 l
231284063 0 29 121 y
231374895 1 29 121 y
231513255 0 65 32 space
231618089 1 65 32 space
231700330 0 26 101 e
231783167 1 26 101 e
231904092 0 39 115 s
231980754 1 39 115 s
231992859 0 33 112 p
232078578 1 33 112 p
232141160 0 26 101 e
232247114 1 26 101 e
232456187 0 54 99 c
232534951 1 54 99 c
232711917 0 31 105 i
232802332 1 31 105 i
232886524 0 38 97 a
232993304 1 38 97 a
233010297 0 46 108 l
233074328 1 46 108 l
233149583 0 46 108 l
233228040 1 46 108 l
233452080 0 29 121 y
233500764 1 29 121 y
233674481 0 65 32 space
233775261 1 65 32 space
233800011 0 38 97 a
233885939 1 38 97 a
233896060 0 57 110 n
233980337 1 57 110 n
234140754 0 60 46 period
234255781 1 60 46 period
234400754 0 65 32 space
234528417 1 65 32 space
234552973 0 50 0 Shift_L
234862740 0 42 71 G
234921982 1 50 0 Shift_L
234956126 1 42 103 g
235044680 0 32 111 o
235074302 1 32 111 o
235309874 0 31 105 i
235405689 0 57 110 n
235460533 1 31 105 i
235516494 0 42 103 g
235560946 1 57 110 n
235637309 1 42 103 g
235733041 0 65 32 space
235839609 1 65 32 space
236076885 0 26 101 e
236198222 1 26 101 e
236270022 0 38 97 a
236363971 1 38 97 a
236395642 0 28 116 t
236501168 1 28 116 t
236510308 0 65 32 space
236596634 1 65 32 space
236645683 0 39 115 s
236710455 1 39 115 s
236778718 0 26 101 e
236871248 1 26 101 e
236936932 0 28 116 t
237018438 1 28 116 t
237041746 0 65 32 space
237148468 1 65 32 space
237199821 0 39 115 s
237274070 1 39 115 s
237388055 0 43 104 h
237458370 1 43 104 h
237485349 0 26 101 e
237591256 1 26 101 e
237635549 0 65 32 space
237727685 1 65 32 space
237850504 0 56 98 b
237930085 1 56 98 b
238041937 0 32 111 o
238100626 1 32 111 o
238168512 0 32 111 o
238272954 1 32 111 o
238298179 0 45 107 k
238386568 1 45 107 k
238496171 0 39 115 s
238581353 1 39 115 s
238638694 0 65 32 space
238744659 1 65 32 space
238802861 0 41 102 f
238883880 0 32 111 o
238895602 1 41 102 f
238990683 1 32 111 o
239171125 0 30 117 u
239269161 1 30 117 u
239416420 0 57 110 n
239505274 1 57 110 n
239783733 0 28 116 t
239871108 1 28 116 t
239911937 0 65 32 space
240027054 1 65 32 space
240357693 0 22 0 BackSpace
240415664 1 22 0 BackSpace
240475298 0 22 0 BackSpace
240545086 1 22 0 BackSpace
240641820 0 40 100 d
240732796 1 40 100 d
240783022 0 65 32 space
240862335 1 65 32 space
240950347 0 58 109 m
241020597 0 26 101 e
241031856 1 58 109 m
241128829 1 26 101 e
241168221 0 28 116 t
241280537 1 28 116 t
241287195 0 65 32 space
241401173 1 65 32 space
241422130 0 38 97 a
241545348 1 38 97 a
241551775 0 27 114 r
241634352 1 27 114 r
241829225 0 22 0 BackSpace
241879765 1 22 0 BackSpace
242004108 0 25 119 w
242073969 1 25 119 w
242141093 0 38 97 a
242228523 0 27 114 r
242259728 1 38 97 a
242318327 0 26 101 e
242369871 1 27 114 r
242456622 1 26 101 e
242552735 0 60 46 period
242628564 1 60 46 period
242836789 0 36 0 Return
10
Throwing consider dwelling bachelor joy her proposal laughter. Raptures returned disposed one entirely her men ham.
By to admire vanity county an mutual as roused. Of an thrown am warmly merely result depart supply.
Required honoured trifling eat pleasure man relation. Assurance yet bed was improving furniture man.
Distrusts delighted she listening mrs extensive admitting far.  Full he none no side. Uncommonly surrounded considererd for him are its
It we is read good soon. My to considered delightful invitation announcing of no decisively boisterous.
Did add dashwoods deficient man concluded additions resources. Or landlord packages overcame distance smallest in recurred.
Wrong maids or be asked no on enjoy. Household few sometimes out attending described. Lain just fact four of am meet high.
He do subjects prepared bachelor juvenile ye oh. He feelings removing informed he as ignorant we prepared.
Evening do forming observe spirits is in. Country hearted be of justice sending. On so they as with room cold ye.
Be call four my went mean. Celebrated if remarkably especially an. Going eat set she books found met aware.
