magnus
2014-09-20 13:16:08.686127
10
Throwing consider dwelling bachelor joy her proposal laughter. Raptures returned disposed one entirely her men ham.
By to admire vanity county an mutual as roused. Of an thrown am warmly merely result depart supply.
Required honoured trifling eat pleasure man relation. Assurance yet bed was improving furniture man.
Distrusts delighted she listening mrs extensive admitting far.  Full he none no side. Uncommonly surrounded considered for him are its.
It we is read good soon. My to considered delightful invitation announcing of no decisively boisterous.
Did add dashwoods deficient man concluded additions resources. Or landlord packages overcame distance smallest in recurred.
Wrong maids or be asked no on enjoy. Household few sometimes out attending described. Lain just fact four of am meet high.
He do subjects prepared bachelor juvenile ye oh. He feelings removing informed he as ignorant we prepared.
Evening do forming observe spirits is in. Country hearted be of justice sending. On so they as with room cold ye.
Be call four my went mean. Celebrated if remarkably especially an. Going eat set she books found met aware.
564188 0 50 0 Shift_L
772186 0 28 84 T
877424 1 50 0 Shift_L
915996 1 28 116 t
952722 0 43 104 h
1046356 0 27 114 r
1058366 1 43 104 h
1164128 1 27 114 r
1183486 0 32 111 o
1283089 1 32 111 o
1303775 0 25 119 w
1409784 1 25 119 w
1415807 0 31 105 i
1526831 0 57 110 n
1582145 1 31 105 i
1651554 0 42 103 g
1662823 1 57 110 n
1767681 1 42 103 g
1787762 0 65 32 space
1884932 1 65 32 space
1940802 0 54 99 c
2023991 0 32 111 o
2045304 1 54 99 c
2110763 1 32 111 o
2206210 0 57 110 n
2321381 1 57 110 n
2368325 0 39 115 s
2485385 1 39 115 s
2491884 0 31 105 i
2591027 1 31 105 i
2645145 0 40 100 d
2739615 0 26 101 e
2781818 1 40 100 d
2887060 0 27 114 r
2940069 1 26 101 e
3023237 1 27 114 r
3030394 0 65 32 space
3141401 1 65 32 space
3384642 0 40 100 d
3518554 0 26 101 e
3529579 1 40 100 d
3602520 1 26 101 e
3880256 0 22 0 BackSpace
3939538 0 25 119 w
3961956 1 22 0 BackSpace
4028920 1 25 119 w
4124302 0 26 101 e
4219346 1 26 101 e
4244453 0 46 108 l
4308394 1 46 108 l
4391134 0 46 108 l
4471567 1 46 108 l
4593300 0 31 105 i
4682092 0 57 110 n
4726256 1 31 105 i
4737795 0 42 103 g
4792184 1 57 110 n
4855111 1 42 103 g
4899612 0 65 32 space
5003174 1 65 32 space
5204170 0 56 98 b
5321369 1 56 98 b
5355606 0 38 97 a
5457397 1 38 97 a
5514770 0 54 99 c
5605860 0 43 104 h
5635407 1 54 99 c
5701579 1 43 104 h
5757507 0 26 101 e
5861592 1 26 101 e
5921854 0 46 108 l
5973347 1 46 108 l
6078860 0 32 111 o
6155946 1 32 111 o
6170093 0 27 114 r
6293079 1 27 114 r
6299041 0 65 32 space
6361933 1 65 32 space
6423789 0 44 106 j
6518444 1 44 106 j
6628153 0 32 111 o
6710991 1 32 111 o
6902343 0 30 117 u
6991742 1 30 117 u
7285638 0 22 0 BackSpace
7384784 1 22 0 BackSpace
7604553 0 29 121 y
7685867 1 29 121 y
7827188 0 65 32 space
7902702 1 65 32 space
7957038 0 43 104 h
8054363 1 43 104 h
8060858 0 26 101 e
8141657 0 27 114 r
8198758 1 26 101 e
8275756 1 27 114 r
8328442 0 65 32 space
8421779 1 65 32 space
8560590 0 33 112 p
8638549 1 33 112 p
8677121 0 27 114 r
8786485 1 27 114 r
8792681 0 32 111 o
8879336 1 32 111 o
9032255 0 33 112 p
9130690 1 33 112 p
9277929 0 32 111 o
9286427 0 31 105 i
9317882 1 31 105 i
9326624 1 32 111 o
9606037 0 22 0 BackSpace
9709367 1 22 0 BackSpace
9830475 0 39 115 s
9921183 1 39 115 s
10022256 0 38 97 a
10131944 1 38 97 a
10163543 0 46 108 l
10253602 1 46 108 l
10364457 0 65 32 space
10475195 1 65 32 space
10588736 0 46 108 l
10675807 1 46 108 l
10720958 0 38 97 a
10832653 1 38 97 a
11062574 0 30 117 u
11172785 1 30 117 u
11205504 0 42 103 g
11320593 1 42 103 g
11326416 0 43 104 h
11422387 0 28 116 t
11439432 1 43 104 h
11519124 1 28 116 t
11561177 0 26 101 e
11642016 0 27 114 r
11695092 1 26 101 e
11749108 1 27 114 r
11784074 0 60 46 period
11876253 1 60 46 period
12021897 0 65 32 space
12130624 1 65 32 space
12178585 0 50 0 Shift_L
12265333 0 27 82 R
12346361 1 50 0 Shift_L
12376679 1 27 114 r
12446750 0 38 97 a
12552323 1 38 97 a
12622803 0 33 112 p
12712123 1 33 112 p
12784603 0 28 116 t
12891433 1 28 116 t
12935782 0 30 117 u
13044182 1 30 117 u
13051520 0 27 114 r
13130904 0 26 101 e
13182135 1 27 114 r
13234857 1 26 101 e
13346874 0 39 115 s
13443536 1 39 115 s
13465926 0 65 32 space
13604002 1 65 32 space
13657059 0 27 114 r
13767718 0 26 101 e
13821932 1 27 114 r
13878742 1 26 101 e
13958399 0 28 116 t
14042041 1 28 116 t
14057411 0 30 117 u
14161116 1 30 117 u
14178153 0 27 114 r
14285067 1 27 114 r
14292727 0 57 110 n
14394728 1 57 110 n
14432704 0 26 101 e
14568696 1 26 101 e
14589505 0 40 100 d
14716176 1 40 100 d
14738423 0 65 32 space
14841037 1 65 32 space
14966629 0 40 100 d
15083805 1 40 100 d
15127050 0 31 105 i
15238931 1 31 105 i
15262686 0 39 115 s
15377020 1 39 115 s
15434549 0 33 112 p
15523560 1 33 112 p
15648853 0 32 111 o
15712350 1 32 111 o
15906854 0 39 115 s
16042029 1 39 115 s
16243008 0 26 101 e
16376505 1 26 101 e
16447752 0 40 100 d
16539761 1 40 100 d
16618268 0 65 32 space
16718150 1 65 32 space
16823823 0 32 111 o
16899552 1 32 111 o
17001959 0 57 110 n
17065686 1 57 110 n
17071355 0 26 101 e
17195931 1 26 101 e
17204547 0 65 32 space
17318668 1 65 32 space
17436469 0 31 105 i
17563328 1 31 105 i
17792514 0 22 0 BackSpace
17897582 1 22 0 BackSpace
17939028 0 26 101 e
18033377 0 57 110 n
18061072 1 26 101 e
18136890 1 57 110 n
18155135 0 28 116 t
18245391 1 28 116 t
18282846 0 31 105 i
18393728 1 31 105 i
18411023 0 27 114 r
18492100 0 26 101 e
18547358 1 27 114 r
18605379 1 26 101 e
18656605 0 46 108 l
18743893 1 46 108 l
19002361 0 29 121 y
19116642 1 29 121 y
19251311 0 65 32 space
19353281 1 65 32 space
19424383 0 43 104 h
19508080 0 26 101 e
19520282 1 43 104 h
19607755 0 27 114 r
19675224 1 26 101 e
19712401 0 65 32 space
19742015 1 27 114 r
19802634 1 65 32 space
19928724 0 58 109 m
19989073 1 58 109 m
20008695 0 26 101 e
20099614 0 57 110 n
20111476 1 26 101 e
20182379 1 57 110 n
20268819 0 65 32 space
20343430 1 65 32 space
20410759 0 43 104 h
20483294 1 43 104 h
20514126 0 38 97 a
20628076 1 38 97 a
20667860 0 58 109 m
20748561 1 58 109 m
20892428 0 60 46 period
20971453 1 60 46 period
21182671 0 36 0 Return
21252400 1 36 0 Return
21802920 0 50 0 Shift_L
22050395 0 56 66 B
22124546 1 50 0 Shift_L
22133682 1 56 98 b
22259980 0 29 121 y
22342188 1 29 121 y
22448321 0 65 32 space
22550903 0 28 116 t
22562677 1 65 32 space
22651718 1 28 116 t
22699957 0 32 111 o
22771779 1 32 111 o
22880890 0 65 32 space
22958059 1 65 32 space
23000543 0 38 97 a
23122929 1 38 97 a
23129693 0 40 100 d
23240476 1 40 100 d
23289950 0 58 109 m
23351043 1 58 109 m
23445955 0 31 105 i
23538692 1 31 105 i
23638434 0 27 114 r
23724493 0 26 101 e
23786110 1 27 114 r
23869859 1 26 101 e
23875535 0 65 32 space
23983016 1 65 32 space
24179966 0 55 118 v
24262521 1 55 118 v
24354412 0 38 97 a
24438857 1 38 97 a
24472693 0 57 110 n
24539360 1 57 110 n
24613198 0 31 105 i
24730493 1 31 105 i
24749384 0 28 116 t
24848421 1 28 116 t
24939803 0 29 121 y
25043560 1 29 121 y
25160787 0 65 32 space
25268659 1 65 32 space
25365825 0 54 99 c
25467622 0 32 111 o
25488739 1 54 99 c
25546599 1 32 111 o
25628789 0 30 117 u
25708729 1 30 117 u
25832437 0 57 110 n
25902347 0 28 116 t
25932001 1 57 110 n
25985050 1 28 116 t
26294108 0 29 121 y
26394819 1 29 121 y
26576426 0 65 32 space
26672199 1 65 32 space
26700878 0 38 97 a
26786560 0 57 110 n
26810077 1 38 97 a
26856672 1 57 110 n
26970611 0 65 32 space
27067215 1 65 32 space
27246185 0 58 109 m
27349920 1 58 109 m
27454620 0 30 117 u
27545777 1 30 117 u
27581568 0 28 116 t
27659372 1 28 116 t
27702702 0 30 117 u
27807440 1 30 117 u
27877814 0 38 97 a
27972815 1 38 97 a
28034160 0 46 108 l
28107024 1 46 108 l
28205608 0 65 32 space
28313487 1 65 32 space
28372587 0 38 97 a
28472630 0 39 115 s
28498168 1 38 97 a
28605268 1 39 115 s
28658011 0 65 32 space
28769908 1 65 32 space
28798000 0 27 114 r
28893874 0 32 111 o
28908199 1 27 114 r
28972544 1 32 111 o
29043899 0 30 117 u
29127281 1 30 117 u
29180669 0 39 115 s
29307654 1 39 115 s
29367224 0 26 101 e
29505163 1 26 101 e
29510463 0 40 100 d
29650467 1 40 100 d
29787359 0 60 46 period
29876304 1 60 46 period
30038350 0 65 32 space
30140013 1 65 32 space
30150751 0 50 0 Shift_L
30256571 0 32 79 O
30310773 1 50 0 Shift_L
30331458 1 32 111 o
30398743 0 41 102 f
30504613 1 41 102 f
30578400 0 65 32 space
30683001 1 65 32 space
30693933 0 38 97 a
30797498 1 38 97 a
30809996 0 57 110 n
30890229 1 57 110 n
31025767 0 65 32 space
31118547 1 65 32 space
31302491 0 28 116 t
31402768 1 28 116 t
31407883 0 43 104 h
31523417 1 43 104 h
31631155 0 25 119 w
31734828 1 25 119 w
31824576 0 32 111 o
31936729 1 32 111 o
32256812 0 22 0 BackSpace
32329417 1 22 0 BackSpace
32403474 0 22 0 BackSpace
32510556 1 22 0 BackSpace
32523899 0 27 114 r
32639069 1 27 114 r
32678104 0 32 111 o
32762535 1 32 111 o
32854602 0 25 119 w
32956676 1 25 119 w
33061870 0 57 110 n
33157715 1 57 110 n
33272520 0 65 32 space
33384617 1 65 32 space
33435631 0 38 97 a
33551183 1 38 97 a
33572170 0 58 109 m
33660774 1 58 109 m
33781094 0 65 32 space
33904162 1 65 32 space
33976405 0 25 119 w
34087493 1 25 119 w
34160570 0 38 97 a
34265731 1 38 97 a
34303301 0 27 114 r
34438579 1 27 114 r
34547039 0 58 109 m
34636657 1 58 109 m
34772204 0 46 108 l
34854008 1 46 108 l
35131600 0 29 121 y
35231267 1 29 121 y
35381606 0 65 32 space
35485147 1 65 32 space
35665169 0 58 109 m
35757620 0 26 101 e
35769062 1 58 109 m
35835451 0 27 114 r
35891202 1 26 101 e
35997125 1 27 114 r
36003328 0 26 101 e
36120081 1 26 101 e
36194706 0 46 108 l
36316570 1 46 108 l
36662032 0 29 121 y
36770933 1 29 121 y
36985499 0 65 32 space
37085790 1 65 32 space
37301942 0 27 114 r
37388971 0 26 101 e
37448400 1 27 114 r
37496337 1 26 101 e
37608011 0 39 115 s
37729246 1 39 115 s
37735046 0 30 117 u
37823443 1 30 117 u
37966128 0 46 108 l
38043897 0 28 116 t
38055361 1 46 108 l
38151184 1 28 116 t
38175029 0 65 32 space
38288665 1 65 32 space
38328419 0 40 100 d
38410617 0 26 101 e
38466859 1 40 100 d
38529901 1 26 101 e
38546150 0 33 112 p
38655947 1 33 112 p
38684728 0 38 97 a
38769749 0 27 114 r
38798596 1 38 97 a
38866367 1 27 114 r
38963064 0 28 116 t
39036806 1 28 116 t
39081322 0 65 32 space
39171363 1 65 32 space
39233339 0 39 115 s
39353042 1 39 115 s
39516424 0 30 117 u
39592337 1 30 117 u
39748116 0 33 112 p
39792988 1 33 112 p
39871691 0 33 112 p
39932701 1 33 112 p
40040843 0 46 108 l
40124938 1 46 108 l
40293943 0 29 121 y
40371447 1 29 121 y
40652402 0 60 46 period
40732230 1 60 46 period
40960440 0 36 0 Return
41030563 1 36 0 Return
41836340 0 50 0 Shift_L
41933029 0 27 82 R
41993294 1 50 0 Shift_L
42048941 0 26 101 e
42087397 1 27 114 r
42154065 1 26 101 e
42254362 0 24 113 q
42347595 1 24 113 q
42385253 0 30 117 u
42456866 1 30 117 u
42553888 0 31 105 i
42643847 0 27 114 r
42663800 1 31 105 i
42713217 0 26 101 e
42776410 1 27 114 r
42846365 1 26 101 e
42931643 0 40 100 d
43022615 1 40 100 d
43038997 0 65 32 space
43104592 1 65 32 space
43229403 0 43 104 h
43328739 1 43 104 h
43469916 0 32 111 o
43552746 1 32 111 o
43650815 0 57 110 n
43740887 1 57 110 n
43825441 0 32 111 o
43900393 1 32 111 o
43985341 0 30 117 u
44066507 1 30 117 u
44078745 0 27 114 r
44206278 0 26 101 e
44232004 1 27 114 r
44342223 1 26 101 e
44393481 0 40 100 d
44508290 0 65 32 space
44528808 1 40 100 d
44616215 1 65 32 space
44838875 0 28 116 t
44931508 1 28 116 t
45013965 0 27 114 r
45112221 1 27 114 r
45125885 0 31 105 i
45228856 1 31 105 i
45253968 0 41 102 f
45393442 1 41 102 f
45458700 0 46 108 l
45557406 1 46 108 l
45666233 0 31 105 i
45788228 0 57 110 n
45810630 1 31 105 i
45890089 0 42 103 g
45921968 1 57 110 n
45999196 1 42 103 g
46041433 0 65 32 space
46166725 1 65 32 space
46434912 0 26 101 e
46549048 1 26 101 e
46599408 0 38 97 a
46695569 1 38 97 a
46751280 0 28 116 t
46857730 1 28 116 t
46863772 0 65 32 space
46965657 1 65 32 space
47126232 0 33 112 p
47188442 1 33 112 p
47306775 0 46 108 l
47375026 0 26 101 e
47390132 1 46 108 l
47482414 1 26 101 e
47553379 0 38 97 a
47625800 0 39 115 s
47678713 1 38 97 a
47741627 1 39 115 s
47898120 0 30 117 u
48022557 1 30 117 u
48028292 0 27 114 r
48128852 0 26 101 e
48187310 1 27 114 r
48254977 1 26 101 e
48296195 0 65 32 space
48386366 1 65 32 space
48499637 0 58 109 m
48583653 1 58 109 m
48626282 0 38 97 a
48716183 0 57 110 n
48727344 1 38 97 a
48802320 1 57 110 n
48894143 0 65 32 space
48985102 1 65 32 space
49199619 0 46 108 l
49295889 1 46 108 l
49639836 0 22 0 BackSpace
49710455 1 22 0 BackSpace
49722404 0 27 114 r
49807235 0 26 101 e
49865798 1 27 114 r
49913314 0 46 108 l
49924722 1 26 101 e
50014217 1 46 108 l
50077393 0 38 97 a
50172168 1 38 97 a
50232244 0 28 116 t
50339511 1 28 116 t
50531403 0 38 97 a
50619678 1 38 97 a
50697877 0 28 116 t
50779328 0 31 105 i
50793951 1 28 116 t
50838340 1 31 105 i
50950176 0 32 111 o
51007958 1 32 111 o
51121332 0 57 110 n
51217254 1 57 110 n
51455306 0 22 0 BackSpace
51517041 1 22 0 BackSpace
51595640 0 22 0 BackSpace
51676257 1 22 0 BackSpace
51756633 0 22 0 BackSpace
51825369 1 22 0 BackSpace
51918784 0 22 0 BackSpace
51991089 1 22 0 BackSpace
52082049 0 22 0 BackSpace
52147705 1 22 0 BackSpace
52233740 0 22 0 BackSpace
52297927 1 22 0 BackSpace
52747328 0 28 116 t
52865178 1 28 116 t
52871440 0 31 105 i
52939374 1 31 105 i
53020687 0 32 111 o
53083334 1 32 111 o
53168852 0 57 110 n
53245614 1 57 110 n
53364920 0 65 32 space
53457228 1 65 32 space
53706223 0 22 0 BackSpace
53772036 1 22 0 BackSpace
53878102 0 60 46 period
53949979 1 60 46 period
54099055 0 65 32 space
54178856 0 50 0 Shift_L
54190599 1 65 32 space
54260998 0 38 65 A
54338540 1 50 0 Shift_L
54359561 1 38 97 a
54441898 0 39 115 s
54535033 1 39 115 s
54630857 0 39 115 s
54731538 1 39 115 s
54812353 0 30 117 u
54878260 1 30 117 u
54981443 0 27 114 r
55071584 1 27 114 r
55154190 0 38 97 a
55276233 1 38 97 a
55313143 0 57 110 n
55419843 1 57 110 n
55453726 0 54 99 c
55545464 0 26 101 e
55613037 1 54 99 c
55679833 1 26 101 e
55711143 0 65 32 space
55831216 1 65 32 space
56083146 0 29 121 y
56186744 1 29 121 y
56217720 0 26 101 e
56340532 1 26 101 e
56404613 0 28 116 t
56486339 0 65 32 space
56514545 1 28 116 t
56578578 1 65 32 space
56682300 0 43 104 h
56776952 1 43 104 h
57019489 0 22 0 BackSpace
57087859 1 22 0 BackSpace
57304558 0 26 101 e
57403682 1 26 101 e
57552256 0 40 100 d
57672651 1 40 100 d
57944078 0 22 0 BackSpace
57995095 1 22 0 BackSpace
58054873 0 22 0 BackSpace
58134811 1 22 0 BackSpace
58279817 0 56 98 b
58371753 1 56 98 b
58378516 0 26 101 e
58501423 0 40 100 d
58523994 1 26 101 e
58627791 1 40 100 d
58739679 0 65 32 space
58853866 1 65 32 space
59154910 0 25 119 w
59229453 1 25 119 w
59308452 0 38 97 a
59369468 0 39 115 s
59413348 1 38 97 a
59455229 0 65 32 space
59481045 1 39 115 s
59511360 1 65 32 space
59624494 0 31 105 i
59707713 1 31 105 i
59816567 0 58 109 m
59875239 1 58 109 m
59990356 0 33 112 p
60077835 1 33 112 p
60127152 0 27 114 r
60258375 0 32 111 o
60271008 1 27 114 r
60349862 1 32 111 o
60535293 0 55 118 v
60625566 0 31 105 i
60653203 1 55 118 v
60747980 0 57 110 n
60775915 1 31 105 i
60806128 0 42 103 g
60868330 1 57 110 n
60929386 1 42 103 g
60986490 0 65 32 space
61068413 1 65 32 space
61298687 0 41 102 f
61405804 1 41 102 f
61411920 0 30 117 u
61526589 1 30 117 u
61596096 0 27 114 r
61707941 1 27 114 r
61800672 0 57 110 n
61888542 1 57 110 n
61978094 0 31 105 i
62089873 1 31 105 i
62229156 0 28 116 t
62339683 1 28 116 t
62356065 0 30 117 u
62469889 0 27 114 r
62481616 1 30 117 u
62559425 0 26 101 e
62603724 1 27 114 r
62694362 1 26 101 e
62847469 0 65 32 space
62936692 1 65 32 space
63019720 0 58 109 m
63082519 0 38 97 a
63093895 1 58 109 m
63189744 0 57 110 n
63200899 1 38 97 a
63254318 1 57 110 n
63379995 0 59 44 comma
63432626 1 59 44 comma
63702576 0 22 0 BackSpace
63763406 1 22 0 BackSpace
63886454 0 60 46 period
63953472 1 60 46 period
64119458 0 36 0 Return
64190693 1 36 0 Return
64611160 0 50 0 Shift_L
64963550 0 40 68 D
65017798 1 50 0 Shift_L
65095781 1 40 100 d
65262197 0 31 105 i
65374208 1 31 105 i
65401861 0 39 115 s
65502715 1 39 115 s
65617946 0 28 116 t
65695293 1 28 116 t
65767537 0 27 114 r
65858457 1 27 114 r
65897787 0 30 117 u
65962987 1 30 117 u
66173015 0 28 116 t
66278015 1 28 116 t
66559370 0 22 0 BackSpace
66635825 0 39 115 s
66650446 1 22 0 BackSpace
66711833 1 39 115 s
66817534 0 28 116 t
66888604 1 28 116 t
67046974 0 39 115 s
67151869 1 39 115 s
67174330 0 65 32 space
67281133 1 65 32 space
67401497 0 40 100 d
67491247 0 26 101 e
67555310 1 40 100 d
67598988 0 46 108 l
67617092 1 26 101 e
67654814 1 46 108 l
67767335 0 31 105 i
67862337 1 31 105 i
67889352 0 42 103 g
67989787 0 43 104 h
68001087 1 42 103 g
68099065 1 43 104 h
68108121 0 28 116 t
68240919 1 28 116 t
68277360 0 26 101 e
68407341 1 26 101 e
68464024 0 40 100 d
68572509 1 40 100 d
68597116 0 65 32 space
68701795 1 65 32 space
68806338 0 39 115 s
68921153 1 39 115 s
68950415 0 43 104 h
69045267 1 43 104 h
69068189 0 26 101 e
69178286 1 26 101 e
69304003 0 65 32 space
69418208 1 65 32 space
69756203 0 46 108 l
69826078 1 46 108 l
69927443 0 31 105 i
70004591 1 31 105 i
70014439 0 39 115 s
70077116 1 39 115 s
70150429 0 28 116 t
70235578 0 26 101 e
70263270 1 28 116 t
70337592 1 26 101 e
70346056 0 57 110 n
70432620 1 57 110 n
70499517 0 31 105 i
70589405 0 57 110 n
70627768 1 31 105 i
70637880 0 42 103 g
70689593 1 57 110 n
70770106 1 42 103 g
70805726 0 65 32 space
70881162 1 65 32 space
70972360 0 58 109 m
71061078 0 27 114 r
71083378 1 58 109 m
71177718 1 27 114 r
71258268 0 39 115 s
71380519 1 39 115 s
71413256 0 65 32 space
71520781 1 65 32 space
71540888 0 26 101 e
71648569 1 26 101 e
71784627 0 53 120 x
71894736 1 53 120 x
71982886 0 28 116 t
72096491 0 26 101 e
72108808 1 28 116 t
72203775 1 26 101 e
72209936 0 57 110 n
72314416 1 57 110 n
72335065 0 39 115 s
72426098 1 39 115 s
72431894 0 31 105 i
72541833 1 31 105 i
72623918 0 55 118 v
72709138 1 55 118 v
72758064 0 26 101 e
72858761 0 65 32 space
72878782 1 26 101 e
72965945 1 65 32 space
72994387 0 38 97 a
73103209 1 38 97 a
73136907 0 40 100 d
73230755 1 40 100 d
73471934 0 58 109 m
73553885 1 58 109 m
73639282 0 31 105 i
73745394 1 31 105 i
73782709 0 28 116 t
73853217 1 28 116 t
73922659 0 28 116 t
74019247 1 28 116 t
74043323 0 31 105 i
74125476 0 57 110 n
74162005 1 31 105 i
74237598 1 57 110 n
74249969 0 42 103 g
74347314 1 42 103 g
74367560 0 65 32 space
74463085 1 65 32 space
74487256 0 41 102 f
74588008 1 41 102 f
74640581 0 38 97 a
74742525 1 38 97 a
74794269 0 28 116 t
74862743 1 28 116 t
74951369 0 60 46 period
75036223 1 60 46 period
75146250 0 22 0 BackSpace
75237103 1 22 0 BackSpace
75336544 0 22 0 BackSpace
75416848 0 27 114 r
75427424 1 22 0 BackSpace
75518034 1 27 114 r
75565712 0 60 46 period
75630930 1 60 46 period
75830646 0 65 32 space
75931130 1 65 32 space
76021191 0 50 0 Shift_L
76197126 1 50 0 Shift_L
76542258 0 65 32 space
76631194 1 65 32 space
76700370 0 50 0 Shift_L
76773502 0 41 70 F
76835077 1 50 0 Shift_L
76904511 1 41 102 f
76959455 0 30 117 u
77043517 1 30 117 u
77322981 0 46 108 l
77395815 1 46 108 l
77466274 0 46 108 l
77537999 1 46 108 l
77650808 0 65 32 space
77723553 1 65 32 space
78033865 0 43 104 h
78148323 1 43 104 h
78186727 0 26 101 e
78274079 0 65 32 space
78289332 1 26 101 e
78354399 1 65 32 space
78738701 0 57 110 n
78832774 1 57 110 n
78914215 0 32 111 o
79002011 1 32 111 o
79100914 0 57 110 n
79201199 1 57 110 n
79239954 0 26 101 e
79337625 1 26 101 e
79362791 0 65 32 space
79458293 1 65 32 space
79528507 0 57 110 n
79592299 1 57 110 n
79688967 0 32 111 o
79761935 1 32 111 o
79873175 0 65 32 space
79967047 1 65 32 space
80462693 0 39 115 s
80547586 0 31 105 i
80564163 1 39 115 s
80634058 1 31 105 i
80666830 0 40 100 d
80754541 0 26 101 e
80810772 1 40 100 d
80895893 1 26 101 e
80902086 0 60 46 period
80987580 1 60 46 period
81116801 0 65 32 space
81174579 0 50 0 Shift_L
81194776 1 65 32 space
81378512 1 50 0 Shift_L
81566726 0 50 0 Shift_L
81907289 0 30 85 U
81991851 1 50 0 Shift_L
82000922 1 30 117 u
82075073 0 57 110 n
82165781 1 57 110 n
82218593 0 54 99 c
82329660 1 54 99 c
82343957 0 32 111 o
82419657 1 32 111 o
82495886 0 58 109 m
82564439 1 58 109 m
82644109 0 58 109 m
82724716 1 58 109 m
82795154 0 32 111 o
82868841 1 32 111 o
82975911 0 57 110 n
83088360 1 57 110 n
83196095 0 46 108 l
83262307 1 46 108 l
83439349 0 29 121 y
83521975 1 29 121 y
83693266 0 65 32 space
83810303 1 65 32 space
84071055 0 39 115 s
84173548 1 39 115 s
84195019 0 30 117 u
84298517 1 30 117 u
84337352 0 27 114 r
84397239 1 27 114 r
84485209 0 27 114 r
84560711 0 32 111 o
84580411 1 27 114 r
84649853 1 32 111 o
84750066 0 30 117 u
84833760 1 30 117 u
84970428 0 57 110 n
85064701 0 40 100 d
85076666 1 57 110 n
85172905 0 26 101 e
85192977 1 40 100 d
85296825 0 40 100 d
85344469 1 26 101 e
85428148 1 40 100 d
85887718 0 54 99 c
85982202 0 32 111 o
86031150 1 54 99 c
86089253 1 32 111 o
87148410 0 22 0 BackSpace
87240883 1 22 0 BackSpace
87508980 0 22 0 BackSpace
87612198 1 22 0 BackSpace
87659257 0 65 32 space
87775802 1 65 32 space
87941681 0 54 99 c
88013394 0 32 111 o
88055130 1 54 99 c
88096629 1 32 111 o
88199848 0 57 110 n
88270561 1 57 110 n
88331066 0 39 115 s
88441768 1 39 115 s
88448687 0 31 105 i
88540536 1 31 105 i
88566160 0 40 100 d
88674538 1 40 100 d
88704263 0 26 101 e
88787362 0 27 114 r
88799342 1 26 101 e
88934811 1 27 114 r
88940392 0 26 101 e
89036029 0 27 114 r
89093903 1 26 101 e
89119127 1 27 114 r
89463863 0 22 0 BackSpace
89537624 0 40 100 d
89549663 1 22 0 BackSpace
89649875 1 40 100 d
89737117 0 65 32 space
89849495 1 65 32 space
90097902 0 41 102 f
90226760 0 32 111 o
90239314 1 41 102 f
90318384 1 32 111 o
90338689 0 27 114 r
90436650 0 65 32 space
90447637 1 27 114 r
90527852 1 65 32 space
90626410 0 43 104 h
90713886 1 43 104 h
90824495 0 31 105 i
90916071 1 31 105 i
91004442 0 58 109 m
91090046 1 58 109 m
91203305 0 65 32 space
91298476 1 65 32 space
91354024 0 38 97 a
91459136 1 38 97 a
91465281 0 27 114 r
91623058 1 27 114 r
91731148 0 26 101 e
91863440 1 26 101 e
91913105 0 65 32 space
92023924 1 65 32 space
92128180 0 31 105 i
92224157 0 28 116 t
92235194 1 31 105 i
92313056 1 28 116 t
92426626 0 39 115 s
92535902 1 39 115 s
92582004 0 60 46 period
92669399 1 60 46 period
92890443 0 36 0 Return
92969545 1 36 0 Return
93492413 0 50 0 Shift_L
94053582 0 28 84 T
94149439 1 28 84 T
94296943 1 50 0 Shift_L
94359202 0 22 0 BackSpace
94440688 1 22 0 BackSpace
94489673 0 50 0 Shift_L
94563875 0 31 73 I
94672203 1 31 73 I
94744053 1 50 0 Shift_L
94753374 0 28 116 t
94879502 1 28 116 t
95074794 0 65 32 space
95193345 0 25 119 w
95216322 1 65 32 space
95284822 1 25 119 w
95381884 0 26 101 e
95461614 1 26 101 e
95485443 0 65 32 space
95606372 1 65 32 space
95720398 0 31 105 i
95821197 1 31 105 i
95858757 0 39 115 s
95944044 1 39 115 s
95962403 0 65 32 space
96086529 0 27 114 r
96115902 1 65 32 space
96173791 0 26 101 e
96240162 1 27 114 r
96313526 1 26 101 e
96323092 0 38 97 a
96464961 1 38 97 a
96482842 0 40 100 d
96600990 1 40 100 d
96610002 0 65 32 space
96726334 1 65 32 space
96869740 0 42 103 g
96927353 0 32 111 o
96955322 1 42 103 g
96987224 1 32 111 o
97066381 0 32 111 o
97158338 1 32 111 o
97226600 0 40 100 d
97341596 1 40 100 d
97384188 0 65 32 space
97502000 1 65 32 space
97553350 0 39 115 s
97658007 1 39 115 s
97676204 0 32 111 o
97744758 1 32 111 o
97830036 0 32 111 o
97913072 1 32 111 o
97992403 0 57 110 n
98059954 1 57 110 n
98274605 0 60 46 period
98355493 1 60 46 period
98474221 0 65 32 space
98546776 1 65 32 space
98554199 0 50 0 Shift_L
98654911 0 58 77 M
98714487 1 50 0 Shift_L
98752429 1 58 109 m
98931303 0 29 121 y
98973900 1 29 121 y
99137033 0 65 32 space
99256960 1 65 32 space
99263978 0 28 116 t
99353737 1 28 116 t
99416330 0 32 111 o
99505986 1 32 111 o
99705425 0 65 32 space
99818226 1 65 32 space
99872060 0 54 99 c
99923896 0 32 111 o
99971036 1 54 99 c
99994717 1 32 111 o
100075205 0 57 110 n
100174307 0 39 115 s
100185981 1 57 110 n
100274820 1 39 115 s
100303238 0 31 105 i
100419243 1 31 105 i
100517035 0 40 100 d
100648054 1 40 100 d
100782411 0 26 101 e
100846064 1 26 101 e
101868388 0 26 101 e
101982443 1 26 101 e
101994761 0 27 114 r
102074396 1 27 114 r
102395034 0 22 0 BackSpace
102455635 1 22 0 BackSpace
102536958 0 22 0 BackSpace
102614620 1 22 0 BackSpace
102622362 0 27 114 r
102701328 0 26 101 e
102729047 1 27 114 r
102825769 1 26 101 e
102848497 0 40 100 d
102988977 1 40 100 d
103056402 0 65 32 space
103172361 1 65 32 space
103603072 0 40 100 d
103666328 0 26 101 e
103740445 1 40 100 d
103797417 0 46 108 l
103814922 1 26 101 e
103860464 1 46 108 l
103968110 0 31 105 i
104052176 1 31 105 i
104075054 0 42 103 g
104210163 1 42 103 g
104237794 0 43 104 h
104355793 1 43 104 h
104370000 0 28 116 t
104467259 1 28 116 t
104701722 0 41 102 f
104799675 1 41 102 f
104872227 0 30 117 u
104969923 1 30 117 u
105132861 0 46 108 l
105201769 1 46 108 l
105560481 0 60 46 period
105641118 1 60 46 period
105781120 0 65 32 space
105882632 1 65 32 space
105994150 0 50 0 Shift_L
106159114 0 31 73 I
106184293 1 31 73 I
106363044 1 50 0 Shift_L
106612907 0 22 0 BackSpace
106679882 1 22 0 BackSpace
106882696 0 50 0 Shift_L
107051394 1 50 0 Shift_L
107690663 0 22 0 BackSpace
107733520 1 22 0 BackSpace
107809583 0 22 0 BackSpace
107865512 1 22 0 BackSpace
108085582 0 65 32 space
108222659 1 65 32 space
108282451 0 31 105 i
108393507 1 31 105 i
108477284 0 57 110 n
108609374 1 57 110 n
108631942 0 55 118 v
108734579 1 55 118 v
108785728 0 31 105 i
108903398 1 31 105 i
108944785 0 28 116 t
109055660 1 28 116 t
109173996 0 38 97 a
109246532 1 38 97 a
109304409 0 28 116 t
109394093 0 31 105 i
109417711 1 28 116 t
109480273 1 31 105 i
109551469 0 32 111 o
109629992 1 32 111 o
109714774 0 57 110 n
109798261 1 57 110 n
109897039 0 65 32 space
109984115 1 65 32 space
110034660 0 38 97 a
110138094 0 57 110 n
110149403 1 38 97 a
110205770 1 57 110 n
110276897 0 57 110 n
110359076 1 57 110 n
110464783 0 32 111 o
110529735 1 32 111 o
110612821 0 30 117 u
110689896 1 30 117 u
110872993 0 57 110 n
110976059 1 57 110 n
110995982 0 54 99 c
111129084 1 54 99 c
111179265 0 31 105 i
111265924 0 57 110 n
111319972 1 31 105 i
111393958 0 42 103 g
111415923 1 57 110 n
111500299 1 42 103 g
111574572 0 65 32 space
111654426 1 65 32 space
111749614 0 32 111 o
111837502 1 32 111 o
111883519 0 41 102 f
111985603 0 65 32 space
112008666 1 41 102 f
112033219 1 65 32 space
112134933 0 57 110 n
112183101 1 57 110 n
112332083 0 32 111 o
112426126 1 32 111 o
112543882 0 65 32 space
112640822 1 65 32 space
112699006 0 40 100 d
112815873 1 40 100 d
112887265 0 26 101 e
113001579 1 26 101 e
113111044 0 54 99 c
113221811 1 54 99 c
113230910 0 31 105 i
113352892 1 31 105 i
113583724 0 39 115 s
113681525 1 39 115 s
113687266 0 31 105 i
113786908 1 31 105 i
113862163 0 55 118 v
113944410 1 55 118 v
114021796 0 26 101 e
114102689 1 26 101 e
114130930 0 46 108 l
114214257 1 46 108 l
114409747 0 29 121 y
114554085 1 29 121 y
114693353 0 65 32 space
114786962 1 65 32 space
114878340 0 56 98 b
114977715 1 56 98 b
115113296 0 32 111 o
115191643 1 32 111 o
115283243 0 30 117 u
115385503 1 30 117 u
115514978 0 39 115 s
115618016 1 39 115 s
115765999 0 22 0 BackSpace
115821061 1 22 0 BackSpace
115870692 0 22 0 BackSpace
115979379 1 22 0 BackSpace
116106090 0 31 105 i
116196392 1 31 105 i
116242447 0 39 115 s
116312668 1 39 115 s
116400630 0 28 116 t
116494116 1 28 116 t
116513643 0 26 101 e
116657653 0 27 114 r
116668714 1 26 101 e
116773577 1 27 114 r
116795993 0 32 111 o
116911726 1 32 111 o
117023621 0 30 117 u
117131387 1 30 117 u
117293492 0 39 115 s
117396250 1 39 115 s
117520238 0 60 46 period
117611049 1 60 46 period
117806792 0 36 0 Return
117889569 1 36 0 Return
118369898 0 50 0 Shift_L
118596660 0 40 68 D
118703312 1 50 0 Shift_L
118728854 1 40 100 d
118782207 0 31 105 i
118896591 1 31 105 i
118949126 0 40 100 d
119084562 1 40 100 d
119109050 0 65 32 space
119234187 1 65 32 space
119240249 0 38 97 a
119363638 1 38 97 a
119369888 0 40 100 d
119454549 1 40 100 d
119541232 0 40 100 d
119619415 0 65 32 space
119644106 1 40 100 d
119731819 1 65 32 space
119762866 0 40 100 d
119853508 1 40 100 d
119886354 0 38 97 a
119981553 0 39 115 s
120044723 1 38 97 a
120140159 1 39 115 s
120182304 0 43 104 h
120309161 1 43 104 h
120710246 0 25 119 w
120787374 0 32 111 o
120839557 1 25 119 w
120860138 1 32 111 o
120943730 0 32 111 o
121025438 0 40 100 d
121037310 1 32 111 o
121177564 1 40 100 d
121196432 0 39 115 s
121337691 0 65 32 space
121348961 1 39 115 s
121446716 1 65 32 space
121522057 0 41 102 f
121598652 1 41 102 f
121839262 0 22 0 BackSpace
121943283 1 22 0 BackSpace
121951156 0 40 100 d
122010835 0 26 101 e
122064868 1 40 100 d
122128821 1 26 101 e
122171550 0 41 102 f
122277655 1 41 102 f
122294145 0 31 105 i
122389811 1 31 105 i
122438620 0 54 99 c
122532956 1 54 99 c
122550988 0 31 105 i
122630340 1 31 105 i
122668455 0 26 101 e
122776700 1 26 101 e
122817946 0 57 110 n
122913717 1 57 110 n
122919695 0 28 116 t
123011537 1 28 116 t
123052777 0 65 32 space
123109650 1 65 32 space
123203684 0 58 109 m
123278914 1 58 109 m
123296241 0 38 97 a
123372954 0 57 110 n
123400586 1 38 97 a
123461229 1 57 110 n
123544971 0 65 32 space
123623708 1 65 32 space
123657192 0 54 99 c
123736958 0 32 111 o
123780385 1 54 99 c
123793119 1 32 111 o
123880636 0 57 110 n
123968223 1 57 110 n
124007809 0 54 99 c
124117430 1 54 99 c
124200751 0 46 108 l
124250831 1 46 108 l
124521855 0 30 117 u
124648049 1 30 117 u
124718213 0 40 100 d
124808651 0 26 101 e
124827854 1 40 100 d
124953731 0 40 100 d
124988937 1 26 101 e
125085852 1 40 100 d
125149970 0 65 32 space
125270448 1 65 32 space
125321477 0 38 97 a
125445326 1 38 97 a
125451662 0 40 100 d
125506510 1 40 100 d
125578424 0 40 100 d
125688592 1 40 100 d
125694732 0 31 105 i
125780273 1 31 105 i
125810561 0 28 116 t
125894877 1 28 116 t
125903329 0 31 105 i
125981214 1 31 105 i
126077587 0 32 111 o
126136202 1 32 111 o
126206194 0 57 110 n
126297521 1 57 110 n
126387041 0 39 115 s
126471573 1 39 115 s
126508604 0 65 32 space
126622456 1 65 32 space
126628162 0 27 114 r
126696303 0 26 101 e
126773495 1 27 114 r
126797983 1 26 101 e
126896681 0 39 115 s
126988047 0 32 111 o
126999584 1 39 115 s
127045856 1 32 111 o
127139706 0 30 117 u
127233904 1 30 117 u
127293896 0 27 114 r
127426980 1 27 114 r
127558540 0 54 99 c
127662306 0 26 101 e
127692121 1 54 99 c
127755170 1 26 101 e
127858256 0 39 115 s
127953722 1 39 115 s
128198176 0 60 46 period
128285370 1 60 46 period
128407052 0 65 32 space
128473995 0 50 0 Shift_L
128486434 1 65 32 space
128589594 0 32 79 O
128653950 1 50 0 Shift_L
128682807 1 32 111 o
128721859 0 27 114 r
128813100 1 27 114 r
128837109 0 65 32 space
128921770 1 65 32 space
129027331 0 46 108 l
129112268 1 46 108 l
129172009 0 38 97 a
129277851 1 38 97 a
129333651 0 57 110 n
129435772 1 57 110 n
129473820 0 40 100 d
129588751 1 40 100 d
129865782 0 32 111 o
129932342 1 32 111 o
130162495 0 22 0 BackSpace
130259661 1 22 0 BackSpace
130350485 0 46 108 l
130432043 1 46 108 l
130522274 0 32 111 o
130624256 1 32 111 o
130635710 0 27 114 r
130743106 1 27 114 r
130854588 0 40 100 d
130947054 1 40 100 d
131031450 0 65 32 space
131124774 1 65 32 space
131359634 0 33 112 p
131452312 1 33 112 p
131470665 0 38 97 a
131577495 1 38 97 a
131598472 0 54 99 c
131705439 1 54 99 c
131712552 0 45 107 k
131771200 1 45 107 k
131793225 0 38 97 a
131869223 1 38 97 a
131986028 0 42 103 g
132051684 1 42 103 g
132133864 0 26 101 e
132245426 1 26 101 e
132333871 0 39 115 s
132391560 0 65 32 space
132426110 1 39 115 s
132481044 1 65 32 space
132559019 0 32 111 o
132672173 1 32 111 o
132779122 0 55 118 v
132857035 1 55 118 v
132953941 0 26 101 e
133032843 0 27 114 r
133091182 1 26 101 e
133136229 1 27 114 r
133268238 0 54 99 c
133356819 1 54 99 c
133362594 0 38 97 a
133489847 1 38 97 a
133521299 0 58 109 m
133610249 1 58 109 m
133620961 0 26 101 e
133721539 1 26 101 e
133748607 0 65 32 space
133848167 1 65 32 space
133905876 0 40 100 d
134004669 0 31 105 i
134015706 1 40 100 d
134095593 1 31 105 i
134106707 0 39 115 s
134190112 1 39 115 s
134276409 0 28 116 t
134345449 1 28 116 t
134418910 0 38 97 a
134519507 0 57 110 n
134531547 1 38 97 a
134623503 0 54 99 c
134635692 1 57 110 n
134683876 0 26 101 e
134726213 1 54 99 c
134806054 1 26 101 e
134815354 0 65 32 space
134887157 1 65 32 space
134941127 0 39 115 s
135020352 1 39 115 s
135059948 0 58 109 m
135151018 1 58 109 m
135157238 0 38 97 a
135258889 0 46 108 l
135270129 1 38 97 a
135324530 1 46 108 l
135413070 0 46 108 l
135500637 1 46 108 l
135603388 0 26 101 e
135712770 1 26 101 e
135828689 0 39 115 s
135905408 1 39 115 s
136018124 0 28 116 t
136112177 1 28 116 t
136121139 0 65 32 space
136201478 1 65 32 space
136291868 0 31 105 i
136358531 0 57 110 n
136406651 1 31 105 i
136463776 1 57 110 n
136551493 0 65 32 space
136624681 0 27 114 r
136655050 1 65 32 space
136724463 0 26 101 e
136788462 1 27 114 r
136847120 1 26 101 e
136926114 0 54 99 c
137025747 1 54 99 c
137031700 0 30 117 u
137134514 1 30 117 u
137145276 0 27 114 r
137243493 1 27 114 r
137322422 0 27 114 r
137434480 1 27 114 r
137439843 0 26 101 e
137559180 1 26 101 e
137818288 0 40 100 d
137926305 1 40 100 d
137933225 0 60 46 period
138006631 1 60 46 period
138182554 0 36 0 Return
138252956 1 36 0 Return
138671534 0 50 0 Shift_L
139176233 0 25 87 W
139262869 1 25 87 W
139280606 1 50 0 Shift_L
139320917 0 32 111 o
139410679 1 32 111 o
139418814 0 27 114 r
139533722 1 27 114 r
139932929 0 22 0 BackSpace
139967791 1 22 0 BackSpace
140037225 0 22 0 BackSpace
140111492 0 27 114 r
140121580 1 22 0 BackSpace
140228823 1 27 114 r
140258341 0 32 111 o
140323771 1 32 111 o
140414844 0 57 110 n
140524085 1 57 110 n
140600320 0 42 103 g
140681305 1 42 103 g
140707279 0 65 32 space
140808153 1 65 32 space
140937867 0 58 109 m
141027217 1 58 109 m
141032569 0 38 97 a
141141489 0 31 105 i
141157093 1 38 97 a
141243531 1 31 105 i
141306241 0 40 100 d
141403597 1 40 100 d
141548766 0 39 115 s
141641638 1 39 115 s
141734226 0 65 32 space
141840708 1 65 32 space
142016026 0 26 101 e
142096485 1 26 101 e
142168995 0 32 111 o
142209885 1 32 111 o
142341226 0 22 0 BackSpace
142428133 1 22 0 BackSpace
142511686 0 22 0 BackSpace
142594384 1 22 0 BackSpace
142692217 0 32 111 o
142803349 1 32 111 o
142816251 0 27 114 r
142937068 1 27 114 r
142974655 0 65 32 space
143079151 1 65 32 space
143165406 0 56 98 b
143261037 1 56 98 b
143276146 0 26 101 e
143361185 1 26 101 e
143430101 0 65 32 space
143524733 1 65 32 space
143607570 0 38 97 a
143728065 0 39 115 s
143761505 1 38 97 a
143808031 1 39 115 s
143869502 0 45 107 k
143945269 0 26 101 e
143956482 1 45 107 k
144070063 1 26 101 e
144140133 0 40 100 d
144250920 1 40 100 d
144282253 0 65 32 space
144395350 1 65 32 space
144607173 0 57 110 n
144671135 1 57 110 n
144781786 0 32 111 o
144880240 1 32 111 o
145066138 0 65 32 space
145121505 1 65 32 space
145259173 0 32 111 o
145317061 1 32 111 o
145399278 0 57 110 n
145473870 1 57 110 n
145594164 0 65 32 space
145666538 1 65 32 space
145835544 0 26 101 e
145942427 1 26 101 e
145948195 0 57 110 n
146027366 1 57 110 n
146175179 0 44 106 j
146285331 1 44 106 j
146398080 0 32 111 o
146501957 1 32 111 o
146676148 0 30 117 u
146684585 0 29 121 y
146749243 1 29 121 y
146760023 1 30 117 u
147045306 0 22 0 BackSpace
147123154 1 22 0 BackSpace
147179643 0 22 0 BackSpace
147305723 1 22 0 BackSpace
147590205 0 29 121 y
147676754 1 29 121 y
148002063 0 60 46 period
148115221 1 60 46 period
148337130 0 65 32 space
148475220 1 65 32 space
148518680 0 50 0 Shift_L
148707301 0 43 72 H
148733394 1 43 72 H
148783798 1 50 0 Shift_L
148905721 0 32 111 o
148981998 1 32 111 o
149046846 0 30 117 u
149135772 1 30 117 u
149180249 0 39 115 s
149272862 1 39 115 s
149346902 0 26 101 e
149469177 1 26 101 e
149687472 0 44 106 j
149789679 1 44 106 j
150119313 0 22 0 BackSpace
150240229 1 22 0 BackSpace
150418161 0 43 104 h
150504284 1 43 104 h
150572503 0 32 111 o
150634816 1 32 111 o
150735449 0 46 108 l
150813338 1 46 108 l
150835257 0 40 100 d
150938848 0 65 32 space
150949822 1 40 100 d
151047226 1 65 32 space
151105432 0 41 102 f
151216288 1 41 102 f
151291277 0 26 101 e
151364405 1 26 101 e
151608234 0 25 119 w
151704191 1 25 119 w
151838107 0 65 32 space
151924979 1 65 32 space
152029116 0 39 115 s
152124519 0 32 111 o
152155402 1 39 115 s
152202597 0 58 109 m
152253618 1 32 111 o
152301829 0 26 101 e
152331066 1 58 109 m
152404938 1 26 101 e
152480051 0 28 116 t
152556667 1 28 116 t
152578067 0 31 105 i
152710645 1 31 105 i
152773960 0 58 109 m
152880814 1 58 109 m
152911784 0 26 101 e
153000057 1 26 101 e
153103213 0 39 115 s
153192803 0 65 32 space
153204269 1 39 115 s
153283293 1 65 32 space
153368367 0 32 111 o
153468287 1 32 111 o
153523963 0 30 117 u
153608949 1 30 117 u
153615805 0 28 116 t
153719973 1 28 116 t
153772751 0 65 32 space
153868404 1 65 32 space
153956107 0 38 97 a
154045491 1 38 97 a
154122140 0 28 116 t
154187650 1 28 116 t
154255099 0 28 116 t
154338837 1 28 116 t
154358533 0 26 101 e
154471601 0 57 110 n
154486617 1 26 101 e
154574154 1 57 110 n
154580567 0 40 100 d
154679210 1 40 100 d
154705340 0 31 105 i
154809073 0 57 110 n
154833422 1 31 105 i
154891779 0 42 103 g
154924054 1 57 110 n
155013576 1 42 103 g
155066512 0 65 32 space
155169130 1 65 32 space
155281425 0 40 100 d
155387325 1 40 100 d
155414248 0 26 101 e
155476344 1 26 101 e
155583367 0 39 115 s
155646734 1 39 115 s
155737008 0 54 99 c
155800843 1 54 99 c
155909569 0 27 114 r
155973721 0 31 105 i
155999051 1 27 114 r
156049878 1 31 105 i
156397058 0 56 98 b
156489159 1 56 98 b
156517430 0 26 101 e
156649645 1 26 101 e
156676808 0 40 100 d
156773104 1 40 100 d
157110525 0 60 46 period
157179235 1 60 46 period
157688275 0 65 32 space
157772815 1 65 32 space
157819253 0 50 0 Shift_L
157913073 0 46 76 L
157965441 1 50 0 Shift_L
157978289 1 46 108 l
158079299 0 38 97 a
158184637 1 38 97 a
158211685 0 31 105 i
158298347 0 57 110 n
158319537 1 31 105 i
158392532 1 57 110 n
158510518 0 65 32 space
158605026 1 65 32 space
158724752 0 44 106 j
158839648 1 44 106 j
158931497 0 30 117 u
159019618 1 30 117 u
159045106 0 39 115 s
159125743 1 39 115 s
159233845 0 28 116 t
159348644 1 28 116 t
159363725 0 65 32 space
159470806 1 65 32 space
159671952 0 41 102 f
159778587 1 41 102 f
159847872 0 38 97 a
159933389 1 38 97 a
159960263 0 54 99 c
160062129 1 54 99 c
160183401 0 28 116 t
160285577 1 28 116 t
160306518 0 65 32 space
160393810 1 65 32 space
160529040 0 41 102 f
160617906 1 41 102 f
160626058 0 32 111 o
160697077 1 32 111 o
160768048 0 30 117 u
160881397 1 30 117 u
160922421 0 27 114 r
161025473 1 27 114 r
161069632 0 65 32 space
161132165 1 65 32 space
161215194 0 32 111 o
161307003 1 32 111 o
161346255 0 41 102 f
161438864 0 65 32 space
161450657 1 41 102 f
161536559 1 65 32 space
161583472 0 38 97 a
161677656 0 58 109 m
161688681 1 38 97 a
161756757 1 58 109 m
161874334 0 65 32 space
161926283 1 65 32 space
162012780 0 58 109 m
162098717 0 26 101 e
162113134 1 58 109 m
162206006 1 26 101 e
162267356 0 26 101 e
162343837 1 26 101 e
162395049 0 28 116 t
162499610 0 65 32 space
162511044 1 28 116 t
162599698 1 65 32 space
162692526 0 43 104 h
162781197 1 43 104 h
162878620 0 31 105 i
162935979 0 42 103 g
162950430 1 31 105 i
163038123 1 42 103 g
163056154 0 43 104 h
163157296 1 43 104 h
163299853 0 60 46 period
163308021 0 59 44 comma
163337109 1 59 44 comma
163355571 1 60 46 period
163758901 0 22 0 BackSpace
163812500 1 22 0 BackSpace
164064675 0 36 0 Return
164144803 1 36 0 Return
164700119 0 50 0 Shift_L
165140206 0 43 72 H
165246547 1 50 0 Shift_L
165255120 1 43 104 h
165335210 0 26 101 e
165448923 1 26 101 e
165455193 0 65 32 space
165565083 1 65 32 space
165593818 0 40 100 d
165664786 1 40 100 d
166004358 0 32 111 o
166083695 1 32 111 o
166243269 0 65 32 space
166332869 1 65 32 space
166678454 0 39 115 s
166790331 1 39 115 s
166828838 0 30 117 u
166913234 1 30 117 u
167106522 0 57 110 n
167222834 1 57 110 n
167626879 0 22 0 BackSpace
167730105 1 22 0 BackSpace
168002399 0 56 98 b
168085144 1 56 98 b
168218061 0 44 106 j
168327073 1 44 106 j
168377243 0 26 101 e
168463942 1 26 101 e
168605713 0 54 99 c
168688218 1 54 99 c
168796080 0 28 116 t
168885463 1 28 116 t
169002023 0 39 115 s
169062427 0 65 32 space
169096525 1 39 115 s
169168058 1 65 32 space
169271047 0 33 112 p
169332633 0 27 114 r
169356519 1 33 112 p
169431347 0 26 101 e
169482363 1 27 114 r
169533847 1 26 101 e
169588740 0 33 112 p
169671721 1 33 112 p
169720026 0 38 97 a
169816851 1 38 97 a
169941014 0 27 114 r
170030594 0 26 101 e
170081512 1 27 114 r
170141925 1 26 101 e
170219640 0 40 100 d
170317497 1 40 100 d
170329281 0 65 32 space
170392240 1 65 32 space
170531138 0 56 98 b
170635948 1 56 98 b
170655248 0 38 97 a
170739832 1 38 97 a
170798001 0 54 99 c
170882559 0 43 104 h
170893784 1 54 99 c
170976638 1 43 104 h
171008485 0 26 101 e
171112755 1 26 101 e
171167098 0 46 108 l
171225310 1 46 108 l
171315192 0 32 111 o
171409427 1 32 111 o
171416169 0 27 114 r
171518857 1 27 114 r
171578348 0 65 32 space
171658172 1 65 32 space
171748553 0 44 106 j
171841265 1 44 106 j
171948429 0 30 117 u
172052170 1 30 117 u
172118597 0 55 118 v
172192541 1 55 118 v
172270155 0 26 101 e
172342015 1 26 101 e
172556405 0 57 110 n
172643192 1 57 110 n
172735017 0 31 105 i
172813601 1 31 105 i
172946199 0 46 108 l
173035239 1 46 108 l
173045716 0 26 101 e
173152080 1 26 101 e
173407025 0 65 32 space
173509726 1 65 32 space
173828303 0 29 121 y
173919937 1 29 121 y
173930561 0 26 101 e
174042528 1 26 101 e
174126565 0 65 32 space
174210030 1 65 32 space
174310671 0 32 111 o
174391832 1 32 111 o
174513204 0 43 104 h
174587308 1 43 104 h
174758448 0 60 46 period
174834583 1 60 46 period
174972128 0 65 32 space
175108752 1 65 32 space
175134413 0 50 0 Shift_L
175364868 0 43 72 H
175468018 1 50 0 Shift_L
175476770 1 43 104 h
175539080 0 26 101 e
175657813 0 65 32 space
175669222 1 26 101 e
175772872 1 65 32 space
175811809 0 41 102 f
175895572 1 41 102 f
175949711 0 26 101 e
176018917 1 26 101 e
176094252 0 26 101 e
176180674 1 26 101 e
176274922 0 46 108 l
176357018 1 46 108 l
176479965 0 31 105 i
176565216 0 57 110 n
176590457 1 31 105 i
176633244 0 42 103 g
176690738 1 57 110 n
176737642 1 42 103 g
176832028 0 39 115 s
176855028 0 65 32 space
176931962 1 39 115 s
176970860 1 65 32 space
177059632 0 27 114 r
177156753 0 26 101 e
177223817 1 27 114 r
177252003 1 26 101 e
177355499 0 58 109 m
177414099 1 58 109 m
177496774 0 32 111 o
177592945 1 32 111 o
177675437 0 55 118 v
177742856 1 55 118 v
177825640 0 31 105 i
177898659 0 57 110 n
177941565 1 31 105 i
177997189 0 42 103 g
178034208 1 57 110 n
178109320 1 42 103 g
178178240 0 65 32 space
178271289 1 65 32 space
178522394 0 31 105 i
178626214 1 31 105 i
178674760 0 57 110 n
178778434 1 57 110 n
178792371 0 41 102 f
178906977 1 41 102 f
178928076 0 32 111 o
179015193 1 32 111 o
179042321 0 27 114 r
179126887 1 27 114 r
179155356 0 58 109 m
179246002 1 58 109 m
179286327 0 26 101 e
179389998 1 26 101 e
179464106 0 40 100 d
179522624 1 40 100 d
179563113 0 65 32 space
179664512 1 65 32 space
179803734 0 43 104 h
179909864 1 43 104 h
179964297 0 26 101 e
180030786 1 26 101 e
180067244 0 65 32 space
180183909 1 65 32 space
180257852 0 38 97 a
180340151 0 39 115 s
180383714 1 38 97 a
180445882 1 39 115 s
180479102 0 65 32 space
180578452 1 65 32 space
180853584 0 31 105 i
180958657 1 31 105 i
181020845 0 42 103 g
181127012 1 42 103 g
181226555 0 57 110 n
181305320 1 57 110 n
181441134 0 32 111 o
181530875 1 32 111 o
181573270 0 27 114 r
181694114 1 27 114 r
181769260 0 38 97 a
181849080 1 38 97 a
181898027 0 57 110 n
181972449 0 28 116 t
181984239 1 57 110 n
182062391 1 28 116 t
182112095 0 65 32 space
182202026 1 65 32 space
182600823 0 25 119 w
182669642 1 25 119 w
182767928 0 26 101 e
182859000 1 26 101 e
182887283 0 65 32 space
182991343 1 65 32 space
183138992 0 33 112 p
183186780 1 33 112 p
183232226 0 27 114 r
183351215 0 26 101 e
183365612 1 27 114 r
183426995 1 26 101 e
183559520 0 33 112 p
183623154 0 38 97 a
183647795 1 33 112 p
183739406 1 38 97 a
183761088 0 27 114 r
183856379 0 26 101 e
183889862 1 27 114 r
183974102 1 26 101 e
184031666 0 40 100 d
184117405 1 40 100 d
184176050 0 60 46 period
184232181 1 60 46 period
184452332 0 36 0 Return
184500096 1 36 0 Return
185213067 0 50 0 Shift_L
185441611 0 25 87 W
185526719 1 50 0 Shift_L
185554684 1 25 119 w
185804996 0 55 118 v
185901023 1 55 118 v
186038128 0 22 0 BackSpace
186101136 1 22 0 BackSpace
186169775 0 22 0 BackSpace
186196983 0 50 0 Shift_L
186245722 1 22 0 BackSpace
186259061 0 26 69 E
186348440 1 50 0 Shift_L
186373808 1 26 101 e
186451138 0 55 118 v
186559885 1 55 118 v
186639427 0 26 101 e
186724049 1 26 101 e
186748071 0 57 110 n
186854041 1 57 110 n
186957455 0 31 105 i
187053249 0 57 110 n
187074643 0 42 103 g
187087824 1 31 105 i
187163020 1 57 110 n
187207827 1 42 103 g
187286397 0 65 32 space
187374832 1 65 32 space
187417049 0 40 100 d
187477310 0 32 111 o
187526486 1 40 100 d
187563527 1 32 111 o
187672010 0 65 32 space
187717417 0 41 102 f
187738020 1 65 32 space
187809577 1 41 102 f
187851635 0 32 111 o
187938218 1 32 111 o
187944474 0 27 114 r
188034098 1 27 114 r
188079222 0 58 109 m
188150430 1 58 109 m
188242774 0 31 105 i
188358018 0 57 110 n
188388188 1 31 105 i
188472708 1 57 110 n
188612851 0 65 32 space
188711184 1 65 32 space
188762448 0 42 103 g
188852431 1 42 103 g
189009431 0 22 0 BackSpace
189070234 1 22 0 BackSpace
189143555 0 22 0 BackSpace
189195598 1 22 0 BackSpace
189270469 0 42 103 g
189368618 1 42 103 g
189420214 0 65 32 space
189498873 1 65 32 space
189595358 0 32 111 o
189670034 1 32 111 o
189781707 0 56 98 b
189876491 1 56 98 b
190008405 0 44 106 j
190150572 1 44 106 j
190449374 0 22 0 BackSpace
190532507 0 39 115 s
190542113 1 22 0 BackSpace
190601089 1 39 115 s
190669371 0 26 101 e
190777587 0 27 114 r
190818379 1 26 101 e
190875846 1 27 114 r
190995199 0 55 118 v
191085873 1 55 118 v
191138033 0 26 101 e
191244265 1 26 101 e
191278502 0 65 32 space
191332373 1 65 32 space
191425763 0 39 115 s
191495326 0 33 112 p
191510694 1 39 115 s
191565651 1 33 112 p
191670854 0 31 105 i
191757726 1 31 105 i
191796733 0 27 114 r
191869592 1 27 114 r
191958601 0 31 105 i
192039144 1 31 105 i
192089169 0 28 116 t
192185166 1 28 116 t
192352750 0 39 115 s
192456455 1 39 115 s
192933783 0 65 32 space
193045803 1 65 32 space
193203453 0 31 105 i
193302398 1 31 105 i
193380484 0 39 115 s
193469911 1 39 115 s
193535125 0 65 32 space
193583408 1 65 32 space
193688041 0 31 105 i
193787757 0 57 110 n
193813657 1 31 105 i
193881714 1 57 110 n
193975374 0 65 32 space
194060178 1 65 32 space
194269645 0 22 0 BackSpace
194360308 1 22 0 BackSpace
194453565 0 60 46 period
194526788 1 60 46 period
194667503 0 65 32 space
194748545 1 65 32 space
194814458 0 50 0 Shift_L
194942019 0 54 67 C
194991735 1 50 0 Shift_L
195050923 0 32 111 o
195078351 1 54 99 c
195137261 1 32 111 o
195234973 0 30 117 u
195332581 1 30 117 u
195463414 0 57 110 n
195581572 1 57 110 n
195587471 0 28 116 t
195673669 1 28 116 t
195741548 0 27 114 r
195844622 1 27 114 r
195890540 0 29 121 y
196005822 1 29 121 y
196093893 0 65 32 space
196172639 1 65 32 space
196300693 0 43 104 h
196382634 1 43 104 h
196396549 0 26 101 e
196509996 0 38 97 a
196584575 1 26 101 e
196604474 0 27 114 r
196638630 1 38 97 a
196716597 1 27 114 r
196835073 0 28 116 t
196924238 1 28 116 t
196988750 0 26 101 e
197101940 1 26 101 e
197142105 0 40 100 d
197219769 0 65 32 space
197234473 1 40 100 d
197316711 1 65 32 space
197388061 0 56 98 b
197479475 1 56 98 b
197489951 0 26 101 e
197556346 1 26 101 e
197600031 0 65 32 space
197682000 1 65 32 space
197913832 0 41 102 f
197942716 1 41 102 f
198268801 0 22 0 BackSpace
198324929 1 22 0 BackSpace
198492253 0 32 111 o
198579231 1 32 111 o
198588053 0 41 102 f
198708953 0 65 32 space
198720149 1 41 102 f
198784894 1 65 32 space
198876032 0 44 106 j
198974822 1 44 106 j
199084822 0 30 117 u
199189030 1 30 117 u
199196048 0 39 115 s
199286359 1 39 115 s
199371213 0 28 116 t
199466478 1 28 116 t
199539238 0 31 105 i
199548624 0 30 117 u
199602747 1 30 117 u
199614276 1 31 105 i
200040345 0 22 0 BackSpace
200121276 1 22 0 BackSpace
200232141 0 54 99 c
200334872 0 26 101 e
200346171 1 54 99 c
200452110 1 26 101 e
200489809 0 65 32 space
200591237 1 65 32 space
200647590 0 39 115 s
200737467 1 39 115 s
200818527 0 26 101 e
200900935 0 57 110 n
200912311 1 26 101 e
201011659 1 57 110 n
201039347 0 40 100 d
201131227 1 40 100 d
201146099 0 31 105 i
201225727 0 57 110 n
201279251 1 31 105 i
201329558 0 42 103 g
201352187 1 57 110 n
201454632 1 42 103 g
201579589 0 60 46 period
201664201 1 60 46 period
201798296 0 65 32 space
201880930 1 65 32 space
201918704 0 50 0 Shift_L
202024681 0 32 79 O
202066536 1 32 79 O
202086136 1 50 0 Shift_L
202189076 0 57 110 n
202268865 1 57 110 n
202357853 0 65 32 space
202454580 1 65 32 space
202595874 0 39 115 s
202691064 0 32 111 o
202705209 1 39 115 s
202770659 1 32 111 o
202861154 0 65 32 space
202949385 1 65 32 space
203000276 0 28 116 t
203068517 0 43 104 h
203094798 1 28 116 t
203171775 1 43 104 h
203221773 0 26 101 e
203313512 1 26 101 e
203325964 0 29 121 y
203421898 1 29 121 y
203515318 0 65 32 space
203634030 1 65 32 space
203639177 0 38 97 a
203723447 0 39 115 s
203770683 1 38 97 a
203808042 0 65 32 space
203820458 1 39 115 s
203917598 1 65 32 space
203959718 0 25 119 w
204037389 1 25 119 w
204088143 0 31 105 i
204185666 1 31 105 i
204291264 0 42 103 g
204383214 1 42 103 g
204388702 0 43 104 h
204478270 1 43 104 h
204736715 0 22 0 BackSpace
204806423 1 22 0 BackSpace
204851895 0 22 0 BackSpace
204911339 1 22 0 BackSpace
204926053 0 28 116 t
205029771 1 28 116 t
205035334 0 43 104 h
205103172 1 43 104 h
205227141 0 65 32 space
205335007 1 65 32 space
205389741 0 27 114 r
205479730 0 32 111 o
205491532 1 27 114 r
205527403 1 32 111 o
205609697 0 32 111 o
205688449 1 32 111 o
205719809 0 58 109 m
205808471 1 58 109 m
205895126 0 65 32 space
205994638 1 65 32 space
206075374 0 54 99 c
206131036 0 32 111 o
206190700 1 54 99 c
206210439 1 32 111 o
206320427 0 46 108 l
206403879 1 46 108 l
206437981 0 40 100 d
206556797 1 40 100 d
206614883 0 65 32 space
206698942 1 65 32 space
207330664 0 29 121 y
207371018 1 29 121 y
207436193 0 26 101 e
207525293 1 26 101 e
207651052 0 60 46 period
207709864 1 60 46 period
207869031 0 36 0 Return
207940135 1 36 0 Return
208439720 0 50 0 Shift_L
208856294 0 56 66 B
208912165 1 50 0 Shift_L
208935735 1 56 98 b
208982495 0 26 101 e
209085044 1 26 101 e
209091210 0 65 32 space
209178079 1 65 32 space
209313383 0 54 99 c
209460707 1 54 99 c
209546821 0 38 97 a
209601082 1 38 97 a
209607584 0 46 108 l
209658136 1 46 108 l
209752008 0 46 108 l
209848734 1 46 108 l
209995915 0 65 32 space
210126796 1 65 32 space
210184169 0 41 102 f
210307032 1 41 102 f
210332300 0 32 111 o
210428089 1 32 111 o
210505764 0 30 117 u
210609494 1 30 117 u
210631748 0 27 114 r
210731640 1 27 114 r
210783712 0 65 32 space
210877624 1 65 32 space
210970899 0 58 109 m
211041758 1 58 109 m
211192842 0 30 117 u
211201288 0 29 121 y
211249841 1 29 121 y
211258775 1 30 117 u
211637494 0 22 0 BackSpace
211683360 1 22 0 BackSpace
211771519 0 22 0 BackSpace
211865016 1 22 0 BackSpace
212157159 0 29 121 y
212243057 1 29 121 y
212357692 0 65 32 space
212486526 1 65 32 space
213015603 0 25 119 w
213145527 1 25 119 w
213215853 0 26 101 e
213317756 0 57 110 n
213329672 1 26 101 e
213454922 1 57 110 n
213478150 0 28 116 t
213581589 1 28 116 t
213609196 0 65 32 space
213742518 1 65 32 space
214868306 0 58 109 m
214979328 1 58 109 m
215010135 0 26 101 e
215111042 1 26 101 e
215184486 0 38 97 a
215230545 0 57 110 n
215282871 1 38 97 a
215328277 1 57 110 n
215583711 0 60 46 period
215696585 1 60 46 period
215836823 0 65 32 space
215951148 1 65 32 space
215955130 0 50 0 Shift_L
216055536 0 54 67 C
216119269 1 50 0 Shift_L
216196181 0 26 101 e
216218359 1 54 99 c
216303938 1 26 101 e
216325468 0 46 108 l
216423291 1 46 108 l
216466113 0 26 101 e
216583377 1 26 101 e
217171328 0 56 98 b
217292463 1 56 98 b
217374262 0 27 114 r
217477206 1 27 114 r
217504931 0 38 97 a
217625281 1 38 97 a
217707058 0 28 116 t
217812610 1 28 116 t
217868005 0 26 101 e
217980321 1 26 101 e
218067982 0 40 100 d
218148988 1 40 100 d
218446726 0 65 32 space
218506116 1 65 32 space
218625411 0 31 105 i
218704113 1 31 105 i
218736247 0 41 102 f
218833270 1 41 102 f
218851544 0 65 32 space
218955201 1 65 32 space
219254471 0 27 114 r
219375296 0 26 101 e
219420355 1 27 114 r
219463700 0 58 109 m
219474645 1 26 101 e
219558892 1 58 109 m
219627909 0 38 97 a
219743226 1 38 97 a
219750508 0 27 114 r
219859199 1 27 114 r
219898852 0 45 107 k
219985482 1 45 107 k
220030743 0 38 97 a
220140162 1 38 97 a
220191247 0 56 98 b
220287841 1 56 98 b
220406421 0 46 108 l
220500560 1 46 108 l
220673072 0 29 121 y
220771506 1 29 121 y
220905885 0 65 32 space
221005141 0 26 101 e
221016831 1 65 32 space
221100447 1 26 101 e
221189095 0 39 115 s
221252171 0 33 112 p
221269291 1 39 115 s
221330203 1 33 112 p
222030063 0 26 101 e
222114625 1 26 101 e
222217697 0 54 99 c
222292142 1 54 99 c
222323404 0 31 105 i
222410450 1 31 105 i
222464979 0 38 97 a
222554991 1 38 97 a
222577469 0 46 108 l
222652461 1 46 108 l
222727388 0 46 108 l
222834192 1 46 108 l
222983660 0 29 121 y
223080615 1 29 121 y
223235068 0 65 32 space
223316037 1 65 32 space
223326777 0 38 97 a
223432771 0 57 110 n
223444569 1 38 97 a
223505454 1 57 110 n
223673775 0 60 46 period
223760419 1 60 46 period
223896535 0 65 32 space
223908351 0 50 0 Shift_L
223998800 1 65 32 space
224079811 0 42 71 G
224131591 1 50 0 Shift_L
224191534 0 32 111 o
224203238 1 42 103 g
224250090 1 32 111 o
224390797 0 31 105 i
224452079 0 57 110 n
224494362 1 31 105 i
224545597 0 42 103 g
224557899 1 57 110 n
224651815 1 42 103 g
224679542 0 65 32 space
224815994 1 65 32 space
225541248 0 26 101 e
225616097 1 26 101 e
225702176 0 38 97 a
225816654 1 38 97 a
225849227 0 28 116 t
225963383 1 28 116 t
225979714 0 65 32 space
226081084 1 65 32 space
226157486 0 39 115 s
226221906 1 39 115 s
226298903 0 26 101 e
226377104 1 26 101 e
226452608 0 28 116 t
226529050 0 65 32 space
226550456 1 28 116 t
226620749 1 65 32 space
226766871 0 39 115 s
226841177 0 43 104 h
226862331 1 39 115 s
226941337 1 43 104 h
226977814 0 26 101 e
227071199 0 65 32 space
227085873 1 26 101 e
227170224 1 65 32 space
227236290 0 56 98 b
227303348 1 56 98 b
227430395 0 32 111 o
227491351 1 32 111 o
227588881 0 32 111 o
227716475 1 32 111 o
227776472 0 45 107 k
227883276 1 45 107 k
228158277 0 39 115 s
228248488 1 39 115 s
228308226 0 65 32 space
228430362 1 65 32 space
228481375 0 41 102 f
228561893 1 41 102 f
228635624 0 32 111 o
228696434 1 32 111 o
228769194 0 30 117 u
228853587 1 30 117 u
229095973 0 40 100 d
229176771 1 40 100 d
229384994 0 22 0 BackSpace
229478742 1 22 0 BackSpace
229718290 0 57 110 n
229805595 1 57 110 n
229845884 0 40 100 d
229933110 1 40 100 d
229946640 0 65 32 space
230059814 1 65 32 space
230250444 0 59 44 comma
230259370 0 58 109 m
230300587 1 59 44 comma
230309858 1 58 109 m
230337614 0 26 101 e
230441793 1 26 101 e
230594607 0 22 0 BackSpace
230651602 1 22 0 BackSpace
230738351 0 22 0 BackSpace
230790641 1 22 0 BackSpace
230864966 0 22 0 BackSpace
230946072 1 22 0 BackSpace
231091081 0 58 109 m
231180007 1 58 109 m
231185795 0 26 101 e
231283859 0 28 116 t
231305418 1 26 101 e
231415483 0 65 32 space
231426485 1 28 116 t
231540377 1 65 32 space
231585321 0 38 97 a
231697863 1 38 97 a
231770713 0 25 119 w
231865318 1 25 119 w
231951496 0 38 97 a
232055371 1 38 97 a
232065473 0 27 114 r
232150657 0 26 101 e
232213007 1 27 114 r
232274130 1 26 101 e
232359806 0 60 46 period
232428283 1 60 46 period
232627187 0 36 0 Return
10
Throwing consider dwelling bachelor joy her proposal laughter. Raptures returned disposed one entirely her men ham.
By to admire vanity county an mutual as roused. Of an thrown am warmly merely result depart supply.
Required honoured trifling eat pleasure man relation. Assurance yet bed was improving furniture man.
Distrusts delighted she listening mrs extensive admitting far.  Full he none no side. Uncommonly surrounded considered for him are its.
It we is read good soon. My to considered delightful invitation announcing of no decisively boisterous.
Did add dashwoods deficient man concluded additions resources. Or landlord packages overcame distance smallest in recurred.
Wrong maids or be asked no on enjoy. Household few sometimes out attending described. Lain just fact four of am meet high.
He do subjects prepared bachelor juvenile ye oh. He feelings removing informed he as ignorant we prepared.
Evening do forming observe spirits is in. Country hearted be of justice sending. On so they as with room cold ye.
Be call four my went mean. Celebrated if remarkably especially an. Going eat set she books found met aware.
