magnus
2014-09-21 12:03:39.579720
10
Throwing consider dwelling bachelor joy her proposal laughter. Raptures returned disposed one entirely her men ham.
By to admire vanity county an mutual as roused. Of an thrown am warmly merely result depart supply.
Required honoured trifling eat pleasure man relation. Assurance yet bed was improving furniture man.
Distrusts delighted she listening mrs extensive admitting far.  Full he none no side. Uncommonly surrounded considered for him are its.
It we is read good soon. My to considered delightful invitation announcing of no decisively boisterous.
Did add dashwoods deficient man concluded additions resources. Or landlord packages overcame distance smallest in recurred.
Wrong maids or be asked no on enjoy. Household few sometimes out attending described. Lain just fact four of am meet high.
He do subjects prepared bachelor juvenile ye oh. He feelings removing informed he as ignorant we prepared.
Evening do forming observe spirits is in. Country hearted be of justice sending. On so they as with room cold ye.
Be call four my went mean. Celebrated if remarkably especially an. Going eat set she books found met aware.
703957 0 50 0 Shift_L
883064 0 28 84 T
967368 1 50 0 Shift_L
993816 1 28 116 t
999392 0 43 104 h
1089188 1 43 104 h
1129224 0 27 114 r
1239163 1 27 114 r
1245043 0 32 111 o
1325161 1 32 111 o
1409910 0 25 119 w
1507406 0 31 105 i
1518759 1 25 119 w
1616287 0 57 110 n
1662627 1 31 105 i
1718707 0 42 103 g
1730648 1 57 110 n
1831937 1 42 103 g
1845164 0 65 32 space
1946202 1 65 32 space
2014807 0 54 99 c
2079131 0 32 111 o
2111468 1 54 99 c
2154383 1 32 111 o
2258636 0 57 110 n
2337794 1 57 110 n
2367033 0 39 115 s
2448701 1 39 115 s
2480552 0 31 105 i
2568715 1 31 105 i
2604482 0 40 100 d
2702333 1 40 100 d
2708224 0 26 101 e
2802801 0 27 114 r
2842067 1 26 101 e
2932501 1 27 114 r
3032148 0 65 32 space
3145898 1 65 32 space
3315651 0 40 100 d
3415260 1 40 100 d
3511622 0 25 119 w
3579112 1 25 119 w
3671421 0 26 101 e
3750088 1 26 101 e
3823853 0 46 108 l
3870492 1 46 108 l
3961525 0 46 108 l
4034461 1 46 108 l
4148722 0 31 105 i
4262118 0 57 110 n
4278126 0 42 103 g
4286876 1 31 105 i
4356573 1 57 110 n
4383263 1 42 103 g
4455539 0 65 32 space
4546317 1 65 32 space
4628433 0 56 98 b
4690409 0 38 97 a
4733623 1 56 98 b
4764457 1 38 97 a
4827865 0 54 99 c
4912104 0 43 104 h
4923287 1 54 99 c
4969101 1 43 104 h
5032889 0 26 101 e
5134144 1 26 101 e
5167203 0 46 108 l
5226332 1 46 108 l
5325444 0 32 111 o
5394915 1 32 111 o
5410405 0 27 114 r
5519036 1 27 114 r
5633348 0 65 32 space
5732115 1 65 32 space
5841810 0 44 106 j
5890830 1 44 106 j
6511401 0 32 111 o
6582236 1 32 111 o
6820696 0 29 121 y
6913186 1 29 121 y
7031633 0 65 32 space
7153702 1 65 32 space
7505551 0 43 104 h
7612692 1 43 104 h
7641626 0 26 101 e
7733673 0 27 114 r
7789058 1 26 101 e
7841630 1 27 114 r
7851698 0 65 32 space
7930603 1 65 32 space
8058473 0 33 112 p
8139968 1 33 112 p
8145344 0 27 114 r
8244960 1 27 114 r
8298264 0 32 111 o
8406057 1 32 111 o
8595151 0 33 112 p
8656694 1 33 112 p
8809263 0 32 111 o
8864240 1 32 111 o
9104226 0 39 115 s
9168116 1 39 115 s
9257061 0 38 97 a
9341394 1 38 97 a
9403494 0 46 108 l
9482360 1 46 108 l
9836442 0 65 32 space
9929234 1 65 32 space
10024884 0 46 108 l
10109510 1 46 108 l
10176441 0 38 97 a
10268703 1 38 97 a
10324937 0 30 117 u
10431790 1 30 117 u
10437768 0 42 103 g
10533343 1 42 103 g
10540845 0 43 104 h
10643559 1 43 104 h
10684115 0 28 116 t
10754293 1 28 116 t
10814603 0 26 101 e
10902296 0 27 114 r
10954291 1 26 101 e
10998676 1 27 114 r
11024866 0 60 46 period
11109704 1 60 46 period
11258233 0 65 32 space
11372039 1 65 32 space
11422403 0 50 0 Shift_L
11519840 0 27 82 R
11601383 1 50 0 Shift_L
11619438 1 27 114 r
11687949 0 38 97 a
11786000 1 38 97 a
11848291 0 33 112 p
11945432 1 33 112 p
11994842 0 28 116 t
12098825 1 28 116 t
12165896 0 30 117 u
12270916 1 30 117 u
12291828 0 27 114 r
12367163 0 26 101 e
12410489 1 27 114 r
12470984 1 26 101 e
12576700 0 39 115 s
12662552 1 39 115 s
12669492 0 65 32 space
12779880 1 65 32 space
12835409 0 27 114 r
12927918 0 26 101 e
12981209 1 27 114 r
13030683 1 26 101 e
13099366 0 28 116 t
13173758 1 28 116 t
13192936 0 30 117 u
13280826 1 30 117 u
13324288 0 27 114 r
13412076 1 27 114 r
13460925 0 57 110 n
13533339 1 57 110 n
13541782 0 26 101 e
13639976 1 26 101 e
13721627 0 40 100 d
13790604 1 40 100 d
13828838 0 65 32 space
13917026 1 65 32 space
14005089 0 40 100 d
14071761 1 40 100 d
14156602 0 31 105 i
14241334 1 31 105 i
14287855 0 39 115 s
14366100 1 39 115 s
14409048 0 33 112 p
14474927 1 33 112 p
14619599 0 31 105 i
14647990 1 31 105 i
14791304 0 39 115 s
14831239 1 39 115 s
15076551 0 22 0 BackSpace
15151372 1 22 0 BackSpace
15213403 0 22 0 BackSpace
15281662 1 22 0 BackSpace
15381114 0 32 111 o
15471116 1 32 111 o
15487513 0 39 115 s
15570983 1 39 115 s
15664823 0 26 101 e
15781588 0 40 100 d
15801929 1 26 101 e
15897954 1 40 100 d
15994728 0 65 32 space
16106701 1 65 32 space
16228090 0 31 105 i
16282173 1 31 105 i
16900849 0 22 0 BackSpace
16983778 1 22 0 BackSpace
17108615 0 32 111 o
17186030 1 32 111 o
17294908 0 57 110 n
17373540 1 57 110 n
17386486 0 26 101 e
17474883 1 26 101 e
17528195 0 65 32 space
17591765 0 26 101 e
17604179 1 65 32 space
17689038 1 26 101 e
17732880 0 57 110 n
17828316 1 57 110 n
17885931 0 28 116 t
17975060 1 28 116 t
18042141 0 31 105 i
18125014 1 31 105 i
18220917 0 27 114 r
18338103 0 26 101 e
18360487 1 27 114 r
18455441 1 26 101 e
18565433 0 46 108 l
18648775 1 46 108 l
18932034 0 29 121 y
19040806 1 29 121 y
19155447 0 65 32 space
19234320 1 65 32 space
19333206 0 43 104 h
19378402 1 43 104 h
19386799 0 26 101 e
19519734 1 26 101 e
19624440 0 27 114 r
19720320 1 27 114 r
19833707 0 65 32 space
19905897 1 65 32 space
20035219 0 58 109 m
20103018 1 58 109 m
20125277 0 26 101 e
20212343 1 26 101 e
20219027 0 57 110 n
20291468 1 57 110 n
20391366 0 65 32 space
20458053 1 65 32 space
20545429 0 43 104 h
20619440 0 38 97 a
20657134 1 43 104 h
20707640 1 38 97 a
20846579 0 58 109 m
20918410 1 58 109 m
21096491 0 60 46 period
21170425 1 60 46 period
21328540 0 36 0 Return
21416202 1 36 0 Return
21943961 0 50 0 Shift_L
22122657 0 56 66 B
22208355 1 56 66 B
22231426 1 50 0 Shift_L
22335547 0 29 121 y
22425723 1 29 121 y
22527378 0 65 32 space
22609612 0 28 116 t
22621962 1 65 32 space
22704922 1 28 116 t
22744811 0 32 111 o
22811619 1 32 111 o
22944686 0 65 32 space
23021189 1 65 32 space
23026230 0 38 97 a
23143959 1 38 97 a
23152646 0 40 100 d
23260923 1 40 100 d
23285531 0 58 109 m
23347527 1 58 109 m
23440530 0 31 105 i
23549553 1 31 105 i
23566896 0 27 114 r
23663441 0 26 101 e
23713448 1 27 114 r
23795542 1 26 101 e
23830487 0 65 32 space
23942586 1 65 32 space
24146559 0 55 118 v
24232265 1 55 118 v
24317398 0 38 97 a
24393443 0 57 110 n
24405310 1 38 97 a
24462178 1 57 110 n
24542147 0 31 105 i
24641733 0 28 116 t
24651625 1 31 105 i
24730620 1 28 116 t
24872967 0 29 121 y
24994984 1 29 121 y
25134157 0 65 32 space
25204304 1 65 32 space
25273419 0 54 99 c
25340648 0 32 111 o
25385518 1 54 99 c
25407512 1 32 111 o
25577013 0 30 117 u
25717930 1 30 117 u
25758555 0 28 116 t
25767200 0 57 110 n
25837170 1 57 110 n
25856264 1 28 116 t
26028849 0 29 121 y
26146340 1 29 121 y
26372972 0 22 0 BackSpace
26416473 1 22 0 BackSpace
26504890 0 22 0 BackSpace
26558513 1 22 0 BackSpace
26631088 0 22 0 BackSpace
26690510 1 22 0 BackSpace
26859745 0 57 110 n
26940812 1 57 110 n
26980224 0 28 116 t
27068795 1 28 116 t
27117824 0 29 121 y
27224450 1 29 121 y
27350452 0 65 32 space
27447305 1 65 32 space
27591748 0 38 97 a
27688076 0 57 110 n
27699532 1 38 97 a
27753454 1 57 110 n
27863452 0 65 32 space
27919430 1 65 32 space
28140871 0 58 109 m
28213597 1 58 109 m
28314197 0 30 117 u
28403053 1 30 117 u
28471452 0 28 116 t
28552437 1 28 116 t
28580326 0 30 117 u
28668376 1 30 117 u
28746763 0 38 97 a
28837772 1 38 97 a
28888206 0 46 108 l
28957108 1 46 108 l
29061240 0 65 32 space
29153152 1 65 32 space
29247276 0 38 97 a
29358189 0 39 115 s
29383259 1 38 97 a
29457082 1 39 115 s
29464615 0 65 32 space
29571527 1 65 32 space
29643624 0 27 114 r
29776628 1 27 114 r
29782651 0 32 111 o
29867363 1 32 111 o
29962649 0 30 117 u
30065636 1 30 117 u
30156003 0 39 115 s
30230185 1 39 115 s
30311936 0 26 101 e
30420913 1 26 101 e
30449841 0 40 100 d
30544090 1 40 100 d
30625296 0 60 46 period
30706194 1 60 46 period
30835231 0 65 32 space
30906746 1 65 32 space
30915161 0 50 0 Shift_L
31006387 0 32 79 O
31083420 1 50 0 Shift_L
31093716 1 32 111 o
31176714 0 41 102 f
31250190 1 41 102 f
31296593 0 65 32 space
31395733 1 65 32 space
31413269 0 38 97 a
31509477 0 57 110 n
31519694 1 38 97 a
31586790 1 57 110 n
31696938 0 65 32 space
31805739 1 65 32 space
32176616 0 43 104 h
32256803 1 43 104 h
32549712 0 22 0 BackSpace
32619312 1 22 0 BackSpace
32667383 0 28 116 t
32748446 1 28 116 t
32827433 0 43 104 h
32863187 1 43 104 h
32909215 0 27 114 r
32997461 1 27 114 r
33099025 0 32 111 o
33107212 0 31 105 i
33142388 1 31 105 i
33150599 1 32 111 o
33283930 0 25 119 w
33346349 1 25 119 w
33491574 0 22 0 BackSpace
33549046 1 22 0 BackSpace
33616415 0 22 0 BackSpace
33706802 1 22 0 BackSpace
33751140 0 25 119 w
33850330 1 25 119 w
33868475 0 57 110 n
33940205 1 57 110 n
34064522 0 65 32 space
34168381 1 65 32 space
34250360 0 38 97 a
34343358 1 38 97 a
34399231 0 58 109 m
34474134 1 58 109 m
34588431 0 65 32 space
34695427 1 65 32 space
34770867 0 25 119 w
34846314 1 25 119 w
34936398 0 38 97 a
35020965 1 38 97 a
35066453 0 27 114 r
35173846 1 27 114 r
35209512 0 58 109 m
35278588 1 58 109 m
35368511 0 46 108 l
35455492 1 46 108 l
35701842 0 29 121 y
35810149 1 29 121 y
35956024 0 65 32 space
36033792 1 65 32 space
36123024 0 58 109 m
36200143 0 26 101 e
36211334 1 58 109 m
36263932 0 27 114 r
36305652 1 26 101 e
36397817 0 26 101 e
36419866 1 27 114 r
36509001 1 26 101 e
36537419 0 46 108 l
36618989 1 46 108 l
36876667 0 29 121 y
36982649 1 29 121 y
37112926 0 65 32 space
37205091 1 65 32 space
37252378 0 27 114 r
37347706 0 26 101 e
37416943 1 27 114 r
37465509 1 26 101 e
37577682 0 39 115 s
37658852 0 30 117 u
37670277 1 39 115 s
37744388 1 30 117 u
37877511 0 46 108 l
37940749 1 46 108 l
37956175 0 28 116 t
38042731 1 28 116 t
38114294 0 65 32 space
38240047 1 65 32 space
38453947 0 40 100 d
38574529 0 26 101 e
38598836 1 40 100 d
38670520 1 26 101 e
38843735 0 33 112 p
38865320 1 33 112 p
38933631 0 38 97 a
38997583 1 38 97 a
39011499 0 33 112 p
39061245 1 33 112 p
39234253 0 22 0 BackSpace
39289867 1 22 0 BackSpace
39371517 0 22 0 BackSpace
39443087 1 22 0 BackSpace
39799496 0 38 97 a
39894793 0 27 114 r
39913050 1 38 97 a
39992721 1 27 114 r
40077015 0 28 116 t
40150885 1 28 116 t
40203266 0 65 32 space
40315201 1 65 32 space
40360863 0 39 115 s
40461410 1 39 115 s
40527995 0 30 117 u
40582013 1 30 117 u
40841457 0 33 112 p
40897711 1 33 112 p
40963873 0 33 112 p
41041470 1 33 112 p
41154215 0 46 108 l
41224545 1 46 108 l
41520912 0 29 121 y
41593002 1 29 121 y
41885393 0 60 46 period
41953055 1 60 46 period
42160848 0 36 0 Return
42239816 1 36 0 Return
42647413 0 50 0 Shift_L
43087877 0 27 82 R
43133207 1 50 0 Shift_L
43227130 1 27 114 r
43233809 0 26 101 e
43313865 1 26 101 e
43446676 0 24 113 q
43538846 1 24 113 q
43617754 0 30 117 u
43704593 1 30 117 u
43809764 0 31 105 i
43925568 1 31 105 i
43939888 0 27 114 r
44045466 0 26 101 e
44086094 1 27 114 r
44180896 1 26 101 e
44255356 0 40 100 d
44351866 1 40 100 d
44365530 0 65 32 space
44487005 1 65 32 space
44619537 0 43 104 h
44719365 1 43 104 h
44912466 0 32 111 o
44965060 1 32 111 o
45158512 0 57 110 n
45217873 1 57 110 n
45351296 0 32 111 o
45412982 1 32 111 o
45537658 0 30 117 u
45628214 1 30 117 u
45668070 0 27 114 r
45772703 0 26 101 e
45793727 1 27 114 r
45889464 1 26 101 e
45940165 0 40 100 d
46051978 1 40 100 d
46114856 0 65 32 space
46224332 1 65 32 space
46560511 0 28 116 t
46636310 1 28 116 t
46719198 0 27 114 r
46811907 1 27 114 r
46827508 0 31 105 i
46904181 1 31 105 i
46976454 0 41 102 f
47066681 1 41 102 f
47143558 0 46 108 l
47209397 1 46 108 l
47323455 0 31 105 i
47457462 0 57 110 n
47471587 1 31 105 i
47548191 0 42 103 g
47564407 1 57 110 n
47640818 1 42 103 g
47688855 0 65 32 space
47784278 1 65 32 space
47884496 0 26 101 e
47984033 1 26 101 e
48049335 0 38 97 a
48135299 1 38 97 a
48194864 0 28 116 t
48285194 1 28 116 t
48291600 0 65 32 space
48380609 1 65 32 space
48516967 0 33 112 p
48593433 1 33 112 p
48709814 0 46 108 l
48780789 1 46 108 l
48806451 0 26 101 e
48903875 1 26 101 e
48929313 0 38 97 a
49077263 1 38 97 a
49434838 0 39 115 s
49544396 1 39 115 s
49575982 0 30 117 u
49678527 1 30 117 u
49723264 0 27 114 r
49819054 0 26 101 e
49877014 1 27 114 r
49952631 1 26 101 e
50012177 0 65 32 space
50102787 1 65 32 space
50221630 0 58 109 m
50274879 1 58 109 m
50417038 0 38 97 a
50520149 1 38 97 a
50545845 0 57 110 n
50634654 1 57 110 n
50854855 0 65 32 space
50978196 1 65 32 space
51004192 0 27 114 r
51067433 0 26 101 e
51146379 1 27 114 r
51172239 0 46 108 l
51184954 1 26 101 e
51257481 1 46 108 l
51318322 0 38 97 a
51397282 1 38 97 a
51479484 0 28 116 t
51570698 0 31 105 i
51587982 1 28 116 t
51625551 1 31 105 i
51741407 0 32 111 o
51764719 1 32 111 o
51994719 0 57 110 n
52092216 1 57 110 n
52312051 0 60 46 period
52386875 1 60 46 period
52605658 0 65 32 space
52734402 1 65 32 space
53177541 0 50 0 Shift_L
53423289 0 38 65 A
53492156 1 50 0 Shift_L
53514657 1 38 97 a
53595151 0 39 115 s
53675955 1 39 115 s
53768127 0 39 115 s
53841866 1 39 115 s
54100639 0 30 117 u
54208641 1 30 117 u
54261640 0 27 114 r
54357321 1 27 114 r
54443193 0 38 97 a
54541230 1 38 97 a
54579649 0 57 110 n
54670349 1 57 110 n
54777771 0 54 99 c
54848006 0 26 101 e
54895464 1 54 99 c
54975545 1 26 101 e
54981773 0 65 32 space
55101780 1 65 32 space
55402507 0 29 121 y
55493348 0 26 101 e
55508020 1 29 121 y
55563070 1 26 101 e
55675457 0 28 116 t
55763189 0 65 32 space
55786433 1 28 116 t
55860381 1 65 32 space
55933295 0 56 98 b
56039548 0 26 101 e
56050740 1 56 98 b
56113491 1 26 101 e
56375557 0 40 100 d
56464483 1 40 100 d
56567450 0 65 32 space
56679932 1 65 32 space
56883293 0 25 119 w
56972048 1 25 119 w
57056765 0 38 97 a
57112482 0 39 115 s
57136567 1 38 97 a
57217792 1 39 115 s
57287664 0 65 32 space
57373033 1 65 32 space
57648476 0 31 105 i
57760386 1 31 105 i
57853883 0 58 109 m
57911395 1 58 109 m
58022100 0 33 112 p
58102834 1 33 112 p
58202135 0 27 114 r
58281137 0 32 111 o
58292734 1 27 114 r
58372209 1 32 111 o
58533787 0 55 118 v
58620869 1 55 118 v
58639936 0 31 105 i
58769725 0 57 110 n
58849595 1 31 105 i
58901761 1 57 110 n
59371379 0 42 103 g
59465994 1 42 103 g
59573643 0 65 32 space
59677731 1 65 32 space
59708642 0 41 102 f
59804976 1 41 102 f
59866353 0 30 117 u
59977510 1 30 117 u
60023981 0 27 114 r
60129660 1 27 114 r
60169754 0 57 110 n
60252497 1 57 110 n
60389031 0 31 105 i
60497284 1 31 105 i
60637910 0 28 116 t
60727156 1 28 116 t
60813560 0 30 117 u
60911621 1 30 117 u
60946154 0 27 114 r
61028318 0 26 101 e
61090119 1 27 114 r
61122340 0 65 32 space
61141114 1 26 101 e
61198730 1 65 32 space
61314151 0 58 109 m
61361860 1 58 109 m
61387478 0 38 97 a
61470250 0 57 110 n
61481559 1 38 97 a
61554856 1 57 110 n
61746265 0 60 46 period
61813005 1 60 46 period
62046804 0 36 0 Return
62094490 1 36 0 Return
62646522 0 50 0 Shift_L
62959005 0 40 68 D
63018664 1 50 0 Shift_L
63072543 1 40 100 d
63187089 0 31 105 i
63293322 1 31 105 i
63314844 0 39 115 s
63416213 1 39 115 s
63518766 0 28 116 t
63590542 1 28 116 t
63669602 0 27 114 r
63745123 1 27 114 r
63792554 0 30 117 u
63892682 1 30 117 u
64223738 0 39 115 s
64297473 1 39 115 s
64402057 0 28 116 t
64466842 1 28 116 t
64603188 0 39 115 s
64711331 1 39 115 s
64767200 0 65 32 space
64879187 1 65 32 space
65121525 0 40 100 d
65212193 0 26 101 e
65267954 1 40 100 d
65302570 0 46 108 l
65340209 1 26 101 e
65382930 1 46 108 l
65476411 0 31 105 i
65574383 1 31 105 i
65579956 0 42 103 g
65670197 1 42 103 g
65704210 0 43 104 h
65816782 1 43 104 h
65840410 0 28 116 t
65948113 1 28 116 t
66037951 0 26 101 e
66168861 1 26 101 e
66368541 0 40 100 d
66406885 1 40 100 d
66557681 0 65 32 space
66663081 1 65 32 space
66739396 0 39 115 s
66826064 1 39 115 s
66834165 0 43 104 h
66938077 1 43 104 h
66942691 0 26 101 e
67056204 1 26 101 e
67068047 0 65 32 space
67153010 1 65 32 space
67263014 0 46 108 l
67315192 1 46 108 l
67424605 0 31 105 i
67513108 1 31 105 i
67525219 0 39 115 s
67586594 1 39 115 s
67742289 0 28 116 t
67858714 1 28 116 t
67864359 0 26 101 e
67977490 1 26 101 e
67991487 0 57 110 n
68065036 1 57 110 n
68173782 0 31 105 i
68258126 0 57 110 n
68299227 1 31 105 i
68318498 0 42 103 g
68369399 1 57 110 n
68436990 1 42 103 g
68486265 0 65 32 space
68571091 1 65 32 space
68778704 0 58 109 m
68877461 1 58 109 m
68911431 0 27 114 r
69053098 1 27 114 r
69187442 0 39 115 s
69293286 1 39 115 s
69321939 0 60 46 period
69423352 1 60 46 period
69566931 0 65 32 space
69649237 0 26 101 e
69679792 1 65 32 space
69737471 1 26 101 e
69848489 0 53 120 x
69922307 1 53 120 x
70037186 0 28 116 t
70140318 1 28 116 t
70170761 0 26 101 e
70275292 0 57 110 n
70285593 1 26 101 e
70376022 1 57 110 n
70402975 0 39 115 s
70490713 1 39 115 s
70504652 0 31 105 i
70619932 1 31 105 i
70673859 0 55 118 v
70755892 1 55 118 v
70800556 0 26 101 e
70927747 0 65 32 space
70938822 1 26 101 e
71028617 1 65 32 space
71137786 0 38 97 a
71259763 1 38 97 a
71266197 0 40 100 d
71365945 1 40 100 d
71723038 0 58 109 m
71801888 1 58 109 m
71903492 0 31 105 i
71978970 1 31 105 i
72017640 0 28 116 t
72075736 1 28 116 t
72146055 0 28 116 t
72235630 1 28 116 t
72267175 0 31 105 i
72346664 0 57 110 n
72395891 1 31 105 i
72443756 0 42 103 g
72467942 1 57 110 n
72534402 1 42 103 g
72593593 0 65 32 space
72712477 1 65 32 space
72722198 0 41 102 f
72817097 1 41 102 f
72875920 0 38 97 a
72979022 0 27 114 r
73008918 1 38 97 a
73098368 1 27 114 r
73426901 0 60 46 period
73514070 1 60 46 period
73641715 0 65 32 space
73726895 0 50 0 Shift_L
73738841 1 65 32 space
73760758 1 50 0 Shift_L
73864778 0 65 32 space
73968154 1 65 32 space
74093221 0 50 0 Shift_L
74280912 0 41 70 F
74401418 1 41 70 F
74449188 1 50 0 Shift_L
74590654 0 30 117 u
74671495 1 30 117 u
74934304 0 22 0 BackSpace
74990092 1 22 0 BackSpace
75068171 0 22 0 BackSpace
75128027 1 22 0 BackSpace
75214466 0 22 0 BackSpace
75293624 1 22 0 BackSpace
77427871 0 113 0 Left
78088164 0 113 0 Left
78126737 0 113 0 Left
78168618 0 113 0 Left
78208931 0 113 0 Left
78248200 0 113 0 Left
78287780 0 113 0 Left
78328675 0 113 0 Left
78368368 0 113 0 Left
78407965 0 113 0 Left
78449199 0 113 0 Left
78490024 0 113 0 Left
78530463 0 113 0 Left
78571145 0 113 0 Left
78612088 0 113 0 Left
78649201 0 113 0 Left
78689639 0 113 0 Left
78729992 0 113 0 Left
78770812 0 113 0 Left
78810358 0 113 0 Left
78851177 0 113 0 Left
78891937 0 113 0 Left
78933154 0 113 0 Left
78973366 0 113 0 Left
79013599 0 113 0 Left
79053049 0 113 0 Left
79078637 1 113 0 Left
79387992 0 22 0 BackSpace
79482435 1 22 0 BackSpace
79995016 0 115 0 End
80115830 1 115 0 End
81205050 0 50 0 Shift_L
81248523 1 50 0 Shift_L
81592527 0 50 0 Shift_L
81818665 0 41 70 F
81917162 1 41 70 F
82009012 1 50 0 Shift_L
82273558 0 22 0 BackSpace
82349216 1 22 0 BackSpace
82364603 0 65 32 space
82475937 1 65 32 space
82547127 0 50 0 Shift_L
82654031 0 41 70 F
82754339 1 50 0 Shift_L
82766065 1 41 102 f
82837559 0 30 117 u
82917476 1 30 117 u
83071293 0 46 108 l
83139491 1 46 108 l
83206875 0 46 108 l
83273930 1 46 108 l
83370435 0 65 32 space
83480436 1 65 32 space
83662953 0 43 104 h
83696516 1 43 104 h
83743658 0 26 101 e
83840396 1 26 101 e
83869845 0 65 32 space
83960060 1 65 32 space
84034762 0 57 110 n
84119826 1 57 110 n
84403391 0 32 111 o
84491931 1 32 111 o
84735887 0 57 110 n
84825936 1 57 110 n
84898055 0 26 101 e
84990947 1 26 101 e
84997481 0 65 32 space
85094919 1 65 32 space
85163906 0 57 110 n
85258576 1 57 110 n
85358462 0 32 111 o
85432784 1 32 111 o
85538699 0 65 32 space
85609251 1 65 32 space
85694213 0 39 115 s
85753879 0 31 105 i
85780051 1 39 115 s
85857795 1 31 105 i
85946946 0 40 100 d
86020700 0 26 101 e
86073762 1 40 100 d
86174265 1 26 101 e
86340790 0 60 46 period
86448293 1 60 46 period
86597659 0 65 32 space
86714140 1 65 32 space
86737779 0 50 0 Shift_L
86896931 1 50 0 Shift_L
87050082 0 50 0 Shift_L
87130621 0 30 85 U
87227428 1 50 0 Shift_L
87235931 1 30 117 u
87336862 0 57 110 n
87404633 1 57 110 n
87526945 0 54 99 c
87644735 1 54 99 c
87666630 0 32 111 o
87745815 1 32 111 o
87829765 0 58 109 m
87892110 1 58 109 m
87977422 0 58 109 m
88035555 1 58 109 m
88101412 0 32 111 o
88182768 1 32 111 o
88279169 0 57 110 n
88358261 1 57 110 n
88456648 0 46 108 l
88520472 1 46 108 l
88726084 0 29 121 y
88829191 1 29 121 y
88978904 0 65 32 space
89077232 1 65 32 space
89115017 0 39 115 s
89241147 1 39 115 s
89275558 0 30 117 u
89385316 1 30 117 u
89415555 0 27 114 r
89471570 1 27 114 r
89546752 0 27 114 r
89641522 1 27 114 r
89656750 0 32 111 o
89753462 1 32 111 o
89825334 0 30 117 u
89915742 1 30 117 u
90040905 0 57 110 n
90128200 0 40 100 d
90139633 1 57 110 n
90207013 0 26 101 e
90248029 1 40 100 d
90387176 1 26 101 e
90399331 0 40 100 d
90543990 1 40 100 d
90668358 0 65 32 space
90808656 1 65 32 space
91177855 0 54 99 c
91262548 0 32 111 o
91285319 1 54 99 c
91341160 1 32 111 o
91427988 0 57 110 n
91504795 0 39 115 s
91515464 1 57 110 n
91614095 1 39 115 s
91634999 0 31 105 i
91741484 1 31 105 i
91762603 0 40 100 d
91831834 1 40 100 d
92064502 0 27 114 r
92164080 0 26 101 e
92217772 1 27 114 r
92317683 0 27 114 r
92358707 1 26 101 e
92423598 1 27 114 r
92826831 0 22 0 BackSpace
92883329 1 22 0 BackSpace
92946472 0 22 0 BackSpace
93009803 1 22 0 BackSpace
93091119 0 22 0 BackSpace
93159674 1 22 0 BackSpace
93193578 0 26 101 e
93268802 0 27 114 r
93312371 1 26 101 e
93402358 0 26 101 e
93417982 1 27 114 r
93528056 1 26 101 e
93553942 0 40 100 d
93673292 1 40 100 d
93858173 0 65 32 space
93993580 1 65 32 space
94253896 0 41 102 f
94358074 1 41 102 f
94390392 0 32 111 o
94461765 0 27 114 r
94473759 1 32 111 o
94574502 1 27 114 r
94579746 0 65 32 space
94666285 1 65 32 space
94738795 0 43 104 h
94823968 1 43 104 h
94923401 0 31 105 i
95036313 1 31 105 i
95065447 0 58 109 m
95161309 1 58 109 m
95269971 0 65 32 space
95334031 0 38 97 a
95387707 1 65 32 space
95419592 0 27 114 r
95439872 1 38 97 a
95539989 0 26 101 e
95611034 1 27 114 r
95662238 1 26 101 e
95694310 0 65 32 space
95789651 1 65 32 space
95900555 0 31 105 i
95937777 0 28 116 t
95951390 1 31 105 i
96043344 1 28 116 t
96186939 0 39 115 s
96297571 1 39 115 s
96317439 0 60 46 period
96392993 1 60 46 period
96551769 0 36 0 Return
96635889 1 36 0 Return
97180397 0 50 0 Shift_L
97455076 0 31 73 I
97535363 1 50 0 Shift_L
97555006 1 31 105 i
97630227 0 28 116 t
97724531 1 28 116 t
97757468 0 65 32 space
97868407 1 65 32 space
98041687 0 25 119 w
98134997 1 25 119 w
98215365 0 26 101 e
98306450 1 26 101 e
98371416 0 65 32 space
98516207 1 65 32 space
98668285 0 31 105 i
98757080 1 31 105 i
98847581 0 39 115 s
98914088 1 39 115 s
99024709 0 65 32 space
99120237 1 65 32 space
99171143 0 27 114 r
99265404 0 26 101 e
99302494 1 27 114 r
99373769 1 26 101 e
99437970 0 38 97 a
99530043 1 38 97 a
99538522 0 40 100 d
99613023 0 65 32 space
99625609 1 40 100 d
99726875 1 65 32 space
99881241 0 42 103 g
99937430 0 32 111 o
99971880 1 42 103 g
100014168 1 32 111 o
100082759 0 32 111 o
100167738 1 32 111 o
100247757 0 40 100 d
100350602 1 40 100 d
100358541 0 65 32 space
100466437 1 65 32 space
100554415 0 39 115 s
100613736 0 32 111 o
100650932 1 39 115 s
100679941 1 32 111 o
100753443 0 32 111 o
100836381 1 32 111 o
100903996 0 57 110 n
100996523 1 57 110 n
101101063 0 65 32 space
101206378 1 65 32 space
101723181 0 22 0 BackSpace
101805991 1 22 0 BackSpace
101897347 0 60 46 period
101996695 1 60 46 period
102124714 0 65 32 space
102196552 1 65 32 space
102221764 0 50 0 Shift_L
102294699 0 58 77 M
102381956 1 58 77 M
102428996 1 50 0 Shift_L
102584207 0 29 121 y
102686472 1 29 121 y
102803980 0 65 32 space
102887946 1 65 32 space
102916259 0 28 116 t
103001143 0 32 111 o
103010441 1 28 116 t
103074163 1 32 111 o
103187913 0 65 32 space
103288518 1 65 32 space
103368510 0 54 99 c
103412674 0 32 111 o
103465054 1 54 99 c
103482847 1 32 111 o
103568308 0 57 110 n
103660026 1 57 110 n
103667845 0 39 115 s
103748000 1 39 115 s
103757527 0 31 105 i
103866506 1 31 105 i
103871985 0 40 100 d
103964206 0 26 101 e
103975714 1 40 100 d
104109216 0 27 114 r
104120765 1 26 101 e
104226632 0 26 101 e
104263170 1 27 114 r
104368095 1 26 101 e
104416342 0 40 100 d
104522719 1 40 100 d
104586017 0 65 32 space
104695249 1 65 32 space
104933531 0 40 100 d
105005876 0 26 101 e
105044713 1 40 100 d
105121118 1 26 101 e
105183619 0 46 108 l
105255213 1 46 108 l
105349340 0 31 105 i
105443353 0 42 103 g
105455821 1 31 105 i
105547015 1 42 103 g
105577213 0 43 104 h
105667819 1 43 104 h
105678913 0 28 116 t
105769918 1 28 116 t
105967033 0 41 102 f
106082622 0 30 117 u
106093400 1 41 102 f
106162148 1 30 117 u
106296638 0 46 108 l
106371735 1 46 108 l
106482980 0 65 32 space
106577036 1 65 32 space
106883190 0 31 105 i
106994645 1 31 105 i
107048716 0 57 110 n
107162744 1 57 110 n
107214043 0 55 118 v
107332200 1 55 118 v
107368432 0 31 105 i
107506227 1 31 105 i
107560887 0 28 116 t
107637342 1 28 116 t
107728076 0 38 97 a
107804978 1 38 97 a
107897686 0 28 116 t
107930423 0 31 105 i
107982202 1 28 116 t
108016148 1 31 105 i
108086392 0 32 111 o
108169923 1 32 111 o
108262446 0 57 110 n
108349065 1 57 110 n
108442789 0 65 32 space
108517861 1 65 32 space
108645638 0 38 97 a
108751417 1 38 97 a
108771458 0 57 110 n
108819115 1 57 110 n
108900429 0 57 110 n
108984978 1 57 110 n
109084752 0 32 111 o
109170307 1 32 111 o
109251080 0 30 117 u
109330354 1 30 117 u
109455883 0 57 110 n
109549656 1 57 110 n
109648905 0 40 100 d
109729223 1 40 100 d
109823055 0 31 105 i
109906992 0 57 110 n
109941107 1 31 105 i
109986601 0 54 99 c
110033253 1 57 110 n
110079489 1 54 99 c
110265481 0 22 0 BackSpace
110315595 1 22 0 BackSpace
110392710 0 22 0 BackSpace
110422667 1 22 0 BackSpace
110509771 0 22 0 BackSpace
110570549 1 22 0 BackSpace
110637692 0 22 0 BackSpace
110713515 1 22 0 BackSpace
110783499 0 54 99 c
110868927 1 54 99 c
110903300 0 31 105 i
110999860 0 57 110 n
111011648 1 31 105 i
111120055 1 57 110 n
111187519 0 42 103 g
111294045 1 42 103 g
111401011 0 65 32 space
111526258 1 65 32 space
112019363 0 41 102 f
112071540 0 32 111 o
112136239 1 41 102 f
112156386 1 32 111 o
112446496 0 22 0 BackSpace
112503902 1 22 0 BackSpace
112563039 0 22 0 BackSpace
112649112 1 22 0 BackSpace
112735429 0 32 111 o
112817291 1 32 111 o
112861326 0 41 102 f
112939171 1 41 102 f
112949557 0 65 32 space
113005016 1 65 32 space
113090218 0 57 110 n
113162169 1 57 110 n
113237002 0 32 111 o
113318747 1 32 111 o
113425673 0 65 32 space
113504757 0 40 100 d
113516268 1 65 32 space
113585565 0 26 101 e
113629443 1 40 100 d
113679379 1 26 101 e
113771105 0 54 99 c
113855257 0 31 105 i
113871099 1 54 99 c
113934917 1 31 105 i
114340409 0 39 115 s
114432743 1 39 115 s
114509118 0 31 105 i
114644178 1 31 105 i
114658269 0 55 118 v
114758437 1 55 118 v
114887559 0 26 101 e
114981041 1 26 101 e
115016592 0 46 108 l
115105306 1 46 108 l
115332519 0 29 121 y
115453334 1 29 121 y
115544408 0 65 32 space
115628832 1 65 32 space
115896241 0 56 98 b
115972841 1 56 98 b
116137079 0 32 111 o
116244176 1 32 111 o
116421783 0 30 117 u
116487677 1 30 117 u
116897573 0 22 0 BackSpace
116998407 1 22 0 BackSpace
117099981 0 31 105 i
117190367 1 31 105 i
117223870 0 39 115 s
117298507 1 39 115 s
117385558 0 28 116 t
117487286 1 28 116 t
117529456 0 26 101 e
117640130 0 27 114 r
117684626 1 26 101 e
117743629 1 27 114 r
117769020 0 32 111 o
117840727 1 32 111 o
118062458 0 30 117 u
118138924 1 30 117 u
118332742 0 39 115 s
118421983 1 39 115 s
118567810 0 60 46 period
118668354 1 60 46 period
119141106 0 36 0 Return
119216927 1 36 0 Return
119577317 0 50 0 Shift_L
119704768 0 40 68 D
119767634 1 50 0 Shift_L
119809298 1 40 100 d
119840637 0 31 105 i
119947528 1 31 105 i
120051747 0 40 100 d
120129502 1 40 100 d
120176058 0 65 32 space
120279637 0 38 97 a
120288753 1 65 32 space
120361212 1 38 97 a
120378387 0 40 100 d
120450390 1 40 100 d
120540537 0 40 100 d
120642293 1 40 100 d
120658038 0 65 32 space
120767687 1 65 32 space
120827972 0 40 100 d
120933458 1 40 100 d
120946935 0 38 97 a
121059395 0 39 115 s
121107110 1 38 97 a
121179812 1 39 115 s
121232867 0 43 104 h
121317532 1 43 104 h
121618390 0 25 119 w
121687837 0 32 111 o
121705826 1 25 119 w
121763684 1 32 111 o
121850274 0 32 111 o
121937586 1 32 111 o
121943294 0 40 100 d
122064341 1 40 100 d
122085422 0 39 115 s
122202556 1 39 115 s
122269276 0 65 32 space
122412380 1 65 32 space
122802899 0 40 100 d
122934671 1 40 100 d
122941837 0 26 101 e
123052665 1 26 101 e
123077645 0 41 102 f
123175662 1 41 102 f
123182996 0 31 105 i
123284440 1 31 105 i
123321786 0 54 99 c
123421304 1 54 99 c
123430005 0 31 105 i
123529615 1 31 105 i
123538980 0 26 101 e
123636458 1 26 101 e
123656807 0 57 110 n
123744637 1 57 110 n
123772877 0 28 116 t
123846967 1 28 116 t
123889811 0 65 32 space
123953143 1 65 32 space
124048418 0 58 109 m
124105138 0 38 97 a
124116778 1 58 109 m
124219694 1 38 97 a
124229303 0 57 110 n
124314428 1 57 110 n
124400219 0 65 32 space
124474767 1 65 32 space
124515907 0 54 99 c
124581771 0 32 111 o
124612951 1 54 99 c
124653733 1 32 111 o
124737681 0 57 110 n
124806654 1 57 110 n
124846264 0 54 99 c
124928115 0 46 108 l
124943676 1 54 99 c
124997709 1 46 108 l
125135261 0 30 117 u
125241189 1 30 117 u
125304710 0 40 100 d
125394948 0 26 101 e
125410412 1 40 100 d
125505100 0 40 100 d
125542596 1 26 101 e
125621240 1 40 100 d
125627628 0 65 32 space
125736190 1 65 32 space
125741734 0 38 97 a
125833866 0 40 100 d
125845764 1 38 97 a
125904427 1 40 100 d
125972736 0 40 100 d
126055166 1 40 100 d
126130835 0 31 105 i
126215749 1 31 105 i
126240968 0 28 116 t
126337756 1 28 116 t
126343629 0 31 105 i
126398095 1 31 105 i
126481730 0 32 111 o
126550966 1 32 111 o
126626350 0 57 110 n
126712325 1 57 110 n
126764916 0 39 115 s
126864836 1 39 115 s
126870124 0 65 32 space
127002185 1 65 32 space
127049873 0 27 114 r
127139990 0 26 101 e
127206571 1 27 114 r
127276123 1 26 101 e
127385640 0 39 115 s
127482542 0 32 111 o
127494324 1 39 115 s
127544505 1 32 111 o
127606884 0 30 117 u
127688768 0 27 114 r
127699953 1 30 117 u
127797832 1 27 114 r
127938245 0 54 99 c
128032582 0 26 101 e
128056808 1 54 99 c
128109545 1 26 101 e
128216597 0 39 115 s
128319010 1 39 115 s
128473677 0 60 46 period
128586098 1 60 46 period
128706001 0 65 32 space
128779728 1 65 32 space
128822491 0 50 0 Shift_L
128888521 0 32 79 O
128983278 1 32 79 O
128991975 1 50 0 Shift_L
129024323 0 27 114 r
129117261 1 27 114 r
129162919 0 65 32 space
129244729 1 65 32 space
129347877 0 46 108 l
129411962 1 46 108 l
129447502 0 38 97 a
129526662 1 38 97 a
129553064 0 57 110 n
129625228 1 57 110 n
129644437 0 40 100 d
129742802 1 40 100 d
130249092 0 46 108 l
130308291 1 46 108 l
130408005 0 32 111 o
130494318 1 32 111 o
130546132 0 27 114 r
130647089 1 27 114 r
130751066 0 40 100 d
130840177 1 40 100 d
130850593 0 65 32 space
130936879 1 65 32 space
131096766 0 33 112 p
131105096 0 32 111 o
131117549 1 32 111 o
131126565 1 33 112 p
131151004 0 38 97 a
131225532 1 38 97 a
131475091 0 22 0 BackSpace
131518530 1 22 0 BackSpace
131581767 0 22 0 BackSpace
131627700 1 22 0 BackSpace
131750611 0 38 97 a
131860109 1 38 97 a
131924256 0 54 99 c
131999517 1 54 99 c
132011540 0 45 107 k
132121132 1 45 107 k
132126958 0 38 97 a
132212426 1 38 97 a
132284599 0 42 103 g
132406095 1 42 103 g
132472505 0 26 101 e
132559073 1 26 101 e
132654175 0 39 115 s
132732100 1 39 115 s
132803068 0 65 32 space
132910775 1 65 32 space
133033027 0 32 111 o
133133833 1 32 111 o
133193108 0 55 118 v
133282816 1 55 118 v
133345148 0 26 101 e
133414033 0 27 114 r
133468961 1 26 101 e
133525215 1 27 114 r
133652522 0 54 99 c
133735409 1 54 99 c
133775739 0 38 97 a
133891856 1 38 97 a
133911514 0 58 109 m
133998051 1 58 109 m
134015107 0 26 101 e
134127203 1 26 101 e
134311789 0 65 32 space
134394376 1 65 32 space
134449999 0 40 100 d
134510721 0 31 105 i
134545722 1 40 100 d
134605743 1 31 105 i
134657153 0 39 115 s
134729743 1 39 115 s
134835046 0 28 116 t
134906051 1 28 116 t
134988748 0 38 97 a
135076372 0 57 110 n
135089414 1 38 97 a
135164012 1 57 110 n
135182204 0 54 99 c
135252376 0 26 101 e
135312839 1 54 99 c
135348596 0 65 32 space
135360372 1 26 101 e
135427190 1 65 32 space
135504086 0 39 115 s
135588838 1 39 115 s
135613595 0 58 109 m
135697592 1 58 109 m
135708895 0 38 97 a
135799968 1 38 97 a
135811925 0 46 108 l
135870761 1 46 108 l
135945323 0 46 108 l
136037629 1 46 108 l
136043164 0 26 101 e
136145161 1 26 101 e
136411551 0 39 115 s
136490008 1 39 115 s
136582238 0 28 116 t
136666207 1 28 116 t
136684596 0 65 32 space
136745854 1 65 32 space
136834471 0 31 105 i
136924252 0 57 110 n
136963573 1 31 105 i
137013888 1 57 110 n
137107330 0 65 32 space
137201226 1 65 32 space
137216545 0 27 114 r
137303498 0 26 101 e
137362825 1 27 114 r
137433467 1 26 101 e
137516863 0 54 99 c
137599531 1 54 99 c
137635486 0 30 117 u
137705030 1 30 117 u
137711163 0 27 114 r
137802163 1 27 114 r
137853453 0 27 114 r
137946955 0 26 101 e
137981059 1 27 114 r
138074943 1 26 101 e
138098848 0 40 100 d
138184362 1 40 100 d
138274164 0 60 46 period
138344743 1 60 46 period
138640246 0 36 0 Return
138720130 1 36 0 Return
139299598 0 50 0 Shift_L
139430397 0 25 87 W
139532315 1 50 0 Shift_L
139540912 1 25 119 w
139599234 0 27 114 r
139700813 1 27 114 r
139723745 0 32 111 o
139799519 1 32 111 o
139960745 0 57 110 n
140060553 1 57 110 n
140065905 0 42 103 g
140170871 1 42 103 g
140209063 0 65 32 space
140301869 1 65 32 space
140399991 0 58 109 m
140491149 1 58 109 m
140506807 0 38 97 a
140590586 1 38 97 a
140619518 0 31 105 i
140703501 1 31 105 i
140744372 0 40 100 d
140848540 0 39 115 s
140863341 1 40 100 d
140958513 1 39 115 s
140979446 0 65 32 space
141079617 1 65 32 space
141187076 0 32 111 o
141275051 1 32 111 o
141304534 0 27 114 r
141403239 0 65 32 space
141414757 1 27 114 r
141476887 1 65 32 space
141587414 0 56 98 b
141663063 1 56 98 b
141678726 0 26 101 e
141765106 1 26 101 e
141790371 0 65 32 space
141899500 1 65 32 space
141922185 0 38 97 a
142011611 0 39 115 s
142049103 1 38 97 a
142103928 1 39 115 s
142172975 0 45 107 k
142260270 0 26 101 e
142273781 1 45 107 k
142401646 1 26 101 e
142407455 0 40 100 d
142508970 1 40 100 d
142528934 0 65 32 space
142580919 1 65 32 space
142708319 0 32 111 o
142797303 1 32 111 o
143050804 0 22 0 BackSpace
143140352 1 22 0 BackSpace
143251370 0 57 110 n
143303547 1 57 110 n
143410151 0 32 111 o
143484627 1 32 111 o
143594014 0 65 32 space
143661247 1 65 32 space
143752748 0 32 111 o
143831658 1 32 111 o
143915585 0 57 110 n
143990285 1 57 110 n
144084386 0 65 32 space
144154148 1 65 32 space
144166021 0 26 101 e
144256466 0 57 110 n
144271798 1 26 101 e
144342210 1 57 110 n
144484690 0 44 106 j
144582715 1 44 106 j
144703268 0 32 111 o
144775812 1 32 111 o
145004736 0 30 117 u
145013202 0 29 121 y
145075378 1 29 121 y
145083864 1 30 117 u
145378328 0 22 0 BackSpace
145446945 1 22 0 BackSpace
145514603 0 22 0 BackSpace
145599496 1 22 0 BackSpace
145907668 0 29 121 y
145977062 1 29 121 y
146349472 0 60 46 period
146465154 1 60 46 period
146624181 0 65 32 space
146720034 1 65 32 space
146807220 0 50 0 Shift_L
146946643 0 43 72 H
147040077 1 50 0 Shift_L
147048309 1 43 104 h
147185083 0 32 111 o
147263893 1 32 111 o
147344740 0 30 117 u
147423695 1 30 117 u
147474972 0 39 115 s
147565900 1 39 115 s
147645009 0 26 101 e
147754804 1 26 101 e
148012604 0 43 104 h
148052922 1 43 104 h
148224263 0 32 111 o
148291138 1 32 111 o
148417676 0 46 108 l
148497461 1 46 108 l
148567111 0 40 100 d
148666857 1 40 100 d
148673626 0 65 32 space
148779824 1 65 32 space
148881789 0 41 102 f
148988952 1 41 102 f
149049956 0 26 101 e
149161056 1 26 101 e
149260966 0 25 119 w
149348225 1 25 119 w
149427789 0 65 32 space
149527870 1 65 32 space
149559141 0 39 115 s
149631604 1 39 115 s
149638100 0 32 111 o
149722410 1 32 111 o
149742096 0 58 109 m
149852331 0 26 101 e
149864528 1 58 109 m
149935840 1 26 101 e
150036965 0 28 116 t
150108140 1 28 116 t
150176921 0 31 105 i
150295943 1 31 105 i
150303558 0 58 109 m
150387715 1 58 109 m
150461389 0 26 101 e
150550504 1 26 101 e
150671628 0 39 115 s
150753880 1 39 115 s
150769516 0 65 32 space
150857313 1 65 32 space
150941914 0 32 111 o
151035693 1 32 111 o
151107408 0 30 117 u
151180816 0 28 116 t
151199498 1 30 117 u
151265446 1 28 116 t
151361738 0 65 32 space
151447456 1 65 32 space
151511996 0 38 97 a
151598958 1 38 97 a
151681877 0 28 116 t
151738487 1 28 116 t
151815508 0 28 116 t
151899426 1 28 116 t
151927421 0 26 101 e
152032337 1 26 101 e
152038308 0 57 110 n
152128069 1 57 110 n
152164715 0 40 100 d
152263867 1 40 100 d
152270033 0 31 105 i
152344627 0 57 110 n
152397558 1 31 105 i
152467352 1 57 110 n
152498687 0 42 103 g
152597984 1 42 103 g
152610957 0 65 32 space
152726362 1 65 32 space
152877984 0 40 100 d
152973412 0 26 101 e
153023029 1 40 100 d
153082464 1 26 101 e
153176462 0 39 115 s
153245060 1 39 115 s
153346281 0 54 99 c
153421216 1 54 99 c
153529674 0 27 114 r
153630286 0 31 105 i
153641770 1 27 114 r
153721101 1 31 105 i
153828581 0 56 98 b
153906911 1 56 98 b
153978852 0 26 101 e
154181539 0 40 100 d
154199642 1 26 101 e
154288570 1 40 100 d
154377042 0 65 32 space
154501946 1 65 32 space
154823954 0 22 0 BackSpace
154881762 1 22 0 BackSpace
154998266 0 60 46 period
155090271 1 60 46 period
155236670 0 65 32 space
155310787 1 65 32 space
155380351 0 50 0 Shift_L
155419397 0 46 76 L
155485699 1 46 76 L
155498782 1 50 0 Shift_L
155597752 0 38 97 a
155635761 0 31 105 i
155666007 1 38 97 a
155757063 0 57 110 n
155768252 1 31 105 i
155875319 1 57 110 n
155980971 0 65 32 space
156066491 1 65 32 space
156131695 0 44 106 j
156231599 1 44 106 j
156345255 0 30 117 u
156451398 1 30 117 u
156457247 0 39 115 s
156526221 1 39 115 s
156625851 0 28 116 t
156718284 1 28 116 t
156751751 0 65 32 space
156854554 0 38 97 a
156866375 1 65 32 space
156895212 1 38 97 a
156964356 0 41 102 f
157071633 1 41 102 f
157151073 0 38 97 a
157235568 1 38 97 a
157274059 0 54 99 c
157359515 1 54 99 c
157644046 0 22 0 BackSpace
157699509 1 22 0 BackSpace
157766156 0 22 0 BackSpace
157833406 1 22 0 BackSpace
157918737 0 22 0 BackSpace
157987836 1 22 0 BackSpace
158060231 0 22 0 BackSpace
158156751 1 22 0 BackSpace
158237851 0 41 102 f
158275024 0 40 100 d
158284676 1 40 100 d
158293235 1 41 102 f
158475089 0 38 97 a
158576003 1 38 97 a
158699076 0 22 0 BackSpace
158784933 1 22 0 BackSpace
158845714 0 22 0 BackSpace
158930275 0 38 97 a
158950862 1 22 0 BackSpace
159015840 1 38 97 a
159052497 0 54 99 c
159138261 1 54 99 c
159259373 0 28 116 t
159349522 1 28 116 t
159406036 0 65 32 space
159512900 1 65 32 space
159548812 0 41 102 f
159658129 1 41 102 f
159690189 0 32 111 o
159767757 1 32 111 o
159827200 0 30 117 u
159899559 0 27 114 r
159920684 1 30 117 u
160007372 1 27 114 r
160097655 0 65 32 space
160160362 1 65 32 space
160265264 0 32 111 o
160346447 1 32 111 o
160434541 0 41 102 f
160502421 1 41 102 f
160576050 0 65 32 space
160675052 1 65 32 space
160705593 0 38 97 a
160801312 0 58 109 m
160823399 1 38 97 a
160883344 1 58 109 m
160989758 0 65 32 space
161089099 1 65 32 space
161268945 0 58 109 m
161342095 1 58 109 m
161356064 0 26 101 e
161437163 1 26 101 e
161533328 0 26 101 e
161568577 1 26 101 e
161641732 0 28 116 t
161748768 1 28 116 t
161864210 0 60 46 period
161972127 1 60 46 period
162254526 0 22 0 BackSpace
162335759 1 22 0 BackSpace
162366648 0 65 32 space
162455736 1 65 32 space
162560427 0 43 104 h
162642677 1 43 104 h
162742109 0 31 105 i
162814688 1 31 105 i
162849290 0 42 103 g
162926564 0 43 104 h
162951939 1 42 103 g
163016702 1 43 104 h
163218663 0 60 46 period
163335867 1 60 46 period
164103314 0 36 0 Return
164189019 1 36 0 Return
164718248 0 50 0 Shift_L
165046461 0 43 72 H
165094148 1 50 0 Shift_L
165104234 1 43 104 h
165172272 0 26 101 e
165276798 1 26 101 e
165295273 0 65 32 space
165403556 1 65 32 space
165412755 0 40 100 d
165490446 1 40 100 d
165514448 0 32 111 o
165581977 1 32 111 o
165690333 0 65 32 space
165776894 1 65 32 space
165785127 0 39 115 s
165901983 1 39 115 s
165964355 0 30 117 u
166060008 1 30 117 u
166144840 0 56 98 b
166231872 1 56 98 b
166586427 0 44 106 j
166671276 1 44 106 j
166846667 0 26 101 e
166951868 1 26 101 e
167106847 0 54 99 c
167154231 1 54 99 c
167266396 0 28 116 t
167355397 1 28 116 t
167480536 0 39 115 s
167584391 1 39 115 s
167592554 0 65 32 space
167690524 1 65 32 space
167882487 0 33 112 p
167983181 1 33 112 p
168053887 0 27 114 r
168166343 0 26 101 e
168199712 1 27 114 r
168284194 1 26 101 e
168394054 0 33 112 p
168494899 1 33 112 p
168514636 0 38 97 a
168620275 1 38 97 a
168666360 0 27 114 r
168775920 0 26 101 e
168801204 1 27 114 r
168906638 1 26 101 e
168952611 0 40 100 d
169046706 1 40 100 d
169052700 0 65 32 space
169122859 1 65 32 space
169327901 0 56 98 b
169441617 1 56 98 b
169461677 0 38 97 a
169569251 1 38 97 a
169592583 0 54 99 c
169672259 0 43 104 h
169724713 1 54 99 c
169746699 1 43 104 h
169851375 0 26 101 e
169939256 1 26 101 e
169956920 0 46 108 l
170016325 1 46 108 l
170110332 0 32 111 o
170179277 1 32 111 o
170195305 0 27 114 r
170299017 1 27 114 r
170341635 0 65 32 space
170432159 1 65 32 space
170521121 0 44 106 j
170608669 1 44 106 j
170710575 0 30 117 u
170805678 1 30 117 u
170857790 0 55 118 v
170958405 1 55 118 v
171014589 0 31 105 i
171091225 1 31 105 i
171247830 0 57 110 n
171295547 1 57 110 n
171511452 0 22 0 BackSpace
171578092 1 22 0 BackSpace
171622521 0 22 0 BackSpace
171693417 1 22 0 BackSpace
171740772 0 26 101 e
171842804 1 26 101 e
171882813 0 57 110 n
171948872 1 57 110 n
172050965 0 31 105 i
172158922 0 57 110 n
172181947 1 31 105 i
172302509 1 57 110 n
172687875 0 22 0 BackSpace
172765648 1 22 0 BackSpace
172883439 0 46 108 l
172954060 1 46 108 l
172996782 0 26 101 e
173090517 1 26 101 e
173140950 0 65 32 space
173242495 1 65 32 space
173686727 0 29 121 y
173747947 1 29 121 y
173783815 0 26 101 e
173860045 1 26 101 e
174058135 0 65 32 space
174173174 1 65 32 space
174336748 0 32 111 o
174418252 1 32 111 o
174570067 0 43 104 h
174684567 1 43 104 h
174877703 0 60 46 period
174962422 1 60 46 period
175054383 0 36 0 Return
175153834 1 36 0 Return
176750402 0 50 0 Shift_L
176848789 0 26 69 E
176915665 1 50 0 Shift_L
176944225 1 26 101 e
177044929 0 55 118 v
177148093 1 55 118 v
177201907 0 26 101 e
177252140 0 31 105 i
177316388 1 26 101 e
177336892 0 57 110 n
177386417 1 31 105 i
177458362 1 57 110 n
177505078 0 42 103 g
177579990 0 31 105 i
177597845 1 42 103 g
177683423 0 57 110 n
177697287 1 31 105 i
177807400 1 57 110 n
178120998 0 22 0 BackSpace
178178764 1 22 0 BackSpace
178259835 0 22 0 BackSpace
178310980 1 22 0 BackSpace
178393293 0 22 0 BackSpace
178456489 1 22 0 BackSpace
178549597 0 22 0 BackSpace
178622760 1 22 0 BackSpace
178775196 0 22 0 BackSpace
178878143 1 22 0 BackSpace
179082208 0 57 110 n
179140397 1 57 110 n
179279566 0 31 105 i
179342336 0 57 110 n
179401597 1 31 105 i
179475554 1 57 110 n
179481764 0 42 103 g
179580771 1 42 103 g
179603581 0 65 32 space
179695762 1 65 32 space
179770893 0 40 100 d
179831412 0 32 111 o
179869924 1 40 100 d
179907144 1 32 111 o
180019930 0 65 32 space
180081377 1 65 32 space
180094259 0 41 102 f
180197716 1 41 102 f
180211042 0 32 111 o
180291626 1 32 111 o
180306153 0 27 114 r
180424372 1 27 114 r
180429570 0 58 109 m
180488094 1 58 109 m
180590368 0 31 105 i
180698396 0 57 110 n
180726751 1 31 105 i
180814068 1 57 110 n
180831828 0 42 103 g
180931049 1 42 103 g
180969059 0 65 32 space
181078458 1 65 32 space
181346110 0 32 111 o
181425053 1 32 111 o
181539470 0 56 98 b
181629081 1 56 98 b
182085552 0 39 115 s
182159248 1 39 115 s
182259264 0 26 101 e
182365579 0 27 114 r
182392976 1 26 101 e
182459232 1 27 114 r
182581978 0 55 118 v
182669738 1 55 118 v
182747636 0 26 101 e
182862268 1 26 101 e
182938832 0 65 32 space
183060554 1 65 32 space
183500449 0 39 115 s
183580459 1 39 115 s
183599309 0 33 112 p
183693729 1 33 112 p
183799640 0 31 105 i
183896204 1 31 105 i
183920621 0 27 114 r
184000938 1 27 114 r
184051983 0 31 105 i
184172453 1 31 105 i
184262767 0 28 116 t
184340439 1 28 116 t
184512321 0 39 115 s
184616732 1 39 115 s
184631324 0 65 32 space
184715110 1 65 32 space
184798316 0 31 105 i
184905022 1 31 105 i
184924702 0 39 115 s
185034946 1 39 115 s
185088046 0 65 32 space
185143478 1 65 32 space
185269496 0 31 105 i
185381764 0 57 110 n
185393872 1 31 105 i
185482134 1 57 110 n
185706026 0 60 46 period
185793124 1 60 46 period
185931913 0 65 32 space
186020313 1 65 32 space
186026951 0 50 0 Shift_L
186138589 0 54 67 C
186176850 1 50 0 Shift_L
186195449 0 32 111 o
186258442 1 32 111 o
186266826 1 54 99 c
186441758 0 30 117 u
186536422 0 57 110 n
186563793 1 30 117 u
186623724 0 28 116 t
186673191 1 57 110 n
186707904 1 28 116 t
186818274 0 27 114 r
186944840 1 27 114 r
186951037 0 29 121 y
187065696 1 29 121 y
187158021 0 65 32 space
187262223 1 65 32 space
187350973 0 43 104 h
187462118 1 43 104 h
187478510 0 26 101 e
187573980 0 38 97 a
187668751 0 27 114 r
187680476 1 26 101 e
187697391 1 38 97 a
187786754 1 27 114 r
187891403 0 28 116 t
187968651 1 28 116 t
188049837 0 26 101 e
188197569 1 26 101 e
188206475 0 40 100 d
188266743 0 65 32 space
188279133 1 40 100 d
188356205 1 65 32 space
188431650 0 56 98 b
188549429 0 26 101 e
188560884 1 56 98 b
188643115 1 26 101 e
188658112 0 65 32 space
188729019 1 65 32 space
188835953 0 32 111 o
188909412 0 41 102 f
188921182 1 32 111 o
189005348 1 41 102 f
189042382 0 65 32 space
189121744 1 65 32 space
189197144 0 44 106 j
189294119 1 44 106 j
189386165 0 30 117 u
189469556 0 39 115 s
189481683 1 30 117 u
189557756 1 39 115 s
189653798 0 28 116 t
189739422 1 28 116 t
189811731 0 31 105 i
189922471 1 31 105 i
190014774 0 54 99 c
190163089 1 54 99 c
190173729 0 26 101 e
190270156 1 26 101 e
190350854 0 65 32 space
190461628 1 65 32 space
190502701 0 39 115 s
190580257 1 39 115 s
190680460 0 26 101 e
190716990 0 57 110 n
190744199 1 26 101 e
190823218 1 57 110 n
190870942 0 40 100 d
190952092 1 40 100 d
190967348 0 31 105 i
191070584 0 57 110 n
191121567 1 31 105 i
191199782 0 42 103 g
191226618 1 57 110 n
191330198 1 42 103 g
191465065 0 60 46 period
191556205 1 60 46 period
191675632 0 65 32 space
191777877 1 65 32 space
191816456 0 50 0 Shift_L
191892010 0 32 79 O
191952970 1 32 79 O
191980546 1 50 0 Shift_L
192063621 0 57 110 n
192147370 1 57 110 n
192239847 0 65 32 space
192310369 1 65 32 space
192358694 0 39 115 s
192416933 0 32 111 o
192463386 1 39 115 s
192492574 1 32 111 o
192603762 0 65 32 space
192692073 1 65 32 space
192722278 0 28 116 t
192822834 1 28 116 t
192830105 0 43 104 h
192955230 1 43 104 h
192975227 0 26 101 e
193095038 1 26 101 e
193264947 0 29 121 y
193380397 1 29 121 y
193575643 0 65 32 space
193709402 1 65 32 space
193938217 0 38 97 a
194041910 0 39 115 s
194079021 1 38 97 a
194149393 1 39 115 s
194172662 0 65 32 space
194281433 1 65 32 space
194328625 0 25 119 w
194416893 1 25 119 w
194430036 0 31 105 i
194538698 1 31 105 i
194591447 0 28 116 t
194675067 0 43 104 h
194696389 1 28 116 t
194771637 1 43 104 h
194892564 0 65 32 space
194985532 1 65 32 space
194998841 0 27 114 r
195094364 1 27 114 r
195103249 0 32 111 o
195167885 1 32 111 o
195248865 0 32 111 o
195359499 1 32 111 o
195370806 0 58 109 m
195469884 1 58 109 m
195591230 0 65 32 space
195713581 1 65 32 space
195950947 0 54 99 c
196008354 0 32 111 o
196055450 1 54 99 c
196110389 1 32 111 o
196204317 0 46 108 l
196296299 1 46 108 l
196321598 0 40 100 d
196428274 1 40 100 d
196526859 0 60 46 period
196643225 1 60 46 period
196995737 0 22 0 BackSpace
197081409 1 22 0 BackSpace
197118138 0 65 32 space
197209210 1 65 32 space
197492208 0 29 121 y
197609947 1 29 121 y
197623731 0 26 101 e
197730213 1 26 101 e
197846083 0 60 46 period
197916569 1 60 46 period
198088320 0 36 0 Return
198170144 1 36 0 Return
198638813 0 50 0 Shift_L
199057777 0 56 66 B
199118906 1 50 0 Shift_L
199141259 1 56 98 b
199203953 0 26 101 e
199281059 1 26 101 e
199287623 0 65 32 space
199389905 1 65 32 space
199430843 0 54 99 c
199505119 1 54 99 c
199555809 0 38 97 a
199654773 1 38 97 a
199661727 0 46 108 l
199728872 1 46 108 l
199815035 0 46 108 l
199878630 1 46 108 l
199964940 0 65 32 space
200049401 1 65 32 space
200110766 0 41 102 f
200188760 0 32 111 o
200203484 1 41 102 f
200264720 1 32 111 o
200336392 0 30 117 u
200437067 0 27 114 r
200454354 1 30 117 u
200545317 1 27 114 r
200607851 0 65 32 space
200680424 1 65 32 space
200763349 0 56 98 b
200856294 1 56 98 b
200978676 0 29 121 y
201087782 1 29 121 y
201474989 0 22 0 BackSpace
201540993 1 22 0 BackSpace
201600112 0 22 0 BackSpace
201685100 1 22 0 BackSpace
201821840 0 58 109 m
201902180 1 58 109 m
202072693 0 29 121 y
202179073 1 29 121 y
202301844 0 65 32 space
202396549 1 65 32 space
202435716 0 25 119 w
202525517 1 25 119 w
202591806 0 26 101 e
202688151 1 26 101 e
202693987 0 57 110 n
202798702 1 57 110 n
202886843 0 28 116 t
202971312 1 28 116 t
203029848 0 65 32 space
203103618 1 65 32 space
203238079 0 58 109 m
203320033 1 58 109 m
203421932 0 26 101 e
203514883 1 26 101 e
203618405 0 38 97 a
203711262 1 38 97 a
203816969 0 58 109 m
203861829 1 58 109 m
204315970 0 22 0 BackSpace
204389425 1 22 0 BackSpace
204549756 0 57 110 n
204627097 1 57 110 n
204798904 0 60 46 period
204874110 1 60 46 period
205009415 0 65 32 space
205110434 1 65 32 space
205116252 0 50 0 Shift_L
205257466 0 54 67 C
205301765 1 50 0 Shift_L
205385020 1 54 99 c
205398208 0 26 101 e
205494014 1 26 101 e
205508467 0 46 108 l
205588245 1 46 108 l
205614844 0 26 101 e
205705512 1 26 101 e
205813858 0 56 98 b
205909639 1 56 98 b
205930560 0 27 114 r
206024431 1 27 114 r
206092066 0 38 97 a
206193874 1 38 97 a
206241734 0 28 116 t
206348998 1 28 116 t
206354644 0 26 101 e
206487361 1 26 101 e
206514296 0 40 100 d
206605691 0 65 32 space
206617262 1 40 100 d
206670880 1 65 32 space
206742822 0 31 105 i
206830285 0 41 102 f
206842646 1 31 105 i
206926761 1 41 102 f
206958075 0 65 32 space
207033488 1 65 32 space
207165743 0 27 114 r
207295023 0 26 101 e
207324952 1 27 114 r
207403816 1 26 101 e
207445752 0 58 109 m
207515250 1 58 109 m
207582491 0 38 97 a
207677230 1 38 97 a
207857894 0 27 114 r
207944521 1 27 114 r
208420374 0 45 107 k
208558705 1 45 107 k
208937780 0 38 97 a
209034523 1 38 97 a
209046550 0 56 98 b
209171709 1 56 98 b
209336264 0 46 108 l
209415076 1 46 108 l
209683343 0 29 121 y
209800339 1 29 121 y
209931463 0 65 32 space
210002441 0 26 101 e
210040051 1 65 32 space
210063071 1 26 101 e
210184973 0 39 115 s
210256869 1 39 115 s
210292462 0 33 112 p
210376409 1 33 112 p
210447646 0 54 99 c
210542750 0 26 101 e
210587422 1 54 99 c
210671801 1 26 101 e
210692649 0 31 105 i
210791086 1 31 105 i
210869326 0 38 97 a
210946957 1 38 97 a
210989421 0 46 108 l
211036902 1 46 108 l
211106602 0 46 108 l
211218999 1 46 108 l
211466249 0 29 121 y
211577985 1 29 121 y
211690842 0 65 32 space
211796753 1 65 32 space
211833137 0 38 97 a
211943188 1 38 97 a
211949582 0 57 110 n
212046349 1 57 110 n
212261424 0 60 46 period
212355569 1 60 46 period
212558783 0 65 32 space
212657915 1 65 32 space
212678123 0 50 0 Shift_L
213021130 0 42 71 G
213065756 1 50 0 Shift_L
213098045 1 42 103 g
213183330 0 32 111 o
213243462 1 32 111 o
213377522 0 31 105 i
213451999 0 57 110 n
213467721 1 31 105 i
213552709 0 42 103 g
213574141 1 57 110 n
213674060 1 42 103 g
213703717 0 65 32 space
213793298 1 65 32 space
213823946 0 26 101 e
213914265 1 26 101 e
214016758 0 38 97 a
214077582 1 38 97 a
214141079 0 28 116 t
214223142 1 28 116 t
214229526 0 65 32 space
214327583 1 65 32 space
214375126 0 39 115 s
214449389 1 39 115 s
214531419 0 26 101 e
214601947 1 26 101 e
214669574 0 28 116 t
214754809 1 28 116 t
214760041 0 65 32 space
214850180 1 65 32 space
214960559 0 39 115 s
215058624 1 39 115 s
215121328 0 43 104 h
215220535 1 43 104 h
215237422 0 26 101 e
215325657 1 26 101 e
215369341 0 65 32 space
215456855 1 65 32 space
215558206 0 56 98 b
215642345 1 56 98 b
215769044 0 32 111 o
215824088 1 32 111 o
215908902 0 32 111 o
215977032 1 32 111 o
216003067 0 45 107 k
216108114 1 45 107 k
216152901 0 39 115 s
216260393 1 39 115 s
216300905 0 65 32 space
216394058 1 65 32 space
216432220 0 41 102 f
216529519 1 41 102 f
216556408 0 32 111 o
216640728 1 32 111 o
216730167 0 30 117 u
216832054 1 30 117 u
216962406 0 57 110 n
217039234 1 57 110 n
217059817 0 40 100 d
217162095 1 40 100 d
217182594 0 65 32 space
217286302 1 65 32 space
217359656 0 58 109 m
217431517 0 26 101 e
217481203 1 58 109 m
217532582 1 26 101 e
217581447 0 28 116 t
217694598 1 28 116 t
217711860 0 65 32 space
217832047 0 38 97 a
217844150 1 65 32 space
217944367 1 38 97 a
217976632 0 25 119 w
218052476 1 25 119 w
218157276 0 38 97 a
218275059 1 38 97 a
218280236 0 27 114 r
218443237 1 27 114 r
218449957 0 26 101 e
218572723 1 26 101 e
218774641 0 60 46 period
218860978 1 60 46 period
219238929 0 36 0 Return
10
Throwing consider dwelling bachelor joy her proposal laughter. Raptures returned disposed one entirely her men ham.
By to admire vanity county an mutual as roused. Of an thrown am warmly merely result depart supply.
Required honoured trifling eat pleasure man relation. Assurance yet bed was improving furniture man.
Distrusts delighted she listening mrs extensive admitting far.  Full he none no side. Uncommonly surrounded considered for him are its.
It we is read good soon. My to considered delightful invitation announcing of no decisively boisterous.
Did add dashwoods deficient man concluded additions resources. Or landlord packages overcame distance smallest in recurred.
Wrong maids or be asked no on enjoy. Household few sometimes out attending described. Lain just fact four of am meet high.
He do subjects prepared bachelor juvenile ye oh.
Evening do forming observe spirits is in. Country hearted be of justice sending. On so they as with room cold ye.
Be call four my went mean. Celebrated if remarkably espceially an. Going eat set she books found met aware.
