magnus
2014-09-21 07:37:59.638973
10
Throwing consider dwelling bachelor joy her proposal laughter. Raptures returned disposed one entirely her men ham.
By to admire vanity county an mutual as roused. Of an thrown am warmly merely result depart supply.
Required honoured trifling eat pleasure man relation. Assurance yet bed was improving furniture man.
Distrusts delighted she listening mrs extensive admitting far.  Full he none no side. Uncommonly surrounded considered for him are its.
It we is read good soon. My to considered delightful invitation announcing of no decisively boisterous.
Did add dashwoods deficient man concluded additions resources. Or landlord packages overcame distance smallest in recurred.
Wrong maids or be asked no on enjoy. Household few sometimes out attending described. Lain just fact four of am meet high.
He do subjects prepared bachelor juvenile ye oh. He feelings removing informed he as ignorant we prepared.
Evening do forming observe spirits is in. Country hearted be of justice sending. On so they as with room cold ye.
Be call four my went mean. Celebrated if remarkably especially an. Going eat set she books found met aware.
813750 0 50 0 Shift_L
1167426 0 28 84 T
1321126 1 28 84 T
1350332 1 50 0 Shift_L
1412614 0 43 104 h
1541299 1 43 104 h
1693376 0 27 114 r
1771208 1 27 114 r
1993482 0 32 111 o
2134532 1 32 111 o
2304021 0 25 119 w
2407082 1 25 119 w
2491543 0 31 105 i
2641540 0 57 110 n
2710172 1 31 105 i
2812290 1 57 110 n
2884856 0 42 103 g
3005969 1 42 103 g
3074772 0 65 32 space
3189544 1 65 32 space
3306647 0 54 99 c
3417661 1 54 99 c
3453869 0 32 111 o
3551486 1 32 111 o
3752950 0 57 110 n
3811669 1 57 110 n
3858816 0 39 115 s
3968961 1 39 115 s
3994437 0 31 105 i
4129797 1 31 105 i
4191585 0 40 100 d
4312059 0 26 101 e
4324157 1 40 100 d
4473219 0 27 114 r
4553120 1 26 101 e
4611454 1 27 114 r
4632651 0 65 32 space
4735418 1 65 32 space
4915169 0 40 100 d
5036315 1 40 100 d
5157195 0 25 119 w
5257308 1 25 119 w
5348928 0 26 101 e
5457978 1 26 101 e
5620017 0 46 108 l
5680948 1 46 108 l
5748516 0 46 108 l
5810822 1 46 108 l
6184080 0 31 105 i
6373599 1 31 105 i
6443856 0 42 103 g
6588059 1 42 103 g
6792597 0 57 110 n
6849704 1 57 110 n
7418237 0 22 0 BackSpace
7509030 1 22 0 BackSpace
7525218 0 22 0 BackSpace
7608269 1 22 0 BackSpace
7892572 0 57 110 n
7986604 1 57 110 n
8034336 0 42 103 g
8176589 1 42 103 g
8191132 0 65 32 space
8279201 1 65 32 space
8355970 0 56 98 b
8467508 1 56 98 b
8511662 0 38 97 a
8620238 1 38 97 a
8677565 0 54 99 c
8743028 0 43 104 h
8808175 1 54 99 c
8854318 1 43 104 h
8930186 0 26 101 e
9031720 1 26 101 e
9063300 0 46 108 l
9146063 1 46 108 l
9599742 0 32 111 o
9653904 1 32 111 o
9898417 0 27 114 r
10023901 1 27 114 r
10155453 0 65 32 space
10208292 1 65 32 space
10378860 0 44 106 j
10476529 1 44 106 j
10635720 0 32 111 o
10709028 1 32 111 o
11016224 0 29 121 y
11130280 1 29 121 y
11309420 0 65 32 space
11433434 1 65 32 space
11532812 0 43 104 h
11628927 0 26 101 e
11640276 1 43 104 h
11729182 0 27 114 r
11795257 0 65 32 space
11806850 1 26 101 e
11864916 1 27 114 r
11896580 1 65 32 space
12105558 0 33 112 p
12213664 1 33 112 p
12217052 0 27 114 r
12373304 1 27 114 r
13087793 0 32 111 o
13218613 1 32 111 o
13426868 0 33 112 p
13537256 1 33 112 p
13682459 0 32 111 o
13756775 1 32 111 o
14090836 0 39 115 s
14215144 1 39 115 s
14239108 0 38 97 a
14386756 1 38 97 a
14460212 0 46 108 l
14572313 1 46 108 l
14759581 0 65 32 space
14848184 1 65 32 space
14982605 0 46 108 l
15062837 1 46 108 l
15072465 0 38 97 a
15215061 1 38 97 a
15245782 0 31 105 i
15363793 1 31 105 i
15393411 0 42 103 g
15491352 1 42 103 g
15509508 0 43 104 h
15634365 1 43 104 h
15655298 0 28 116 t
15761979 1 28 116 t
15999741 0 22 0 BackSpace
16042979 1 22 0 BackSpace
16135673 0 22 0 BackSpace
16152521 1 22 0 BackSpace
16258426 0 22 0 BackSpace
16312976 1 22 0 BackSpace
16408351 0 22 0 BackSpace
16471074 1 22 0 BackSpace
16747625 0 30 117 u
16875111 1 30 117 u
16909571 0 42 103 g
17083201 1 42 103 g
17172747 0 43 104 h
17344898 1 43 104 h
18353664 0 28 116 t
18437866 1 28 116 t
18591811 0 26 101 e
18676568 0 27 114 r
18751430 1 26 101 e
18817027 1 27 114 r
18897997 0 60 46 period
19011812 1 60 46 period
19247029 0 65 32 space
19396366 1 65 32 space
19401209 0 50 0 Shift_L
19540831 0 27 82 R
19658593 1 50 0 Shift_L
19686233 1 27 114 r
19973476 0 38 97 a
20117995 1 38 97 a
20233964 0 33 112 p
20299677 1 33 112 p
20502605 0 28 116 t
20621149 1 28 116 t
20807810 0 27 114 r
20871234 1 27 114 r
21288937 0 22 0 BackSpace
21367762 1 22 0 BackSpace
21593824 0 30 117 u
21713455 1 30 117 u
21737854 0 27 114 r
21864158 0 26 101 e
21894210 1 27 114 r
21986363 1 26 101 e
22168862 0 39 115 s
22288575 1 39 115 s
22454823 0 65 32 space
22570503 1 65 32 space
22587833 0 27 114 r
22685756 0 26 101 e
22741134 1 27 114 r
22780766 1 26 101 e
22889477 0 28 116 t
22964025 1 28 116 t
23007971 0 30 117 u
23128323 1 30 117 u
23158928 0 27 114 r
23277452 1 27 114 r
23326634 0 57 110 n
23429635 1 57 110 n
23496880 0 26 101 e
23669932 1 26 101 e
23717396 0 40 100 d
23817904 0 65 32 space
23829858 1 40 100 d
23887350 1 65 32 space
23995149 0 40 100 d
24097437 1 40 100 d
24217909 0 31 105 i
24331509 1 31 105 i
24439133 0 39 115 s
24581368 1 39 115 s
24598984 0 33 112 p
24701844 1 33 112 p
24875468 0 32 111 o
25046831 1 32 111 o
25436232 0 39 115 s
25566623 1 39 115 s
25689951 0 26 101 e
25846091 1 26 101 e
25912578 0 40 100 d
26004256 1 40 100 d
26036756 0 65 32 space
26128419 1 65 32 space
26309629 0 32 111 o
26402670 1 32 111 o
27042605 0 57 110 n
27161653 1 57 110 n
27287373 0 26 101 e
27452947 1 26 101 e
27571083 0 65 32 space
27688811 1 65 32 space
28029591 0 26 101 e
28189028 1 26 101 e
28195217 0 57 110 n
28280779 1 57 110 n
28479158 0 31 105 i
28580909 1 31 105 i
28683299 0 28 116 t
28791786 1 28 116 t
29146287 0 22 0 BackSpace
29246259 1 22 0 BackSpace
29317786 0 22 0 BackSpace
29386342 1 22 0 BackSpace
29775094 0 28 116 t
29889070 1 28 116 t
29976380 0 31 105 i
30097568 1 31 105 i
30178624 0 27 114 r
30322259 0 26 101 e
30353249 1 27 114 r
30467961 1 26 101 e
30640193 0 46 108 l
30758498 1 46 108 l
31240767 0 29 121 y
31368244 1 29 121 y
31553022 0 65 32 space
31667392 1 65 32 space
32261798 0 43 104 h
32367905 1 43 104 h
32413223 0 26 101 e
32608721 0 27 114 r
32664018 1 26 101 e
32754330 1 27 114 r
32839546 0 65 32 space
32975069 1 65 32 space
33137644 0 58 109 m
33231715 1 58 109 m
33276920 0 26 101 e
33397495 0 57 110 n
33412462 1 26 101 e
33476102 1 57 110 n
33562322 0 65 32 space
33681974 1 65 32 space
33768218 0 43 104 h
33875871 1 43 104 h
33907855 0 38 97 a
34051673 1 38 97 a
34184655 0 58 109 m
34309724 1 58 109 m
34667309 0 60 46 period
34879234 1 60 46 period
36216130 0 36 0 Return
36378075 1 36 0 Return
36726358 0 50 0 Shift_L
36961851 0 56 66 B
37087604 1 56 66 B
37098229 1 50 0 Shift_L
37233735 0 29 121 y
37353791 1 29 121 y
37482708 0 65 32 space
37562254 1 65 32 space
37608748 0 28 116 t
37709343 1 28 116 t
37718965 0 32 111 o
37798262 1 32 111 o
37934158 0 65 32 space
38014965 1 65 32 space
38046083 0 38 97 a
38185793 1 38 97 a
38192226 0 40 100 d
38304458 0 58 109 m
38316994 1 40 100 d
38389811 1 58 109 m
38506885 0 31 105 i
38633340 1 31 105 i
38709036 0 27 114 r
38832602 0 26 101 e
38893127 1 27 114 r
38997791 1 26 101 e
39049450 0 65 32 space
39163258 1 65 32 space
39496340 0 55 118 v
39600067 1 55 118 v
39669265 0 38 97 a
39774207 0 57 110 n
39795055 1 38 97 a
39861496 1 57 110 n
39973814 0 31 105 i
40087404 1 31 105 i
40123343 0 28 116 t
40237179 1 28 116 t
40401983 0 29 121 y
40533151 1 29 121 y
40722269 0 65 32 space
40818851 1 65 32 space
40931988 0 54 99 c
41045256 0 32 111 o
41056266 1 54 99 c
41079070 1 32 111 o
41331402 0 30 117 u
41502836 1 30 117 u
41522934 0 57 110 n
41624724 0 28 116 t
41644336 1 57 110 n
41748411 1 28 116 t
41937209 0 26 101 e
41960199 1 26 101 e
42570753 0 22 0 BackSpace
42683422 1 22 0 BackSpace
43182785 0 29 121 y
43317506 1 29 121 y
43568309 0 65 32 space
43691330 1 65 32 space
44030767 0 38 97 a
44158021 0 57 110 n
44197655 1 38 97 a
44280287 1 57 110 n
44343614 0 65 32 space
44459633 1 65 32 space
44547370 0 58 109 m
44659828 1 58 109 m
44811042 0 30 117 u
44942780 1 30 117 u
44998249 0 28 116 t
45087201 1 28 116 t
45395999 0 30 117 u
45537780 1 30 117 u
45730721 0 38 97 a
45872908 0 46 108 l
45883516 1 38 97 a
45989115 1 46 108 l
46111131 0 65 32 space
46216063 1 65 32 space
46276333 0 38 97 a
46451128 0 39 115 s
46482502 1 38 97 a
46590770 1 39 115 s
46598902 0 65 32 space
46700591 1 65 32 space
46821809 0 27 114 r
46950191 0 32 111 o
46962223 1 27 114 r
47029860 1 32 111 o
47179495 0 30 117 u
47287069 1 30 117 u
47349748 0 39 115 s
47449655 1 39 115 s
47540980 0 26 101 e
47688022 1 26 101 e
47726878 0 40 100 d
47852046 1 40 100 d
47988071 0 60 46 period
48120097 1 60 46 period
48400321 0 65 32 space
48510303 1 65 32 space
48648323 0 50 0 Shift_L
48771308 0 32 79 O
48887714 1 32 79 O
48933986 1 50 0 Shift_L
49066615 0 41 102 f
49160383 1 41 102 f
49172363 0 65 32 space
49299339 1 65 32 space
49385503 0 38 97 a
49521368 0 57 110 n
49532641 1 38 97 a
49622681 1 57 110 n
49722571 0 65 32 space
49850039 1 65 32 space
50075160 0 28 116 t
50194278 1 28 116 t
50200929 0 43 104 h
50298926 1 43 104 h
50508844 0 32 111 o
50595525 1 32 111 o
50915176 0 22 0 BackSpace
50991948 1 22 0 BackSpace
51074608 0 27 114 r
51183087 1 27 114 r
51193588 0 32 111 o
51318544 1 32 111 o
51471724 0 25 119 w
51580326 1 25 119 w
51854981 0 57 110 n
51951352 1 57 110 n
52253939 0 65 32 space
52372301 1 65 32 space
52896908 0 38 97 a
53036779 1 38 97 a
53160640 0 58 109 m
53228871 1 58 109 m
53429728 0 65 32 space
53571866 1 65 32 space
53846382 0 25 119 w
53935664 1 25 119 w
53999073 0 38 97 a
54106952 1 38 97 a
54233617 0 27 114 r
54332659 1 27 114 r
54371669 0 58 109 m
54441531 1 58 109 m
54806019 0 46 108 l
54949428 1 46 108 l
55568593 0 29 121 y
55720805 1 29 121 y
55876455 0 65 32 space
55946803 1 65 32 space
56091658 0 58 109 m
56205485 0 26 101 e
56219901 1 58 109 m
56324592 0 27 114 r
56387639 1 26 101 e
56483435 0 26 101 e
56509720 1 27 114 r
56628486 0 46 108 l
56640060 1 26 101 e
56754208 1 46 108 l
57174067 0 29 121 y
57313243 1 29 121 y
57457025 0 65 32 space
57555361 0 27 114 r
57566927 1 65 32 space
57627393 0 26 101 e
57699355 1 27 114 r
57771833 1 26 101 e
57858423 0 39 115 s
57997507 0 30 117 u
58028753 1 39 115 s
58121002 1 30 117 u
58285754 0 46 108 l
58362564 1 46 108 l
58400925 0 28 116 t
58516319 1 28 116 t
58549757 0 65 32 space
58642438 1 65 32 space
58782599 0 40 100 d
58909494 1 40 100 d
59303640 0 26 101 e
59441839 1 26 101 e
59569107 0 33 112 p
59701032 1 33 112 p
59743898 0 38 97 a
59847177 1 38 97 a
59885429 0 27 114 r
60001917 1 27 114 r
60112439 0 28 116 t
60198254 1 28 116 t
60491944 0 65 32 space
60607281 1 65 32 space
60719398 0 39 115 s
60851559 0 30 117 u
60883008 1 39 115 s
60948356 1 30 117 u
61156616 0 33 112 p
61214591 1 33 112 p
61304179 0 33 112 p
61368955 1 33 112 p
61522366 0 46 108 l
61653115 1 46 108 l
62194849 0 29 121 y
62299077 1 29 121 y
62595872 0 60 46 period
62705289 1 60 46 period
62927497 0 36 0 Return
63049933 1 36 0 Return
63654638 0 50 0 Shift_L
64191422 0 27 82 R
64256546 1 50 0 Shift_L
64349854 1 27 114 r
64412157 0 26 101 e
64535084 1 26 101 e
64664648 0 24 113 q
64774877 1 24 113 q
64940872 0 30 117 u
65028805 1 30 117 u
65204448 0 31 105 i
65283332 1 31 105 i
65349940 0 27 114 r
65439269 0 26 101 e
65470041 1 27 114 r
65552333 1 26 101 e
65672611 0 40 100 d
65774628 1 40 100 d
65862845 0 65 32 space
65956325 1 65 32 space
66444505 0 32 111 o
66548961 1 32 111 o
66816380 0 22 0 BackSpace
66936643 1 22 0 BackSpace
67535221 0 44 106 j
67632509 1 44 106 j
67752651 0 32 111 o
67855032 1 32 111 o
67958703 0 57 110 n
68055667 1 57 110 n
68214223 0 32 111 o
68343711 1 32 111 o
68501416 0 30 117 u
68628655 1 30 117 u
69495806 0 27 114 r
69644519 1 27 114 r
69818068 0 26 101 e
69938966 1 26 101 e
69986551 0 40 100 d
70085483 1 40 100 d
70607827 0 65 32 space
70723843 1 65 32 space
70893506 0 28 116 t
71003089 1 28 116 t
71104083 0 27 114 r
71224709 1 27 114 r
71309958 0 31 105 i
71449151 1 31 105 i
71555939 0 41 102 f
71680854 1 41 102 f
71719329 0 46 108 l
71832367 1 46 108 l
71989143 0 31 105 i
72148566 0 57 110 n
72219672 1 31 105 i
72234491 0 42 103 g
72287083 1 57 110 n
72347725 1 42 103 g
72443013 0 65 32 space
72535862 0 26 101 e
72556595 1 65 32 space
72644011 1 26 101 e
72751574 0 38 97 a
72854508 1 38 97 a
72968189 0 28 116 t
73065488 0 65 32 space
73126519 1 28 116 t
73166083 1 65 32 space
73354388 0 33 112 p
73426811 1 33 112 p
73631431 0 46 108 l
73772417 1 46 108 l
73787826 0 26 101 e
73879316 1 26 101 e
73950548 0 38 97 a
74130244 0 39 115 s
74182848 1 38 97 a
74259960 1 39 115 s
74440972 0 30 117 u
74585307 1 30 117 u
74615175 0 27 114 r
74704168 0 26 101 e
74752949 1 27 114 r
74874138 1 26 101 e
75202809 0 65 32 space
75321969 1 65 32 space
75633160 0 58 109 m
75770433 1 58 109 m
75776664 0 38 97 a
75928753 1 38 97 a
75936313 0 57 110 n
76018449 1 57 110 n
76129345 0 65 32 space
76253661 1 65 32 space
76262150 0 27 114 r
76366787 0 26 101 e
76422856 1 27 114 r
76535763 1 26 101 e
76683054 0 46 108 l
76793179 1 46 108 l
76840873 0 38 97 a
76934941 1 38 97 a
77041261 0 28 116 t
77149681 1 28 116 t
77162581 0 31 105 i
77240446 1 31 105 i
77310770 0 32 111 o
77479419 1 32 111 o
77717091 0 57 110 n
77834279 1 57 110 n
78237078 0 60 46 period
78361199 1 60 46 period
78595503 0 65 32 space
78726936 0 50 0 Shift_L
78744303 1 65 32 space
78857760 0 38 65 A
78942750 1 50 0 Shift_L
78979610 1 38 97 a
79015589 0 39 115 s
79102300 1 39 115 s
79188606 0 39 115 s
79299830 1 39 115 s
79506044 0 31 105 i
79618139 1 31 105 i
80060340 0 22 0 BackSpace
80160407 1 22 0 BackSpace
80446869 0 30 117 u
80591174 1 30 117 u
81134741 0 27 114 r
81237772 1 27 114 r
81385879 0 38 97 a
81546067 1 38 97 a
81598495 0 57 110 n
81739475 1 57 110 n
81762416 0 54 99 c
81876950 0 26 101 e
81914055 1 54 99 c
81991075 1 26 101 e
82075747 0 65 32 space
82166325 1 65 32 space
82486567 0 30 117 u
82622516 1 30 117 u
82780247 0 26 101 e
82848049 1 26 101 e
83027567 0 22 0 BackSpace
83236270 1 22 0 BackSpace
83243897 0 22 0 BackSpace
83335053 1 22 0 BackSpace
83958183 0 22 0 BackSpace
84055003 1 22 0 BackSpace
84318685 0 29 121 y
84412522 1 29 121 y
84480336 0 26 101 e
84672892 1 26 101 e
85145335 0 22 0 BackSpace
85330951 1 22 0 BackSpace
85614724 0 22 0 BackSpace
85740463 1 22 0 BackSpace
85883569 0 65 32 space
86017433 1 65 32 space
86749106 0 29 121 y
86868326 1 29 121 y
86936799 0 26 101 e
87091686 1 26 101 e
87219802 0 28 116 t
87329401 1 28 116 t
87481785 0 65 32 space
87583424 1 65 32 space
87747262 0 56 98 b
87867620 1 56 98 b
87954643 0 26 101 e
88017106 1 26 101 e
88334510 0 40 100 d
88403526 1 40 100 d
88477466 0 65 32 space
88592665 1 65 32 space
88718001 0 25 119 w
88794485 1 25 119 w
88898443 0 38 97 a
89000424 0 39 115 s
89045996 1 38 97 a
89101766 1 39 115 s
89109248 0 65 32 space
89205873 1 65 32 space
89402228 0 32 111 o
89454962 1 32 111 o
89903214 0 22 0 BackSpace
90029879 1 22 0 BackSpace
90267801 0 31 105 i
90388921 0 58 109 m
90406163 1 31 105 i
90502847 1 58 109 m
90629533 0 33 112 p
90725472 1 33 112 p
90832984 0 32 111 o
90956157 1 32 111 o
91322348 0 32 111 o
91480382 1 32 111 o
91677543 0 22 0 BackSpace
91770293 1 22 0 BackSpace
91783658 0 27 114 r
91928766 1 27 114 r
91966431 0 32 111 o
92042500 1 32 111 o
92209541 0 22 0 BackSpace
92244626 1 22 0 BackSpace
92328406 0 22 0 BackSpace
92380855 1 22 0 BackSpace
92458217 0 22 0 BackSpace
92545597 1 22 0 BackSpace
92591165 0 27 114 r
92705659 0 32 111 o
92732352 1 27 114 r
92842225 1 32 111 o
92930473 0 55 118 v
93061019 1 55 118 v
93067203 0 31 105 i
93179996 0 57 110 n
93253870 1 31 105 i
93259778 0 42 103 g
93316421 1 57 110 n
93378933 1 42 103 g
93466222 0 65 32 space
93554243 1 65 32 space
93642510 0 41 102 f
93774125 1 41 102 f
94114319 0 30 117 u
94194841 1 30 117 u
94225509 0 27 114 r
94353628 1 27 114 r
94368859 0 57 110 n
94463381 1 57 110 n
94588240 0 31 105 i
94701501 1 31 105 i
94856877 0 28 116 t
94987228 1 28 116 t
95010001 0 30 117 u
95146171 1 30 117 u
95197287 0 27 114 r
95359211 0 26 101 e
95396071 1 27 114 r
95475909 1 26 101 e
95572631 0 65 32 space
95669008 1 65 32 space
95794318 0 58 109 m
95872732 1 58 109 m
95913895 0 38 97 a
95990334 0 57 110 n
96037177 1 38 97 a
96075196 1 57 110 n
96274237 0 60 46 period
96397409 1 60 46 period
96529752 0 36 0 Return
96653390 1 36 0 Return
99162952 0 50 0 Shift_L
99330901 0 40 68 D
99420275 1 40 68 D
99519254 1 50 0 Shift_L
99763362 0 31 105 i
99912307 1 31 105 i
99920349 0 39 115 s
100036635 1 39 115 s
100165010 0 28 116 t
100246464 1 28 116 t
100539106 0 27 114 r
100690031 1 27 114 r
100952467 0 30 117 u
101071760 1 30 117 u
101442380 0 39 115 s
101565388 1 39 115 s
101691931 0 28 116 t
101775417 1 28 116 t
101940123 0 39 115 s
102072492 1 39 115 s
102166831 0 65 32 space
102221313 1 65 32 space
102439492 0 40 100 d
102529880 0 26 101 e
102592552 1 40 100 d
102677048 1 26 101 e
102688085 0 46 108 l
102766345 1 46 108 l
102938591 0 31 105 i
103077418 1 31 105 i
103102316 0 42 103 g
103225774 1 42 103 g
103272894 0 43 104 h
103367519 1 43 104 h
103455028 0 28 116 t
103558510 1 28 116 t
103696856 0 26 101 e
103831339 1 26 101 e
104032195 0 40 100 d
104166002 1 40 100 d
104181552 0 65 32 space
104297413 1 65 32 space
104361502 0 39 115 s
104460153 1 39 115 s
104466364 0 43 104 h
104560616 1 43 104 h
104608467 0 26 101 e
104707652 1 26 101 e
104801011 0 65 32 space
104869678 1 65 32 space
105035917 0 46 108 l
105120734 1 46 108 l
105241153 0 31 105 i
105371210 1 31 105 i
105405015 0 39 115 s
105493986 1 39 115 s
105605202 0 28 116 t
105692959 0 26 101 e
105742070 1 28 116 t
105816134 1 26 101 e
105829497 0 57 110 n
105923006 1 57 110 n
106019811 0 31 105 i
106139537 0 57 110 n
106203254 1 31 105 i
106241048 0 42 103 g
106262857 1 57 110 n
106372844 1 42 103 g
106976667 0 65 32 space
107081388 1 65 32 space
107208941 0 58 109 m
107329603 1 58 109 m
107411331 0 27 114 r
107526435 1 27 114 r
107723950 0 39 115 s
107853793 1 39 115 s
108201538 0 65 32 space
108309030 1 65 32 space
108366943 0 26 101 e
108470976 1 26 101 e
108622062 0 53 120 x
108733498 1 53 120 x
108882504 0 28 116 t
108990651 1 28 116 t
109035729 0 26 101 e
109160730 1 26 101 e
109241909 0 57 110 n
109365888 1 57 110 n
109393356 0 39 115 s
109513000 1 39 115 s
109634697 0 31 105 i
109752902 1 31 105 i
110054734 0 55 118 v
110179286 1 55 118 v
110336685 0 26 101 e
110416507 1 26 101 e
110559104 0 65 32 space
110707538 1 65 32 space
111016766 0 38 97 a
111137266 0 40 100 d
111148945 1 38 97 a
111248386 1 40 100 d
111294333 0 58 109 m
111392102 1 58 109 m
111508978 0 31 105 i
111618262 1 31 105 i
111805349 0 28 116 t
111911125 1 28 116 t
111983842 0 28 116 t
112102378 1 28 116 t
112146601 0 31 105 i
112282460 0 57 110 n
112335699 1 31 105 i
112448968 1 57 110 n
112467257 0 42 103 g
112616894 1 42 103 g
112639333 0 65 32 space
112747232 1 65 32 space
112844965 0 41 102 f
112974269 1 41 102 f
113143225 0 38 97 a
113262875 0 27 114 r
113309947 1 38 97 a
113395274 1 27 114 r
113550043 0 60 46 period
113709784 1 60 46 period
113965071 0 65 32 space
114098296 1 65 32 space
114214735 0 50 0 Shift_L
114370772 1 50 0 Shift_L
114524230 0 65 32 space
114657320 1 65 32 space
114682571 0 50 0 Shift_L
114865516 0 41 70 F
114990471 1 41 70 F
115041189 1 50 0 Shift_L
115200637 0 30 117 u
115296422 1 30 117 u
115516312 0 46 108 l
115583524 1 46 108 l
115672706 0 46 108 l
115754713 1 46 108 l
115907539 0 65 32 space
116028829 1 65 32 space
116179746 0 43 104 h
116230975 1 43 104 h
116283357 0 26 101 e
116416896 1 26 101 e
116426424 0 65 32 space
116546957 1 65 32 space
116635180 0 57 110 n
116740935 1 57 110 n
117029215 0 22 0 BackSpace
117103128 1 22 0 BackSpace
117391236 0 57 110 n
117463942 1 57 110 n
117588503 0 32 111 o
117667780 1 32 111 o
117796035 0 57 110 n
117869600 1 57 110 n
117948668 0 26 101 e
118041787 1 26 101 e
118670439 0 65 32 space
118761111 1 65 32 space
119256948 0 57 110 n
119341700 1 57 110 n
119538344 0 32 111 o
119598244 1 32 111 o
120001798 0 65 32 space
120120139 1 65 32 space
120263766 0 39 115 s
120390368 1 39 115 s
120410332 0 31 105 i
120532344 1 31 105 i
120547113 0 40 100 d
120642005 0 26 101 e
120677409 1 40 100 d
120786514 1 26 101 e
120917366 0 60 46 period
121021454 1 60 46 period
121265862 0 65 32 space
121386376 1 65 32 space
121438819 0 50 0 Shift_L
121652945 0 30 85 U
121745141 1 30 85 U
121769067 1 50 0 Shift_L
121939129 0 57 110 n
122072765 1 57 110 n
122118311 0 54 99 c
122240270 1 54 99 c
122338295 0 32 111 o
122411696 1 32 111 o
122511733 0 58 109 m
122562834 1 58 109 m
122651834 0 58 109 m
122717721 1 58 109 m
122783733 0 32 111 o
122879266 1 32 111 o
122980680 0 57 110 n
123069944 1 57 110 n
123190432 0 46 108 l
123280441 1 46 108 l
123586552 0 29 121 y
123645268 1 29 121 y
124084696 0 65 32 space
124164324 1 65 32 space
124441585 0 39 115 s
124604415 1 39 115 s
124610582 0 30 117 u
124742843 1 30 117 u
124939954 0 27 114 r
125047966 1 27 114 r
125133723 0 27 114 r
125225606 1 27 114 r
125308734 0 32 111 o
125395458 1 32 111 o
125634003 0 30 117 u
125816914 0 57 110 n
125839347 1 30 117 u
125931716 1 57 110 n
126027963 0 40 100 d
126145965 0 26 101 e
126192023 1 40 100 d
126322808 0 40 100 d
126357909 1 26 101 e
126466621 1 40 100 d
126558982 0 65 32 space
126672738 1 65 32 space
126937032 0 54 99 c
127000957 0 32 111 o
127065384 1 54 99 c
127101105 1 32 111 o
127217672 0 57 110 n
127289757 1 57 110 n
127335489 0 39 115 s
127462288 1 39 115 s
127661047 0 31 105 i
127788780 1 31 105 i
127973522 0 40 100 d
128101667 0 26 101 e
128119493 1 40 100 d
128236850 1 26 101 e
128244255 0 27 114 r
128377254 0 26 101 e
128428914 1 27 114 r
128553055 1 26 101 e
128657290 0 40 100 d
128722201 1 40 100 d
129075492 0 65 32 space
129200900 1 65 32 space
129269594 0 41 102 f
129420771 1 41 102 f
129430237 0 32 111 o
129534538 1 32 111 o
129585693 0 27 114 r
129697055 1 27 114 r
129720232 0 65 32 space
129789826 1 65 32 space
129883289 0 43 104 h
129990179 1 43 104 h
130123610 0 31 105 i
130229714 1 31 105 i
130325073 0 58 109 m
130389024 1 58 109 m
130505729 0 65 32 space
130619685 1 65 32 space
130625599 0 38 97 a
130781228 1 38 97 a
130803932 0 27 114 r
130977474 0 26 101 e
131019766 1 27 114 r
131112591 1 26 101 e
131436148 0 65 32 space
131523164 1 65 32 space
131667232 0 30 117 u
131761875 1 30 117 u
131879474 0 28 116 t
131965092 1 28 116 t
132129294 0 39 115 s
132211532 1 39 115 s
132308536 0 22 0 BackSpace
132372340 1 22 0 BackSpace
132457016 0 22 0 BackSpace
132505833 1 22 0 BackSpace
132522546 0 22 0 BackSpace
132650528 1 22 0 BackSpace
132842141 0 31 105 i
132937943 1 31 105 i
132947088 0 28 116 t
133069037 1 28 116 t
133228232 0 39 115 s
133332555 1 39 115 s
133429449 0 60 46 period
133505870 1 60 46 period
133765860 0 36 0 Return
133841810 1 36 0 Return
134952276 0 50 0 Shift_L
135186509 0 30 85 U
135195062 0 31 73 I
135232464 1 31 73 I
135249417 1 30 85 U
135538063 1 50 0 Shift_L
135643855 0 22 0 BackSpace
135715910 1 22 0 BackSpace
135803598 0 22 0 BackSpace
135843322 1 22 0 BackSpace
136132570 0 50 0 Shift_L
136550290 0 31 73 I
136648458 1 31 73 I
136714087 1 50 0 Shift_L
136818257 0 28 116 t
136945328 1 28 116 t
136974601 0 65 32 space
137082907 0 25 119 w
137108441 1 65 32 space
137218851 1 25 119 w
137312505 0 26 101 e
137419353 1 26 101 e
137425175 0 65 32 space
137539621 1 65 32 space
137648712 0 31 105 i
137743786 1 31 105 i
137804826 0 39 115 s
137886376 1 39 115 s
137901589 0 65 32 space
138035097 1 65 32 space
138064090 0 27 114 r
138174357 0 26 101 e
138210180 1 27 114 r
138324580 1 26 101 e
138390430 0 38 97 a
138534922 1 38 97 a
138573071 0 40 100 d
138689261 1 40 100 d
138756208 0 65 32 space
138877946 1 65 32 space
139057608 0 42 103 g
139150612 0 32 111 o
139172705 1 42 103 g
139191854 1 32 111 o
139295493 0 32 111 o
139391697 1 32 111 o
139517794 0 40 100 d
139612714 1 40 100 d
139680782 0 65 32 space
139798971 1 65 32 space
139927093 0 39 115 s
140000696 0 32 111 o
140025708 1 39 115 s
140059941 1 32 111 o
140149358 0 32 111 o
140232948 1 32 111 o
140493276 0 57 110 n
140581688 1 57 110 n
140763038 0 60 46 period
140912056 1 60 46 period
141050657 0 65 32 space
141146513 1 65 32 space
141535090 0 50 0 Shift_L
141816671 0 58 77 M
141924775 1 58 77 M
142018428 1 50 0 Shift_L
142170169 0 29 121 y
142309821 1 29 121 y
142508396 0 65 32 space
142612849 1 65 32 space
142634038 0 28 116 t
142757636 1 28 116 t
142793976 0 32 111 o
142874786 1 32 111 o
143008791 0 65 32 space
143103384 1 65 32 space
143286585 0 32 111 o
143343232 1 32 111 o
143539558 0 54 99 c
143574378 1 54 99 c
143717594 0 22 0 BackSpace
143783846 1 22 0 BackSpace
144029164 0 22 0 BackSpace
144126084 1 22 0 BackSpace
144202386 0 54 99 c
144272916 0 32 111 o
144328200 1 54 99 c
144367223 1 32 111 o
144517748 0 57 110 n
144607024 1 57 110 n
144712701 0 39 115 s
144833479 1 39 115 s
144840203 0 31 105 i
144927005 1 31 105 i
144979220 0 40 100 d
145106813 0 26 101 e
145117850 1 40 100 d
145235003 0 27 114 r
145246484 1 26 101 e
145362579 0 26 101 e
145411549 1 27 114 r
145521830 1 26 101 e
145597069 0 40 100 d
145694576 1 40 100 d
145789321 0 65 32 space
145905038 1 65 32 space
146114946 0 40 100 d
146261869 0 26 101 e
146282225 1 40 100 d
146388869 1 26 101 e
146443845 0 46 108 l
146529080 1 46 108 l
146662641 0 31 105 i
146749607 1 31 105 i
146775565 0 42 103 g
146882091 1 42 103 g
146937796 0 43 104 h
147055292 1 43 104 h
147091190 0 28 116 t
147214484 1 28 116 t
147422426 0 41 102 f
147539994 1 41 102 f
147648730 0 30 117 u
147785160 1 30 117 u
147944753 0 46 108 l
148051687 1 46 108 l
148231410 0 65 32 space
148336693 1 65 32 space
148461984 0 31 105 i
148570221 0 57 110 n
148582432 1 31 105 i
148685893 1 57 110 n
148723413 0 55 118 v
148860764 1 55 118 v
148946087 0 31 105 i
149069235 1 31 105 i
149450976 0 28 116 t
149543957 1 28 116 t
149637586 0 38 97 a
149738522 1 38 97 a
149825282 0 28 116 t
149927528 0 31 105 i
149963372 1 28 116 t
150004067 1 31 105 i
150038540 0 31 105 i
150050354 0 32 111 o
150067696 1 31 105 i
150180185 1 32 111 o
150318514 0 57 110 n
150413402 1 57 110 n
151305378 0 22 0 BackSpace
151342339 1 22 0 BackSpace
151440160 0 22 0 BackSpace
151492673 1 22 0 BackSpace
151579149 0 22 0 BackSpace
151672097 1 22 0 BackSpace
151811378 0 32 111 o
151983873 1 32 111 o
152155744 0 57 110 n
152237400 1 57 110 n
152367963 0 65 32 space
152489153 1 65 32 space
152787628 0 38 97 a
152894999 1 38 97 a
153063424 0 57 110 n
153135245 1 57 110 n
153224625 0 57 110 n
153319030 1 57 110 n
153461768 0 32 111 o
153543537 1 32 111 o
154836998 0 30 117 u
154957915 1 30 117 u
155152836 0 58 109 m
155295951 1 58 109 m
155736067 0 54 99 c
155882074 1 54 99 c
155888199 0 31 105 i
156074393 0 57 110 n
156085146 1 31 105 i
156238530 1 57 110 n
156514999 0 22 0 BackSpace
156586696 1 22 0 BackSpace
156668885 0 22 0 BackSpace
156693609 1 22 0 BackSpace
156776910 0 22 0 BackSpace
156851945 1 22 0 BackSpace
156919277 0 22 0 BackSpace
157012876 1 22 0 BackSpace
157618250 0 57 110 n
157740119 1 57 110 n
158126652 0 54 99 c
158265353 1 54 99 c
158282188 0 31 105 i
158395058 0 57 110 n
158505591 1 31 105 i
158578398 1 57 110 n
158582619 0 42 103 g
158717909 1 42 103 g
158914166 0 65 32 space
159091695 1 65 32 space
159408481 0 32 111 o
159514559 1 32 111 o
159543997 0 41 102 f
159665957 0 65 32 space
159676932 1 41 102 f
159752489 1 65 32 space
160111569 0 57 110 n
160211147 1 57 110 n
160342282 0 32 111 o
160437231 1 32 111 o
160573078 0 65 32 space
160694329 1 65 32 space
160746269 0 40 100 d
160848017 0 26 101 e
160898192 1 40 100 d
160983792 1 26 101 e
161089612 0 54 99 c
161227469 1 54 99 c
161298334 0 31 105 i
161441507 1 31 105 i
161670735 0 39 115 s
161812716 1 39 115 s
161863934 0 31 105 i
161983925 1 31 105 i
162150412 0 55 118 v
162243055 1 55 118 v
162348161 0 26 101 e
162449412 1 26 101 e
162501963 0 46 108 l
162609112 1 46 108 l
162867341 0 29 121 y
162989393 1 29 121 y
163154709 0 65 32 space
163265586 1 65 32 space
163536739 0 56 98 b
163661927 1 56 98 b
163841381 0 32 111 o
163960043 1 32 111 o
164138775 0 31 105 i
164274878 1 31 105 i
164575556 0 39 115 s
164689256 1 39 115 s
164801885 0 28 116 t
164904687 1 28 116 t
164933531 0 26 101 e
165046202 0 27 114 r
165095801 1 26 101 e
165166857 1 27 114 r
165241574 0 32 111 o
165320601 1 32 111 o
165809717 0 31 105 i
165825879 0 30 117 u
165886359 1 30 117 u
165908993 1 31 105 i
166216730 0 22 0 BackSpace
166281204 1 22 0 BackSpace
166644200 0 22 0 BackSpace
166741128 1 22 0 BackSpace
166852152 0 30 117 u
166969300 1 30 117 u
167478417 0 39 115 s
167588352 1 39 115 s
167714465 0 60 46 period
167820295 1 60 46 period
167977532 0 36 0 Return
168119672 1 36 0 Return
168679463 0 50 0 Shift_L
168910774 0 40 68 D
169019150 1 50 0 Shift_L
169040754 1 40 100 d
169143409 0 31 105 i
169226238 1 31 105 i
169331721 0 40 100 d
169438947 1 40 100 d
169528742 0 65 32 space
169611969 0 38 97 a
169637118 1 65 32 space
169752739 1 38 97 a
169763718 0 40 100 d
169822288 1 40 100 d
169849174 0 40 100 d
169927691 1 40 100 d
170062182 0 40 100 d
170178299 1 40 100 d
170253776 0 65 32 space
170414968 1 65 32 space
170470001 0 40 100 d
170575551 1 40 100 d
170609525 0 38 97 a
170743822 0 39 115 s
170768726 1 38 97 a
170869245 1 39 115 s
170879118 0 43 104 h
171006710 1 43 104 h
171375699 0 25 119 w
171454617 0 32 111 o
171500474 1 25 119 w
171519179 1 32 111 o
171606876 0 32 111 o
171687694 0 40 100 d
171699093 1 32 111 o
171816989 0 39 115 s
171837234 1 40 100 d
171954218 1 39 115 s
171990564 0 65 32 space
172094683 0 40 100 d
172106469 1 65 32 space
172188958 0 26 101 e
172239580 1 40 100 d
172325707 1 26 101 e
172383942 0 41 102 f
172496191 1 41 102 f
172513990 0 31 105 i
172639080 1 31 105 i
172696242 0 54 99 c
172805874 1 54 99 c
172812303 0 31 105 i
172902303 1 31 105 i
172946372 0 26 101 e
173064725 1 26 101 e
173075616 0 57 110 n
173184096 1 57 110 n
173241747 0 28 116 t
173359000 0 65 32 space
173385924 1 28 116 t
173470911 1 65 32 space
173617739 0 58 109 m
173679228 1 58 109 m
173747192 0 38 97 a
173815798 1 38 97 a
173969792 0 57 110 n
174053713 1 57 110 n
174189821 0 65 32 space
174290876 1 65 32 space
174396992 0 54 99 c
174486520 0 32 111 o
174520850 1 54 99 c
174587775 1 32 111 o
174675252 0 57 110 n
174761174 1 57 110 n
174804978 0 54 99 c
174915597 0 46 108 l
174927362 1 54 99 c
175011890 1 46 108 l
175234088 0 30 117 u
175360136 1 30 117 u
175410882 0 40 100 d
175532922 0 26 101 e
175569902 1 40 100 d
175703363 0 40 100 d
175752290 1 26 101 e
175822406 1 40 100 d
175859931 0 65 32 space
175950578 1 65 32 space
176109994 0 38 97 a
176250234 1 38 97 a
176258594 0 40 100 d
176337827 1 40 100 d
176428230 0 40 100 d
176542270 1 40 100 d
176567680 0 31 105 i
176668445 1 31 105 i
176705963 0 28 116 t
176820383 1 28 116 t
176825989 0 31 105 i
176903099 1 31 105 i
176978499 0 32 111 o
177074194 1 32 111 o
177171502 0 57 110 n
177280843 1 57 110 n
177342177 0 39 115 s
177438738 0 65 32 space
177449764 1 39 115 s
177561744 1 65 32 space
177592308 0 27 114 r
177676659 0 26 101 e
177741362 1 27 114 r
177804314 1 26 101 e
177921811 0 39 115 s
178028726 0 32 111 o
178058896 1 39 115 s
178096391 1 32 111 o
178189172 0 30 117 u
178287201 0 27 114 r
178314158 1 30 117 u
178410315 1 27 114 r
178544315 0 54 99 c
178656742 0 26 101 e
178689532 1 54 99 c
178766704 1 26 101 e
178856934 0 39 115 s
178966724 1 39 115 s
179003987 0 60 46 period
179110712 1 60 46 period
179316900 0 65 32 space
179434627 1 65 32 space
180601580 0 50 0 Shift_L
180721308 0 32 79 O
180801966 1 50 0 Shift_L
180833277 1 32 111 o
180876453 0 27 114 r
181034218 1 27 114 r
181063141 0 65 32 space
181139329 1 65 32 space
181254576 0 46 108 l
181338547 1 46 108 l
181365780 0 38 97 a
181485651 1 38 97 a
181500300 0 57 110 n
181608806 1 57 110 n
181647867 0 40 100 d
181773829 1 40 100 d
182263625 0 46 108 l
182331199 1 46 108 l
182508481 0 32 111 o
182579960 1 32 111 o
182837811 0 27 114 r
182922650 1 27 114 r
183060911 0 40 100 d
183166207 1 40 100 d
183180915 0 65 32 space
183308992 1 65 32 space
184001830 0 33 112 p
184117187 1 33 112 p
184167892 0 38 97 a
184298495 1 38 97 a
184355090 0 54 99 c
184471139 0 45 107 k
184482015 1 54 99 c
184599390 1 45 107 k
184632327 0 38 97 a
184745398 1 38 97 a
184829413 0 42 103 g
184917652 1 42 103 g
185101780 0 26 101 e
185190496 1 26 101 e
185318389 0 39 115 s
185393007 1 39 115 s
185481400 0 65 32 space
185559268 1 65 32 space
185712274 0 32 111 o
185855694 1 32 111 o
185944312 0 55 118 v
186008191 1 55 118 v
186084050 0 26 101 e
186176985 0 27 114 r
186231235 1 26 101 e
186279182 1 27 114 r
186455592 0 54 99 c
186573875 1 54 99 c
186609198 0 38 97 a
186744089 1 38 97 a
186766675 0 58 109 m
186859768 1 58 109 m
186925381 0 26 101 e
187025309 1 26 101 e
187059746 0 65 32 space
187178322 1 65 32 space
187261324 0 40 100 d
187384745 1 40 100 d
187390632 0 31 105 i
187504350 1 31 105 i
187522752 0 39 115 s
187646189 1 39 115 s
187755147 0 28 116 t
187829372 1 28 116 t
187938198 0 38 97 a
188007688 0 57 110 n
188050525 1 38 97 a
188114542 1 57 110 n
188161984 0 54 99 c
188280916 0 26 101 e
188293535 1 54 99 c
188321398 0 65 32 space
188341428 1 26 101 e
188436344 1 65 32 space
188528822 0 39 115 s
188613589 1 39 115 s
188637448 0 58 109 m
188711264 0 38 97 a
188723791 1 58 109 m
188826739 1 38 97 a
188839101 0 46 108 l
188898365 1 46 108 l
188972012 0 46 108 l
189063831 1 46 108 l
189136639 0 26 101 e
189245786 1 26 101 e
189405074 0 39 115 s
189491532 1 39 115 s
189607476 0 28 116 t
189723227 1 28 116 t
189729497 0 65 32 space
189779621 1 65 32 space
189920289 0 31 105 i
190003416 0 57 110 n
190081481 1 31 105 i
190115395 1 57 110 n
190226093 0 65 32 space
190348015 1 65 32 space
190379774 0 27 114 r
190475083 0 26 101 e
190537908 1 27 114 r
190599827 1 26 101 e
190692792 0 54 99 c
190764353 1 54 99 c
190846722 0 54 99 c
190923175 1 54 99 c
191434808 0 22 0 BackSpace
191553020 1 22 0 BackSpace
191774399 0 30 117 u
191882908 1 30 117 u
192035563 0 27 114 r
192122154 1 27 114 r
192197212 0 27 114 r
192328831 1 27 114 r
192361070 0 26 101 e
192491821 1 26 101 e
192537588 0 40 100 d
192652452 1 40 100 d
192681661 0 60 46 period
192789969 1 60 46 period
192891606 0 36 0 Return
192990737 1 36 0 Return
193633904 0 50 0 Shift_L
194028398 0 25 87 W
194102980 1 50 0 Shift_L
194117165 1 25 119 w
194222399 0 27 114 r
194326470 1 27 114 r
194341344 0 32 111 o
194437024 1 32 111 o
194552737 0 57 110 n
194651845 1 57 110 n
194657546 0 42 103 g
194777370 0 65 32 space
194788422 1 42 103 g
194845553 1 65 32 space
194973425 0 58 109 m
195035391 1 58 109 m
195100488 0 38 97 a
195206083 0 31 105 i
195217708 1 38 97 a
195308801 1 31 105 i
195327246 0 40 100 d
195458316 0 39 115 s
195485051 1 40 100 d
195593514 1 39 115 s
195625832 0 65 32 space
195724635 1 65 32 space
195955754 0 32 111 o
196029387 1 32 111 o
196088280 0 27 114 r
196181614 0 65 32 space
196192555 1 27 114 r
196277130 1 65 32 space
196393466 0 56 98 b
196449118 1 56 98 b
196473624 0 26 101 e
196562125 1 26 101 e
196644801 0 65 32 space
196748860 1 65 32 space
196787162 0 38 97 a
196851663 0 39 115 s
196907588 1 38 97 a
196982959 1 39 115 s
197027184 0 45 107 k
197130156 0 26 101 e
197146926 1 45 107 k
197303313 1 26 101 e
197335241 0 40 100 d
197468691 1 40 100 d
197474684 0 65 32 space
197566583 1 65 32 space
197664893 0 57 110 n
197767718 1 57 110 n
197882888 0 32 111 o
197958165 1 32 111 o
198069751 0 65 32 space
198149281 1 65 32 space
198274510 0 32 111 o
198337795 1 32 111 o
198450062 0 57 110 n
198521052 1 57 110 n
198629792 0 65 32 space
198718472 1 65 32 space
198728594 0 26 101 e
198844876 1 26 101 e
198851606 0 57 110 n
198943618 1 57 110 n
199076645 0 44 106 j
199201174 1 44 106 j
199339461 0 33 112 p
199392489 1 33 112 p
199881750 0 22 0 BackSpace
199950758 1 22 0 BackSpace
200270579 0 33 112 p
200310205 1 33 112 p
200634169 0 22 0 BackSpace
200731141 1 22 0 BackSpace
200883620 0 32 111 o
201010471 1 32 111 o
201248328 0 30 117 u
201270894 1 30 117 u
201551642 0 29 121 y
201620880 1 29 121 y
201889042 0 22 0 BackSpace
202069444 1 22 0 BackSpace
202256463 0 22 0 BackSpace
202348425 1 22 0 BackSpace
202952247 0 29 121 y
203024823 1 29 121 y
203486225 0 60 46 period
203617978 1 60 46 period
203863359 0 65 32 space
203971023 1 65 32 space
204011261 0 50 0 Shift_L
204377731 0 43 72 H
204467887 1 43 72 H
204576668 1 50 0 Shift_L
204642250 0 32 111 o
204749787 1 32 111 o
204858870 0 30 117 u
204961455 1 30 117 u
205032641 0 39 115 s
205111976 1 39 115 s
205220879 0 26 101 e
205306584 1 26 101 e
205524018 0 43 104 h
205643025 1 43 104 h
205780972 0 32 111 o
205860369 1 32 111 o
205993760 0 46 108 l
206102417 1 46 108 l
206107552 0 40 100 d
206222943 1 40 100 d
206256864 0 65 32 space
206383294 1 65 32 space
206398958 0 41 102 f
206504467 1 41 102 f
206593519 0 26 101 e
206651598 1 26 101 e
206768689 0 26 101 e
206827259 1 26 101 e
207148793 0 22 0 BackSpace
207239888 0 25 119 w
207249831 1 22 0 BackSpace
207340449 1 25 119 w
207471050 0 65 32 space
207553576 1 65 32 space
207594003 0 39 115 s
207693740 1 39 115 s
207740197 0 32 111 o
207781947 1 32 111 o
207844091 0 58 109 m
207928817 1 58 109 m
208002499 0 26 101 e
208102991 1 26 101 e
208218294 0 28 116 t
208321868 1 28 116 t
208408114 0 31 105 i
208572971 1 31 105 i
208646833 0 58 109 m
208751680 1 58 109 m
208791967 0 26 101 e
208868231 1 26 101 e
208962270 0 39 115 s
209060121 0 65 32 space
209091414 1 39 115 s
209141931 1 65 32 space
209670117 0 32 111 o
209797632 1 32 111 o
209871180 0 30 117 u
209979016 1 30 117 u
210007638 0 28 116 t
210139387 1 28 116 t
210193097 0 65 32 space
210312660 1 65 32 space
210362843 0 38 97 a
210453822 1 38 97 a
210576648 0 28 116 t
210634333 1 28 116 t
210702058 0 28 116 t
210828193 1 28 116 t
210868792 0 26 101 e
210986409 1 26 101 e
210992803 0 57 110 n
211083458 1 57 110 n
211129385 0 40 100 d
211240572 1 40 100 d
211295639 0 32 111 o
211303911 0 31 105 i
211347368 1 32 111 o
211475112 1 31 105 i
211770493 0 22 0 BackSpace
211871446 1 22 0 BackSpace
211904475 0 22 0 BackSpace
212002696 1 22 0 BackSpace
212104589 0 22 0 BackSpace
212169314 1 22 0 BackSpace
213004305 0 40 100 d
213115278 0 31 105 i
213131143 1 40 100 d
213218188 0 57 110 n
213267667 1 31 105 i
213319863 0 42 103 g
213339519 1 57 110 n
213457471 1 42 103 g
213497697 0 65 32 space
213586906 1 65 32 space
214073960 0 40 100 d
214164928 0 26 101 e
214219356 1 40 100 d
214263772 1 26 101 e
214376541 0 39 115 s
214442021 1 39 115 s
214521036 0 54 99 c
214603818 1 54 99 c
214688641 0 27 114 r
214795507 1 27 114 r
214801742 0 31 105 i
214902128 1 31 105 i
215017432 0 56 98 b
215128919 1 56 98 b
215149899 0 26 101 e
215318821 1 26 101 e
215331444 0 40 100 d
215479045 1 40 100 d
215566481 0 60 46 period
215660006 1 60 46 period
215797734 0 65 32 space
215893575 1 65 32 space
215930224 0 50 0 Shift_L
216034519 0 46 76 L
216113316 1 50 0 Shift_L
216131687 1 46 108 l
216207673 0 38 97 a
216294251 1 38 97 a
216302076 0 31 105 i
216385505 0 57 110 n
216432743 1 31 105 i
216493626 1 57 110 n
216622275 0 65 32 space
216709355 1 65 32 space
216947442 0 44 106 j
217068331 1 44 106 j
217173554 0 30 117 u
217261342 1 30 117 u
217351023 0 39 115 s
217451558 1 39 115 s
217569756 0 28 116 t
217674843 1 28 116 t
217714555 0 65 32 space
217800562 1 65 32 space
217935025 0 41 102 f
218050892 1 41 102 f
218124941 0 38 97 a
218244248 1 38 97 a
218303058 0 54 99 c
218394565 1 54 99 c
218512657 0 28 116 t
218610672 1 28 116 t
218628481 0 65 32 space
218718912 1 65 32 space
218805770 0 41 102 f
218942197 1 41 102 f
218948380 0 32 111 o
218976930 1 32 111 o
219249349 0 30 117 u
219387809 1 30 117 u
219500978 0 27 114 r
219563018 1 27 114 r
219705152 0 65 32 space
219794491 1 65 32 space
220034362 0 41 102 f
220155777 1 41 102 f
220364352 0 22 0 BackSpace
220439424 1 22 0 BackSpace
220585231 0 32 111 o
220686842 1 32 111 o
220738771 0 41 102 f
220852991 1 41 102 f
220876511 0 65 32 space
220969300 1 65 32 space
221119519 0 38 97 a
221225591 1 38 97 a
221268248 0 58 109 m
221324167 1 58 109 m
221439604 0 65 32 space
221513098 1 65 32 space
221606080 0 58 109 m
221710086 1 58 109 m
221729012 0 26 101 e
221811744 1 26 101 e
221888876 0 26 101 e
221956468 1 26 101 e
222038452 0 28 116 t
222147412 1 28 116 t
222324837 0 65 32 space
222437294 1 65 32 space
222695739 0 43 104 h
222738224 1 43 104 h
223178020 0 31 105 i
223284173 1 31 105 i
223346350 0 42 103 g
223460572 1 42 103 g
223466597 0 43 104 h
223557135 1 43 104 h
223779883 0 60 46 period
223869613 1 60 46 period
224058149 0 36 0 Return
224127897 1 36 0 Return
224715553 0 50 0 Shift_L
225097339 0 43 72 H
225175146 1 43 72 H
225201479 1 50 0 Shift_L
225278635 0 26 101 e
225368349 1 26 101 e
225393172 0 65 32 space
225505259 1 65 32 space
225538953 0 40 100 d
225653791 1 40 100 d
225668007 0 32 111 o
225738689 1 32 111 o
225905730 0 65 32 space
225991320 1 65 32 space
226013137 0 39 115 s
226115082 1 39 115 s
226233789 0 30 117 u
226412399 1 30 117 u
226537427 0 56 98 b
226645611 1 56 98 b
226776021 0 44 106 j
226857228 1 44 106 j
226914822 0 26 101 e
227025622 1 26 101 e
227122947 0 54 99 c
227190897 1 54 99 c
227310739 0 28 116 t
227406772 1 28 116 t
227528553 0 39 115 s
227636777 0 65 32 space
227648779 1 39 115 s
227748836 1 65 32 space
227801171 0 27 114 r
227874746 1 27 114 r
228099281 0 22 0 BackSpace
228164976 1 22 0 BackSpace
228304603 0 33 112 p
228374934 1 33 112 p
228407717 0 27 114 r
228490594 0 26 101 e
228551780 1 27 114 r
228618274 1 26 101 e
228697198 0 33 112 p
228816371 1 33 112 p
228851852 0 38 97 a
228941916 0 27 114 r
228974579 1 38 97 a
229052676 0 26 101 e
229088866 1 27 114 r
229216255 1 26 101 e
229273406 0 40 100 d
229369078 0 65 32 space
229388685 1 40 100 d
229457961 1 65 32 space
229535737 0 56 98 b
229639823 1 56 98 b
229645680 0 38 97 a
229749247 1 38 97 a
229777347 0 54 99 c
229899301 0 43 104 h
229910265 1 54 99 c
229979289 1 43 104 h
230020782 0 26 101 e
230137497 1 26 101 e
230179291 0 46 108 l
230249551 1 46 108 l
230340628 0 32 111 o
230440277 0 27 114 r
230451092 1 32 111 o
230546272 1 27 114 r
230566436 0 65 32 space
230666415 1 65 32 space
230743031 0 44 106 j
230876538 1 44 106 j
230972363 0 30 117 u
231108298 1 30 117 u
231203047 0 55 118 v
231291009 1 55 118 v
231497569 0 26 101 e
231561212 1 26 101 e
231759711 0 57 110 n
231863636 1 57 110 n
231982394 0 31 105 i
232043919 1 31 105 i
232201676 0 46 108 l
232272319 1 46 108 l
232303165 0 26 101 e
232398168 1 26 101 e
232453412 0 65 32 space
232523236 1 65 32 space
232752435 0 30 117 u
232760858 0 29 121 y
232829282 1 30 117 u
232837754 1 29 121 y
233162919 0 22 0 BackSpace
233210977 1 22 0 BackSpace
233287729 0 22 0 BackSpace
233351423 1 22 0 BackSpace
233951562 0 29 121 y
234038298 1 29 121 y
234090201 0 26 101 e
234188145 1 26 101 e
234209242 0 65 32 space
234291024 1 65 32 space
234400331 0 32 111 o
234490665 1 32 111 o
234640374 0 43 104 h
234716673 1 43 104 h
234996756 0 60 46 period
235106303 1 60 46 period
235265573 0 65 32 space
235362307 1 65 32 space
235377031 0 50 0 Shift_L
235471267 0 43 72 H
235537799 1 50 0 Shift_L
235549664 1 43 104 h
235614683 0 26 101 e
235730636 1 26 101 e
235736736 0 65 32 space
235850690 1 65 32 space
235860578 0 41 102 f
235978257 1 41 102 f
236026067 0 26 101 e
236124579 1 26 101 e
236249492 0 26 101 e
236301425 1 26 101 e
236373099 0 46 108 l
236452099 1 46 108 l
236586611 0 31 105 i
236677733 0 57 110 n
236737899 1 31 105 i
236787361 0 42 103 g
236799143 1 57 110 n
236882797 1 42 103 g
237025701 0 39 115 s
237113236 1 39 115 s
237223978 0 65 32 space
237313681 1 65 32 space
237656737 0 27 114 r
237762656 0 26 101 e
237821326 1 27 114 r
237899104 1 26 101 e
237958551 0 58 109 m
238031811 1 58 109 m
238131880 0 32 111 o
238223161 1 32 111 o
238260564 0 55 118 v
238376646 1 55 118 v
238422890 0 31 105 i
238492250 0 57 110 n
238546926 1 31 105 i
238596785 0 42 103 g
238617784 1 57 110 n
238711020 1 42 103 g
238762996 0 65 32 space
238870779 1 65 32 space
239098146 0 27 114 r
239160519 1 27 114 r
239248091 0 31 105 i
239324428 1 31 105 i
239513861 0 22 0 BackSpace
239551086 1 22 0 BackSpace
239619264 0 22 0 BackSpace
239677962 1 22 0 BackSpace
239869705 0 31 105 i
240002745 0 57 110 n
240017642 1 31 105 i
240118310 1 57 110 n
240258884 0 41 102 f
240353472 1 41 102 f
240461766 0 32 111 o
240579248 1 32 111 o
240584863 0 27 114 r
240702956 1 27 114 r
240788247 0 58 109 m
240893265 1 58 109 m
240936106 0 26 101 e
241086881 1 26 101 e
241093803 0 40 100 d
241196921 0 65 32 space
241214545 1 40 100 d
241296218 1 65 32 space
241411827 0 43 104 h
241519015 1 43 104 h
241525251 0 26 101 e
241612898 1 26 101 e
241662798 0 65 32 space
241791285 1 65 32 space
241826554 0 38 97 a
241918256 0 39 115 s
241946120 1 38 97 a
241991876 1 39 115 s
242054503 0 65 32 space
242113771 1 65 32 space
242286392 0 31 105 i
242392539 1 31 105 i
242474643 0 42 103 g
242585226 1 42 103 g
242618616 0 57 110 n
242691614 1 57 110 n
242823324 0 32 111 o
242899176 1 32 111 o
242939183 0 27 114 r
243039953 1 27 114 r
243127069 0 38 97 a
243219092 1 38 97 a
243269973 0 57 110 n
243359211 1 57 110 n
243388741 0 28 116 t
243503400 1 28 116 t
243513800 0 65 32 space
243596009 1 65 32 space
243886306 0 25 119 w
243972497 1 25 119 w
244055266 0 26 101 e
244146615 1 26 101 e
244152747 0 65 32 space
244263434 1 65 32 space
244425489 0 33 112 p
244507635 1 33 112 p
244602094 0 27 114 r
244709785 1 27 114 r
245153639 0 26 101 e
245236446 1 26 101 e
245364863 0 33 112 p
245452834 1 33 112 p
245473104 0 38 97 a
245598684 0 27 114 r
245617296 1 38 97 a
245703438 0 26 101 e
245743342 1 27 114 r
245847546 1 26 101 e
245887056 0 40 100 d
245974718 1 40 100 d
246009091 0 60 46 period
246126240 1 60 46 period
246231343 0 36 0 Return
246318796 1 36 0 Return
246831134 0 50 0 Shift_L
247354383 0 26 69 E
247465115 1 26 69 E
247474453 1 50 0 Shift_L
247552404 0 55 118 v
247637393 1 55 118 v
247698004 0 26 101 e
247770936 1 26 101 e
247870885 0 57 110 n
247974035 1 57 110 n
248035183 0 31 105 i
248148943 0 57 110 n
248196561 1 31 105 i
248201248 0 42 103 g
248266402 1 57 110 n
248334844 1 42 103 g
248444044 0 65 32 space
248551660 1 65 32 space
248670399 0 40 100 d
248776140 1 40 100 d
248801276 0 32 111 o
248889738 1 32 111 o
249025116 0 65 32 space
249134961 1 65 32 space
249142782 0 41 102 f
249253121 1 41 102 f
249399640 0 32 111 o
249510898 1 32 111 o
249560128 0 27 114 r
249675967 1 27 114 r
249682031 0 58 109 m
249756769 1 58 109 m
249868630 0 31 105 i
250009498 0 57 110 n
250033768 1 31 105 i
250136155 0 42 103 g
250148169 1 57 110 n
250249290 1 42 103 g
250292114 0 65 32 space
250376988 1 65 32 space
250573110 0 32 111 o
250675161 1 32 111 o
250826921 0 56 98 b
250928459 1 56 98 b
251022576 0 39 115 s
251120271 1 39 115 s
251197113 0 26 101 e
251356558 1 26 101 e
251436253 0 27 114 r
251585294 1 27 114 r
251669930 0 26 101 e
251744074 1 26 101 e
252021488 0 22 0 BackSpace
252119415 1 22 0 BackSpace
252138094 0 55 118 v
252217915 1 55 118 v
252285629 0 26 101 e
252415686 1 26 101 e
252459237 0 65 32 space
252577715 1 65 32 space
252823001 0 39 115 s
252948807 1 39 115 s
252980215 0 33 112 p
253064769 1 33 112 p
253212250 0 31 105 i
253267125 1 31 105 i
253334279 0 27 114 r
253423267 1 27 114 r
253507735 0 31 105 i
253646796 1 31 105 i
253728300 0 28 116 t
253838709 1 28 116 t
254185595 0 39 115 s
254291589 1 39 115 s
254326679 0 65 32 space
254402734 1 65 32 space
254523642 0 31 105 i
254636470 1 31 105 i
254871570 0 39 115 s
254959912 1 39 115 s
255019370 0 65 32 space
255109915 1 65 32 space
255234027 0 31 105 i
255305846 1 31 105 i
255436259 0 57 110 n
255517433 1 57 110 n
255694971 0 60 46 period
255773966 1 60 46 period
255908465 0 65 32 space
255980866 1 65 32 space
255985781 0 50 0 Shift_L
256096705 0 54 67 C
256167484 1 50 0 Shift_L
256193534 0 32 111 o
256235565 1 54 99 c
256245381 1 32 111 o
256427341 0 30 117 u
256553432 1 30 117 u
256735206 0 57 110 n
256814162 1 57 110 n
256884402 0 28 116 t
256994635 1 28 116 t
257108165 0 27 114 r
257224118 1 27 114 r
257232864 0 29 121 y
257345927 1 29 121 y
257494613 0 65 32 space
257587832 1 65 32 space
257667592 0 43 104 h
257780090 1 43 104 h
257887066 0 26 101 e
258001619 0 38 97 a
258075219 1 26 101 e
258140029 1 38 97 a
258147076 0 27 114 r
258280041 1 27 114 r
258378790 0 28 116 t
258464905 1 28 116 t
258515677 0 26 101 e
258642806 1 26 101 e
258652366 0 40 100 d
258733169 1 40 100 d
258754859 0 65 32 space
258866439 1 65 32 space
259054924 0 56 98 b
259153341 1 56 98 b
259184502 0 26 101 e
259273049 1 26 101 e
259347061 0 65 32 space
259417193 1 65 32 space
259544256 0 32 111 o
259643602 1 32 111 o
259681451 0 41 102 f
259777948 1 41 102 f
259815465 0 65 32 space
259906030 1 65 32 space
260216449 0 44 106 j
260329867 1 44 106 j
260435519 0 30 117 u
260549336 0 39 115 s
260561036 1 30 117 u
260644161 1 39 115 s
260747883 0 28 116 t
260817455 1 28 116 t
261014382 0 31 105 i
261116481 1 31 105 i
261193389 0 54 99 c
261303882 0 26 101 e
261341432 1 54 99 c
261425473 1 26 101 e
261441588 0 65 32 space
261559487 1 65 32 space
261590452 0 39 115 s
261688654 1 39 115 s
261832850 0 26 101 e
261885921 1 26 101 e
262132465 0 57 110 n
262237641 1 57 110 n
262303740 0 40 100 d
262413398 0 31 105 i
262425548 1 40 100 d
262532475 0 57 110 n
262593815 1 31 105 i
262650019 0 42 103 g
262677288 1 57 110 n
262756763 1 42 103 g
262877611 0 60 46 period
262987659 1 60 46 period
263124549 0 65 32 space
263203254 1 65 32 space
263238736 0 50 0 Shift_L
263367027 0 32 79 O
263388606 1 32 79 O
263424780 1 50 0 Shift_L
263494534 0 57 110 n
263575718 1 57 110 n
263732595 0 65 32 space
263836772 1 65 32 space
264034761 0 39 115 s
264140138 0 32 111 o
264151399 1 39 115 s
264208050 1 32 111 o
264347515 0 65 32 space
264435584 1 65 32 space
264464548 0 28 116 t
264560403 0 43 104 h
264577143 1 28 116 t
264677085 1 43 104 h
264697853 0 26 101 e
264817894 1 26 101 e
264901202 0 29 121 y
265020787 1 29 121 y
265267980 0 65 32 space
265399655 1 65 32 space
265800379 0 39 115 s
265871755 1 39 115 s
266138964 0 22 0 BackSpace
266206771 1 22 0 BackSpace
266241199 0 38 97 a
266308731 0 39 115 s
266361473 1 38 97 a
266400442 1 39 115 s
266453566 0 65 32 space
266561912 1 65 32 space
266734810 0 25 119 w
266820414 1 25 119 w
266826214 0 31 105 i
266931283 1 31 105 i
266957752 0 28 116 t
267054681 0 43 104 h
267080042 1 28 116 t
267141672 1 43 104 h
267276735 0 65 32 space
267357389 1 65 32 space
267468456 0 27 114 r
267566565 0 32 111 o
267578768 1 27 114 r
267623500 1 32 111 o
267708793 0 32 111 o
267783375 1 32 111 o
267855459 0 58 109 m
267944065 1 58 109 m
268047116 0 65 32 space
268142695 1 65 32 space
268415478 0 54 99 c
268501680 0 32 111 o
268535933 1 54 99 c
268601180 1 32 111 o
269054949 0 46 108 l
269164180 1 46 108 l
269266725 0 40 100 d
269383743 1 40 100 d
269510825 0 65 32 space
269609285 1 65 32 space
269912422 0 29 121 y
270020026 1 29 121 y
270061799 0 26 101 e
270166975 1 26 101 e
270241600 0 60 46 period
270324802 1 60 46 period
270421934 0 36 0 Return
270500816 1 36 0 Return
271134814 0 50 0 Shift_L
271737915 0 56 66 B
271851258 1 56 66 B
271904396 1 50 0 Shift_L
271953953 0 26 101 e
272031680 1 26 101 e
272099623 0 65 32 space
272203440 1 65 32 space
272233954 0 54 99 c
272310732 1 54 99 c
272320840 0 38 97 a
272445563 1 38 97 a
272451118 0 46 108 l
272511407 1 46 108 l
272585225 0 46 108 l
272657105 1 46 108 l
272757269 0 65 32 space
272851379 0 41 102 f
272862830 1 65 32 space
272975430 1 41 102 f
272981909 0 32 111 o
273045745 1 32 111 o
273150380 0 30 117 u
273223682 1 30 117 u
273269425 0 27 114 r
273383774 1 27 114 r
273402029 0 65 32 space
273498605 1 65 32 space
273603784 0 58 109 m
273692864 1 58 109 m
274156052 0 29 121 y
274254068 1 29 121 y
274566985 0 25 119 w
274673999 1 25 119 w
275040652 0 22 0 BackSpace
275113687 1 22 0 BackSpace
275137601 0 65 32 space
275242417 0 25 119 w
275252936 1 65 32 space
275350934 1 25 119 w
275414635 0 26 101 e
275510442 1 26 101 e
275536395 0 56 98 b
275545571 0 57 110 n
275600282 1 57 110 n
275607994 1 56 98 b
275916431 0 22 0 BackSpace
275980577 1 22 0 BackSpace
276031926 0 22 0 BackSpace
276088142 1 22 0 BackSpace
276267379 0 57 110 n
276276286 0 58 109 m
276312330 1 58 109 m
276319188 1 57 110 n
276333096 0 28 116 t
276449178 1 28 116 t
276620348 0 22 0 BackSpace
276676936 1 22 0 BackSpace
276738471 0 22 0 BackSpace
276787952 1 22 0 BackSpace
277029381 0 28 116 t
277153000 1 28 116 t
277257586 0 65 32 space
277350577 1 65 32 space
277478124 0 58 109 m
277607294 1 58 109 m
277622953 0 26 101 e
277748181 1 26 101 e
277776029 0 38 97 a
277878394 0 57 110 n
277889588 1 38 97 a
277995059 1 57 110 n
278144997 0 60 46 period
278245713 1 60 46 period
278369527 0 65 32 space
278440520 0 50 0 Shift_L
278489965 1 65 32 space
278522476 0 54 67 C
278591648 1 50 0 Shift_L
278670052 0 26 101 e
278682451 1 54 99 c
278765394 1 26 101 e
278806255 0 46 108 l
278906338 1 46 108 l
278968424 0 26 101 e
279052441 1 26 101 e
279162541 0 56 98 b
279280649 1 56 98 b
279298706 0 27 114 r
279393879 1 27 114 r
279439835 0 38 97 a
279553485 1 38 97 a
279634921 0 28 116 t
279707195 0 26 101 e
279729216 1 28 116 t
279908609 1 26 101 e
279959007 0 40 100 d
280072297 1 40 100 d
280437577 0 31 105 i
280528745 1 31 105 i
280908610 0 22 0 BackSpace
280997611 1 22 0 BackSpace
281118984 0 65 32 space
281221573 1 65 32 space
281354414 0 31 105 i
281452350 1 31 105 i
281497418 0 41 102 f
281579758 1 41 102 f
281646844 0 65 32 space
281748670 1 65 32 space
281864300 0 27 114 r
281957185 0 26 101 e
282027232 1 27 114 r
282060656 1 26 101 e
282090493 0 58 109 m
282177436 1 58 109 m
282214725 0 38 97 a
282361479 1 38 97 a
282389552 0 45 107 k
282490393 1 45 107 k
282898624 0 22 0 BackSpace
282975232 1 22 0 BackSpace
283042960 0 27 114 r
283143493 1 27 114 r
283192435 0 45 107 k
283290053 1 45 107 k
283327978 0 38 97 a
283437389 1 38 97 a
283500716 0 56 98 b
283596172 1 56 98 b
283734747 0 46 108 l
283819770 1 46 108 l
284030673 0 29 121 y
284135127 1 29 121 y
284245626 0 65 32 space
284354310 0 26 101 e
284365414 1 65 32 space
284446860 1 26 101 e
284563297 0 39 115 s
284668719 1 39 115 s
284737128 0 33 112 p
284786859 1 33 112 p
285054057 0 26 101 e
285121754 1 26 101 e
285234342 0 54 99 c
285346446 1 54 99 c
285442022 0 31 105 i
285529032 1 31 105 i
285551482 0 38 97 a
285651650 1 38 97 a
285688015 0 46 108 l
285749339 1 46 108 l
285813041 0 46 108 l
285921737 1 46 108 l
286107097 0 29 121 y
286196693 1 29 121 y
286322739 0 65 32 space
286411473 1 65 32 space
286416684 0 38 97 a
286523786 1 38 97 a
286529872 0 57 110 n
286602766 1 57 110 n
286774713 0 60 46 period
286886890 1 60 46 period
287045295 0 65 32 space
287131397 0 50 0 Shift_L
287143389 1 65 32 space
287317841 0 42 71 G
287387602 1 50 0 Shift_L
287437308 1 42 103 g
287444239 0 32 111 o
287492568 1 32 111 o
287681608 0 31 105 i
287690361 0 30 117 u
287768963 1 30 117 u
287777103 1 31 105 i
287783525 0 57 110 n
287901343 1 57 110 n
287916150 0 42 103 g
287993291 1 42 103 g
288089109 0 22 0 BackSpace
288151875 1 22 0 BackSpace
288209905 0 22 0 BackSpace
288261729 1 22 0 BackSpace
288328583 0 22 0 BackSpace
288408804 1 22 0 BackSpace
288572070 0 57 110 n
288659154 1 57 110 n
288711652 0 42 103 g
288838472 1 42 103 g
288842279 0 65 32 space
288935452 1 65 32 space
288985826 0 26 101 e
289091461 1 26 101 e
289195333 0 38 97 a
289292957 1 38 97 a
289369303 0 28 116 t
289436368 0 65 32 space
289492692 1 28 116 t
289546279 1 65 32 space
289600497 0 39 115 s
289687479 1 39 115 s
289754486 0 26 101 e
289834274 1 26 101 e
289881628 0 28 116 t
289968553 0 65 32 space
289992183 1 28 116 t
290056862 1 65 32 space
290121037 0 39 115 s
290233194 1 39 115 s
290240465 0 43 104 h
290345541 1 43 104 h
290361418 0 26 101 e
290472827 1 26 101 e
290479322 0 65 32 space
290586183 1 65 32 space
290679651 0 56 98 b
290780304 1 56 98 b
290891114 0 32 111 o
290950862 1 32 111 o
291025329 0 32 111 o
291106267 1 32 111 o
291145494 0 45 107 k
291210863 1 45 107 k
291264701 0 39 115 s
291362068 1 39 115 s
291385996 0 65 32 space
291501862 1 65 32 space
292109579 0 41 102 f
292235086 1 41 102 f
292248677 0 32 111 o
292333408 1 32 111 o
292443260 0 30 117 u
292559382 1 30 117 u
292749596 0 57 110 n
292847250 1 57 110 n
292912503 0 40 100 d
293007323 1 40 100 d
293137600 0 65 32 space
293238165 1 65 32 space
293304453 0 58 109 m
293396894 0 26 101 e
293407979 1 58 109 m
293489627 1 26 101 e
293535952 0 28 116 t
293605731 0 65 32 space
293646567 1 28 116 t
293714028 1 65 32 space
293775631 0 38 97 a
293862079 1 38 97 a
293976356 0 25 119 w
294053727 1 25 119 w
294139737 0 38 97 a
294247520 1 38 97 a
294324677 0 27 114 r
294443161 1 27 114 r
294526462 0 26 101 e
294630940 1 26 101 e
294641273 0 60 46 period
294725827 1 60 46 period
294890207 0 36 0 Return
10
Throwing consider dwelling bachelor joy her proposal laughter. Raptures returned disposed one entirely her men ham.
By to admire vanity county an mutual as roused. Of an thrown am warmly merely result depart supply.
Required jonoured trifling eat pleasure man relation. Assurance yet bed was improving furniture man.
Distrusts delighted she listening mrs extensive admitting far.  Full he none no side. Uncommonly surrounded considered for him are its.
It we is read good soon. My to considered delightful invitation announcing of no decisively boisterous.
Did addd dashwoods deficient man concluded additions resources. Or landlord packages overcame distance smallest in recurred.
Wrong maids or be asked no on enjoy. Household few sometimes out attending described. Lain just fact four of am meet high.
He do subjects prepared bachelor juvenile ye oh. He feelings removing informed he as ignorant we prepared.
Evening do forming observe spirits is in. Country hearted be of justice sending. On so they as with room cold ye.
Be call four my went mean. Celebrated if remarkably especially an. Going eat set she books found met aware.
