magnus
2014-09-23 06:05:40.409194
10
Throwing consider dwelling bachelor joy her proposal laughter. Raptures returned disposed one entirely her men ham.
By to admire vanity county an mutual as roused. Of an thrown am warmly merely result depart supply.
Required honoured trifling eat pleasure man relation. Assurance yet bed was improving furniture man.
Distrusts delighted she listening mrs extensive admitting far.  Full he none no side. Uncommonly surrounded considered for him are its.
It we is read good soon. My to considered delightful invitation announcing of no decisively boisterous.
Did add dashwoods deficient man concluded additions resources. Or landlord packages overcame distance smallest in recurred.
Wrong maids or be asked no on enjoy. Household few sometimes out attending described. Lain just fact four of am meet high.
He do subjects prepared bachelor juvenile ye oh. He feelings removing informed he as ignorant we prepared.
Evening do forming observe spirits is in. Country hearted be of justice sending. On so they as with room cold ye.
Be call four my went mean. Celebrated if remarkably especially an. Going eat set she books found met aware.
1978695 0 50 0 Shift_L
2247813 0 28 84 T
2373106 1 50 0 Shift_L
2392865 1 28 116 t
2408102 0 43 104 h
2556926 1 43 104 h
2644308 0 25 119 w
2779234 1 25 119 w
2971065 0 32 111 o
3113440 1 32 111 o
3460565 0 27 114 r
3594740 1 27 114 r
3926403 0 22 0 BackSpace
4039497 1 22 0 BackSpace
4086793 0 25 119 w
4214756 1 25 119 w
4355045 0 31 105 i
4495988 1 31 105 i
4703639 0 22 0 BackSpace
4763409 1 22 0 BackSpace
4863171 0 22 0 BackSpace
4907652 1 22 0 BackSpace
5013052 0 22 0 BackSpace
5071016 1 22 0 BackSpace
5171448 0 22 0 BackSpace
5246277 1 22 0 BackSpace
5338585 0 27 114 r
5462433 1 27 114 r
5480043 0 32 111 o
5588108 1 32 111 o
5701614 0 25 119 w
5818121 0 31 105 i
5829560 1 25 119 w
5966407 0 57 110 n
6009422 1 31 105 i
6075110 1 57 110 n
6127351 0 42 103 g
6242565 1 42 103 g
6253315 0 65 32 space
6380488 1 65 32 space
6490465 0 54 99 c
6548613 0 32 111 o
6590587 1 54 99 c
6649499 1 32 111 o
6762985 0 57 110 n
6879798 1 57 110 n
6915108 0 39 115 s
7026513 1 39 115 s
7033046 0 31 105 i
7133904 1 31 105 i
7200392 0 40 100 d
7355856 1 40 100 d
7362071 0 26 101 e
7519840 0 27 114 r
7585200 1 26 101 e
7661432 1 27 114 r
7716793 0 65 32 space
7857488 1 65 32 space
8070606 0 40 100 d
8240316 1 40 100 d
8329733 0 25 119 w
8389021 1 25 119 w
8512903 0 26 101 e
8641055 1 26 101 e
8729377 0 46 108 l
8785265 1 46 108 l
8891536 0 46 108 l
9013758 1 46 108 l
9248004 0 31 105 i
9378340 1 31 105 i
9384365 0 57 110 n
9446296 0 42 103 g
9507691 1 57 110 n
9593184 1 42 103 g
9644543 0 65 32 space
9739132 1 65 32 space
9871321 0 56 98 b
10012237 0 38 97 a
10039025 1 56 98 b
10152401 1 38 97 a
10224422 0 54 99 c
10262783 0 43 104 h
10375682 1 54 99 c
10388273 1 43 104 h
10539755 0 26 101 e
10682388 1 26 101 e
10737955 0 46 108 l
10843641 1 46 108 l
10971312 0 32 111 o
11098228 1 32 111 o
11174314 0 27 114 r
11316082 1 27 114 r
11426668 0 65 32 space
11603837 1 65 32 space
11752715 0 44 106 j
11877971 1 44 106 j
12045497 0 32 111 o
12177084 1 32 111 o
12489229 0 29 121 y
12583909 1 29 121 y
12895193 0 65 32 space
13034053 1 65 32 space
13317759 0 43 104 h
13436773 1 43 104 h
13521726 0 26 101 e
13640323 0 27 114 r
13705272 1 26 101 e
13761044 1 27 114 r
13805729 0 65 32 space
13891229 1 65 32 space
14053790 0 33 112 p
14151003 1 33 112 p
14214490 0 27 114 r
14304683 0 32 111 o
14331471 1 27 114 r
14388924 1 32 111 o
14525063 0 33 112 p
14605168 1 33 112 p
14765982 0 32 111 o
14885603 1 32 111 o
15560571 0 39 115 s
15598854 1 39 115 s
15625687 0 38 97 a
15770091 1 38 97 a
15858716 0 47 248 oslash
15875453 0 46 108 l
15905699 1 46 108 l
15951819 1 47 248 oslash
16324938 0 65 32 space
16446598 1 65 32 space
16867659 0 22 0 BackSpace
16917054 1 22 0 BackSpace
17022745 0 22 0 BackSpace
17077808 1 22 0 BackSpace
17166439 0 22 0 BackSpace
17269698 1 22 0 BackSpace
17413496 0 46 108 l
17519585 1 46 108 l
17713758 0 65 32 space
17806706 1 65 32 space
18552679 0 46 108 l
18693475 1 46 108 l
18722571 0 38 97 a
18923148 1 38 97 a
18987662 0 30 117 u
19125993 1 30 117 u
19296739 0 43 104 h
19411861 1 43 104 h
19743495 0 22 0 BackSpace
19818337 1 22 0 BackSpace
19922062 0 42 103 g
20043253 1 42 103 g
20109489 0 43 104 h
20234784 1 43 104 h
20277994 0 28 116 t
20396751 1 28 116 t
21235332 0 26 101 e
21372722 0 27 114 r
21471893 1 26 101 e
21529411 1 27 114 r
21904370 0 60 46 period
22067553 1 60 46 period
22693040 0 65 32 space
22874440 1 65 32 space
23206968 0 50 0 Shift_L
23380413 0 27 82 R
23451433 1 50 0 Shift_L
23517854 1 27 114 r
23601819 0 38 97 a
23786601 1 38 97 a
23797825 0 33 112 p
23920875 1 33 112 p
24096894 0 28 116 t
24257100 1 28 116 t
24396928 0 30 117 u
24551063 1 30 117 u
24583673 0 27 114 r
24687502 0 26 101 e
24729489 1 27 114 r
24797231 1 26 101 e
24895086 0 39 115 s
25054486 1 39 115 s
25074350 0 65 32 space
25236193 1 65 32 space
25424124 0 27 114 r
25526631 0 26 101 e
25588124 1 27 114 r
25717328 1 26 101 e
25983200 0 28 116 t
26141186 1 28 116 t
26600111 0 31 105 i
26715380 1 31 105 i
27164656 0 22 0 BackSpace
27239037 1 22 0 BackSpace
27489834 0 30 117 u
27582910 1 30 117 u
27632613 0 27 114 r
27754418 1 27 114 r
27803422 0 57 110 n
27903661 1 57 110 n
27935705 0 26 101 e
28134868 1 26 101 e
28186507 0 40 100 d
28328465 1 40 100 d
28361628 0 65 32 space
28484901 1 65 32 space
28751383 0 40 100 d
28870362 1 40 100 d
29633742 0 31 105 i
29755352 1 31 105 i
29832987 0 39 115 s
29991144 0 33 112 p
30004388 1 39 115 s
30081736 1 33 112 p
30226829 0 32 111 o
30364925 1 32 111 o
30407521 0 39 115 s
30545898 1 39 115 s
30679856 0 26 101 e
30838703 0 40 100 d
30891648 1 26 101 e
31008861 1 40 100 d
31258307 0 65 32 space
31376092 1 65 32 space
31618321 0 32 111 o
31705144 1 32 111 o
31869401 0 57 110 n
31963249 1 57 110 n
32185388 0 26 101 e
32326679 1 26 101 e
32998504 0 65 32 space
33185153 1 65 32 space
33339487 0 26 101 e
33501957 1 26 101 e
33535487 0 57 110 n
33644075 1 57 110 n
33732483 0 28 116 t
33829380 1 28 116 t
33911185 0 31 105 i
34057851 1 31 105 i
34083618 0 27 114 r
34200640 0 26 101 e
34245071 1 27 114 r
34346842 1 26 101 e
35080579 0 46 108 l
35226846 1 46 108 l
35466881 0 29 121 y
35569416 1 29 121 y
35855205 0 65 32 space
35979740 1 65 32 space
36428474 0 43 104 h
36492997 1 43 104 h
36688199 0 26 101 e
36817529 0 27 114 r
36891212 1 26 101 e
36991375 1 27 114 r
37020238 0 65 32 space
37162328 1 65 32 space
37422248 0 58 109 m
37529515 1 58 109 m
37618124 0 26 101 e
37712280 0 57 110 n
37761202 1 26 101 e
37803320 1 57 110 n
37914864 0 65 32 space
38055604 1 65 32 space
38204738 0 43 104 h
38347416 1 43 104 h
38432002 0 38 97 a
38576416 1 38 97 a
38619817 0 59 44 comma
38724574 1 59 44 comma
38911043 0 60 46 period
39030972 1 60 46 period
39518726 0 22 0 BackSpace
39575619 1 22 0 BackSpace
39667645 0 22 0 BackSpace
39743486 1 22 0 BackSpace
40174692 0 58 109 m
40216648 1 58 109 m
40497154 0 60 46 period
40596558 1 60 46 period
40904358 0 36 0 Return
41020175 1 36 0 Return
42495523 0 50 0 Shift_L
42560047 0 56 66 B
42673197 1 56 66 B
42740398 0 29 89 Y
42759991 1 50 0 Shift_L
42828335 1 29 121 y
42931425 0 65 32 space
43053875 1 65 32 space
43082889 0 28 116 t
43207598 1 28 116 t
43227681 0 32 111 o
43296076 1 32 111 o
43439969 0 65 32 space
43547923 1 65 32 space
43627003 0 38 97 a
43763270 1 38 97 a
43769435 0 40 100 d
43864476 0 58 109 m
43889130 1 40 100 d
43948794 1 58 109 m
44040676 0 31 105 i
44139694 1 31 105 i
44172409 0 27 114 r
44304773 0 26 101 e
44343557 1 27 114 r
44453893 1 26 101 e
44459789 0 65 32 space
44584990 1 65 32 space
44796347 0 55 118 v
44886208 1 55 118 v
45028347 0 38 97 a
45122628 0 57 110 n
45147030 1 38 97 a
45211757 1 57 110 n
45377161 0 31 105 i
45432464 1 31 105 i
45515469 0 28 116 t
45585066 1 28 116 t
45912276 0 29 121 y
46029764 1 29 121 y
46252630 0 65 32 space
46373551 1 65 32 space
46655116 0 54 99 c
46797182 1 54 99 c
46948191 0 32 111 o
47055908 1 32 111 o
47284817 0 30 117 u
47442181 1 30 117 u
47495751 0 57 110 n
47637583 1 57 110 n
47696206 0 28 116 t
47802380 1 28 116 t
47957426 0 26 101 e
48000034 1 26 101 e
48305389 0 22 0 BackSpace
48415568 1 22 0 BackSpace
48758395 0 29 121 y
48860174 1 29 121 y
49094634 0 65 32 space
49239023 1 65 32 space
49394454 0 38 97 a
49521531 0 57 110 n
49543487 1 38 97 a
49650062 1 57 110 n
50078952 0 65 32 space
50185659 1 65 32 space
50338379 0 58 109 m
50468371 1 58 109 m
50664294 0 30 117 u
50811326 1 30 117 u
50842021 0 28 116 t
50975351 1 28 116 t
50981312 0 30 117 u
51086046 1 30 117 u
51194738 0 38 97 a
51342389 1 38 97 a
51371463 0 46 108 l
51487753 1 46 108 l
51627659 0 65 32 space
51744371 1 65 32 space
51859633 0 38 97 a
52014301 0 39 115 s
52055677 1 38 97 a
52127803 1 39 115 s
52151215 0 65 32 space
52281049 1 65 32 space
52404894 0 27 114 r
52506226 0 32 111 o
52517516 1 27 114 r
52652878 1 32 111 o
52775312 0 30 117 u
52918874 1 30 117 u
53041733 0 39 115 s
53176707 1 39 115 s
53291848 0 26 101 e
53510742 1 26 101 e
53566276 0 40 100 d
53688831 1 40 100 d
54190572 0 60 46 period
54318647 1 60 46 period
54494728 0 65 32 space
54582002 1 65 32 space
54710620 0 50 0 Shift_L
54841652 0 32 79 O
54948991 1 32 79 O
54998967 1 50 0 Shift_L
55151999 0 41 102 f
55262109 1 41 102 f
55405156 0 65 32 space
55520212 1 65 32 space
56161882 0 38 97 a
56364296 1 38 97 a
56425263 0 57 110 n
56514604 1 57 110 n
56737259 0 65 32 space
56823114 1 65 32 space
57155466 0 28 116 t
57279007 0 43 104 h
57307203 1 28 116 t
57401198 1 43 104 h
57823231 0 25 119 w
57947150 1 25 119 w
58038944 0 32 111 o
58138738 1 32 111 o
58596294 0 22 0 BackSpace
58663942 1 22 0 BackSpace
58758015 0 22 0 BackSpace
58826028 1 22 0 BackSpace
58858445 0 27 114 r
59030091 0 32 111 o
59042263 1 27 114 r
59158505 1 32 111 o
59216789 0 25 119 w
59371353 1 25 119 w
59779688 0 57 110 n
59932967 1 57 110 n
60249388 0 65 32 space
60426716 1 65 32 space
60596912 0 38 97 a
60710805 1 38 97 a
60742575 0 58 109 m
60818419 1 58 109 m
60952285 0 65 32 space
61124942 1 65 32 space
61171938 0 25 119 w
61221481 1 25 119 w
61324653 0 38 97 a
61487651 1 38 97 a
61571457 0 27 114 r
61700356 1 27 114 r
61708451 0 58 109 m
61792086 1 58 109 m
61915795 0 46 108 l
62052189 1 46 108 l
62907002 0 29 121 y
62984582 1 29 121 y
63438649 0 65 32 space
63577850 1 65 32 space
63794908 0 58 109 m
63887856 1 58 109 m
63967024 0 26 101 e
64107324 0 27 114 r
64182323 1 26 101 e
64292620 0 26 101 e
64311143 1 27 114 r
64428594 1 26 101 e
64470278 0 46 108 l
64639026 1 46 108 l
64961987 0 29 121 y
65107413 1 29 121 y
65409693 0 65 32 space
65563842 1 65 32 space
65804726 0 27 114 r
65916037 0 26 101 e
65999177 1 27 114 r
66067761 1 26 101 e
66180947 0 39 115 s
66340946 1 39 115 s
66346940 0 30 117 u
66494492 1 30 117 u
66776763 0 46 108 l
66906087 1 46 108 l
67028937 0 28 116 t
67174150 1 28 116 t
67338950 0 65 32 space
67500318 1 65 32 space
67620374 0 40 100 d
67817195 0 26 101 e
67861740 1 40 100 d
67993672 1 26 101 e
68097249 0 32 111 o
68189181 1 32 111 o
68897461 0 22 0 BackSpace
68971673 1 22 0 BackSpace
69102352 0 33 112 p
69231703 1 33 112 p
69265598 0 38 97 a
69429756 0 27 114 r
69457650 1 38 97 a
69571658 1 27 114 r
69671457 0 28 116 t
69778376 1 28 116 t
69988393 0 65 32 space
70113822 1 65 32 space
70227285 0 39 115 s
70343379 0 30 117 u
70359475 1 39 115 s
70421906 1 30 117 u
70724619 0 33 112 p
70804674 1 33 112 p
70892332 0 33 112 p
70977858 1 33 112 p
71103012 0 46 108 l
71199106 1 46 108 l
71429906 0 29 121 y
71534932 1 29 121 y
71848597 0 60 46 period
71946721 1 60 46 period
72470567 0 36 0 Return
72629947 1 36 0 Return
73249118 0 50 0 Shift_L
73518143 0 27 82 R
73661052 1 50 0 Shift_L
73669934 1 27 114 r
73779237 0 26 101 e
73874638 1 26 101 e
74060247 0 24 113 q
74180635 1 24 113 q
74396677 0 30 117 u
74459827 1 30 117 u
74583432 0 31 105 i
74695617 0 27 114 r
74739616 1 31 105 i
74810407 0 26 101 e
74847083 1 27 114 r
74987639 1 26 101 e
75050004 0 40 100 d
75160010 1 40 100 d
75196246 0 65 32 space
75299443 1 65 32 space
75441732 0 43 104 h
75533401 1 43 104 h
75716851 0 32 111 o
75782853 1 32 111 o
75896105 0 57 110 n
75982915 1 57 110 n
76122610 0 32 111 o
76208356 1 32 111 o
76304432 0 30 117 u
76430515 1 30 117 u
76449475 0 27 114 r
76614105 0 26 101 e
76627333 1 27 114 r
76760360 1 26 101 e
76802603 0 40 100 d
76950070 1 40 100 d
76962081 0 65 32 space
77094899 1 65 32 space
77181998 0 28 116 t
77276886 1 28 116 t
77352489 0 27 114 r
77472674 1 27 114 r
78128675 0 31 105 i
78260601 1 31 105 i
78294765 0 41 102 f
78420230 1 41 102 f
78543469 0 46 108 l
78649688 1 46 108 l
78794426 0 31 105 i
78947544 0 57 110 n
78995893 1 31 105 i
79088875 1 57 110 n
79094945 0 42 103 g
79244964 1 42 103 g
79336528 0 65 32 space
79534112 1 65 32 space
79724779 0 26 101 e
79891433 1 26 101 e
79917299 0 38 97 a
80039376 1 38 97 a
80190548 0 28 116 t
80290153 0 65 32 space
80324691 1 28 116 t
80404163 1 65 32 space
80623363 0 33 112 p
80671982 1 33 112 p
80834858 0 46 108 l
80987929 1 46 108 l
81008758 0 26 101 e
81140422 1 26 101 e
81351109 0 38 97 a
81540968 0 39 115 s
81629717 1 38 97 a
81722091 1 39 115 s
81998059 0 30 117 u
82133733 1 30 117 u
82191403 0 27 114 r
82309723 0 26 101 e
82394593 1 27 114 r
82517847 1 26 101 e
83293801 0 65 32 space
83439577 1 65 32 space
83625594 0 58 109 m
83723561 1 58 109 m
83782648 0 38 97 a
83887271 0 57 110 n
83926961 1 38 97 a
83951324 1 57 110 n
84065160 0 65 32 space
84144682 0 27 114 r
84202399 1 65 32 space
84252913 0 26 101 e
84319666 1 27 114 r
84404082 1 26 101 e
84455424 0 46 108 l
84572434 1 46 108 l
84579266 0 38 97 a
84707696 1 38 97 a
84834331 0 28 116 t
84904416 0 31 105 i
84934849 1 28 116 t
84982262 1 31 105 i
85089122 0 32 111 o
85170560 1 32 111 o
85281196 0 57 110 n
85399682 1 57 110 n
85719158 0 60 46 period
85824252 1 60 46 period
86077600 0 65 32 space
86199567 1 65 32 space
86296139 0 50 0 Shift_L
86367163 0 38 65 A
86508269 1 38 65 A
86518115 1 50 0 Shift_L
86525291 0 39 115 s
86615701 1 39 115 s
86741547 0 39 115 s
86871644 1 39 115 s
86967530 0 30 117 u
87107171 1 30 117 u
87165978 0 27 114 r
87211227 1 27 114 r
87458213 0 38 97 a
87612236 1 38 97 a
87633508 0 57 110 n
87742103 1 57 110 n
87776823 0 54 99 c
87968688 0 26 101 e
87990915 1 54 99 c
88114133 1 26 101 e
88450699 0 65 32 space
88595062 1 65 32 space
88869738 0 29 121 y
88976023 0 26 101 e
88994423 1 29 121 y
89119899 1 26 101 e
89214285 0 28 116 t
89335658 0 65 32 space
89347248 1 28 116 t
89467856 1 65 32 space
89844097 0 56 98 b
89939709 1 56 98 b
90005470 0 26 101 e
90198378 0 40 100 d
90214931 1 26 101 e
90329064 0 65 32 space
90340286 1 40 100 d
90431951 1 65 32 space
90465904 0 25 119 w
90570921 1 25 119 w
90615675 0 38 97 a
90733121 0 39 115 s
90827635 1 38 97 a
90865036 1 39 115 s
90884873 0 65 32 space
90988928 1 65 32 space
91162006 0 31 105 i
91239234 1 31 105 i
91414164 0 58 109 m
91469837 1 58 109 m
91755618 0 33 112 p
91857720 1 33 112 p
92050340 0 27 114 r
92129864 0 32 111 o
92141993 1 27 114 r
92292021 1 32 111 o
92574503 0 55 118 v
92714189 1 55 118 v
92781148 0 31 105 i
92892974 0 57 110 n
92978343 1 31 105 i
93013991 0 42 103 g
93057670 1 57 110 n
93148672 1 42 103 g
93246905 0 65 32 space
93372419 0 41 102 f
93384560 1 65 32 space
93518484 1 41 102 f
93648651 0 30 117 u
93792295 1 30 117 u
93815181 0 27 114 r
93989230 1 27 114 r
93995752 0 57 110 n
94113400 1 57 110 n
94267837 0 31 105 i
94378160 1 31 105 i
94510129 0 28 116 t
94655559 1 28 116 t
94730328 0 30 117 u
94865038 1 30 117 u
94949490 0 27 114 r
95161025 1 27 114 r
95166609 0 26 101 e
95270505 1 26 101 e
95935423 0 65 32 space
96020444 1 65 32 space
96156554 0 58 109 m
96242432 1 58 109 m
96355598 0 38 97 a
96486123 1 38 97 a
96511448 0 57 110 n
96637333 1 57 110 n
97152588 0 59 44 comma
97244226 1 59 44 comma
97857102 0 22 0 BackSpace
97976246 1 22 0 BackSpace
98233284 0 60 46 period
98346425 1 60 46 period
99075293 0 36 0 Return
99240341 1 36 0 Return
99972132 0 50 0 Shift_L
100660446 0 40 68 D
100843515 1 50 0 Shift_L
100874232 1 40 100 d
100988924 0 31 105 i
101117227 0 39 115 s
101128685 1 31 105 i
101205863 1 39 115 s
101369720 0 28 116 t
101492857 1 28 116 t
102029951 0 27 114 r
102217603 1 27 114 r
102301152 0 30 117 u
102469340 1 30 117 u
102670446 0 39 115 s
102807989 1 39 115 s
102963999 0 28 116 t
103107357 1 28 116 t
103340064 0 39 115 s
103478796 1 39 115 s
103837698 0 65 32 space
104063584 1 65 32 space
104153587 0 40 100 d
104269283 0 26 101 e
104348200 1 40 100 d
104458050 1 26 101 e
104465025 0 46 108 l
104533564 1 46 108 l
104691607 0 31 105 i
104809504 1 31 105 i
104832571 0 42 103 g
104985651 1 42 103 g
105018820 0 43 104 h
105140852 0 28 116 t
105154147 1 43 104 h
105275005 1 28 116 t
105394301 0 26 101 e
105554938 1 26 101 e
105711602 0 40 100 d
105795312 1 40 100 d
105857824 0 65 32 space
105968840 1 65 32 space
106083620 0 39 115 s
106190633 1 39 115 s
106209800 0 43 104 h
106314305 1 43 104 h
106365521 0 26 101 e
106497546 1 26 101 e
106542304 0 65 32 space
106679175 1 65 32 space
106918278 0 46 108 l
107028465 1 46 108 l
107166355 0 31 105 i
107271736 1 31 105 i
107340542 0 39 115 s
107467002 1 39 115 s
107570120 0 28 116 t
107659334 0 26 101 e
107742327 1 28 116 t
107857148 1 26 101 e
107862930 0 57 110 n
107937889 1 57 110 n
108067202 0 31 105 i
108140822 0 57 110 n
108185930 1 31 105 i
108257791 1 57 110 n
108263862 0 42 103 g
108383344 1 42 103 g
108407063 0 65 32 space
108511471 1 65 32 space
108755985 0 58 109 m
108873156 1 58 109 m
109000105 0 27 114 r
109098065 1 27 114 r
109259865 0 39 115 s
109363951 1 39 115 s
109375239 0 65 32 space
109543983 1 65 32 space
109647422 0 26 101 e
109750209 1 26 101 e
109927903 0 53 120 x
110030630 1 53 120 x
110171332 0 28 116 t
110273147 1 28 116 t
110341218 0 26 101 e
110449332 1 26 101 e
110478855 0 57 110 n
110587401 1 57 110 n
110615954 0 39 115 s
110711466 1 39 115 s
110738013 0 31 105 i
110855331 1 31 105 i
111022521 0 55 118 v
111126168 1 55 118 v
111257123 0 26 101 e
111399723 1 26 101 e
111432248 0 65 32 space
111555300 1 65 32 space
111664875 0 26 101 e
111778475 1 26 101 e
112195954 0 22 0 BackSpace
112287860 1 22 0 BackSpace
112339097 0 38 97 a
112440575 0 40 100 d
112466709 1 38 97 a
112582988 0 58 109 m
112594783 1 40 100 d
112643285 1 58 109 m
112875011 0 31 105 i
112985247 1 31 105 i
113054622 0 28 116 t
113194791 1 28 116 t
113435171 0 28 116 t
113582394 1 28 116 t
113693882 0 31 105 i
113845958 0 57 110 n
113900106 1 31 105 i
113967284 0 42 103 g
113979191 1 57 110 n
114122537 1 42 103 g
114150388 0 65 32 space
114258327 1 65 32 space
114271255 0 41 102 f
114372813 1 41 102 f
114478016 0 38 97 a
114599997 1 38 97 a
114736210 0 27 114 r
114864491 1 27 114 r
114964898 0 60 46 period
115081976 1 60 46 period
115366055 0 65 32 space
115467678 1 65 32 space
115556307 0 65 32 space
115687393 1 65 32 space
115751902 0 50 0 Shift_L
115921937 0 41 70 F
115996677 1 50 0 Shift_L
116049746 1 41 102 f
116195230 0 30 117 u
116294756 1 30 117 u
116473562 0 46 108 l
116687310 1 46 108 l
117003178 0 46 108 l
117121329 1 46 108 l
117474680 0 65 32 space
117593935 1 65 32 space
117773399 0 43 104 h
117905987 1 43 104 h
117950071 0 26 101 e
118060693 0 65 32 space
118085781 1 26 101 e
118166923 1 65 32 space
118439959 0 57 110 n
118528432 1 57 110 n
118689719 0 32 111 o
118768284 1 32 111 o
118875400 0 57 110 n
118961816 1 57 110 n
119019023 0 26 101 e
119151601 1 26 101 e
119194971 0 57 110 n
119239358 1 57 110 n
119468842 0 65 32 space
119562810 1 65 32 space
120253754 0 22 0 BackSpace
120316249 1 22 0 BackSpace
120414039 0 22 0 BackSpace
120474593 1 22 0 BackSpace
120767966 0 65 32 space
120937389 1 65 32 space
120974364 0 57 110 n
121074099 1 57 110 n
121203993 0 32 111 o
121327804 1 32 111 o
121494865 0 65 32 space
121542558 1 65 32 space
121711388 0 39 115 s
121719824 0 32 111 o
121761663 1 32 111 o
121866220 1 39 115 s
122662565 0 22 0 BackSpace
122768612 1 22 0 BackSpace
122923989 0 31 105 i
123059896 1 31 105 i
123066319 0 40 100 d
123186655 0 26 101 e
123262818 1 40 100 d
123360023 1 26 101 e
123656190 0 60 46 period
123813150 1 60 46 period
124566763 0 65 32 space
124681711 1 65 32 space
125085536 0 50 0 Shift_L
125395792 0 31 73 I
125529824 1 31 73 I
125541385 1 50 0 Shift_L
126056450 0 22 0 BackSpace
126168485 1 22 0 BackSpace
126279137 0 50 0 Shift_L
126367070 0 30 85 U
126479132 1 30 85 U
126488222 1 50 0 Shift_L
126569941 0 57 110 n
126642342 1 57 110 n
126790809 0 54 99 c
126863931 0 32 111 o
126935356 1 54 99 c
126944458 1 32 111 o
127041090 0 58 109 m
127133778 1 58 109 m
127233175 0 32 111 o
127337944 1 32 111 o
127778557 0 22 0 BackSpace
127854371 1 22 0 BackSpace
128029796 0 58 109 m
128123569 1 58 109 m
128269473 0 32 111 o
128322189 1 32 111 o
128483346 0 57 110 n
128584119 1 57 110 n
128737548 0 46 108 l
128884852 1 46 108 l
129140639 0 29 121 y
129229522 1 29 121 y
129464063 0 65 32 space
129643590 1 65 32 space
129943452 0 39 115 s
130126930 1 39 115 s
130223353 0 30 117 u
130334229 1 30 117 u
130350517 0 27 114 r
130398908 1 27 114 r
130528368 0 27 114 r
130666544 1 27 114 r
130671983 0 32 111 o
130772976 1 32 111 o
130935256 0 30 117 u
131051758 0 57 110 n
131100144 1 30 117 u
131216367 1 57 110 n
131222196 0 40 100 d
131297639 0 26 101 e
131309182 1 40 100 d
131462671 0 40 100 d
131524584 1 26 101 e
131594211 1 40 100 d
131684317 0 65 32 space
131797680 1 65 32 space
131979457 0 54 99 c
132109509 1 54 99 c
132115901 0 32 111 o
132180345 1 32 111 o
132309988 0 57 110 n
132420931 1 57 110 n
132467400 0 39 115 s
132584000 1 39 115 s
132604706 0 31 105 i
132726700 0 40 100 d
132776049 1 31 105 i
132874982 1 40 100 d
132901191 0 26 101 e
133040780 0 27 114 r
133050936 1 26 101 e
133203820 0 26 101 e
133238081 1 27 114 r
133377453 1 26 101 e
133424128 0 40 100 d
133575903 1 40 100 d
133692965 0 65 32 space
133852163 1 65 32 space
133992676 0 41 102 f
134103761 1 41 102 f
134411829 0 32 111 o
134544182 1 32 111 o
134599085 0 27 114 r
134742447 0 65 32 space
134753695 1 27 114 r
134838464 1 65 32 space
134979440 0 43 104 h
135067253 1 43 104 h
135218941 0 31 105 i
135302842 1 31 105 i
135522347 0 58 109 m
135648391 1 58 109 m
135921568 0 65 32 space
135998560 1 65 32 space
136124150 0 38 97 a
136301231 0 27 114 r
136320822 1 38 97 a
136458646 0 26 101 e
136523104 1 27 114 r
136598934 1 26 101 e
136653486 0 65 32 space
136760325 1 65 32 space
136897989 0 31 105 i
136982147 1 31 105 i
136991149 0 28 116 t
137124304 1 28 116 t
137303119 0 39 115 s
137424050 1 39 115 s
137459551 0 60 46 period
137636757 1 60 46 period
137888801 0 36 0 Return
138058748 1 36 0 Return
138848141 0 50 0 Shift_L
138982258 0 31 73 I
139122422 1 31 73 I
139134279 1 50 0 Shift_L
139236043 0 28 116 t
139372007 1 28 116 t
139449350 0 65 32 space
139535038 0 25 119 w
139572733 1 65 32 space
139674269 1 25 119 w
139782293 0 26 101 e
139888768 1 26 101 e
139903831 0 65 32 space
140030013 1 65 32 space
140380703 0 31 105 i
140429327 1 31 105 i
140700159 0 39 115 s
140794842 1 39 115 s
140953040 0 65 32 space
141099974 1 65 32 space
141170418 0 27 114 r
141303101 0 26 101 e
141350526 1 27 114 r
141420295 1 26 101 e
141457863 0 38 97 a
141621811 0 40 100 d
141633361 1 38 97 a
141697683 0 65 32 space
141769038 1 40 100 d
141866984 1 65 32 space
142168958 0 42 103 g
142240872 1 42 103 g
142272604 0 32 111 o
142326476 1 32 111 o
142418646 0 32 111 o
142543934 1 32 111 o
142637445 0 40 100 d
142788595 1 40 100 d
142805445 0 65 32 space
142942930 1 65 32 space
143099889 0 39 115 s
143189366 1 39 115 s
143195827 0 32 111 o
143281434 1 32 111 o
143317307 0 32 111 o
143447583 1 32 111 o
143571233 0 57 110 n
143693294 1 57 110 n
144236842 0 65 32 space
144438653 1 65 32 space
145194229 0 22 0 BackSpace
145312250 1 22 0 BackSpace
145437505 0 60 46 period
145538100 1 60 46 period
145703337 0 65 32 space
145813262 1 65 32 space
145915252 0 50 0 Shift_L
145961061 0 58 77 M
146087284 1 58 77 M
146129631 1 50 0 Shift_L
146507906 0 29 121 y
146633913 1 29 121 y
146769760 0 65 32 space
146893989 1 65 32 space
146963697 0 28 116 t
147047927 0 32 111 o
147084918 1 28 116 t
147171787 1 32 111 o
147293603 0 65 32 space
147398550 1 65 32 space
147434474 0 54 99 c
147538935 0 32 111 o
147589412 1 54 99 c
147597727 1 32 111 o
147700934 0 57 110 n
147787610 1 57 110 n
147863574 0 39 115 s
147970474 1 39 115 s
147985373 0 31 105 i
148159301 1 31 105 i
148214644 0 40 100 d
148320383 1 40 100 d
148499828 0 26 101 e
148630963 0 27 114 r
148691722 1 26 101 e
148799765 0 26 101 e
148827143 1 27 114 r
148963242 1 26 101 e
149030282 0 40 100 d
149160659 1 40 100 d
149988520 0 65 32 space
150100810 1 65 32 space
150296570 0 40 100 d
150427267 0 26 101 e
150474036 1 40 100 d
150567829 0 46 108 l
150603184 1 26 101 e
150655239 1 46 108 l
150793541 0 31 105 i
150947546 1 31 105 i
150957411 0 42 103 g
151100391 1 42 103 g
151126990 0 43 104 h
151303638 0 28 116 t
151314684 1 43 104 h
151438747 1 28 116 t
151875534 0 41 102 f
152040717 1 41 102 f
152045463 0 30 117 u
152161634 1 30 117 u
152445132 0 46 108 l
152507759 1 46 108 l
155922316 0 65 32 space
156094692 1 65 32 space
156671081 0 31 105 i
156755965 0 57 110 n
156838290 1 31 105 i
156947991 1 57 110 n
157074935 0 55 118 v
157224235 1 55 118 v
157313244 0 31 105 i
157482272 1 31 105 i
157488454 0 28 116 t
157637618 1 28 116 t
157875220 0 38 97 a
157969208 1 38 97 a
158100552 0 28 116 t
158211416 0 31 105 i
158248843 1 28 116 t
158302831 1 31 105 i
158393433 0 32 111 o
158547671 1 32 111 o
158712297 0 57 110 n
158832125 1 57 110 n
159552911 0 65 32 space
159754432 1 65 32 space
161283494 0 38 97 a
161414456 1 38 97 a
161677427 0 57 110 n
161776694 1 57 110 n
161871024 0 57 110 n
162009122 1 57 110 n
162308953 0 32 111 o
162445224 1 32 111 o
162758209 0 30 117 u
162867304 1 30 117 u
163017957 0 57 110 n
163156674 1 57 110 n
163290546 0 54 99 c
163430695 1 54 99 c
163459252 0 31 105 i
163534565 1 31 105 i
163855993 0 57 110 n
163985543 1 57 110 n
164039983 0 42 103 g
164199618 1 42 103 g
164292460 0 65 32 space
164420239 1 65 32 space
164603974 0 32 111 o
164725240 1 32 111 o
164805441 0 41 102 f
164886305 0 65 32 space
164918579 1 41 102 f
164972064 1 65 32 space
165105600 0 57 110 n
165182520 1 57 110 n
165323106 0 32 111 o
165438188 1 32 111 o
165605332 0 65 32 space
165723501 1 65 32 space
165933273 0 40 100 d
166087023 0 26 101 e
166165426 1 40 100 d
166220251 1 26 101 e
166342070 0 54 99 c
166461260 1 54 99 c
166513718 0 31 105 i
166644309 1 31 105 i
166690550 0 39 115 s
166807951 1 39 115 s
166817014 0 31 105 i
166983979 1 31 105 i
167092872 0 55 118 v
167231798 1 55 118 v
167312034 0 26 101 e
167535736 1 26 101 e
167546103 0 46 108 l
167652913 1 46 108 l
168078885 0 29 121 y
168197695 1 29 121 y
168878115 0 65 32 space
169022263 1 65 32 space
169153546 0 56 98 b
169294022 1 56 98 b
169549399 0 32 111 o
169714168 1 32 111 o
169872982 0 31 105 i
170037602 1 31 105 i
170178552 0 39 115 s
170336462 1 39 115 s
170492482 0 28 116 t
170622836 1 28 116 t
170794135 0 26 101 e
170928330 0 27 114 r
171000721 1 26 101 e
171068910 1 27 114 r
171084709 0 32 111 o
171231835 1 32 111 o
171459509 0 30 117 u
171610678 1 30 117 u
172005085 0 39 115 s
172122432 1 39 115 s
172667733 0 60 46 period
172765810 1 60 46 period
172976379 0 36 0 Return
173119351 1 36 0 Return
173628273 0 50 0 Shift_L
174037885 0 40 68 D
174158814 1 50 0 Shift_L
174213661 1 40 100 d
174519751 0 31 105 i
174659073 1 31 105 i
174713879 0 40 100 d
174799655 1 40 100 d
174891563 0 40 100 d
175038612 1 40 100 d
175589165 0 22 0 BackSpace
175669807 1 22 0 BackSpace
175697114 0 65 32 space
175834435 1 65 32 space
175947705 0 38 97 a
176124160 1 38 97 a
176134584 0 40 100 d
176236186 1 40 100 d
176335051 0 40 100 d
176472504 1 40 100 d
176616505 0 65 32 space
176751940 1 65 32 space
176783508 0 40 100 d
176938977 1 40 100 d
176961859 0 38 97 a
177086859 0 39 115 s
177148988 1 38 97 a
177253419 1 39 115 s
177330356 0 43 104 h
177421822 1 43 104 h
177605854 0 25 119 w
177747905 1 25 119 w
177802240 0 32 111 o
177883168 1 32 111 o
177978641 0 32 111 o
178122367 1 32 111 o
178209056 0 40 100 d
178271333 1 40 100 d
178651320 0 39 115 s
178748054 1 39 115 s
179086502 0 65 32 space
179250281 1 65 32 space
179293880 0 40 100 d
179461754 0 26 101 e
179481850 1 40 100 d
179605951 1 26 101 e
179664051 0 41 102 f
179757722 1 41 102 f
179799407 0 31 105 i
179965164 1 31 105 i
180359416 0 54 99 c
180540013 1 54 99 c
180590690 0 31 105 i
180695142 1 31 105 i
180771638 0 26 101 e
180923018 1 26 101 e
180963030 0 57 110 n
181088827 0 28 116 t
181101975 1 57 110 n
181234251 1 28 116 t
181341252 0 65 32 space
181509382 1 65 32 space
182023552 0 58 109 m
182124282 1 58 109 m
182210229 0 38 97 a
182363904 1 38 97 a
182397684 0 57 110 n
182500004 1 57 110 n
182647031 0 65 32 space
182797607 1 65 32 space
183007430 0 54 99 c
183097179 0 32 111 o
183120460 1 54 99 c
183216082 1 32 111 o
183333450 0 57 110 n
183452923 1 57 110 n
183476429 0 54 99 c
183601057 0 46 108 l
183612635 1 54 99 c
183705389 1 46 108 l
184065833 0 30 117 u
184220544 1 30 117 u
184430146 0 40 100 d
184583941 0 26 101 e
184596243 1 40 100 d
184772286 0 40 100 d
184840441 1 26 101 e
184923146 1 40 100 d
185320875 0 65 32 space
185464476 0 38 97 a
185486347 1 65 32 space
185575483 0 40 100 d
185598634 1 38 97 a
185694671 1 40 100 d
185804132 0 40 100 d
185920005 1 40 100 d
186129229 0 31 105 i
186268308 1 31 105 i
186345076 0 28 116 t
186448897 1 28 116 t
186474812 0 31 105 i
186547779 1 31 105 i
186688817 0 32 111 o
186783064 1 32 111 o
186904440 0 57 110 n
187009606 1 57 110 n
187134230 0 39 115 s
187276012 1 39 115 s
187325142 0 65 32 space
187469198 1 65 32 space
187644490 0 27 114 r
187732685 0 26 101 e
187827328 1 27 114 r
187866127 1 26 101 e
188002161 0 39 115 s
188109110 0 32 111 o
188120650 1 39 115 s
188226898 1 32 111 o
188312234 0 30 117 u
188450788 0 27 114 r
188462060 1 30 117 u
188572093 1 27 114 r
188745599 0 54 99 c
188917965 1 54 99 c
188923723 0 26 101 e
189018023 1 26 101 e
189196212 0 39 115 s
189354050 1 39 115 s
189634217 0 60 46 period
189756179 1 60 46 period
189891979 0 65 32 space
190013116 1 65 32 space
190084422 0 50 0 Shift_L
190181808 0 32 79 O
190301030 1 32 79 O
190373780 1 50 0 Shift_L
190541443 0 27 114 r
190636468 1 27 114 r
190805656 0 65 32 space
190958895 1 65 32 space
191157380 0 46 108 l
191268840 1 46 108 l
191350823 0 38 97 a
191499965 1 38 97 a
191511723 0 57 110 n
191616114 1 57 110 n
191634305 0 40 100 d
191781197 1 40 100 d
192137077 0 46 108 l
192256643 1 46 108 l
192391916 0 32 111 o
192548271 1 32 111 o
192553950 0 27 114 r
192667149 1 27 114 r
192845637 0 28 116 t
192947608 1 28 116 t
193203924 0 22 0 BackSpace
193321853 1 22 0 BackSpace
193371255 0 40 100 d
193525092 1 40 100 d
193691945 0 65 32 space
193780764 1 65 32 space
193971004 0 33 112 p
194101403 1 33 112 p
194160755 0 38 97 a
194325343 1 38 97 a
194397868 0 45 107 k
194544566 1 45 107 k
194550849 0 54 99 c
194708865 1 54 99 c
194821398 0 38 97 a
194973440 1 38 97 a
195533305 0 22 0 BackSpace
195617975 1 22 0 BackSpace
195683174 0 22 0 BackSpace
195750970 1 22 0 BackSpace
195854456 0 22 0 BackSpace
195917146 1 22 0 BackSpace
196146807 0 54 99 c
196255333 1 54 99 c
196312193 0 45 107 k
196473486 1 45 107 k
196479175 0 38 97 a
196646265 1 38 97 a
196940565 0 42 103 g
197066563 1 42 103 g
197283771 0 26 101 e
197390828 1 26 101 e
197554078 0 39 115 s
197679185 1 39 115 s
198564070 0 65 32 space
198751696 1 65 32 space
198911352 0 32 111 o
199027484 1 32 111 o
199114777 0 55 118 v
199219823 1 55 118 v
199321903 0 26 101 e
199444423 0 27 114 r
199502322 1 26 101 e
199575421 1 27 114 r
199762949 0 54 99 c
199846060 1 54 99 c
199959338 0 38 97 a
200104620 1 38 97 a
200149917 0 58 109 m
200205547 1 58 109 m
200392143 0 26 101 e
200553457 1 26 101 e
200656741 0 65 32 space
200807513 1 65 32 space
201003463 0 40 100 d
201154923 1 40 100 d
201190603 0 31 105 i
201369131 1 31 105 i
201447453 0 39 115 s
201566878 1 39 115 s
201715092 0 28 116 t
201786753 1 28 116 t
201933423 0 38 97 a
202047714 1 38 97 a
202128757 0 57 110 n
202205446 1 57 110 n
202233978 0 54 99 c
202436418 1 54 99 c
202454231 0 26 101 e
202559056 0 65 32 space
202570441 1 26 101 e
202673363 1 65 32 space
202733866 0 39 115 s
202838575 1 39 115 s
202981851 0 38 97 a
203080500 1 38 97 a
203444948 0 22 0 BackSpace
203544782 1 22 0 BackSpace
203697532 0 58 109 m
203778677 1 58 109 m
203845124 0 38 97 a
203980594 0 46 108 l
203995037 1 38 97 a
204003831 1 46 108 l
204085879 0 46 108 l
204193852 1 46 108 l
204397232 0 26 101 e
204550174 1 26 101 e
204773320 0 39 115 s
204851108 1 39 115 s
204979037 0 28 116 t
205094301 1 28 116 t
205102439 0 65 32 space
205191962 1 65 32 space
205354609 0 31 105 i
205425662 0 57 110 n
205486499 1 31 105 i
205540595 1 57 110 n
205640905 0 65 32 space
205783801 0 27 114 r
205795258 1 65 32 space
205948764 0 26 101 e
205985527 1 27 114 r
206067670 1 26 101 e
206183370 0 54 99 c
206304447 0 30 117 u
206326019 1 54 99 c
206429492 1 30 117 u
206458649 0 27 114 r
206533381 1 27 114 r
206629784 0 27 114 r
206749321 0 26 101 e
206761462 1 27 114 r
206923969 1 26 101 e
206930429 0 40 100 d
207042495 1 40 100 d
207158383 0 60 46 period
207246400 1 60 46 period
208183141 0 36 0 Return
208291175 1 36 0 Return
208955500 0 50 0 Shift_L
209026759 0 25 87 W
209135163 1 50 0 Shift_L
209156444 1 25 119 w
209253762 0 27 114 r
209378761 0 32 111 o
209397570 1 27 114 r
209471626 1 32 111 o
209703848 0 31 105 i
209842369 0 57 110 n
209880562 1 31 105 i
209964459 1 57 110 n
210345462 0 22 0 BackSpace
210434256 1 22 0 BackSpace
210530584 0 22 0 BackSpace
210639029 1 22 0 BackSpace
210860088 0 57 110 n
210958187 1 57 110 n
210964082 0 42 103 g
211102233 0 65 32 space
211146231 1 42 103 g
211188205 1 65 32 space
211307750 0 58 109 m
211360111 1 58 109 m
211491530 0 38 97 a
211547172 0 31 105 i
211562021 1 38 97 a
211641887 1 31 105 i
211778585 0 40 100 d
211935247 1 40 100 d
211959764 0 39 115 s
212092587 1 39 115 s
212164335 0 65 32 space
212264732 1 65 32 space
212411971 0 32 111 o
212516340 1 32 111 o
212622912 0 27 114 r
212688548 0 65 32 space
212699756 1 27 114 r
212782324 1 65 32 space
212998125 0 56 98 b
213018089 1 56 98 b
213161623 0 26 101 e
213346362 1 26 101 e
213369661 0 65 32 space
213505843 1 65 32 space
213600621 0 38 97 a
213683573 0 39 115 s
213776408 1 38 97 a
213830649 1 39 115 s
213930049 0 45 107 k
214042246 0 26 101 e
214053768 1 45 107 k
214226959 0 40 100 d
214257675 1 26 101 e
214351212 0 65 32 space
214362076 1 40 100 d
214477348 1 65 32 space
214690450 0 57 110 n
214760750 1 57 110 n
214919630 0 32 111 o
215012562 1 32 111 o
215265658 0 65 32 space
215328876 1 65 32 space
215490263 0 32 111 o
215559212 1 32 111 o
215682510 0 57 110 n
215739370 1 57 110 n
215867410 0 65 32 space
215986651 1 65 32 space
216403298 0 26 101 e
216558550 0 57 110 n
216571585 1 26 101 e
216648145 1 57 110 n
216811206 0 44 106 j
216819451 0 43 104 h
216894655 1 43 104 h
216933951 1 44 106 j
217332436 0 22 0 BackSpace
217444573 1 22 0 BackSpace
217869484 0 32 111 o
218007929 1 32 111 o
218315321 0 29 121 y
218425970 1 29 121 y
219227397 0 60 46 period
219373559 1 60 46 period
219588005 0 65 32 space
219722149 1 65 32 space
219851146 0 50 0 Shift_L
220005173 0 43 72 H
220161860 1 43 72 H
220287537 1 50 0 Shift_L
220392670 0 32 111 o
220557654 1 32 111 o
220756277 0 30 117 u
220919284 1 30 117 u
221144831 0 39 115 s
221244712 1 39 115 s
221383059 0 26 101 e
221590109 1 26 101 e
221645694 0 43 104 h
221759449 1 43 104 h
221937916 0 32 111 o
222051980 1 32 111 o
222234396 0 46 108 l
222356038 1 46 108 l
222606853 0 40 100 d
222785002 1 40 100 d
222923855 0 65 32 space
223088421 1 65 32 space
223429553 0 41 102 f
223570003 1 41 102 f
223747800 0 26 101 e
223809674 1 26 101 e
224179334 0 25 119 w
224292087 1 25 119 w
224504605 0 65 32 space
224637818 1 65 32 space
224773523 0 39 115 s
224868674 0 32 111 o
224894262 1 39 115 s
224967447 0 58 109 m
225035310 1 32 111 o
225106459 1 58 109 m
225170397 0 26 101 e
225243598 1 26 101 e
225374677 0 28 116 t
225488565 1 28 116 t
225516707 0 31 105 i
225674856 1 31 105 i
225782754 0 58 109 m
225947787 1 58 109 m
226044986 0 26 101 e
226119229 1 26 101 e
226503690 0 39 115 s
226639832 1 39 115 s
226653020 0 65 32 space
226746629 1 65 32 space
226889171 0 32 111 o
227014367 1 32 111 o
227093807 0 30 117 u
227217774 1 30 117 u
227236250 0 28 116 t
227384911 1 28 116 t
227477554 0 65 32 space
227616531 1 65 32 space
228783052 0 38 97 a
228893891 1 38 97 a
229033415 0 28 116 t
229129095 1 28 116 t
229250096 0 28 116 t
229322899 1 28 116 t
229568712 0 38 97 a
229710087 0 57 110 n
229722651 1 38 97 a
229857517 1 57 110 n
229910743 0 40 100 d
230064660 1 40 100 d
230105590 0 31 105 i
230198860 0 57 110 n
230273998 1 31 105 i
230355707 1 57 110 n
230464109 0 42 103 g
230605271 0 65 32 space
230616759 1 42 103 g
230767695 1 65 32 space
231030890 0 40 100 d
231168439 0 26 101 e
231219599 1 40 100 d
231319619 1 26 101 e
231509180 0 39 115 s
231668088 1 39 115 s
231754441 0 54 99 c
231872193 1 54 99 c
232040960 0 27 114 r
232184409 1 27 114 r
232208277 0 31 105 i
232368176 1 31 105 i
233614022 0 56 98 b
233792463 1 56 98 b
233844998 0 26 101 e
234073890 1 26 101 e
234079828 0 40 100 d
234228449 1 40 100 d
235468643 0 65 32 space
235643786 1 65 32 space
235904304 0 46 108 l
236085764 1 46 108 l
236202038 0 38 97 a
236366732 1 38 97 a
236412088 0 31 105 i
236511011 0 57 110 n
236604105 1 31 105 i
236673389 1 57 110 n
236997861 0 65 32 space
237179526 1 65 32 space
237780696 0 22 0 BackSpace
237983202 1 22 0 BackSpace
238075239 0 22 0 BackSpace
238138917 1 22 0 BackSpace
238261621 0 22 0 BackSpace
238320347 1 22 0 BackSpace
238432895 0 22 0 BackSpace
238489538 1 22 0 BackSpace
238580664 0 22 0 BackSpace
238663590 1 22 0 BackSpace
238699765 0 22 0 BackSpace
238830226 1 22 0 BackSpace
239233134 0 60 46 period
239385474 1 60 46 period
239619793 0 65 32 space
239731341 1 65 32 space
239813619 0 50 0 Shift_L
239950235 0 46 76 L
240026971 1 50 0 Shift_L
240080673 1 46 108 l
240190289 0 38 97 a
240295499 0 31 105 i
240317573 1 38 97 a
240429428 0 57 110 n
240502367 1 31 105 i
240560303 1 57 110 n
240718686 0 65 32 space
240819652 1 65 32 space
240971699 0 44 106 j
241056126 1 44 106 j
241288474 0 30 117 u
241421960 1 30 117 u
241492235 0 39 115 s
241631093 1 39 115 s
241835484 0 28 116 t
242029138 1 28 116 t
242949454 0 65 32 space
243137865 1 65 32 space
243525872 0 41 102 f
243672184 1 41 102 f
243750117 0 38 97 a
243909883 1 38 97 a
243950183 0 54 99 c
244091501 1 54 99 c
244256348 0 28 116 t
244394749 1 28 116 t
244468343 0 65 32 space
244586121 1 65 32 space
244653076 0 41 102 f
244804254 0 32 111 o
244839189 1 41 102 f
244923808 1 32 111 o
245041425 0 30 117 u
245203544 1 30 117 u
245333222 0 27 114 r
245508702 1 27 114 r
246449799 0 65 32 space
246621462 1 65 32 space
246910029 0 32 111 o
247004267 1 32 111 o
247009523 0 41 102 f
247175077 1 41 102 f
247249060 0 65 32 space
247336161 1 65 32 space
247490047 0 38 97 a
247615419 1 38 97 a
247621635 0 58 109 m
247699490 1 58 109 m
247861806 0 65 32 space
247948094 1 65 32 space
248088998 0 58 109 m
248213126 1 58 109 m
248239295 0 26 101 e
248331568 1 26 101 e
248438200 0 26 101 e
248544629 1 26 101 e
248614478 0 28 116 t
248765097 0 65 32 space
248776556 1 28 116 t
248860838 1 65 32 space
249065705 0 43 104 h
249174294 1 43 104 h
249305762 0 31 105 i
249376398 1 31 105 i
249496397 0 42 103 g
249604348 0 43 104 h
249645373 1 42 103 g
249728861 1 43 104 h
250306690 0 59 44 comma
250505122 1 59 44 comma
250821148 0 22 0 BackSpace
250931077 1 22 0 BackSpace
251041914 0 60 46 period
251165921 1 60 46 period
251329404 0 36 0 Return
251420141 1 36 0 Return
252079433 0 50 0 Shift_L
252530821 0 43 72 H
252643339 1 43 72 H
252741872 1 50 0 Shift_L
252886911 0 26 101 e
252977794 1 26 101 e
253022426 0 65 32 space
253074779 1 65 32 space
253277580 0 40 100 d
253390523 1 40 100 d
253396448 0 32 111 o
253506643 1 32 111 o
253702944 0 65 32 space
253837948 1 65 32 space
253986910 0 39 115 s
254108007 1 39 115 s
254264920 0 30 117 u
254364816 1 30 117 u
254505098 0 56 98 b
254632072 1 56 98 b
254787761 0 44 106 j
254921496 1 44 106 j
254973958 0 26 101 e
255160956 1 26 101 e
255357953 0 54 99 c
255447897 1 54 99 c
255628303 0 28 116 t
255737544 1 28 116 t
255897424 0 39 115 s
256039667 1 39 115 s
256054694 0 65 32 space
256167977 1 65 32 space
256347142 0 33 112 p
256479677 1 33 112 p
256516727 0 27 114 r
256611102 0 26 101 e
256667588 1 27 114 r
256746296 1 26 101 e
256787735 0 33 112 p
256931837 1 33 112 p
256937221 0 38 97 a
257082973 0 27 114 r
257096154 1 38 97 a
257197114 0 26 101 e
257272263 1 27 114 r
257362373 1 26 101 e
257487218 0 40 100 d
257661485 1 40 100 d
257767615 0 65 32 space
257896714 1 65 32 space
258101506 0 56 98 b
258233530 1 56 98 b
258254861 0 38 97 a
258381659 1 38 97 a
258440086 0 54 99 c
258517349 0 43 104 h
258582518 1 54 99 c
258644954 1 43 104 h
258721992 0 26 101 e
258842650 1 26 101 e
258857552 0 46 108 l
258965979 1 46 108 l
259051323 0 32 111 o
259196087 1 32 111 o
259202024 0 27 114 r
259347213 1 27 114 r
259352777 0 65 32 space
259424836 1 65 32 space
259552829 0 44 106 j
259630415 1 44 106 j
259768678 0 30 117 u
259887943 1 30 117 u
259975179 0 55 118 v
260094017 1 55 118 v
260230176 0 26 101 e
260359577 0 57 110 n
260370930 1 26 101 e
260448604 1 57 110 n
260562644 0 31 105 i
260664733 1 31 105 i
260814809 0 46 108 l
260933630 1 46 108 l
261034607 0 26 101 e
261156082 0 65 32 space
261167421 1 26 101 e
261300430 1 65 32 space
262121418 0 29 121 y
262206899 1 29 121 y
262275422 0 26 101 e
262395056 0 65 32 space
262407083 1 26 101 e
262497030 1 65 32 space
262622800 0 32 111 o
262729533 1 32 111 o
262984031 0 43 104 h
263068412 1 43 104 h
263689246 0 60 46 period
263850251 1 60 46 period
264077374 0 65 32 space
264216067 1 65 32 space
264459220 0 50 0 Shift_L
264599552 0 43 72 H
264772637 1 50 0 Shift_L
264781011 1 43 104 h
264944289 0 26 101 e
265117892 1 26 101 e
266939082 0 65 32 space
267128687 1 65 32 space
267193687 0 41 102 f
267335838 1 41 102 f
267448167 0 26 101 e
267539158 1 26 101 e
267693935 0 26 101 e
267764785 0 46 108 l
267822030 1 26 101 e
267894232 1 46 108 l
268042444 0 31 105 i
268154720 0 57 110 n
268214520 1 31 105 i
268381759 0 42 103 g
268399950 1 57 110 n
268503952 1 42 103 g
268792949 0 39 115 s
268898812 1 39 115 s
269604851 0 65 32 space
269783026 1 65 32 space
269896787 0 27 114 r
270061864 0 26 101 e
270117944 1 27 114 r
270216438 0 58 109 m
270278759 1 26 101 e
270288943 1 58 109 m
271506902 0 32 111 o
271641209 1 32 111 o
272361365 0 55 118 v
272407933 0 31 105 i
272505224 1 55 118 v
272595642 0 57 110 n
272674093 1 31 105 i
272775590 0 42 103 g
272787275 1 57 110 n
272942236 1 42 103 g
274676302 0 65 32 space
274787228 1 65 32 space
274969498 0 31 105 i
275059529 0 57 110 n
275127025 1 31 105 i
275189670 1 57 110 n
275208185 0 41 102 f
275384713 1 41 102 f
275419971 0 32 111 o
275510942 1 32 111 o
275533904 0 27 114 r
275684845 1 27 114 r
275776846 0 58 109 m
275921862 1 58 109 m
276007244 0 26 101 e
276211106 1 26 101 e
276314961 0 40 100 d
276426433 1 40 100 d
276496162 0 65 32 space
276580855 1 65 32 space
276823954 0 43 104 h
276953058 1 43 104 h
277011249 0 26 101 e
277113023 1 26 101 e
277187550 0 65 32 space
277356211 1 65 32 space
277462247 0 38 97 a
277563681 0 39 115 s
277612358 1 38 97 a
277691503 1 39 115 s
277767006 0 65 32 space
277847827 1 65 32 space
278020316 0 31 105 i
278133798 1 31 105 i
278247761 0 42 103 g
278345380 1 42 103 g
278362743 0 57 110 n
278482337 1 57 110 n
278632978 0 32 111 o
278745211 1 32 111 o
278795542 0 27 114 r
278935233 1 27 114 r
279080737 0 38 97 a
279212173 1 38 97 a
279247765 0 57 110 n
279363488 1 57 110 n
279396691 0 28 116 t
279535523 1 28 116 t
279615877 0 65 32 space
279722830 1 65 32 space
281215068 0 25 119 w
281314774 1 25 119 w
281455692 0 26 101 e
281557913 1 26 101 e
281745938 0 32 111 o
281919783 1 32 111 o
282008405 0 27 114 r
282091974 0 26 101 e
282145538 1 27 114 r
282225583 1 26 101 e
282329914 0 32 111 o
282503616 1 32 111 o
282537660 0 38 97 a
282685242 1 38 97 a
282710595 0 27 114 r
282827177 0 26 101 e
282895803 1 27 114 r
283012070 1 26 101 e
283128724 0 40 100 d
283280773 1 40 100 d
283852308 0 22 0 BackSpace
283895808 1 22 0 BackSpace
283902414 0 22 0 BackSpace
284001855 1 22 0 BackSpace
284102224 0 22 0 BackSpace
284166795 1 22 0 BackSpace
284258501 0 22 0 BackSpace
284328085 1 22 0 BackSpace
284425419 0 22 0 BackSpace
284503156 1 22 0 BackSpace
284613847 0 22 0 BackSpace
284659314 1 22 0 BackSpace
284739306 0 22 0 BackSpace
284808260 1 22 0 BackSpace
284933838 0 22 0 BackSpace
285000690 1 22 0 BackSpace
285088097 0 65 32 space
285206487 1 65 32 space
285371498 0 33 112 p
285489621 1 33 112 p
285578128 0 27 114 r
285701659 0 26 101 e
285750030 1 27 114 r
285854777 1 26 101 e
285961719 0 33 112 p
286081627 0 38 97 a
286112668 1 33 112 p
286232448 1 38 97 a
286255192 0 27 114 r
286377510 0 26 101 e
286437152 1 27 114 r
286540000 1 26 101 e
286604211 0 40 100 d
286753211 1 40 100 d
286888134 0 60 46 period
287020207 1 60 46 period
287480813 0 36 0 Return
287576430 1 36 0 Return
296095619 0 50 0 Shift_L
296262392 0 26 69 E
296325487 1 50 0 Shift_L
296413728 1 26 101 e
296530430 0 55 118 v
296636800 1 55 118 v
297016132 0 26 101 e
297148262 1 26 101 e
297268781 0 57 110 n
297374815 1 57 110 n
297523754 0 31 105 i
297591546 0 57 110 n
297658501 1 31 105 i
297711539 0 42 103 g
297730274 1 57 110 n
297868968 1 42 103 g
297898971 0 65 32 space
298034215 1 65 32 space
298287175 0 40 100 d
298393139 0 32 111 o
298412787 1 40 100 d
298529617 1 32 111 o
299019308 0 65 32 space
299209083 1 65 32 space
299325334 0 41 102 f
299490830 1 41 102 f
299500815 0 32 111 o
299607837 1 32 111 o
299645964 0 27 114 r
299749589 0 58 109 m
299789098 1 27 114 r
299836059 1 58 109 m
299963006 0 31 105 i
300065730 0 57 110 n
300108940 1 31 105 i
300184958 1 57 110 n
300190887 0 42 103 g
300322503 1 42 103 g
300342882 0 65 32 space
300437446 1 65 32 space
300610718 0 32 111 o
300683106 1 32 111 o
300830077 0 56 98 b
300945962 1 56 98 b
301067875 0 39 115 s
301166084 1 39 115 s
301276385 0 26 101 e
301395780 0 27 114 r
301458026 1 26 101 e
301511189 1 27 114 r
301663394 0 55 118 v
301754789 1 55 118 v
301808500 0 26 101 e
301951113 1 26 101 e
302019744 0 65 32 space
302131773 1 65 32 space
302182455 0 39 115 s
302292226 0 33 112 p
302316256 1 39 115 s
302380038 1 33 112 p
302551139 0 31 105 i
302664890 1 31 105 i
302773638 0 27 114 r
302878142 1 27 114 r
302916230 0 31 105 i
303056750 1 31 105 i
303405221 0 28 116 t
303522225 1 28 116 t
303765058 0 39 115 s
303910354 1 39 115 s
303968051 0 65 32 space
304093559 1 65 32 space
304228141 0 31 105 i
304354231 1 31 105 i
304360370 0 39 115 s
304520399 1 39 115 s
304583057 0 65 32 space
304667384 1 65 32 space
304845804 0 31 105 i
305014595 0 57 110 n
305058119 1 31 105 i
305158898 1 57 110 n
305572752 0 60 46 period
305691392 1 60 46 period
305880019 0 65 32 space
305994744 1 65 32 space
306063594 0 50 0 Shift_L
306231274 0 54 67 C
306320167 1 50 0 Shift_L
306336389 0 32 111 o
306374393 1 54 99 c
306467136 1 32 111 o
306758424 0 30 117 u
306867000 1 30 117 u
306889214 0 57 110 n
306964430 0 28 116 t
307000698 1 57 110 n
307087563 1 28 116 t
307203725 0 27 114 r
307304322 0 29 121 y
307368102 1 27 114 r
307427248 1 29 121 y
307585516 0 65 32 space
307669686 1 65 32 space
307997808 0 43 104 h
308139938 1 43 104 h
308189961 0 26 101 e
308315617 0 38 97 a
308435427 1 26 101 e
308468131 0 27 114 r
308516301 1 38 97 a
308583213 1 27 114 r
308875005 0 28 116 t
309014068 1 28 116 t
309112309 0 26 101 e
309300980 1 26 101 e
309324827 0 40 100 d
309457862 1 40 100 d
309464822 0 65 32 space
309560233 1 65 32 space
309714696 0 56 98 b
309790313 1 56 98 b
309858649 0 26 101 e
309944441 1 26 101 e
310026082 0 65 32 space
310093743 1 65 32 space
310237438 0 32 111 o
310333447 1 32 111 o
310390261 0 41 102 f
310511483 0 65 32 space
310550962 1 41 102 f
310603148 1 65 32 space
310719944 0 44 106 j
310855092 1 44 106 j
310961701 0 30 117 u
311102987 1 30 117 u
311131730 0 39 115 s
311259607 1 39 115 s
311402961 0 28 116 t
311510334 1 28 116 t
311530641 0 31 105 i
311635403 1 31 105 i
311819285 0 54 99 c
311956498 1 54 99 c
312063055 0 26 101 e
312197892 1 26 101 e
312364416 0 65 32 space
312497462 1 65 32 space
312511858 0 39 115 s
312632440 1 39 115 s
312767939 0 26 101 e
312886145 1 26 101 e
312910503 0 57 110 n
313083275 1 57 110 n
313151540 0 40 100 d
313266963 1 40 100 d
313330398 0 31 105 i
313440802 0 57 110 n
313553552 1 31 105 i
313589177 0 42 103 g
313657782 1 57 110 n
313733680 1 42 103 g
314134375 0 59 44 comma
314250838 1 59 44 comma
314969191 0 22 0 BackSpace
315069195 1 22 0 BackSpace
315229653 0 60 46 period
315329991 1 60 46 period
315522369 0 65 32 space
315613614 1 65 32 space
315736616 0 50 0 Shift_L
315870631 0 32 79 O
315959809 1 32 79 O
315968938 1 50 0 Shift_L
316124639 0 57 110 n
316215717 1 57 110 n
316339226 0 65 32 space
316428776 1 65 32 space
316572885 0 39 115 s
316692810 0 32 111 o
316704295 1 39 115 s
316774212 1 32 111 o
316913105 0 65 32 space
317036382 1 65 32 space
317113878 0 28 116 t
317265212 1 28 116 t
317289115 0 43 104 h
317436295 1 43 104 h
317472064 0 26 101 e
317602121 1 26 101 e
317718184 0 29 121 y
317873660 1 29 121 y
318026578 0 65 32 space
318133205 1 65 32 space
318178945 0 38 97 a
318277705 0 39 115 s
318355701 1 38 97 a
318405084 1 39 115 s
318424044 0 65 32 space
318592666 1 65 32 space
318654411 0 25 119 w
318799507 1 25 119 w
318880752 0 31 105 i
319005200 1 31 105 i
319125085 0 28 116 t
319195704 0 43 104 h
319244695 1 28 116 t
319364926 1 43 104 h
321412271 0 65 32 space
321510732 1 65 32 space
321672882 0 39 115 s
321809172 1 39 115 s
322123656 0 22 0 BackSpace
322218907 1 22 0 BackSpace
322236423 0 27 114 r
322311488 1 27 114 r
322363622 0 32 111 o
322451840 1 32 111 o
322534474 0 32 111 o
322650164 1 32 111 o
322678466 0 58 109 m
322793839 1 58 109 m
322901700 0 65 32 space
323020719 1 65 32 space
323206377 0 54 99 c
323342538 0 32 111 o
323403183 1 54 99 c
323419746 1 32 111 o
323561801 0 46 108 l
323665228 1 46 108 l
323716763 0 40 100 d
323897639 0 65 32 space
323909302 1 40 100 d
324009396 1 65 32 space
324373150 0 29 121 y
324487857 1 29 121 y
324526791 0 26 101 e
324692346 1 26 101 e
325055464 0 60 46 period
325238527 1 60 46 period
325851825 0 36 0 Return
326035285 1 36 0 Return
326527580 0 50 0 Shift_L
326726780 0 56 66 B
326807879 1 50 0 Shift_L
326855402 1 56 98 b
326898604 0 26 101 e
327015212 0 65 32 space
327026594 1 26 101 e
327114538 1 65 32 space
327184628 0 54 99 c
327263322 1 54 99 c
327340568 0 38 97 a
327487970 1 38 97 a
327595606 0 46 108 l
327760876 1 46 108 l
328066090 0 46 108 l
328184597 1 46 108 l
328454250 0 65 32 space
328564583 1 65 32 space
328607750 0 41 102 f
328746918 0 32 111 o
328787978 1 41 102 f
328899651 1 32 111 o
329031743 0 30 117 u
329144773 1 30 117 u
329162543 0 27 114 r
329314298 1 27 114 r
329335225 0 65 32 space
329443894 1 65 32 space
329541322 0 58 109 m
329668221 1 58 109 m
330012217 0 29 121 y
330082910 1 29 121 y
330216565 0 65 32 space
330347400 1 65 32 space
330862570 0 25 119 w
330980566 1 25 119 w
331142291 0 26 101 e
331287667 1 26 101 e
331509927 0 57 110 n
331663469 1 57 110 n
331749354 0 28 116 t
331886287 1 28 116 t
331954778 0 65 32 space
332064949 1 65 32 space
332226936 0 58 109 m
332326112 1 58 109 m
332331852 0 26 101 e
332474831 1 26 101 e
332511190 0 38 97 a
332613590 1 38 97 a
332645977 0 57 110 n
332746734 1 57 110 n
333041820 0 60 46 period
333123670 1 60 46 period
333365336 0 65 32 space
333431042 0 50 0 Shift_L
333522925 1 65 32 space
333667458 0 54 67 C
333717103 1 50 0 Shift_L
333829295 1 54 99 c
333892485 0 26 101 e
333936430 1 26 101 e
333968492 0 46 108 l
334064717 1 46 108 l
334124257 0 26 101 e
334220572 1 26 101 e
334367025 0 56 98 b
334463607 0 27 114 r
334474611 1 56 98 b
334573021 1 27 114 r
334607266 0 38 97 a
334737381 1 38 97 a
334832007 0 28 116 t
334951353 1 28 116 t
334988947 0 26 101 e
335173797 1 26 101 e
335227813 0 40 100 d
335351399 0 65 32 space
335399782 1 40 100 d
335416925 1 65 32 space
335583820 0 31 105 i
335684245 1 31 105 i
335690356 0 41 102 f
335805458 1 41 102 f
335834062 0 65 32 space
335969744 1 65 32 space
336013953 0 27 114 r
336163786 0 26 101 e
336218012 1 27 114 r
336303347 1 26 101 e
336515861 0 58 109 m
336682604 1 58 109 m
336760790 0 38 97 a
336972241 1 38 97 a
337019068 0 27 114 r
337102368 1 27 114 r
337438945 0 45 107 k
337658311 1 45 107 k
337799904 0 38 97 a
337909929 1 38 97 a
337973227 0 56 98 b
338077580 1 56 98 b
338226234 0 46 108 l
338349372 1 46 108 l
338626951 0 29 121 y
338791617 1 29 121 y
338992886 0 65 32 space
339153328 1 65 32 space
339514227 0 26 101 e
339660460 1 26 101 e
339786913 0 39 115 s
339925399 1 39 115 s
339989789 0 33 112 p
340101224 0 26 101 e
340112646 1 33 112 p
340267569 1 26 101 e
340398525 0 54 99 c
340536739 1 54 99 c
340685356 0 31 105 i
340880166 1 31 105 i
340975243 0 38 97 a
341116448 0 46 108 l
341127702 1 38 97 a
341162554 1 46 108 l
341278012 0 46 108 l
341443619 1 46 108 l
342022307 0 29 121 y
342104878 1 29 121 y
342313285 0 65 32 space
342423252 1 65 32 space
342530217 0 38 97 a
342689492 0 57 110 n
342711791 1 38 97 a
342802813 1 57 110 n
343126981 0 60 46 period
343225847 1 60 46 period
343469463 0 65 32 space
343607350 1 65 32 space
343734428 0 42 103 g
343886554 1 42 103 g
343893237 0 32 111 o
343985597 1 32 111 o
344180141 0 31 105 i
344269078 1 31 105 i
344546313 0 22 0 BackSpace
344564942 1 22 0 BackSpace
344652002 0 22 0 BackSpace
344698606 1 22 0 BackSpace
344794045 0 22 0 BackSpace
344884902 1 22 0 BackSpace
344952023 0 50 0 Shift_L
345126036 0 42 71 G
345229432 1 50 0 Shift_L
345282135 1 42 103 g
345345827 0 32 111 o
345444953 1 32 111 o
345646002 0 31 105 i
345777934 0 57 110 n
345851419 1 31 105 i
345888822 0 42 103 g
345942372 1 57 110 n
346053462 1 42 103 g
346116332 0 65 32 space
346208737 1 65 32 space
346358431 0 26 101 e
346495484 1 26 101 e
346568377 0 38 97 a
346681648 1 38 97 a
346783722 0 28 116 t
346899426 0 65 32 space
346922698 1 28 116 t
347024698 1 65 32 space
347152349 0 39 115 s
347247396 1 39 115 s
347378692 0 26 101 e
347454278 1 26 101 e
347490217 0 28 116 t
347640790 1 28 116 t
347706162 0 65 32 space
347843160 1 65 32 space
348007228 0 39 115 s
348121675 0 43 104 h
348158783 1 39 115 s
348237999 1 43 104 h
348317116 0 26 101 e
348461449 1 26 101 e
348512447 0 65 32 space
348642750 1 65 32 space
348802703 0 56 98 b
348863229 1 56 98 b
349062407 0 32 111 o
349115772 1 32 111 o
349233786 0 32 111 o
349379213 1 32 111 o
349387033 0 45 107 k
349510949 1 45 107 k
349727267 0 39 115 s
349880684 1 39 115 s
349987627 0 65 32 space
350159513 1 65 32 space
350184831 0 41 102 f
350376038 1 41 102 f
350423712 0 32 111 o
350561824 1 32 111 o
350829955 0 30 117 u
351017883 1 30 117 u
351024759 0 57 110 n
351171867 1 57 110 n
351248798 0 40 100 d
351389960 1 40 100 d
351396550 0 65 32 space
351546182 1 65 32 space
351757804 0 58 109 m
351918202 1 58 109 m
351952919 0 26 101 e
352061502 1 26 101 e
352198135 0 26 101 e
352310196 1 26 101 e
352776202 0 22 0 BackSpace
352928600 1 22 0 BackSpace
353017596 0 28 116 t
353172862 1 28 116 t
353396232 0 65 32 space
353625223 1 65 32 space
353712362 0 25 119 w
353853693 1 25 119 w
353959697 0 38 97 a
354162477 1 38 97 a
354209684 0 27 114 r
354323383 0 26 101 e
354361183 1 27 114 r
354491632 1 26 101 e
355254593 0 22 0 BackSpace
355306241 1 22 0 BackSpace
355551618 0 22 0 BackSpace
355778531 1 22 0 BackSpace
355898107 0 22 0 BackSpace
355985980 1 22 0 BackSpace
356079388 0 22 0 BackSpace
356182365 1 22 0 BackSpace
356307118 0 38 97 a
356469582 1 38 97 a
356580720 0 25 119 w
356687399 1 25 119 w
356797497 0 38 97 a
357015506 1 38 97 a
357117287 0 27 114 r
357299825 1 27 114 r
357981205 0 26 101 e
358109436 1 26 101 e
358317601 0 60 46 period
358453962 1 60 46 period
358917381 0 36 0 Return
10
Throwing consider dwelling bachelor joy her proposal laughter. Raptures returned disposed one entirely her men ham.
BY to admire vanity county an mutual as roused. Of an thrown am warmly merely result depart supply.
Required honoured trifling eat pleasure man relation. Assurance yet bed was improving furniture man.
Distrusts delighted she listening mrs extensive admitting far.  Full he none no side. Uncommonly surrounded considered for him are its.
It we is read good soon. My to considered delightful invitation announcing of no decisively boisterous.
Did add dashwoods deficient man concluded additions resources. Or landlord packages overcame distance smallest in recurred.
Wrong maids or be asked no on enjoy. Household few sometimes out attanding described. Lain just fact four of am meet high.
He do subjects prepared bachelor juvenile ye oh. He feelings removing informed he as ignorant we prepared.
Evening do forming observe spirits is in. Country hearted be of justice sending. On so they as with room cold ye.
Be call four my went mean. Celebrated if remarkably especially an. Going eat set she books found met aware.
