magnus
2014-09-18 12:06:52.884102
10
Throwing consider dwelling bachelor joy her proposal laughter. Raptures returned disposed one entirely her men ham.
By to admire vanity county an mutual as roused. Of an thrown am warmly merely result depart supply.
Required honoured trifling eat pleasure man relation. Assurance yet bed was improving furniture man.
Distrusts delighted she listening mrs extensive admitting far.  Full he none no side. Uncommonly surrounded considered for him are its.
It we is read good soon. My to considered delightful invitation announcing of no decisively boisterous.
Did add dashwoods deficient man concluded additions resources. Or landlord packages overcame distance smallest in recurred.
Wrong maids or be asked no on enjoy. Household few sometimes out attending described. Lain just fact four of am meet high.
He do subjects prepared bachelor juvenile ye oh. He feelings removing informed he as ignorant we prepared.
Evening do forming observe spirits is in. Country hearted be of justice sending. On so they as with room cold ye.
Be call four my went mean. Celebrated if remarkably especially an. Going eat set she books found met aware.
820564 0 50 0 Shift_L
1065100 0 28 84 T
1174553 1 28 84 T
1191434 0 43 72 H
1205577 1 50 0 Shift_L
1315723 1 43 104 h
1366756 0 27 114 r
1500439 1 27 114 r
1506506 0 32 111 o
1577728 1 32 111 o
1713218 0 25 119 w
1822884 1 25 119 w
2112839 0 22 0 BackSpace
2178493 1 22 0 BackSpace
2256965 0 22 0 BackSpace
2312933 1 22 0 BackSpace
2372016 0 22 0 BackSpace
2442605 1 22 0 BackSpace
2517602 0 22 0 BackSpace
2594546 1 22 0 BackSpace
2972871 0 43 104 h
3067693 1 43 104 h
3266886 0 27 114 r
3362714 1 27 114 r
3428918 0 32 111 o
3504569 1 32 111 o
3549200 0 25 119 w
3660635 1 25 119 w
3705486 0 31 105 i
3822258 0 57 110 n
3851712 1 31 105 i
3917677 0 42 103 g
3943194 1 57 110 n
4033129 1 42 103 g
4074571 0 65 32 space
4193278 1 65 32 space
4247851 0 54 99 c
4328888 0 32 111 o
4339928 1 54 99 c
4398553 1 32 111 o
4484886 0 57 110 n
4593287 1 57 110 n
4755753 0 39 115 s
4874881 0 31 105 i
4887367 1 39 115 s
4971151 1 31 105 i
5019050 0 40 100 d
5135327 0 26 101 e
5159877 1 40 100 d
5313994 0 27 114 r
5369032 1 26 101 e
5442310 1 27 114 r
5453168 0 65 32 space
5571647 1 65 32 space
5675769 0 40 100 d
5769237 1 40 100 d
5886984 0 25 119 w
5947400 1 25 119 w
6058995 0 26 101 e
6140898 1 26 101 e
6454344 0 46 108 l
6501064 1 46 108 l
6578529 0 46 108 l
6696715 1 46 108 l
6848621 0 31 105 i
6942652 0 57 110 n
6999147 1 31 105 i
7030003 0 42 103 g
7067803 1 57 110 n
7139448 1 42 103 g
7192155 0 65 32 space
7299340 1 65 32 space
7370253 0 56 98 b
7498560 1 56 98 b
7504154 0 38 97 a
7591899 1 38 97 a
7655972 0 54 99 c
7746645 0 43 104 h
7758193 1 54 99 c
7855131 1 43 104 h
7905291 0 26 101 e
8000505 1 26 101 e
8068096 0 46 108 l
8141747 1 46 108 l
8237150 0 32 111 o
8334931 1 32 111 o
8387821 0 27 114 r
8488242 1 27 114 r
8571545 0 65 32 space
8702923 1 65 32 space
8791041 0 44 106 j
8891743 1 44 106 j
9042348 0 32 111 o
9121127 1 32 111 o
9361746 0 29 121 y
9370138 0 30 117 u
9418426 1 30 117 u
9427691 1 29 121 y
9858360 0 22 0 BackSpace
9907004 1 22 0 BackSpace
10160878 0 65 32 space
10246511 1 65 32 space
10510602 0 26 101 e
10631023 0 27 114 r
10699785 1 26 101 e
10758193 1 27 114 r
10776098 0 65 32 space
10912836 1 65 32 space
11980110 0 22 0 BackSpace
12045767 1 22 0 BackSpace
12123279 0 22 0 BackSpace
12164519 1 22 0 BackSpace
12463659 0 22 0 BackSpace
12532915 1 22 0 BackSpace
12790890 0 43 104 h
12864584 1 43 104 h
12897383 0 26 101 e
12982347 0 27 114 r
13033653 1 26 101 e
13100112 1 27 114 r
13115924 0 65 32 space
13229631 1 65 32 space
13626299 0 33 112 p
13726048 1 33 112 p
13737358 0 27 114 r
13827545 1 27 114 r
13851537 0 32 111 o
13913328 1 32 111 o
14039864 0 33 112 p
14095942 1 33 112 p
14197616 0 32 111 o
14277833 1 32 111 o
14359460 0 39 115 s
14464473 1 39 115 s
14519719 0 38 97 a
14606605 1 38 97 a
14622783 0 46 108 l
14698569 1 46 108 l
14791564 0 65 32 space
14875226 1 65 32 space
14973727 0 46 108 l
15082306 0 38 97 a
15094055 1 46 108 l
15187757 1 38 97 a
15425330 0 30 117 u
15449040 1 30 117 u
15646624 0 42 103 g
15729216 1 42 103 g
16401264 0 43 104 h
16480475 1 43 104 h
16556191 0 28 116 t
16677251 1 28 116 t
16752584 0 26 101 e
16823295 0 27 114 r
16878185 1 26 101 e
16931952 1 27 114 r
17279100 0 60 46 period
17376266 1 60 46 period
17536914 0 65 32 space
17616061 0 50 0 Shift_L
17649686 1 65 32 space
17702567 0 27 82 R
17798908 1 50 0 Shift_L
17813210 1 27 114 r
17897868 0 38 97 a
17984926 0 33 112 p
18009282 1 38 97 a
18073426 1 33 112 p
18163446 0 28 116 t
18255694 1 28 116 t
18302302 0 30 117 u
18387902 1 30 117 u
18462731 0 27 114 r
18528243 0 26 101 e
18562746 1 27 114 r
18618908 1 26 101 e
18750693 0 39 115 s
18810605 1 39 115 s
18951179 0 65 32 space
19061923 1 65 32 space
19159852 0 27 114 r
19254610 0 26 101 e
19326621 1 27 114 r
19368773 1 26 101 e
19446311 0 28 116 t
19534740 1 28 116 t
19573398 0 30 117 u
19669897 1 30 117 u
19691344 0 27 114 r
19773677 1 27 114 r
19853438 0 57 110 n
19959002 1 57 110 n
19964590 0 26 101 e
20092527 1 26 101 e
20186948 0 40 100 d
20272862 1 40 100 d
20306333 0 65 32 space
20402665 1 65 32 space
20532086 0 40 100 d
20629942 0 26 101 e
20675287 1 40 100 d
20719611 1 26 101 e
20988966 0 22 0 BackSpace
21082635 1 22 0 BackSpace
21315119 0 31 105 i
21403924 1 31 105 i
21489361 0 39 115 s
21556307 1 39 115 s
21707107 0 33 112 p
21792974 1 33 112 p
21961915 0 32 111 o
22056561 1 32 111 o
22213798 0 39 115 s
22320571 1 39 115 s
22509048 0 26 101 e
22624936 1 26 101 e
22828260 0 40 100 d
22944965 1 40 100 d
22991400 0 65 32 space
23095187 1 65 32 space
23205610 0 32 111 o
23298648 1 32 111 o
23401397 0 57 110 n
23483134 1 57 110 n
23503633 0 26 101 e
23648843 1 26 101 e
23664140 0 65 32 space
23743668 1 65 32 space
23845309 0 26 101 e
23897257 0 57 110 n
23932026 1 26 101 e
24052841 1 57 110 n
24278990 0 28 116 t
24400630 1 28 116 t
24522117 0 31 105 i
24644274 1 31 105 i
24699020 0 27 114 r
24821421 1 27 114 r
24834383 0 26 101 e
24932038 1 26 101 e
25025508 0 46 108 l
25137548 1 46 108 l
25471445 0 29 121 y
25580568 1 29 121 y
25715407 0 65 32 space
25822940 1 65 32 space
25953473 0 43 104 h
26077361 1 43 104 h
26131579 0 26 101 e
26262981 0 27 114 r
26325837 1 26 101 e
26402252 1 27 114 r
26501518 0 65 32 space
26582741 1 65 32 space
26717831 0 58 109 m
26779616 1 58 109 m
26941083 0 26 101 e
27038598 1 26 101 e
27054756 0 57 110 n
27123877 1 57 110 n
27211155 0 65 32 space
27299720 1 65 32 space
27408149 0 43 104 h
27508762 1 43 104 h
27514822 0 38 97 a
27617133 1 38 97 a
27697855 0 58 109 m
27780726 1 58 109 m
27965458 0 59 44 comma
28045618 1 59 44 comma
28391131 0 22 0 BackSpace
28469769 1 22 0 BackSpace
28639660 0 60 46 period
28713595 1 60 46 period
28918399 0 36 0 Return
28980196 1 36 0 Return
29585854 0 50 0 Shift_L
29822221 0 56 66 B
29910982 1 50 0 Shift_L
29923527 1 56 98 b
30023151 0 29 121 y
30100144 1 29 121 y
30247831 0 65 32 space
30359470 1 65 32 space
30770206 0 28 116 t
30875300 1 28 116 t
30978827 0 32 111 o
31063476 1 32 111 o
31196960 0 65 32 space
31280565 1 65 32 space
31322763 0 38 97 a
31454656 1 38 97 a
31478535 0 40 100 d
31584851 1 40 100 d
31617787 0 58 109 m
31696512 1 58 109 m
31776399 0 31 105 i
31866704 1 31 105 i
32100954 0 27 114 r
32224444 0 26 101 e
32278609 1 27 114 r
32361726 1 26 101 e
32450348 0 65 32 space
32559173 1 65 32 space
32753716 0 55 118 v
32852573 1 55 118 v
32936818 0 38 97 a
33040060 1 38 97 a
33046199 0 57 110 n
33130160 1 57 110 n
33185138 0 31 105 i
33294896 0 28 116 t
33306798 1 31 105 i
33396927 1 28 116 t
33948258 0 29 121 y
34049944 1 29 121 y
34489036 0 65 32 space
34610043 1 65 32 space
35048631 0 54 99 c
35173717 1 54 99 c
35201055 0 32 111 o
35283617 1 32 111 o
35418576 0 30 117 u
35522950 1 30 117 u
35545313 0 57 110 n
35623073 0 28 116 t
35671056 1 57 110 n
35724415 1 28 116 t
35875535 0 29 121 y
35990303 1 29 121 y
36123287 0 65 32 space
36215085 0 38 97 a
36226882 1 65 32 space
36327513 0 57 110 n
36338756 1 38 97 a
36408120 1 57 110 n
36512969 0 65 32 space
36597759 1 65 32 space
36712152 0 58 109 m
36786496 1 58 109 m
36958706 0 30 117 u
37062278 1 30 117 u
37067540 0 28 116 t
37171949 1 28 116 t
37223993 0 30 117 u
37326887 1 30 117 u
37409172 0 38 97 a
37520039 1 38 97 a
37553359 0 46 108 l
37625037 1 46 108 l
37750757 0 65 32 space
37865245 1 65 32 space
37941805 0 38 97 a
38021528 0 39 115 s
38055060 1 38 97 a
38145062 1 39 115 s
38189918 0 65 32 space
38310486 1 65 32 space
38435114 0 27 114 r
38510235 1 27 114 r
38548803 0 32 111 o
38640005 1 32 111 o
38721099 0 30 117 u
38828766 1 30 117 u
38919309 0 39 115 s
39054140 1 39 115 s
39128321 0 26 101 e
39267448 1 26 101 e
39330654 0 40 100 d
39421390 1 40 100 d
39471018 0 65 32 space
39584680 1 65 32 space
39875964 0 22 0 BackSpace
39926606 1 22 0 BackSpace
40208307 0 59 44 comma
40279023 1 59 44 comma
40470572 0 65 32 space
40565778 1 65 32 space
40778773 0 22 0 BackSpace
40842421 1 22 0 BackSpace
40927063 0 22 0 BackSpace
40992400 1 22 0 BackSpace
41123322 0 60 46 period
41208059 1 60 46 period
41334182 0 65 32 space
41413865 0 50 0 Shift_L
41425922 1 65 32 space
41527221 0 32 79 O
41611939 1 32 79 O
41640000 1 50 0 Shift_L
41735495 0 41 102 f
41812473 1 41 102 f
41939291 0 65 32 space
42030764 1 65 32 space
42058158 0 38 97 a
42162723 0 57 110 n
42173967 1 38 97 a
42238897 1 57 110 n
42353454 0 65 32 space
42446297 1 65 32 space
42556186 0 28 116 t
42632780 1 28 116 t
42648129 0 43 104 h
42736012 1 43 104 h
42785530 0 27 114 r
42872455 1 27 114 r
42930275 0 32 111 o
43016065 1 32 111 o
43069506 0 25 119 w
43162396 1 25 119 w
43228290 0 57 110 n
43303968 1 57 110 n
43427811 0 65 32 space
43517933 1 65 32 space
43559251 0 38 97 a
43644630 1 38 97 a
43660795 0 58 109 m
43732351 1 58 109 m
43853113 0 65 32 space
43950296 1 65 32 space
44096246 0 25 119 w
44186719 1 25 119 w
44291831 0 38 97 a
44409034 0 27 114 r
44420512 1 38 97 a
44561330 1 27 114 r
44609346 0 58 109 m
44683940 1 58 109 m
44775856 0 46 108 l
44859117 1 46 108 l
45088207 0 29 121 y
45163196 1 29 121 y
45339082 0 65 32 space
45427843 1 65 32 space
45525447 0 58 109 m
45610640 1 58 109 m
45691095 0 26 101 e
45827036 0 27 114 r
45843636 1 26 101 e
45974213 1 27 114 r
46010103 0 26 101 e
46101703 1 26 101 e
46190753 0 46 108 l
46281016 1 46 108 l
46580981 0 29 121 y
46684804 1 29 121 y
46855741 0 65 32 space
46971058 1 65 32 space
47028372 0 27 114 r
47117726 0 26 101 e
47194053 1 27 114 r
47247500 1 26 101 e
47331446 0 39 115 s
47432118 1 39 115 s
47513551 0 30 117 u
47570904 1 30 117 u
47748901 0 46 108 l
47806489 1 46 108 l
47868537 0 28 116 t
47943976 1 28 116 t
48070166 0 65 32 space
48177826 1 65 32 space
48324278 0 40 100 d
48446437 0 26 101 e
48488180 1 40 100 d
48564930 1 26 101 e
48624737 0 33 112 p
48716400 1 33 112 p
48780111 0 38 97 a
48903945 1 38 97 a
48909959 0 27 114 r
49014059 1 27 114 r
49117974 0 28 116 t
49218586 1 28 116 t
49424979 0 65 32 space
49525738 1 65 32 space
49668397 0 39 115 s
49770064 1 39 115 s
50050977 0 30 117 u
50135831 1 30 117 u
50313542 0 33 112 p
50377130 1 33 112 p
50441736 0 33 112 p
50502051 1 33 112 p
50630486 0 46 108 l
50695854 1 46 108 l
50926286 0 29 121 y
51004193 1 29 121 y
51281954 0 60 46 period
51351444 1 60 46 period
51707505 0 36 0 Return
51787715 1 36 0 Return
52241640 0 50 0 Shift_L
52534668 0 27 82 R
52618945 1 50 0 Shift_L
52660000 1 27 114 r
52718925 0 26 101 e
52817853 1 26 101 e
52959769 0 24 113 q
53057450 1 24 113 q
53142078 0 30 117 u
53221978 1 30 117 u
53328185 0 31 105 i
53411630 0 27 114 r
53422880 1 31 105 i
53519168 0 26 101 e
53558179 1 27 114 r
53640259 1 26 101 e
53797800 0 40 100 d
53911980 1 40 100 d
54017805 0 65 32 space
54111298 1 65 32 space
54304305 0 43 104 h
54321566 1 43 104 h
54517673 0 32 111 o
54588626 1 32 111 o
54720191 0 57 110 n
54780892 1 57 110 n
54903375 0 32 111 o
55002674 1 32 111 o
55090791 0 30 117 u
55177037 1 30 117 u
55224595 0 27 114 r
55355275 0 26 101 e
55376413 1 27 114 r
55458489 1 26 101 e
55578371 0 40 100 d
55666766 1 40 100 d
55770235 0 65 32 space
55880843 1 65 32 space
56338980 0 28 116 t
56433031 1 28 116 t
56513426 0 27 114 r
56632758 1 27 114 r
56676939 0 31 105 i
56777770 1 31 105 i
56811815 0 41 102 f
56917912 1 41 102 f
56974018 0 31 105 i
57058512 1 31 105 i
57243508 0 46 108 l
57303738 1 46 108 l
57532021 0 22 0 BackSpace
57600671 1 22 0 BackSpace
57667802 0 22 0 BackSpace
57742597 1 22 0 BackSpace
57882634 0 46 108 l
57957733 1 46 108 l
58072844 0 31 105 i
58196915 0 57 110 n
58212740 1 31 105 i
58304774 1 57 110 n
58889926 0 42 103 g
58985889 1 42 103 g
59025135 0 65 32 space
59133702 0 26 101 e
59164199 1 65 32 space
59229862 1 26 101 e
59286373 0 38 97 a
59391354 1 38 97 a
59457353 0 28 116 t
59548888 0 65 32 space
59571068 1 28 116 t
59645545 1 65 32 space
59762021 0 33 112 p
59863908 1 33 112 p
59965480 0 46 108 l
60048099 1 46 108 l
60056921 0 26 101 e
60195231 0 38 97 a
60271900 1 26 101 e
60298800 0 27 114 r
60338412 1 38 97 a
60419703 1 27 114 r
60772243 0 22 0 BackSpace
60871229 1 22 0 BackSpace
60948911 0 39 115 s
61041129 1 39 115 s
61134144 0 30 117 u
61194938 1 30 117 u
61321559 0 27 114 r
61379782 0 26 101 e
61454672 1 27 114 r
61498100 1 26 101 e
61528429 0 65 32 space
61583345 1 65 32 space
61691753 0 58 109 m
61768137 1 58 109 m
61773586 0 38 97 a
61880317 0 57 110 n
61897798 1 38 97 a
61956731 1 57 110 n
62050348 0 65 32 space
62160659 0 27 114 r
62194589 1 65 32 space
62250033 0 26 101 e
62301579 1 27 114 r
62388455 1 26 101 e
62397883 0 46 108 l
62487192 1 46 108 l
62522610 0 38 97 a
62617344 1 38 97 a
62723384 0 28 116 t
62828806 0 31 105 i
62848091 1 28 116 t
62893912 1 31 105 i
62977049 0 32 111 o
63057335 1 32 111 o
63150539 0 57 110 n
63230835 1 57 110 n
63411945 0 60 46 period
63486592 1 60 46 period
63630857 0 65 32 space
63730051 1 65 32 space
63743709 0 50 0 Shift_L
63845591 0 38 65 A
63933017 1 50 0 Shift_L
63963416 1 38 97 a
64005873 0 39 115 s
64098767 1 39 115 s
64163180 0 39 115 s
64275567 1 39 115 s
64329816 0 30 117 u
64426579 1 30 117 u
64479961 0 27 114 r
64568636 1 27 114 r
64663084 0 38 97 a
64778520 1 38 97 a
64789806 0 57 110 n
64873825 1 57 110 n
64950718 0 54 99 c
65059361 0 26 101 e
65081851 1 54 99 c
65162478 1 26 101 e
65227763 0 65 32 space
65349926 1 65 32 space
65608467 0 29 121 y
65699699 1 29 121 y
65734804 0 26 101 e
65791367 1 26 101 e
65920768 0 28 116 t
65992092 1 28 116 t
66102669 0 60 46 period
66193474 1 60 46 period
66564863 0 22 0 BackSpace
66660699 1 22 0 BackSpace
66821267 0 65 32 space
66917078 1 65 32 space
67021503 0 56 98 b
67109464 1 56 98 b
67137790 0 26 101 e
67259141 1 26 101 e
67363398 0 40 100 d
67438084 1 40 100 d
67652664 0 65 32 space
67816063 1 65 32 space
68378485 0 25 119 w
68460259 1 25 119 w
68556966 0 38 97 a
68664211 0 39 115 s
68711019 1 38 97 a
68753072 1 39 115 s
68832367 0 65 32 space
68949747 1 65 32 space
69526624 0 31 105 i
69615701 1 31 105 i
69792946 0 58 109 m
69893054 1 58 109 m
70023503 0 33 112 p
70102733 1 33 112 p
70179808 0 27 114 r
70271711 1 27 114 r
70281563 0 32 111 o
70379482 1 32 111 o
70568682 0 55 118 v
70641627 1 55 118 v
70675789 0 31 105 i
70786550 0 57 110 n
70829182 1 31 105 i
70901131 1 57 110 n
71528624 0 42 103 g
71653696 1 42 103 g
71957171 0 65 32 space
72096931 1 65 32 space
73396785 0 41 102 f
73502752 1 41 102 f
73571276 0 30 117 u
73647351 1 30 117 u
73712224 0 27 114 r
73814008 1 27 114 r
73829966 0 57 110 n
73892415 1 57 110 n
73982698 0 31 105 i
74098736 1 31 105 i
74314602 0 28 116 t
74434260 1 28 116 t
74503707 0 30 117 u
74603968 1 30 117 u
74631833 0 27 114 r
74684344 0 26 101 e
74729889 1 27 114 r
74811937 1 26 101 e
74913006 0 65 32 space
74987218 1 65 32 space
75124366 0 58 109 m
75193833 1 58 109 m
75248461 0 38 97 a
75328060 0 57 110 n
75339961 1 38 97 a
75420439 1 57 110 n
75623761 0 60 46 period
75713156 1 60 46 period
77063537 0 36 0 Return
77126637 1 36 0 Return
77801446 0 50 0 Shift_L
77992124 0 40 68 D
78073675 1 50 0 Shift_L
78110021 1 40 100 d
78230288 0 31 105 i
78330152 1 31 105 i
78355459 0 39 115 s
78448470 1 39 115 s
78561918 0 28 116 t
78649484 1 28 116 t
78710620 0 27 114 r
78811992 1 27 114 r
78828762 0 30 117 u
78922698 1 30 117 u
79214012 0 39 115 s
79291624 1 39 115 s
79564369 0 28 116 t
79661551 1 28 116 t
79815312 0 39 115 s
79925590 1 39 115 s
80021399 0 65 32 space
80128071 1 65 32 space
80148994 0 40 100 d
80237316 0 26 101 e
80304602 1 40 100 d
80381544 1 26 101 e
80454026 0 46 108 l
80502046 1 46 108 l
80659888 0 31 105 i
80736361 1 31 105 i
80774838 0 42 103 g
80897888 1 42 103 g
80924521 0 43 104 h
81013314 1 43 104 h
81084985 0 28 116 t
81205610 1 28 116 t
81277022 0 26 101 e
81476704 1 26 101 e
81635366 0 40 100 d
81709858 1 40 100 d
81761422 0 65 32 space
81840236 1 65 32 space
81921773 0 39 115 s
82033598 1 39 115 s
82045338 0 43 104 h
82141049 1 43 104 h
82175112 0 26 101 e
82256758 1 26 101 e
82305371 0 65 32 space
82411063 1 65 32 space
82541638 0 46 108 l
82616149 1 46 108 l
82771801 0 31 105 i
82843587 1 31 105 i
83212894 0 39 115 s
83308624 1 39 115 s
83428453 0 28 116 t
83526116 1 28 116 t
83537777 0 26 101 e
83661905 1 26 101 e
83686217 0 57 110 n
83735519 1 57 110 n
83832857 0 31 105 i
83922547 0 57 110 n
83959836 1 31 105 i
84007087 0 42 103 g
84035353 1 57 110 n
84112056 1 42 103 g
84155360 0 65 32 space
84248718 1 65 32 space
84465880 0 58 109 m
84560859 1 58 109 m
84580068 0 27 114 r
84682640 1 27 114 r
84808320 0 39 115 s
84900306 1 39 115 s
85365113 0 65 32 space
85458668 1 65 32 space
85745276 0 50 0 Shift_L
85841304 0 26 69 E
85969747 1 26 69 E
86004959 1 50 0 Shift_L
86296422 0 22 0 BackSpace
86385150 1 22 0 BackSpace
86407598 0 26 101 e
86505632 1 26 101 e
86617491 0 53 120 x
86721442 1 53 120 x
86847718 0 28 116 t
86952412 1 28 116 t
86992565 0 26 101 e
87090523 1 26 101 e
87167543 0 57 110 n
87266556 1 57 110 n
87308081 0 39 115 s
87398949 1 39 115 s
87446665 0 31 105 i
87548366 1 31 105 i
87743102 0 54 99 c
87827154 1 54 99 c
88317094 0 22 0 BackSpace
88401558 1 22 0 BackSpace
88425538 0 55 118 v
88504104 1 55 118 v
88580826 0 26 101 e
88678030 1 26 101 e
88764339 0 65 32 space
88852034 1 65 32 space
89046520 0 38 97 a
89149520 0 40 100 d
89165211 1 38 97 a
89258468 1 40 100 d
89479610 0 58 109 m
89575547 1 58 109 m
89644877 0 31 105 i
89742189 1 31 105 i
89782324 0 28 116 t
89852635 1 28 116 t
89949768 0 28 116 t
90024915 1 28 116 t
90033426 0 31 105 i
90142242 0 57 110 n
90165000 1 31 105 i
90246692 0 42 103 g
90258883 1 57 110 n
90332599 1 42 103 g
90391534 0 65 32 space
90514592 1 65 32 space
90646133 0 40 100 d
90739728 1 40 100 d
90811893 0 38 97 a
90930157 1 38 97 a
90959915 0 27 114 r
91068655 1 27 114 r
91372836 0 22 0 BackSpace
91442250 1 22 0 BackSpace
91518363 0 22 0 BackSpace
91578065 1 22 0 BackSpace
91660422 0 22 0 BackSpace
91728038 1 22 0 BackSpace
91792624 0 41 102 f
91859417 1 41 102 f
91892893 0 38 97 a
91967227 0 27 114 r
92029097 1 38 97 a
92101244 1 27 114 r
92149437 0 60 46 period
92241782 1 60 46 period
92523782 0 65 32 space
92652876 1 65 32 space
93479984 0 65 32 space
93571483 1 65 32 space
93595239 0 50 0 Shift_L
93692643 0 41 70 F
93790123 1 50 0 Shift_L
93816129 1 41 102 f
93919439 0 30 117 u
93981653 1 30 117 u
94152102 0 46 108 l
94214419 1 46 108 l
94289076 0 46 108 l
94353985 1 46 108 l
94464061 0 65 32 space
94560721 1 65 32 space
94676476 0 43 104 h
94759366 1 43 104 h
94839434 0 26 101 e
94935503 1 26 101 e
95022819 0 65 32 space
95116112 1 65 32 space
95290472 0 57 110 n
95380461 1 57 110 n
95474946 0 32 111 o
95547530 1 32 111 o
95640167 0 57 110 n
95717278 1 57 110 n
95793678 0 26 101 e
95893684 1 26 101 e
96008535 0 65 32 space
96093233 1 65 32 space
96188641 0 57 110 n
96255162 1 57 110 n
96353558 0 32 111 o
96428238 1 32 111 o
96559244 0 65 32 space
96667967 1 65 32 space
97125633 0 39 115 s
97225914 1 39 115 s
97304484 0 31 105 i
97429724 1 31 105 i
97511624 0 40 100 d
97601224 0 26 101 e
97676920 1 40 100 d
97741612 1 26 101 e
97854557 0 60 46 period
97949218 1 60 46 period
98089062 0 65 32 space
98180562 1 65 32 space
98281625 0 50 0 Shift_L
98495379 0 30 85 U
98593026 1 50 0 Shift_L
98601834 1 30 117 u
98700100 0 57 110 n
98782612 1 57 110 n
98992590 0 54 99 c
99041239 1 54 99 c
99163674 0 32 111 o
99238413 1 32 111 o
99329099 0 58 109 m
99393575 1 58 109 m
99470125 0 58 109 m
99544582 1 58 109 m
99602737 0 32 111 o
99676200 1 32 111 o
99798070 0 57 110 n
99848512 1 57 110 n
100334621 0 46 108 l
100413833 1 46 108 l
100835016 0 29 121 y
100945011 1 29 121 y
101891559 0 65 32 space
102004325 1 65 32 space
102306577 0 39 115 s
102385395 1 39 115 s
102560386 0 30 117 u
102647741 1 30 117 u
102669893 0 27 114 r
102741317 1 27 114 r
102815881 0 27 114 r
102912404 1 27 114 r
102935698 0 32 111 o
103016562 1 32 111 o
103139247 0 30 117 u
103200650 1 30 117 u
103355271 0 57 110 n
103427623 1 57 110 n
103517812 0 40 100 d
103627437 1 40 100 d
103633007 0 26 101 e
103754737 0 40 100 d
103790997 1 26 101 e
103882594 1 40 100 d
103915344 0 65 32 space
104018961 1 65 32 space
104255819 0 54 99 c
104374750 1 54 99 c
104676717 0 32 111 o
104744515 1 32 111 o
104866118 0 57 110 n
104946250 1 57 110 n
105035958 0 39 115 s
105138893 1 39 115 s
105207836 0 31 105 i
105267796 1 31 105 i
105323859 0 40 100 d
105464900 0 26 101 e
105490873 1 40 100 d
105603249 0 27 114 r
105654076 1 26 101 e
105759176 0 26 101 e
105792594 1 27 114 r
105897439 1 26 101 e
106012265 0 40 100 d
106108220 1 40 100 d
106195063 0 65 32 space
106300535 1 65 32 space
106732070 0 41 102 f
106868205 1 41 102 f
106878321 0 32 111 o
106962349 1 32 111 o
107019190 0 27 114 r
107118961 1 27 114 r
107181949 0 65 32 space
107269845 1 65 32 space
107404436 0 43 104 h
107492350 1 43 104 h
107645430 0 31 105 i
107719935 1 31 105 i
107874570 0 58 109 m
107959379 1 58 109 m
108223195 0 65 32 space
108346825 1 65 32 space
108419154 0 38 97 a
108563274 1 38 97 a
108572846 0 27 114 r
108722287 0 26 101 e
108756148 1 27 114 r
108860096 1 26 101 e
109104456 0 65 32 space
109205530 1 65 32 space
109325263 0 31 105 i
109416698 0 28 116 t
109427474 1 31 105 i
109519017 1 28 116 t
109644649 0 39 115 s
109736876 1 39 115 s
109757161 0 60 46 period
109834671 1 60 46 period
110021096 0 36 0 Return
110096290 1 36 0 Return
110817261 0 50 0 Shift_L
110942123 0 31 73 I
111029832 1 50 0 Shift_L
111051666 1 31 105 i
111140923 0 28 116 t
111228123 1 28 116 t
111277353 0 65 32 space
111382076 1 65 32 space
111583463 0 25 119 w
111696340 1 25 119 w
111801148 0 26 101 e
111909120 1 26 101 e
111968485 0 65 32 space
112072227 1 65 32 space
112152938 0 39 115 s
112233147 1 39 115 s
112334620 0 31 105 i
112410360 1 31 105 i
112618372 0 22 0 BackSpace
112686051 1 22 0 BackSpace
112748659 0 22 0 BackSpace
112833547 1 22 0 BackSpace
112980876 0 31 105 i
113069956 1 31 105 i
113143163 0 39 115 s
113222694 1 39 115 s
113348297 0 65 32 space
113463615 1 65 32 space
113806155 0 27 114 r
113890460 0 26 101 e
113952110 1 27 114 r
114032266 1 26 101 e
114069947 0 38 97 a
114194594 0 40 100 d
114221571 1 38 97 a
114318842 0 65 32 space
114330395 1 40 100 d
114440690 1 65 32 space
114551015 0 42 103 g
114630614 0 32 111 o
114644780 1 42 103 g
114682502 1 32 111 o
114764442 0 32 111 o
114832125 1 32 111 o
114869091 0 42 103 g
114958240 1 42 103 g
115481052 0 22 0 BackSpace
115565592 1 22 0 BackSpace
115594806 0 40 100 d
115692708 1 40 100 d
116215332 0 65 32 space
116306328 1 65 32 space
116350005 0 39 115 s
116438737 1 39 115 s
116444618 0 32 111 o
116509599 1 32 111 o
116602574 0 32 111 o
116684296 1 32 111 o
116831376 0 57 110 n
116898337 1 57 110 n
117254665 0 60 46 period
117341409 1 60 46 period
117493147 0 65 32 space
117585887 1 65 32 space
117623322 0 50 0 Shift_L
117713422 0 58 77 M
117792674 1 50 0 Shift_L
117800826 1 58 109 m
117972481 0 29 121 y
118071547 1 29 121 y
118175013 0 65 32 space
118272813 1 65 32 space
118302003 0 28 116 t
118398513 1 28 116 t
118425828 0 32 111 o
118502642 1 32 111 o
118621857 0 65 32 space
118722404 1 65 32 space
118756673 0 54 99 c
118824690 0 32 111 o
118885738 1 54 99 c
118905941 1 32 111 o
118994490 0 57 110 n
119078891 1 57 110 n
119126562 0 39 115 s
119191508 1 39 115 s
119226736 0 31 105 i
119325685 1 31 105 i
119601967 0 40 100 d
119694061 1 40 100 d
119893098 0 26 101 e
120023994 0 27 114 r
120053011 1 26 101 e
120171688 0 26 101 e
120192952 1 27 114 r
120304754 1 26 101 e
120407082 0 40 100 d
120483952 1 40 100 d
120563403 0 65 32 space
120685246 1 65 32 space
121008046 0 40 100 d
121111791 0 26 101 e
121162015 1 40 100 d
121239905 1 26 101 e
121281156 0 46 108 l
121353230 1 46 108 l
121456083 0 31 105 i
121570124 1 31 105 i
122368907 0 42 103 g
122485542 0 43 104 h
122496932 1 42 103 g
122598599 1 43 104 h
122615110 0 28 116 t
122715894 1 28 116 t
122876204 0 41 102 f
122945068 1 41 102 f
123067903 0 30 117 u
123133320 1 30 117 u
123287619 0 46 108 l
123362047 1 46 108 l
123473884 0 65 32 space
123550525 1 65 32 space
123650631 0 31 105 i
123758526 0 57 110 n
123782405 1 31 105 i
123876108 1 57 110 n
123930813 0 55 118 v
124030174 1 55 118 v
124042035 0 31 105 i
124166023 1 31 105 i
124261627 0 28 116 t
124345432 1 28 116 t
124466423 0 38 97 a
124564325 1 38 97 a
124651510 0 28 116 t
124746555 0 31 105 i
124755909 1 28 116 t
124820890 1 31 105 i
124931967 0 32 111 o
125004547 1 32 111 o
125119978 0 57 110 n
125205804 1 57 110 n
125464533 0 65 32 space
125579560 1 65 32 space
125893745 0 38 97 a
126000707 1 38 97 a
126102506 0 57 110 n
126160780 1 57 110 n
126241897 0 57 110 n
126335194 1 57 110 n
126441687 0 32 111 o
126530492 1 32 111 o
126627049 0 30 117 u
126703846 1 30 117 u
126837155 0 57 110 n
126936086 1 57 110 n
127557641 0 54 99 c
127653509 0 31 105 i
127679441 1 54 99 c
127782509 0 57 110 n
127811209 1 31 105 i
127921465 1 57 110 n
127939511 0 42 103 g
128041352 1 42 103 g
128131174 0 65 32 space
128183578 1 65 32 space
128302761 0 32 111 o
128371457 1 32 111 o
128403758 0 41 102 f
128498218 1 41 102 f
128519852 0 65 32 space
128599242 1 65 32 space
128678124 0 57 110 n
128771130 1 57 110 n
128875411 0 32 111 o
128963731 1 32 111 o
129111421 0 65 32 space
129249432 1 65 32 space
130262323 0 40 100 d
130345836 0 26 101 e
130414569 1 40 100 d
130448251 1 26 101 e
130561438 0 54 99 c
130681312 1 54 99 c
130711422 0 31 105 i
130841525 1 31 105 i
130861863 0 39 115 s
130950298 1 39 115 s
131028372 0 31 105 i
131135467 1 31 105 i
131345702 0 55 118 v
131409613 1 55 118 v
131554127 0 26 101 e
131647706 1 26 101 e
131695526 0 46 108 l
131785775 1 46 108 l
132012296 0 29 121 y
132106227 1 29 121 y
132209459 0 65 32 space
132287305 1 65 32 space
132709988 0 56 98 b
132812216 1 56 98 b
133015484 0 32 111 o
133123508 1 32 111 o
133276143 0 31 105 i
133376095 1 31 105 i
133592422 0 39 115 s
133714518 1 39 115 s
133859242 0 28 116 t
133970919 1 28 116 t
134057336 0 26 101 e
134223446 0 27 114 r
134279414 1 26 101 e
134335692 1 27 114 r
134765930 0 32 111 o
134881017 1 32 111 o
134975742 0 30 117 u
135072499 1 30 117 u
135167766 0 39 115 s
135283771 1 39 115 s
135433373 0 60 46 period
135513307 1 60 46 period
137574678 0 36 0 Return
137644191 1 36 0 Return
138326799 0 50 0 Shift_L
138460508 0 40 68 D
138519785 1 50 0 Shift_L
138569746 1 40 100 d
138597002 0 31 105 i
138714594 1 31 105 i
138763498 0 40 100 d
138859733 1 40 100 d
138954098 0 65 32 space
139077437 1 65 32 space
139192527 0 38 97 a
139327462 1 38 97 a
139398281 0 40 100 d
139482940 1 40 100 d
139573235 0 40 100 d
139674087 1 40 100 d
139679499 0 65 32 space
139797182 1 65 32 space
139821005 0 40 100 d
139943925 1 40 100 d
139954347 0 38 97 a
140062084 0 39 115 s
140134708 1 38 97 a
140189137 1 39 115 s
140382562 0 43 104 h
140508830 1 43 104 h
140984445 0 25 119 w
141067918 0 32 111 o
141089171 1 25 119 w
141120685 1 32 111 o
141197079 0 32 111 o
141283745 1 32 111 o
141354388 0 40 100 d
141469493 1 40 100 d
141529192 0 39 115 s
141660473 1 39 115 s
141844268 0 65 32 space
141938237 1 65 32 space
142101787 0 40 100 d
142233408 0 26 101 e
142257477 1 40 100 d
142317467 1 26 101 e
142371376 0 41 102 f
142474376 1 41 102 f
142571871 0 31 105 i
142684979 1 31 105 i
142723020 0 54 99 c
142811209 1 54 99 c
142836211 0 31 105 i
142928455 1 31 105 i
142998671 0 26 101 e
143083495 1 26 101 e
143160888 0 57 110 n
143261584 1 57 110 n
143307061 0 28 116 t
143422868 1 28 116 t
143504158 0 65 32 space
143577542 1 65 32 space
143697926 0 58 109 m
143778958 1 58 109 m
143805447 0 38 97 a
143890418 1 38 97 a
143900717 0 57 110 n
143970172 1 57 110 n
144052741 0 65 32 space
144145780 1 65 32 space
144205410 0 54 99 c
144258814 0 32 111 o
144308139 1 54 99 c
144321315 1 32 111 o
144402824 0 57 110 n
144489086 1 57 110 n
144555489 0 54 99 c
144642071 0 46 108 l
144654641 1 54 99 c
144719153 1 46 108 l
144902304 0 30 117 u
145002916 1 30 117 u
145111279 0 40 100 d
145199872 0 26 101 e
145240866 1 40 100 d
145339101 1 26 101 e
145383032 0 40 100 d
145492935 1 40 100 d
145631140 0 65 32 space
145756810 1 65 32 space
146101370 0 38 97 a
146227063 1 38 97 a
146273242 0 40 100 d
146327347 1 40 100 d
146396608 0 40 100 d
146470356 1 40 100 d
146562031 0 31 105 i
146653703 1 31 105 i
146687974 0 28 116 t
146794533 1 28 116 t
146806504 0 31 105 i
146868050 1 31 105 i
146962280 0 32 111 o
147030132 1 32 111 o
147125450 0 57 110 n
147211590 1 57 110 n
147282574 0 39 115 s
147379063 1 39 115 s
147441860 0 65 32 space
147529599 1 65 32 space
147743211 0 27 114 r
147824316 0 26 101 e
147877407 1 27 114 r
147941871 1 26 101 e
148068683 0 39 115 s
148183848 1 39 115 s
148198563 0 32 111 o
148301359 1 32 111 o
148376801 0 30 117 u
148477284 1 30 117 u
148546065 0 27 114 r
148646902 1 27 114 r
150144935 0 54 99 c
150253205 1 54 99 c
150478065 0 26 101 e
150564269 1 26 101 e
150664902 0 39 115 s
150751310 1 39 115 s
151157964 0 60 46 period
151248501 1 60 46 period
151403802 0 65 32 space
151510303 1 65 32 space
151644908 0 32 111 o
151740793 1 32 111 o
152124601 0 22 0 BackSpace
152192271 1 22 0 BackSpace
152233005 0 50 0 Shift_L
152352276 0 32 79 O
152443956 1 32 79 O
152470470 1 50 0 Shift_L
152606354 0 27 114 r
152696349 1 27 114 r
152846785 0 65 32 space
152974842 1 65 32 space
153299904 0 46 108 l
153422770 1 46 108 l
153428359 0 38 97 a
153539418 1 38 97 a
153584042 0 57 110 n
153683355 0 40 100 d
153696085 1 57 110 n
153790992 1 40 100 d
154406863 0 46 108 l
154482529 1 46 108 l
154566297 0 32 111 o
154678250 1 32 111 o
154766265 0 27 114 r
154843200 1 27 114 r
154984973 0 40 100 d
155076875 1 40 100 d
155149589 0 65 32 space
155226729 1 65 32 space
155357042 0 33 112 p
155445203 1 33 112 p
155508363 0 38 97 a
155635048 1 38 97 a
155702895 0 54 99 c
155827073 1 54 99 c
155864476 0 45 107 k
155963475 1 45 107 k
155978799 0 38 97 a
156101599 1 38 97 a
156263924 0 42 103 g
156358119 1 42 103 g
156475649 0 26 101 e
156570176 1 26 101 e
156721814 0 39 115 s
156821225 1 39 115 s
156875379 0 65 32 space
156950373 1 65 32 space
157122053 0 32 111 o
157227286 1 32 111 o
157333333 0 55 118 v
157424912 1 55 118 v
157503487 0 26 101 e
157573278 0 27 114 r
157641652 1 26 101 e
157698863 1 27 114 r
157931463 0 54 99 c
158040994 1 54 99 c
158120887 0 38 97 a
158217251 1 38 97 a
158290111 0 58 109 m
158378084 1 58 109 m
158446994 0 26 101 e
158552164 1 26 101 e
158584569 0 65 32 space
158698348 1 65 32 space
158860777 0 40 100 d
158965879 1 40 100 d
158981674 0 31 105 i
159089330 1 31 105 i
159101794 0 39 115 s
159193758 1 39 115 s
159306837 0 28 116 t
159415108 1 28 116 t
159491140 0 38 97 a
159603686 1 38 97 a
159612829 0 57 110 n
159739767 1 57 110 n
159767720 0 54 99 c
159884542 0 26 101 e
159905220 1 54 99 c
160008342 1 26 101 e
160070566 0 65 32 space
160178839 1 65 32 space
160299336 0 58 109 m
160371854 1 58 109 m
160666585 0 22 0 BackSpace
160741607 1 22 0 BackSpace
160846139 0 39 115 s
160904567 0 58 109 m
160929761 1 39 115 s
161005339 1 58 109 m
161066930 0 38 97 a
161134860 0 46 108 l
161161466 1 38 97 a
161191571 1 46 108 l
161268623 0 46 108 l
161353999 1 46 108 l
161527456 0 26 101 e
161608238 1 26 101 e
161765833 0 39 115 s
161829171 1 39 115 s
161969793 0 28 116 t
162048250 0 65 32 space
162060974 1 28 116 t
162133887 1 65 32 space
162263048 0 31 105 i
162317997 0 57 110 n
162362960 1 31 105 i
162422407 1 57 110 n
162529100 0 65 32 space
162598777 0 27 114 r
162652874 1 65 32 space
162707887 0 26 101 e
162759124 1 27 114 r
162825144 1 26 101 e
162911477 0 54 99 c
162998817 1 54 99 c
163117697 0 54 99 c
163168272 1 54 99 c
163191942 0 30 117 u
163309136 1 30 117 u
163369377 0 27 114 r
163438752 0 26 101 e
163505308 1 27 114 r
163564936 1 26 101 e
163634481 0 40 100 d
163727743 1 40 100 d
163791521 0 60 46 period
163887593 1 60 46 period
166024193 0 22 0 BackSpace
166105889 1 22 0 BackSpace
166168098 0 22 0 BackSpace
166263026 1 22 0 BackSpace
166332321 0 22 0 BackSpace
166427794 1 22 0 BackSpace
166500600 0 22 0 BackSpace
166592286 1 22 0 BackSpace
166658345 0 22 0 BackSpace
166758016 1 22 0 BackSpace
166931311 0 22 0 BackSpace
167024277 1 22 0 BackSpace
167564862 0 30 117 u
167649704 1 30 117 u
167714044 0 27 114 r
167763543 1 27 114 r
167842714 0 27 114 r
167949630 1 27 114 r
167999347 0 26 101 e
168113414 1 26 101 e
168166435 0 40 100 d
168207303 1 40 100 d
171172755 0 114 0 Right
171241516 1 114 0 Right
171283078 0 114 0 Right
171391801 1 114 0 Right
171462423 0 114 0 Right
171536102 1 114 0 Right
171983450 0 27 114 r
172062537 1 27 114 r
172124571 0 27 114 r
172250006 0 26 101 e
172261559 1 27 114 r
172376139 1 26 101 e
172404177 0 40 100 d
172522851 1 40 100 d
173663493 0 60 46 period
173781821 1 60 46 period
175436670 0 36 0 Return
175512481 1 36 0 Return
176450369 0 50 0 Shift_L
176599412 0 25 87 W
176719719 1 25 87 W
176728083 1 50 0 Shift_L
176820273 0 27 114 r
176926685 1 27 114 r
176968933 0 32 111 o
177019855 1 32 111 o
177236713 0 57 110 n
177331193 1 57 110 n
177458011 0 42 103 g
177571143 1 42 103 g
177622652 0 65 32 space
177714295 1 65 32 space
177804795 0 58 109 m
177905751 1 58 109 m
177913845 0 38 97 a
178023502 1 38 97 a
178040440 0 31 105 i
178148936 1 31 105 i
178198525 0 40 100 d
178306051 0 39 115 s
178326867 1 40 100 d
178436653 1 39 115 s
178487609 0 65 32 space
178549862 1 65 32 space
178664735 0 32 111 o
178736523 1 32 111 o
178764893 0 27 114 r
178870619 1 27 114 r
178910102 0 65 32 space
178978898 1 65 32 space
179141287 0 43 104 h
179284451 1 43 104 h
179320373 0 26 101 e
179432488 1 26 101 e
179498870 0 65 32 space
179615499 1 65 32 space
179740962 0 56 98 b
179853812 1 56 98 b
179889979 0 26 101 e
179998978 1 26 101 e
180056549 0 65 32 space
180173142 1 65 32 space
180193587 0 38 97 a
180325684 0 39 115 s
180371318 1 38 97 a
180457188 1 39 115 s
180542334 0 45 107 k
180640544 1 45 107 k
180649070 0 26 101 e
180771994 1 26 101 e
180856587 0 40 100 d
180934026 1 40 100 d
181001090 0 65 32 space
181094226 1 65 32 space
181196512 0 57 110 n
181273327 1 57 110 n
181390425 0 32 111 o
181490255 1 32 111 o
181670764 0 65 32 space
181731056 1 65 32 space
181846385 0 32 111 o
181935741 1 32 111 o
182026039 0 57 110 n
182097712 1 57 110 n
182179385 0 65 32 space
182269755 1 65 32 space
182350987 0 26 101 e
182435860 1 26 101 e
182441938 0 57 110 n
182523635 1 57 110 n
182664820 0 44 106 j
182776807 1 44 106 j
183245929 0 32 111 o
183346799 1 32 111 o
183573332 0 29 121 y
183663025 1 29 121 y
184513994 0 60 46 period
184572715 1 60 46 period
184758035 0 65 32 space
184849623 1 65 32 space
184892633 0 50 0 Shift_L
185014796 0 43 72 H
185096034 1 43 72 H
185160409 1 50 0 Shift_L
185239596 0 32 111 o
185333335 1 32 111 o
185419628 0 30 117 u
185499007 1 30 117 u
185582626 0 39 115 s
185659100 1 39 115 s
185737785 0 26 101 e
185847079 1 26 101 e
186040163 0 43 104 h
186128967 1 43 104 h
186242411 0 32 111 o
186314140 1 32 111 o
186421170 0 46 108 l
186487385 1 46 108 l
186535657 0 40 100 d
186634395 1 40 100 d
186697802 0 65 32 space
186821804 1 65 32 space
186874598 0 41 102 f
186967710 1 41 102 f
187061820 0 26 101 e
187133444 1 26 101 e
187263807 0 25 119 w
187355216 1 25 119 w
187443505 0 65 32 space
187562474 1 65 32 space
187662356 0 39 115 s
187740309 0 32 111 o
187768337 1 39 115 s
187850432 0 58 109 m
187885104 1 32 111 o
187965125 1 58 109 m
188036332 0 26 101 e
188141012 1 26 101 e
188274009 0 28 116 t
188383445 1 28 116 t
188461261 0 31 105 i
188593106 1 31 105 i
188694121 0 58 109 m
188772103 1 58 109 m
188831242 0 26 101 e
188906026 1 26 101 e
189024816 0 39 115 s
189112770 0 65 32 space
189142971 1 39 115 s
189203044 1 65 32 space
189293393 0 32 111 o
189405398 1 32 111 o
189456621 0 30 117 u
189547073 1 30 117 u
189556414 0 28 116 t
189654824 1 28 116 t
189716428 0 65 32 space
189842380 1 65 32 space
189887119 0 38 97 a
190025137 1 38 97 a
190138147 0 28 116 t
190211787 1 28 116 t
190304203 0 28 116 t
190388680 1 28 116 t
190431850 0 26 101 e
190540670 1 26 101 e
190546637 0 57 110 n
190653512 1 57 110 n
190684626 0 40 100 d
190785168 1 40 100 d
190790861 0 31 105 i
190907883 0 57 110 n
190960122 1 31 105 i
191037023 1 57 110 n
191045874 0 42 103 g
191145645 1 42 103 g
191206156 0 65 32 space
191328825 1 65 32 space
191354769 0 40 100 d
191460753 0 26 101 e
191514581 1 40 100 d
191536728 1 26 101 e
191645649 0 39 115 s
191745558 1 39 115 s
191822796 0 54 99 c
191916277 1 54 99 c
192020381 0 27 114 r
192129727 0 31 105 i
192140996 1 27 114 r
192227337 1 31 105 i
192331157 0 56 98 b
192427653 1 56 98 b
192451959 0 26 101 e
192578968 1 26 101 e
192657208 0 40 100 d
192731789 1 40 100 d
192868494 0 60 46 period
192957178 1 60 46 period
193088211 0 65 32 space
193161893 1 65 32 space
193187382 0 50 0 Shift_L
193284296 0 46 76 L
193357572 1 50 0 Shift_L
193366815 1 46 108 l
193427173 0 38 97 a
193525958 1 38 97 a
193579080 0 31 105 i
193697622 1 31 105 i
193755526 0 57 110 n
193890954 1 57 110 n
194005326 0 65 32 space
194121386 1 65 32 space
194183310 0 44 106 j
194279163 1 44 106 j
194388882 0 30 117 u
194493904 1 30 117 u
194560281 0 39 115 s
194659539 1 39 115 s
194804776 0 28 116 t
194911574 1 28 116 t
195042095 0 65 32 space
195163192 1 65 32 space
195544990 0 41 102 f
195644044 1 41 102 f
195708885 0 38 97 a
195809626 1 38 97 a
196644546 0 28 116 t
196689664 1 28 116 t
197090851 0 22 0 BackSpace
197178592 0 54 99 c
197200360 1 22 0 BackSpace
197263495 1 54 99 c
197408532 0 28 116 t
197504771 1 28 116 t
197575804 0 65 32 space
197685286 1 65 32 space
197756613 0 41 102 f
197811144 1 41 102 f
197946733 0 32 111 o
198047192 1 32 111 o
198132227 0 30 117 u
198245019 1 30 117 u
198286409 0 27 114 r
198378092 1 27 114 r
198484540 0 65 32 space
198557523 1 65 32 space
198657392 0 32 111 o
198745309 1 32 111 o
198876571 0 65 32 space
198976679 1 65 32 space
199339127 0 22 0 BackSpace
199424656 1 22 0 BackSpace
199452824 0 41 102 f
199540836 1 41 102 f
199594150 0 65 32 space
199700636 1 65 32 space
199743283 0 38 97 a
199841474 1 38 97 a
199857197 0 58 109 m
199938000 1 58 109 m
200057843 0 65 32 space
200132842 1 65 32 space
200369608 0 58 109 m
200459443 1 58 109 m
200477505 0 26 101 e
200549205 1 26 101 e
200619331 0 26 101 e
200717704 1 26 101 e
200786573 0 28 116 t
200884211 1 28 116 t
200892414 0 65 32 space
200990751 1 65 32 space
201139596 0 43 104 h
201219389 1 43 104 h
201344847 0 31 105 i
201418388 1 31 105 i
201432656 0 42 103 g
201518939 0 43 104 h
201540919 1 42 103 g
201618947 1 43 104 h
201807178 0 60 46 period
201884838 1 60 46 period
202072118 0 36 0 Return
202135875 1 36 0 Return
202791088 0 50 0 Shift_L
203045360 0 43 72 H
203131608 1 43 72 H
203167801 1 50 0 Shift_L
203294620 0 26 101 e
203403315 1 26 101 e
203436557 0 65 32 space
203553578 1 65 32 space
203632868 0 40 100 d
203694615 1 40 100 d
204339688 0 32 111 o
204434105 1 32 111 o
204550972 0 65 32 space
204656738 1 65 32 space
204695638 0 39 115 s
204795474 1 39 115 s
204867058 0 30 117 u
204969191 1 30 117 u
205059889 0 56 98 b
205143412 1 56 98 b
205288209 0 44 106 j
205370276 1 44 106 j
205428085 0 26 101 e
205528598 1 26 101 e
205640697 0 54 99 c
205719327 1 54 99 c
205842108 0 28 116 t
205932049 1 28 116 t
206063693 0 39 115 s
206173699 1 39 115 s
206188822 0 65 32 space
206295672 1 65 32 space
206334754 0 41 102 f
206408483 1 41 102 f
206639020 0 22 0 BackSpace
206743941 1 22 0 BackSpace
206854887 0 33 112 p
206946674 1 33 112 p
206974343 0 27 114 r
207037280 0 26 101 e
207112528 1 27 114 r
207179195 1 26 101 e
207260521 0 33 112 p
207331669 1 33 112 p
207428673 0 38 97 a
207560321 1 38 97 a
207570538 0 27 114 r
207661732 0 26 101 e
207715674 1 27 114 r
207781544 1 26 101 e
207893352 0 40 100 d
207993512 1 40 100 d
208110209 0 65 32 space
208211942 1 65 32 space
208458966 0 56 98 b
208558356 1 56 98 b
208652732 0 38 97 a
208747409 1 38 97 a
208793404 0 54 99 c
208859189 0 43 104 h
208898871 1 54 99 c
208993109 1 43 104 h
209024109 0 26 101 e
209108804 1 26 101 e
209179202 0 46 108 l
209221927 1 46 108 l
209309932 0 32 111 o
209400172 1 32 111 o
209443092 0 27 114 r
209536279 1 27 114 r
209626361 0 65 32 space
209706996 1 65 32 space
209899641 0 44 106 j
210019789 1 44 106 j
210202129 0 30 117 u
210328034 1 30 117 u
210431909 0 55 118 v
210514715 1 55 118 v
210619462 0 26 101 e
210703604 1 26 101 e
210768064 0 46 108 l
210791253 1 46 108 l
211195696 0 22 0 BackSpace
211260587 1 22 0 BackSpace
211414914 0 57 110 n
211472376 1 57 110 n
211575558 0 31 105 i
211628266 1 31 105 i
211760547 0 46 108 l
211805631 1 46 108 l
211856377 0 26 101 e
211965391 1 26 101 e
212019985 0 65 32 space
212110002 1 65 32 space
212436687 0 29 121 y
212506256 1 29 121 y
212512775 0 26 101 e
212619839 1 26 101 e
212883488 0 65 32 space
212920370 1 65 32 space
213344176 0 32 111 o
213394824 1 32 111 o
213591111 0 42 103 g
213707302 1 42 103 g
214075456 0 22 0 BackSpace
214180423 1 22 0 BackSpace
214322719 0 43 104 h
214412519 1 43 104 h
214505869 0 60 46 period
214570123 1 60 46 period
214767990 0 65 32 space
214868827 1 65 32 space
214931971 0 50 0 Shift_L
215051420 0 43 72 H
215107286 1 50 0 Shift_L
215116074 1 43 104 h
215203580 0 26 101 e
215311164 1 26 101 e
215338625 0 65 32 space
215445480 1 65 32 space
215511216 0 41 102 f
215622670 1 41 102 f
215674177 0 26 101 e
215747020 1 26 101 e
215823494 0 26 101 e
215912071 1 26 101 e
215959164 0 46 108 l
216033191 1 46 108 l
216151541 0 31 105 i
216267376 0 57 110 n
216300305 1 31 105 i
216411758 1 57 110 n
216418207 0 42 103 g
216527467 1 42 103 g
216673340 0 39 115 s
216780780 1 39 115 s
216943951 0 65 32 space
217080040 1 65 32 space
218025946 0 27 114 r
218110507 0 26 101 e
218150956 1 27 114 r
218264200 1 26 101 e
218323709 0 58 109 m
218387693 1 58 109 m
218467900 0 32 111 o
218566598 1 32 111 o
218657188 0 55 118 v
218743669 1 55 118 v
218781748 0 31 105 i
218924597 0 57 110 n
218952026 1 31 105 i
219080214 1 57 110 n
219408578 0 42 103 g
219505521 1 42 103 g
220225269 0 65 32 space
220346350 1 65 32 space
220489897 0 31 105 i
220601697 1 31 105 i
220615817 0 57 110 n
220709579 1 57 110 n
220716009 0 41 102 f
220815201 1 41 102 f
220872066 0 32 111 o
220965056 1 32 111 o
220992620 0 27 114 r
221096903 1 27 114 r
221153304 0 58 109 m
221226144 1 58 109 m
221262707 0 26 101 e
221355617 1 26 101 e
221468237 0 40 100 d
221562248 1 40 100 d
221664658 0 65 32 space
221813752 1 65 32 space
222082819 0 38 97 a
222217137 0 39 115 s
222227884 1 38 97 a
222331511 1 39 115 s
222392982 0 65 32 space
222493546 1 65 32 space
222632503 0 43 104 h
222751784 1 43 104 h
222763758 0 26 101 e
222828407 1 26 101 e
222872589 0 65 32 space
222954049 1 65 32 space
223358248 0 38 97 a
223431186 0 39 115 s
223498773 1 38 97 a
223536864 1 39 115 s
223600055 0 65 32 space
223680871 1 65 32 space
223790086 0 31 105 i
223888166 1 31 105 i
223983514 0 42 103 g
224093533 1 42 103 g
224099230 0 57 110 n
224171798 1 57 110 n
224279537 0 32 111 o
224365292 1 32 111 o
224398904 0 27 114 r
224497272 1 27 114 r
224608468 0 38 97 a
224716198 1 38 97 a
224744109 0 57 110 n
224852782 1 57 110 n
224873208 0 42 103 g
224981190 1 42 103 g
225511162 0 22 0 BackSpace
225575251 0 28 116 t
225626040 1 22 0 BackSpace
225675776 1 28 116 t
226006099 0 65 32 space
226151065 1 65 32 space
226301958 0 25 119 w
226369256 1 25 119 w
226453832 0 26 101 e
226537512 1 26 101 e
226599922 0 65 32 space
226686259 1 65 32 space
226876535 0 33 112 p
226993546 1 33 112 p
227098012 0 27 114 r
227169245 0 26 101 e
227251553 1 27 114 r
227280220 1 26 101 e
227430809 0 33 112 p
227524303 1 33 112 p
227541629 0 38 97 a
227661870 1 38 97 a
228012319 0 27 114 r
228113187 0 26 101 e
228124893 1 27 114 r
228237291 1 26 101 e
228321792 0 40 100 d
228425704 1 40 100 d
228546508 0 60 46 period
228640734 1 60 46 period
229270569 0 36 0 Return
229371446 1 36 0 Return
229983345 0 50 0 Shift_L
230107727 0 26 69 E
230202830 1 50 0 Shift_L
230227715 1 26 101 e
230313232 0 55 118 v
230413735 1 55 118 v
230471072 0 26 101 e
230581792 1 26 101 e
230638023 0 57 110 n
230732717 1 57 110 n
230867723 0 31 105 i
230951360 0 57 110 n
230989890 1 31 105 i
231051190 1 57 110 n
231057969 0 42 103 g
231145826 1 42 103 g
231230974 0 65 32 space
231345771 1 65 32 space
231419202 0 40 100 d
231531925 1 40 100 d
231538048 0 32 111 o
231628063 1 32 111 o
231750479 0 65 32 space
231836858 1 65 32 space
232040762 0 58 109 m
232121157 1 58 109 m
232391955 0 22 0 BackSpace
232487760 1 22 0 BackSpace
232536227 0 41 102 f
232648037 1 41 102 f
232666466 0 32 111 o
232760888 1 32 111 o
232807392 0 27 114 r
232923788 1 27 114 r
232973161 0 58 109 m
233048595 1 58 109 m
233246886 0 31 105 i
233374836 0 57 110 n
233405134 1 31 105 i
233493415 0 42 103 g
233504876 1 57 110 n
233615765 1 42 103 g
233659002 0 65 32 space
233772630 1 65 32 space
233931940 0 32 111 o
234027427 1 32 111 o
234170965 0 57 110 n
234260687 1 57 110 n
234585391 0 21 92 backslash
234592494 0 22 0 BackSpace
234637835 1 22 0 BackSpace
234647524 1 21 92 backslash
234989851 0 22 0 BackSpace
235083737 1 22 0 BackSpace
235232682 0 56 98 b
235286311 1 56 98 b
235391215 0 39 115 s
235518910 1 39 115 s
235592915 0 26 101 e
235699200 0 27 114 r
235738186 1 26 101 e
235825722 1 27 114 r
235949361 0 55 118 v
236018633 1 55 118 v
236158838 0 26 101 e
236267853 1 26 101 e
236318327 0 65 32 space
236431949 1 65 32 space
236462170 0 39 115 s
236552758 1 39 115 s
236589058 0 33 112 p
236641397 1 33 112 p
236769831 0 31 105 i
236880047 1 31 105 i
236898094 0 27 114 r
236992785 1 27 114 r
237055796 0 31 105 i
237158677 1 31 105 i
237230839 0 28 116 t
237321515 1 28 116 t
237487733 0 39 115 s
237596865 1 39 115 s
237656169 0 65 32 space
237748640 1 65 32 space
237869039 0 31 105 i
237934249 1 31 105 i
238089785 0 39 115 s
238197706 1 39 115 s
238219586 0 65 32 space
238309928 1 65 32 space
238403972 0 31 105 i
238493482 1 31 105 i
238560983 0 57 110 n
238632553 1 57 110 n
238737137 0 65 32 space
238826616 1 65 32 space
239316174 0 22 0 BackSpace
239400957 1 22 0 BackSpace
239523012 0 60 46 period
239606172 1 60 46 period
239731497 0 65 32 space
239807392 0 50 0 Shift_L
239823738 1 65 32 space
239915647 0 54 67 C
239991629 1 50 0 Shift_L
240018000 0 32 111 o
240047180 1 54 99 c
240102319 1 32 111 o
240215574 0 30 117 u
240287132 1 30 117 u
240490585 0 57 110 n
240525017 1 57 110 n
240843828 0 28 116 t
240939283 1 28 116 t
241037063 0 27 114 r
241122224 1 27 114 r
241263606 0 29 121 y
241356582 1 29 121 y
241601730 0 65 32 space
241670407 1 65 32 space
242058811 0 43 104 h
242171394 1 43 104 h
242200211 0 38 97 a
242323902 1 38 97 a
242804628 0 22 0 BackSpace
242893609 1 22 0 BackSpace
242940953 0 26 101 e
243030125 1 26 101 e
243035278 0 38 97 a
243136605 0 27 114 r
243177213 1 38 97 a
243243959 1 27 114 r
243401245 0 28 116 t
243505061 1 28 116 t
243572470 0 26 101 e
243682323 1 26 101 e
243776944 0 40 100 d
243862398 1 40 100 d
243915162 0 65 32 space
243976028 1 65 32 space
244131463 0 56 98 b
244244946 1 56 98 b
244259048 0 26 101 e
244344479 1 26 101 e
244404710 0 65 32 space
244510674 1 65 32 space
244926963 0 32 111 o
245023076 1 32 111 o
245064832 0 41 102 f
245159214 1 41 102 f
245260606 0 65 32 space
245345401 1 65 32 space
245866163 0 44 106 j
245944047 1 44 106 j
246058422 0 30 117 u
246159332 1 30 117 u
246178535 0 39 115 s
246244199 1 39 115 s
246353776 0 28 116 t
246441297 1 28 116 t
246452274 0 31 105 i
246567062 1 31 105 i
246646137 0 54 99 c
246770248 1 54 99 c
246785409 0 26 101 e
246893209 1 26 101 e
246905541 0 65 32 space
247013950 1 65 32 space
247055301 0 39 115 s
247166121 1 39 115 s
247243301 0 26 101 e
247345815 1 26 101 e
247351956 0 57 110 n
247458961 1 57 110 n
247476809 0 40 100 d
247550412 1 40 100 d
247576578 0 31 105 i
247681031 0 57 110 n
247758432 1 31 105 i
247809197 1 57 110 n
247830110 0 42 103 g
247930133 1 42 103 g
248102944 0 60 46 period
248177009 1 60 46 period
248357906 0 65 32 space
248442740 1 65 32 space
248468591 0 50 0 Shift_L
248550412 0 32 79 O
248636042 1 32 79 O
248644577 1 50 0 Shift_L
248761431 0 57 110 n
248829069 1 57 110 n
248929685 0 65 32 space
248989083 1 65 32 space
249025758 0 39 115 s
249099545 1 39 115 s
249108385 0 32 111 o
249186272 1 32 111 o
249326007 0 65 32 space
249440362 1 65 32 space
249684441 0 28 116 t
249775943 1 28 116 t
249816033 0 43 104 h
249924182 1 43 104 h
249933911 0 26 101 e
250001159 1 26 101 e
250082839 0 29 121 y
250224993 1 29 121 y
250413787 0 65 32 space
250525701 1 65 32 space
250593057 0 38 97 a
250676638 0 39 115 s
250725451 1 38 97 a
250790870 1 39 115 s
250812148 0 65 32 space
250909596 1 65 32 space
251015403 0 25 119 w
251104971 1 25 119 w
251127797 0 31 105 i
251214144 1 31 105 i
251274696 0 28 116 t
251364481 1 28 116 t
251370180 0 43 104 h
251457999 1 43 104 h
251569068 0 65 32 space
251665784 1 65 32 space
251748911 0 27 114 r
251857489 1 27 114 r
251863216 0 32 111 o
251959862 1 32 111 o
252058579 0 32 111 o
252145457 1 32 111 o
252217012 0 58 109 m
252302497 1 58 109 m
252427320 0 65 32 space
252540966 1 65 32 space
252937228 0 54 99 c
252997848 0 32 111 o
253051463 1 54 99 c
253078048 1 32 111 o
253178698 0 46 108 l
253249643 1 46 108 l
253368925 0 40 100 d
253457928 1 40 100 d
253526699 0 65 32 space
253643163 1 65 32 space
254392171 0 29 121 y
254478697 1 29 121 y
254495451 0 26 101 e
254605484 1 26 101 e
254730987 0 60 46 period
254782544 1 60 46 period
257470119 0 36 0 Return
257533641 1 36 0 Return
258371453 0 50 0 Shift_L
258523939 0 56 66 B
258600806 1 50 0 Shift_L
258612580 1 56 98 b
258666917 0 26 101 e
258770267 1 26 101 e
258783949 0 65 32 space
258899448 1 65 32 space
258934492 0 54 99 c
259013083 1 54 99 c
259069735 0 38 97 a
259171027 1 38 97 a
259240721 0 46 108 l
259293877 1 46 108 l
259376194 0 46 108 l
259463147 1 46 108 l
259605434 0 65 32 space
259705190 1 65 32 space
259750750 0 41 102 f
259863716 1 41 102 f
259869641 0 32 111 o
259977499 1 32 111 o
260018809 0 27 114 r
260116986 1 27 114 r
260227732 0 65 32 space
260310859 1 65 32 space
260392341 0 32 111 o
260453935 1 32 111 o
260735765 0 22 0 BackSpace
260809456 1 22 0 BackSpace
260940526 0 58 109 m
261042623 1 58 109 m
261205945 0 29 121 y
261274956 1 29 121 y
261414080 0 65 32 space
261508032 1 65 32 space
262256393 0 25 119 w
262329829 1 25 119 w
262413514 0 26 101 e
262525927 1 26 101 e
262539190 0 57 110 n
262642916 1 57 110 n
262804390 0 28 116 t
262926021 1 28 116 t
263240533 0 65 32 space
263333357 1 65 32 space
263473004 0 58 109 m
263569996 1 58 109 m
263657105 0 26 101 e
263725503 1 26 101 e
263813567 0 38 97 a
263899249 1 38 97 a
263917949 0 57 110 n
264026001 1 57 110 n
264252971 0 59 44 comma
264305774 1 59 44 comma
264656435 0 22 0 BackSpace
264751292 1 22 0 BackSpace
264907304 0 60 46 period
265006872 1 60 46 period
265226212 0 65 32 space
265368996 1 65 32 space
267663899 0 50 0 Shift_L
267829627 0 54 67 C
267870643 1 50 0 Shift_L
267957685 1 54 99 c
267964331 0 26 101 e
268077903 1 26 101 e
268083786 0 46 108 l
268149793 1 46 108 l
268188812 0 26 101 e
268279559 1 26 101 e
268460281 0 56 98 b
268557223 1 56 98 b
268651037 0 27 114 r
268773780 1 27 114 r
268779552 0 38 97 a
268895687 1 38 97 a
268964337 0 28 116 t
269063866 0 26 101 e
269078179 1 28 116 t
269230073 1 26 101 e
269299643 0 40 100 d
269412966 1 40 100 d
269423994 0 65 32 space
269517089 1 65 32 space
269629244 0 31 105 i
269706678 1 31 105 i
269779367 0 41 102 f
269871450 1 41 102 f
269938239 0 65 32 space
270023170 1 65 32 space
270293441 0 27 114 r
270390195 0 26 101 e
270459334 1 27 114 r
270494945 1 26 101 e
270557133 0 58 109 m
270637046 1 58 109 m
270689740 0 38 97 a
270820836 1 38 97 a
270860438 0 27 114 r
270906994 1 27 114 r
271260401 0 22 0 BackSpace
271384250 1 22 0 BackSpace
271617881 0 27 114 r
271717211 1 27 114 r
271782787 0 45 107 k
271887859 1 45 107 k
271935942 0 38 97 a
272061104 1 38 97 a
272160623 0 56 98 b
272251029 1 56 98 b
272391139 0 46 108 l
272468991 1 46 108 l
272727179 0 29 121 y
272819204 1 29 121 y
272929734 0 65 32 space
273004330 0 26 101 e
273053276 1 65 32 space
273079014 1 26 101 e
273183526 0 39 115 s
273281194 1 39 115 s
273303535 0 33 112 p
273402928 1 33 112 p
273464175 0 26 101 e
273523146 1 26 101 e
273817046 0 22 0 BackSpace
273918934 1 22 0 BackSpace
274259334 0 26 101 e
274367255 1 26 101 e
274622576 0 54 99 c
274709824 1 54 99 c
274950770 0 31 105 i
275060023 1 31 105 i
275148045 0 38 97 a
275258293 1 38 97 a
275278601 0 46 108 l
275315499 1 46 108 l
275387821 0 46 108 l
275479606 1 46 108 l
275689774 0 29 121 y
275792138 1 29 121 y
275894934 0 65 32 space
275994663 1 65 32 space
276000578 0 38 97 a
276091740 1 38 97 a
276112988 0 57 110 n
276184966 1 57 110 n
276352619 0 60 46 period
276449136 1 60 46 period
276582306 0 65 32 space
276691757 1 65 32 space
276732330 0 50 0 Shift_L
276864585 0 42 71 G
276952595 1 50 0 Shift_L
276984198 1 42 103 g
276997027 0 32 111 o
277082042 1 32 111 o
277187909 0 31 105 i
277317938 0 57 110 n
277350135 1 31 105 i
277440626 1 57 110 n
277467991 0 42 103 g
277610014 1 42 103 g
277697227 0 65 32 space
277820561 1 65 32 space
278213764 0 26 101 e
278321748 1 26 101 e
278362273 0 38 97 a
278473744 1 38 97 a
278553492 0 28 116 t
278663341 1 28 116 t
278771054 0 65 32 space
278911234 1 65 32 space
279027859 0 39 115 s
279114653 1 39 115 s
279239867 0 26 101 e
279341162 1 26 101 e
279640094 0 28 116 t
279730560 1 28 116 t
279895387 0 65 32 space
280031858 1 65 32 space
280070637 0 39 115 s
280174256 1 39 115 s
280230382 0 43 104 h
280350747 1 43 104 h
280359041 0 26 101 e
280449855 1 26 101 e
280502479 0 65 32 space
280609025 1 65 32 space
280720809 0 56 98 b
280814068 1 56 98 b
280919890 0 32 111 o
280986994 1 32 111 o
281052830 0 32 111 o
281176459 0 45 107 k
281194784 1 32 111 o
281288465 1 45 107 k
281382154 0 39 115 s
281482221 1 39 115 s
281534267 0 65 32 space
281626067 1 65 32 space
281665705 0 41 102 f
281762135 1 41 102 f
281802384 0 32 111 o
281912210 1 32 111 o
281988144 0 30 117 u
282085000 1 30 117 u
282211655 0 57 110 n
282311481 1 57 110 n
282352979 0 40 100 d
282452950 1 40 100 d
282492610 0 65 32 space
282580131 1 65 32 space
282671274 0 58 109 m
282769196 1 58 109 m
282942205 0 26 101 e
282986703 1 26 101 e
283253359 0 28 116 t
283334760 1 28 116 t
283452684 0 65 32 space
283576361 1 65 32 space
283850280 0 38 97 a
283988299 1 38 97 a
284068708 0 25 119 w
284159763 1 25 119 w
284277688 0 38 97 a
284387473 1 38 97 a
284464484 0 27 114 r
284550365 0 26 101 e
284612930 1 27 114 r
284667638 1 26 101 e
284850418 0 60 46 period
284898962 1 60 46 period
285410846 0 36 0 Return
10
Throwing consider dwelling bachelor joy her proposal laughter. Raptures returned disposed one entirely her men ham.
By to admire vanity county an mutual as roused. Of an thrown am warmly merely result depart supply.
Required honoured trifling eat pleasure man relation. Assurance yet bed was improving furniture man.
Distrusts delighted she listening mrs extensive admitting far.  Full he none no side. Uncommonly surrounded considered for him are its.
It we is read good soon. My to considered delightful invitation announcing of no decisively boisterous.
Did add dashwoods deficient man concluded additions resources. Or landlord packages overcame distance smallest in recurred.
Wrong maids or he be asked no on enjoy. Household few sometimes out attending described. Lain just fact four of am meet high.
He do subjects prepared bachelor juvenile ye oh. He feelings removing informed as he as ignorant we prepared.
Evening do forming observe spirits is in. Country hearted be of justice sending. On so they as with room cold ye.
Be call for my went mean. Celebrated if remarkably especially an. Going eat set she books found met aware.
